2019-10-25 09:27:11.055	SYSTEM	SIMULATOR	PROC	DriverName=SIMULATOR, Mode=Client, RemoteIP=127.0.0.1, RemotePort=7000, LocalIP=127.0.0.1, LocalPort=7000
2019-10-25 09:27:11.077	SYSTEM	SIMULATOR	PROC	START
2019-10-25 09:27:11.096	SYSTEM	SIMULATOR	PROC	DRIVER STATUS CHANGE NONE>WAITCRA
2019-10-25 09:27:11.097	SYSTEM	SIMULATOR	PROC	DRIVER STATUS CHANGE WAITCRA>CONNECTED
2019-10-25 09:27:11.144	SYSTEM	SIMULATOR	SEND	STAGE_GLASS_EXIST|X#
2019-10-25 09:27:11.150	SYSTEM	SIMULATOR	SEND	CURRENT_RECIPE_CHANGE|1|1#
2019-10-25 09:27:11.153	SYSTEM	SIMULATOR	SEND	AUTO_MODE_CHANGE_EVENT|1#
2019-10-25 09:27:11.161	SYSTEM	SIMULATOR	SEND	MACHINE_MODE_CHANGE_REPORT|1#
2019-10-25 09:27:11.161	SYSTEM	SIMULATOR	SEND	COMMUNICATION|O#
2019-10-25 09:27:11.488	SYSTEM	SIMULATOR	RECV	AUTO_MODE_CHANGE_EVENT_REPLY (NOT EXIST SCANPROPERTY) [AUTO_MODE_CHANGE_EVENT_REPLY#]
2019-10-25 09:27:11.746	SYSTEM	SIMULATOR	RECV	STAGE_GLASS_EXIST_REPLY (NOT EXIST SCANPROPERTY) [STAGE_GLASS_EXIST_REPLY#COMMUNICATION_ACK|O#CURRENT_RECIPE_CHANGE_ACK#MACHINE_MODE_CHANGE_REPORT_REPLY#CIM_MODE|1#RECIPE_LIST_REQ#ALIVE#STATE_REQUEST#]
2019-10-25 09:27:12.000	SYSTEM	SIMULATOR	RECV	COMMUNICATION_ACK|O (NOT EXIST SCANPROPERTY) [STAGE_GLASS_EXIST_REPLY#COMMUNICATION_ACK|O#CURRENT_RECIPE_CHANGE_ACK#MACHINE_MODE_CHANGE_REPORT_REPLY#CIM_MODE|1#RECIPE_LIST_REQ#ALIVE#STATE_REQUEST#]
2019-10-25 09:27:12.252	SYSTEM	SIMULATOR	RECV	CURRENT_RECIPE_CHANGE_ACK (NOT EXIST SCANPROPERTY) [STAGE_GLASS_EXIST_REPLY#COMMUNICATION_ACK|O#CURRENT_RECIPE_CHANGE_ACK#MACHINE_MODE_CHANGE_REPORT_REPLY#CIM_MODE|1#RECIPE_LIST_REQ#ALIVE#STATE_REQUEST#]
2019-10-25 09:27:12.505	SYSTEM	SIMULATOR	RECV	MACHINE_MODE_CHANGE_REPORT_REPLY (NOT EXIST SCANPROPERTY) [STAGE_GLASS_EXIST_REPLY#COMMUNICATION_ACK|O#CURRENT_RECIPE_CHANGE_ACK#MACHINE_MODE_CHANGE_REPORT_REPLY#CIM_MODE|1#RECIPE_LIST_REQ#ALIVE#STATE_REQUEST#]
2019-10-25 09:27:12.758	SYSTEM	SIMULATOR	RECV	CIM_MODE|1 (NOT EXIST SCANPROPERTY) [STAGE_GLASS_EXIST_REPLY#COMMUNICATION_ACK|O#CURRENT_RECIPE_CHANGE_ACK#MACHINE_MODE_CHANGE_REPORT_REPLY#CIM_MODE|1#RECIPE_LIST_REQ#ALIVE#STATE_REQUEST#]
2019-10-25 09:27:12.759	SYSTEM	SIMULATOR	RECV	RECIPE_LIST_REQ (NOT EXIST SCANPROPERTY) [STAGE_GLASS_EXIST_REPLY#COMMUNICATION_ACK|O#CURRENT_RECIPE_CHANGE_ACK#MACHINE_MODE_CHANGE_REPORT_REPLY#CIM_MODE|1#RECIPE_LIST_REQ#ALIVE#STATE_REQUEST#]
2019-10-25 09:27:12.762	SYSTEM	SIMULATOR	SEND	RECIPE_LIST_REQ_REPLY|4#
2019-10-25 09:27:13.014	SYSTEM	SIMULATOR	RECV	ALIVE (NOT EXIST SCANPROPERTY) [STAGE_GLASS_EXIST_REPLY#COMMUNICATION_ACK|O#CURRENT_RECIPE_CHANGE_ACK#MACHINE_MODE_CHANGE_REPORT_REPLY#CIM_MODE|1#RECIPE_LIST_REQ#ALIVE#STATE_REQUEST#]
2019-10-25 09:27:13.202	SYSTEM	SIMULATOR	SEND	COMMUNICATION|O#
2019-10-25 09:27:13.267	SYSTEM	SIMULATOR	SEND	ALIVE_REPLY#
2019-10-25 09:27:13.519	SYSTEM	SIMULATOR	RECV	STATE_REQUEST (NOT EXIST SCANPROPERTY) [STAGE_GLASS_EXIST_REPLY#COMMUNICATION_ACK|O#CURRENT_RECIPE_CHANGE_ACK#MACHINE_MODE_CHANGE_REPORT_REPLY#CIM_MODE|1#RECIPE_LIST_REQ#ALIVE#STATE_REQUEST#]
2019-10-25 09:27:13.521	SYSTEM	SIMULATOR	SEND	STATE_REQUEST_ACK|1|2#
2019-10-25 09:27:13.774	SYSTEM	SIMULATOR	RECV	ALIVE (NOT EXIST SCANPROPERTY) [ALIVE#COMMUNICATION_ACK|O#CIM_MODE|1#RECIPE_LIST_REQ#ALIVE#]
2019-10-25 09:27:14.025	SYSTEM	SIMULATOR	SEND	ALIVE_REPLY#
2019-10-25 09:27:14.279	SYSTEM	SIMULATOR	RECV	COMMUNICATION_ACK|O (NOT EXIST SCANPROPERTY) [ALIVE#COMMUNICATION_ACK|O#CIM_MODE|1#RECIPE_LIST_REQ#ALIVE#]
2019-10-25 09:27:14.535	SYSTEM	SIMULATOR	RECV	CIM_MODE|1 (NOT EXIST SCANPROPERTY) [ALIVE#COMMUNICATION_ACK|O#CIM_MODE|1#RECIPE_LIST_REQ#ALIVE#]
2019-10-25 09:27:14.535	SYSTEM	SIMULATOR	RECV	RECIPE_LIST_REQ (NOT EXIST SCANPROPERTY) [ALIVE#COMMUNICATION_ACK|O#CIM_MODE|1#RECIPE_LIST_REQ#ALIVE#]
2019-10-25 09:27:14.540	SYSTEM	SIMULATOR	SEND	RECIPE_LIST_REQ_REPLY|4#
2019-10-25 09:27:14.793	SYSTEM	SIMULATOR	RECV	ALIVE (NOT EXIST SCANPROPERTY) [ALIVE#COMMUNICATION_ACK|O#CIM_MODE|1#RECIPE_LIST_REQ#ALIVE#]
2019-10-25 09:27:15.045	SYSTEM	SIMULATOR	SEND	ALIVE_REPLY#
2019-10-25 09:27:15.301	SYSTEM	SIMULATOR	RECV	ALIVE (NOT EXIST SCANPROPERTY) [ALIVE#ALIVE#]
2019-10-25 09:27:15.805	SYSTEM	SIMULATOR	RECV	ALIVE (NOT EXIST SCANPROPERTY) [ALIVE#ALIVE#]
2019-10-25 09:27:16.312	SYSTEM	SIMULATOR	RECV	ALIVE (NOT EXIST SCANPROPERTY) [ALIVE#]
2019-10-25 09:27:17.274	SYSTEM	SIMULATOR	RECV	ALIVE (NOT EXIST SCANPROPERTY) [ALIVE#]
2019-10-25 09:27:18.277	SYSTEM	SIMULATOR	RECV	ALIVE (NOT EXIST SCANPROPERTY) [ALIVE#]
2019-10-25 09:27:18.783	SYSTEM	SIMULATOR	RECV	CIM_MESSAGE_ON|X| (NOT EXIST SCANPROPERTY) [CIM_MESSAGE_ON|X|#]
2019-10-25 09:27:18.784	SYSTEM	SIMULATOR	SEND	CIM_MESSAGE_ON_REPLY#
2019-10-25 09:27:19.278	SYSTEM	SIMULATOR	RECV	ALIVE (NOT EXIST SCANPROPERTY) [ALIVE#]
2019-10-25 09:27:19.530	SYSTEM	SIMULATOR	SEND	ALIVE_REPLY#
2019-10-25 09:27:20.280	SYSTEM	SIMULATOR	RECV	ALIVE (NOT EXIST SCANPROPERTY) [ALIVE#]
2019-10-25 09:27:21.281	SYSTEM	SIMULATOR	RECV	ALIVE (NOT EXIST SCANPROPERTY) [ALIVE#]
2019-10-25 09:27:22.282	SYSTEM	SIMULATOR	RECV	ALIVE (NOT EXIST SCANPROPERTY) [ALIVE#]
2019-10-25 09:27:23.287	SYSTEM	SIMULATOR	RECV	ALIVE (NOT EXIST SCANPROPERTY) [ALIVE#]
2019-10-25 09:27:24.288	SYSTEM	SIMULATOR	RECV	ALIVE (NOT EXIST SCANPROPERTY) [ALIVE#]
2019-10-25 09:27:25.288	SYSTEM	SIMULATOR	RECV	ALIVE (NOT EXIST SCANPROPERTY) [ALIVE#]
2019-10-25 09:27:26.289	SYSTEM	SIMULATOR	RECV	ALIVE (NOT EXIST SCANPROPERTY) [ALIVE#]
2019-10-25 09:27:27.290	SYSTEM	SIMULATOR	RECV	ALIVE (NOT EXIST SCANPROPERTY) [ALIVE#]
2019-10-25 09:27:28.290	SYSTEM	SIMULATOR	RECV	ALIVE (NOT EXIST SCANPROPERTY) [ALIVE#]
2019-10-25 09:27:29.291	SYSTEM	SIMULATOR	RECV	ALIVE (NOT EXIST SCANPROPERTY) [ALIVE#]
2019-10-25 09:27:30.292	SYSTEM	SIMULATOR	RECV	ALIVE (NOT EXIST SCANPROPERTY) [ALIVE#]
2019-10-25 09:27:31.292	SYSTEM	SIMULATOR	RECV	ALIVE (NOT EXIST SCANPROPERTY) [ALIVE#]
2019-10-25 09:27:32.293	SYSTEM	SIMULATOR	RECV	ALIVE (NOT EXIST SCANPROPERTY) [ALIVE#]
2019-10-25 09:27:33.295	SYSTEM	SIMULATOR	RECV	ALIVE (NOT EXIST SCANPROPERTY) [ALIVE#]
2019-10-25 09:27:34.295	SYSTEM	SIMULATOR	RECV	ALIVE (NOT EXIST SCANPROPERTY) [ALIVE#]
2019-10-25 09:27:35.297	SYSTEM	SIMULATOR	RECV	ALIVE (NOT EXIST SCANPROPERTY) [ALIVE#]
2019-10-25 09:27:36.298	SYSTEM	SIMULATOR	RECV	ALIVE (NOT EXIST SCANPROPERTY) [ALIVE#]
2019-10-25 09:27:37.298	SYSTEM	SIMULATOR	RECV	ALIVE (NOT EXIST SCANPROPERTY) [ALIVE#]
2019-10-25 09:27:38.299	SYSTEM	SIMULATOR	RECV	ALIVE (NOT EXIST SCANPROPERTY) [ALIVE#]
2019-10-25 09:27:39.300	SYSTEM	SIMULATOR	RECV	ALIVE (NOT EXIST SCANPROPERTY) [ALIVE#]
2019-10-25 09:27:39.463	SYSTEM	SIMULATOR	SEND	GLASS_DATA_VALUE_FILE_REPORT|D:\K_Project\??\??\W99SP1921.ini|A#
2019-10-25 09:27:47.486	SYSTEM	SIMULATOR	SEND	ALIVE_REPLY#
2019-10-25 09:27:51.900	SYSTEM	SIMULATOR	RECV	GLASS_DATA_VALUE_FILE_REPORT_ACK (NOT EXIST SCANPROPERTY) [GLASS_DATA_VALUE_FILE_REPORT_ACK#ALIVE#]
2019-10-25 09:27:53.526	SYSTEM	SIMULATOR	RECV	ALIVE (NOT EXIST SCANPROPERTY) [GLASS_DATA_VALUE_FILE_REPORT_ACK#ALIVE#]
2019-10-25 09:30:50.935	SYSTEM	SIMULATOR	RECV	ALIVE (NOT EXIST SCANPROPERTY) [ALIVE#ALIVE#]
2019-10-25 09:30:53.188	SYSTEM	SIMULATOR	RECV	ALIVE (NOT EXIST SCANPROPERTY) [ALIVE#ALIVE#]
2019-10-25 09:30:54.321	SYSTEM	SIMULATOR	RECV	ALIVE (NOT EXIST SCANPROPERTY) [ALIVE#ALIVE#]
2019-10-25 09:30:55.474	SYSTEM	SIMULATOR	RECV	ALIVE (NOT EXIST SCANPROPERTY) [ALIVE#ALIVE#]
2019-10-25 09:30:56.538	SYSTEM	SIMULATOR	RECV	ALIVE (NOT EXIST SCANPROPERTY) [ALIVE#ALIVE#]
2019-10-25 09:30:57.528	SYSTEM	SIMULATOR	RECV	ALIVE (NOT EXIST SCANPROPERTY) [ALIVE#ALIVE#]
2019-10-25 09:30:58.500	SYSTEM	SIMULATOR	RECV	ALIVE (NOT EXIST SCANPROPERTY) [ALIVE#ALIVE#]
2019-10-25 09:30:59.583	SYSTEM	SIMULATOR	RECV	ALIVE (NOT EXIST SCANPROPERTY) [ALIVE#ALIVE#]
2019-10-25 09:31:00.375	SYSTEM	SIMULATOR	RECV	ALIVE (NOT EXIST SCANPROPERTY) [ALIVE#ALIVE#]
2019-10-25 09:31:00.878	SYSTEM	SIMULATOR	RECV	ALIVE (NOT EXIST SCANPROPERTY) [ALIVE#ALIVE#]
2019-10-25 09:31:01.384	SYSTEM	SIMULATOR	RECV	ALIVE (NOT EXIST SCANPROPERTY) [ALIVE#]
2019-10-25 09:31:02.125	SYSTEM	SIMULATOR	RECV	ALIVE (NOT EXIST SCANPROPERTY) [ALIVE#]
2019-10-25 09:31:03.126	SYSTEM	SIMULATOR	RECV	ALIVE (NOT EXIST SCANPROPERTY) [ALIVE#]
2019-10-25 09:31:04.127	SYSTEM	SIMULATOR	RECV	ALIVE (NOT EXIST SCANPROPERTY) [ALIVE#]
2019-10-25 09:31:05.128	SYSTEM	SIMULATOR	RECV	ALIVE (NOT EXIST SCANPROPERTY) [ALIVE#]
2019-10-25 09:31:06.129	SYSTEM	SIMULATOR	RECV	ALIVE (NOT EXIST SCANPROPERTY) [ALIVE#]
2019-10-25 09:31:07.129	SYSTEM	SIMULATOR	RECV	ALIVE (NOT EXIST SCANPROPERTY) [ALIVE#]
2019-10-25 09:31:08.130	SYSTEM	SIMULATOR	RECV	ALIVE (NOT EXIST SCANPROPERTY) [ALIVE#]
2019-10-25 09:31:09.131	SYSTEM	SIMULATOR	RECV	ALIVE (NOT EXIST SCANPROPERTY) [ALIVE#]
2019-10-25 09:31:10.132	SYSTEM	SIMULATOR	RECV	ALIVE (NOT EXIST SCANPROPERTY) [ALIVE#]
2019-10-25 09:31:11.133	SYSTEM	SIMULATOR	RECV	ALIVE (NOT EXIST SCANPROPERTY) [ALIVE#]
2019-10-25 09:31:12.134	SYSTEM	SIMULATOR	RECV	ALIVE (NOT EXIST SCANPROPERTY) [ALIVE#]
2019-10-25 09:31:13.135	SYSTEM	SIMULATOR	RECV	ALIVE (NOT EXIST SCANPROPERTY) [ALIVE#]
2019-10-25 09:31:14.136	SYSTEM	SIMULATOR	RECV	ALIVE (NOT EXIST SCANPROPERTY) [ALIVE#]
2019-10-25 09:31:15.137	SYSTEM	SIMULATOR	RECV	ALIVE (NOT EXIST SCANPROPERTY) [ALIVE#]
2019-10-25 09:31:16.138	SYSTEM	SIMULATOR	RECV	ALIVE (NOT EXIST SCANPROPERTY) [ALIVE#]
2019-10-25 09:31:17.139	SYSTEM	SIMULATOR	RECV	ALIVE (NOT EXIST SCANPROPERTY) [ALIVE#]
2019-10-25 09:31:18.140	SYSTEM	SIMULATOR	RECV	ALIVE (NOT EXIST SCANPROPERTY) [ALIVE#]
2019-10-25 09:31:19.141	SYSTEM	SIMULATOR	RECV	ALIVE (NOT EXIST SCANPROPERTY) [ALIVE#]
2019-10-25 09:31:20.141	SYSTEM	SIMULATOR	RECV	ALIVE (NOT EXIST SCANPROPERTY) [ALIVE#]
2019-10-25 09:31:21.142	SYSTEM	SIMULATOR	RECV	ALIVE (NOT EXIST SCANPROPERTY) [ALIVE#]
2019-10-25 09:31:22.143	SYSTEM	SIMULATOR	RECV	ALIVE (NOT EXIST SCANPROPERTY) [ALIVE#]
2019-10-25 09:31:23.143	SYSTEM	SIMULATOR	RECV	ALIVE (NOT EXIST SCANPROPERTY) [ALIVE#]
2019-10-25 09:31:24.145	SYSTEM	SIMULATOR	RECV	ALIVE (NOT EXIST SCANPROPERTY) [ALIVE#]
2019-10-25 09:31:25.145	SYSTEM	SIMULATOR	RECV	ALIVE (NOT EXIST SCANPROPERTY) [ALIVE#]
2019-10-25 09:31:26.146	SYSTEM	SIMULATOR	RECV	ALIVE (NOT EXIST SCANPROPERTY) [ALIVE#]
2019-10-25 09:31:27.146	SYSTEM	SIMULATOR	RECV	ALIVE (NOT EXIST SCANPROPERTY) [ALIVE#]
2019-10-25 09:31:28.148	SYSTEM	SIMULATOR	RECV	ALIVE (NOT EXIST SCANPROPERTY) [ALIVE#]
2019-10-25 09:31:29.148	SYSTEM	SIMULATOR	RECV	ALIVE (NOT EXIST SCANPROPERTY) [ALIVE#]
2019-10-25 09:31:30.149	SYSTEM	SIMULATOR	RECV	ALIVE (NOT EXIST SCANPROPERTY) [ALIVE#]
2019-10-25 09:31:31.149	SYSTEM	SIMULATOR	RECV	ALIVE (NOT EXIST SCANPROPERTY) [ALIVE#]
2019-10-25 09:31:32.151	SYSTEM	SIMULATOR	RECV	ALIVE (NOT EXIST SCANPROPERTY) [ALIVE#]
2019-10-25 09:31:33.152	SYSTEM	SIMULATOR	RECV	ALIVE (NOT EXIST SCANPROPERTY) [ALIVE#]
2019-10-25 09:31:34.153	SYSTEM	SIMULATOR	RECV	ALIVE (NOT EXIST SCANPROPERTY) [ALIVE#]
2019-10-25 09:31:35.154	SYSTEM	SIMULATOR	RECV	ALIVE (NOT EXIST SCANPROPERTY) [ALIVE#]
2019-10-25 09:31:36.155	SYSTEM	SIMULATOR	RECV	ALIVE (NOT EXIST SCANPROPERTY) [ALIVE#]
2019-10-25 09:31:37.156	SYSTEM	SIMULATOR	RECV	ALIVE (NOT EXIST SCANPROPERTY) [ALIVE#]
2019-10-25 09:31:38.157	SYSTEM	SIMULATOR	RECV	ALIVE (NOT EXIST SCANPROPERTY) [ALIVE#]
2019-10-25 09:31:39.158	SYSTEM	SIMULATOR	RECV	ALIVE (NOT EXIST SCANPROPERTY) [ALIVE#]
2019-10-25 09:31:40.159	SYSTEM	SIMULATOR	RECV	ALIVE (NOT EXIST SCANPROPERTY) [ALIVE#]
2019-10-25 09:31:41.160	SYSTEM	SIMULATOR	RECV	ALIVE (NOT EXIST SCANPROPERTY) [ALIVE#]
2019-10-25 09:31:42.161	SYSTEM	SIMULATOR	RECV	ALIVE (NOT EXIST SCANPROPERTY) [ALIVE#]
2019-10-25 09:31:43.161	SYSTEM	SIMULATOR	RECV	ALIVE (NOT EXIST SCANPROPERTY) [ALIVE#]
2019-10-25 09:31:44.162	SYSTEM	SIMULATOR	RECV	ALIVE (NOT EXIST SCANPROPERTY) [ALIVE#]
2019-10-25 09:31:45.163	SYSTEM	SIMULATOR	RECV	ALIVE (NOT EXIST SCANPROPERTY) [ALIVE#]
2019-10-25 09:31:46.164	SYSTEM	SIMULATOR	RECV	ALIVE (NOT EXIST SCANPROPERTY) [ALIVE#]
2019-10-25 09:31:47.164	SYSTEM	SIMULATOR	RECV	ALIVE (NOT EXIST SCANPROPERTY) [ALIVE#]
2019-10-25 09:31:48.165	SYSTEM	SIMULATOR	RECV	ALIVE (NOT EXIST SCANPROPERTY) [ALIVE#]
2019-10-25 09:31:49.166	SYSTEM	SIMULATOR	RECV	ALIVE (NOT EXIST SCANPROPERTY) [ALIVE#]
2019-10-25 09:31:50.167	SYSTEM	SIMULATOR	RECV	ALIVE (NOT EXIST SCANPROPERTY) [ALIVE#]
2019-10-25 09:31:50.336	SYSTEM	SIMULATOR	SEND	GLASS_DATA_VALUE_FILE_REPORT|D:\K_Project\??\??\W99SP1921.ini|A#
2019-10-25 09:31:52.018	SYSTEM	SIMULATOR	SEND	ALIVE_REPLY#
2019-10-25 09:32:15.707	SYSTEM	SIMULATOR	RECV	GLASS_DATA_VALUE_FILE_REPORT_ACK (NOT EXIST SCANPROPERTY) [GLASS_DATA_VALUE_FILE_REPORT_ACK#ALIVE#ALIVE#]
2019-10-25 09:32:42.881	SYSTEM	SIMULATOR	RECV	ALIVE (NOT EXIST SCANPROPERTY) [GLASS_DATA_VALUE_FILE_REPORT_ACK#ALIVE#ALIVE#]
2019-10-25 09:32:44.219	SYSTEM	SIMULATOR	RECV	ALIVE (NOT EXIST SCANPROPERTY) [GLASS_DATA_VALUE_FILE_REPORT_ACK#ALIVE#ALIVE#]
2019-10-25 09:32:45.509	SYSTEM	SIMULATOR	RECV	ALIVE (NOT EXIST SCANPROPERTY) [ALIVE#ALIVE#]
2019-10-25 09:32:47.253	SYSTEM	SIMULATOR	RECV	ALIVE (NOT EXIST SCANPROPERTY) [ALIVE#ALIVE#]
2019-10-25 09:32:49.120	SYSTEM	SIMULATOR	RECV	ALIVE (NOT EXIST SCANPROPERTY) [ALIVE#ALIVE#ALIVE#]
2019-10-25 09:32:50.286	SYSTEM	SIMULATOR	RECV	ALIVE (NOT EXIST SCANPROPERTY) [ALIVE#ALIVE#ALIVE#]
2019-10-25 09:32:50.790	SYSTEM	SIMULATOR	RECV	ALIVE (NOT EXIST SCANPROPERTY) [ALIVE#ALIVE#ALIVE#]
2019-10-25 09:32:51.299	SYSTEM	SIMULATOR	RECV	ALIVE (NOT EXIST SCANPROPERTY) [ALIVE#ALIVE#]
2019-10-25 09:32:51.806	SYSTEM	SIMULATOR	RECV	ALIVE (NOT EXIST SCANPROPERTY) [ALIVE#ALIVE#]
2019-10-25 09:32:52.315	SYSTEM	SIMULATOR	RECV	ALIVE (NOT EXIST SCANPROPERTY) [ALIVE#]
2019-10-25 09:32:52.820	SYSTEM	SIMULATOR	RECV	ALIVE (NOT EXIST SCANPROPERTY) [ALIVE#]
2019-10-25 09:32:53.731	SYSTEM	SIMULATOR	RECV	ALIVE (NOT EXIST SCANPROPERTY) [ALIVE#]
2019-10-25 09:32:54.732	SYSTEM	SIMULATOR	RECV	ALIVE (NOT EXIST SCANPROPERTY) [ALIVE#]
2019-10-25 09:32:55.627	SYSTEM	SIMULATOR	RECV	CIM_MESSAGE_ON|X| (NOT EXIST SCANPROPERTY) [CIM_MESSAGE_ON|X|#]
2019-10-25 09:32:55.628	SYSTEM	SIMULATOR	SEND	CIM_MESSAGE_ON_REPLY#
2019-10-25 09:32:55.883	SYSTEM	SIMULATOR	RECV	ALIVE (NOT EXIST SCANPROPERTY) [ALIVE#]
2019-10-25 09:32:56.136	SYSTEM	SIMULATOR	SEND	ALIVE_REPLY#
2019-10-25 09:32:56.735	SYSTEM	SIMULATOR	RECV	ALIVE (NOT EXIST SCANPROPERTY) [ALIVE#]
2019-10-25 09:32:57.736	SYSTEM	SIMULATOR	RECV	ALIVE (NOT EXIST SCANPROPERTY) [ALIVE#]
2019-10-25 09:32:58.737	SYSTEM	SIMULATOR	RECV	ALIVE (NOT EXIST SCANPROPERTY) [ALIVE#]
2019-10-25 09:32:59.739	SYSTEM	SIMULATOR	RECV	ALIVE (NOT EXIST SCANPROPERTY) [ALIVE#]
2019-10-25 09:33:00.739	SYSTEM	SIMULATOR	RECV	ALIVE (NOT EXIST SCANPROPERTY) [ALIVE#]
2019-10-25 09:33:01.740	SYSTEM	SIMULATOR	RECV	ALIVE (NOT EXIST SCANPROPERTY) [ALIVE#]
2019-10-25 09:33:02.741	SYSTEM	SIMULATOR	RECV	ALIVE (NOT EXIST SCANPROPERTY) [ALIVE#]
2019-10-25 09:33:03.742	SYSTEM	SIMULATOR	RECV	ALIVE (NOT EXIST SCANPROPERTY) [ALIVE#]
2019-10-25 09:33:04.742	SYSTEM	SIMULATOR	RECV	ALIVE (NOT EXIST SCANPROPERTY) [ALIVE#]
2019-10-25 09:33:05.743	SYSTEM	SIMULATOR	RECV	ALIVE (NOT EXIST SCANPROPERTY) [ALIVE#]
2019-10-25 09:33:06.745	SYSTEM	SIMULATOR	RECV	ALIVE (NOT EXIST SCANPROPERTY) [ALIVE#]
2019-10-25 09:33:07.745	SYSTEM	SIMULATOR	RECV	ALIVE (NOT EXIST SCANPROPERTY) [ALIVE#]
2019-10-25 09:33:08.747	SYSTEM	SIMULATOR	RECV	ALIVE (NOT EXIST SCANPROPERTY) [ALIVE#]
2019-10-25 09:33:09.747	SYSTEM	SIMULATOR	RECV	ALIVE (NOT EXIST SCANPROPERTY) [ALIVE#]
2019-10-25 09:33:10.748	SYSTEM	SIMULATOR	RECV	ALIVE (NOT EXIST SCANPROPERTY) [ALIVE#]
2019-10-25 09:33:11.750	SYSTEM	SIMULATOR	RECV	ALIVE (NOT EXIST SCANPROPERTY) [ALIVE#]
2019-10-25 09:33:12.752	SYSTEM	SIMULATOR	RECV	ALIVE (NOT EXIST SCANPROPERTY) [ALIVE#]
2019-10-25 09:33:13.753	SYSTEM	SIMULATOR	RECV	ALIVE (NOT EXIST SCANPROPERTY) [ALIVE#]
2019-10-25 09:33:14.754	SYSTEM	SIMULATOR	RECV	ALIVE (NOT EXIST SCANPROPERTY) [ALIVE#]
2019-10-25 09:33:15.755	SYSTEM	SIMULATOR	RECV	ALIVE (NOT EXIST SCANPROPERTY) [ALIVE#]
2019-10-25 09:33:15.854	SYSTEM	SIMULATOR	SEND	GLASS_DATA_VALUE_FILE_REPORT|D:\K_Project\??\??\W99SP1921.ini|A#
2019-10-25 09:33:16.917	SYSTEM	SIMULATOR	SEND	ALIVE_REPLY#
2019-10-25 09:33:27.126	SYSTEM	SIMULATOR	RECV	GLASS_DATA_VALUE_FILE_REPORT_ACK (NOT EXIST SCANPROPERTY) [GLASS_DATA_VALUE_FILE_REPORT_ACK#ALIVE#]
2019-10-25 09:35:30.942	SYSTEM	SIMULATOR	RECV	ALIVE (NOT EXIST SCANPROPERTY) [GLASS_DATA_VALUE_FILE_REPORT_ACK#ALIVE#]
2019-10-25 09:35:32.594	SYSTEM	SIMULATOR	RECV	ALIVE (NOT EXIST SCANPROPERTY) [ALIVE#]
2019-10-25 09:35:33.674	SYSTEM	SIMULATOR	RECV	ALIVE (NOT EXIST SCANPROPERTY) [ALIVE#]
2019-10-25 09:35:34.675	SYSTEM	SIMULATOR	RECV	ALIVE (NOT EXIST SCANPROPERTY) [ALIVE#]
2019-10-25 09:35:35.775	SYSTEM	SIMULATOR	RECV	ALIVE (NOT EXIST SCANPROPERTY) [ALIVE#]
2019-10-25 09:35:36.798	SYSTEM	SIMULATOR	RECV	ALIVE (NOT EXIST SCANPROPERTY) [ALIVE#]
2019-10-25 09:35:37.799	SYSTEM	SIMULATOR	RECV	ALIVE (NOT EXIST SCANPROPERTY) [ALIVE#]
2019-10-25 09:35:38.800	SYSTEM	SIMULATOR	RECV	ALIVE (NOT EXIST SCANPROPERTY) [ALIVE#]
2019-10-25 09:35:39.801	SYSTEM	SIMULATOR	RECV	ALIVE (NOT EXIST SCANPROPERTY) [ALIVE#]
2019-10-25 09:35:40.802	SYSTEM	SIMULATOR	RECV	ALIVE (NOT EXIST SCANPROPERTY) [ALIVE#]
2019-10-25 09:35:41.803	SYSTEM	SIMULATOR	RECV	ALIVE (NOT EXIST SCANPROPERTY) [ALIVE#]
2019-10-25 09:35:42.804	SYSTEM	SIMULATOR	RECV	ALIVE (NOT EXIST SCANPROPERTY) [ALIVE#]
2019-10-25 09:35:42.860	SYSTEM	SIMULATOR	SEND	GLASS_DATA_VALUE_FILE_REPORT|D:\K_Project\??\??\W99SP1921.ini|A#
2019-10-25 09:35:44.719	SYSTEM	SIMULATOR	SEND	ALIVE_REPLY#
2019-10-25 09:35:55.951	SYSTEM	SIMULATOR	RECV	GLASS_DATA_VALUE_FILE_REPORT_ACK (NOT EXIST SCANPROPERTY) [GLASS_DATA_VALUE_FILE_REPORT_ACK#ALIVE#]
2019-10-25 09:35:57.530	SYSTEM	SIMULATOR	RECV	ALIVE (NOT EXIST SCANPROPERTY) [GLASS_DATA_VALUE_FILE_REPORT_ACK#ALIVE#]
2019-10-25 09:36:23.506	SYSTEM	SIMULATOR	RECV	ALIVE (NOT EXIST SCANPROPERTY) [ALIVE#]
2019-10-25 09:36:24.499	SYSTEM	SIMULATOR	RECV	ALIVE (NOT EXIST SCANPROPERTY) [ALIVE#]
2019-10-25 09:36:25.501	SYSTEM	SIMULATOR	RECV	ALIVE (NOT EXIST SCANPROPERTY) [ALIVE#]
2019-10-25 09:36:26.501	SYSTEM	SIMULATOR	RECV	ALIVE (NOT EXIST SCANPROPERTY) [ALIVE#]
2019-10-25 09:36:27.502	SYSTEM	SIMULATOR	RECV	ALIVE (NOT EXIST SCANPROPERTY) [ALIVE#]
2019-10-25 09:36:28.503	SYSTEM	SIMULATOR	RECV	ALIVE (NOT EXIST SCANPROPERTY) [ALIVE#]
2019-10-25 09:36:29.504	SYSTEM	SIMULATOR	RECV	ALIVE (NOT EXIST SCANPROPERTY) [ALIVE#]
2019-10-25 09:36:30.504	SYSTEM	SIMULATOR	RECV	ALIVE (NOT EXIST SCANPROPERTY) [ALIVE#]
2019-10-25 09:36:31.505	SYSTEM	SIMULATOR	RECV	ALIVE (NOT EXIST SCANPROPERTY) [ALIVE#]
2019-10-25 09:36:32.506	SYSTEM	SIMULATOR	RECV	ALIVE (NOT EXIST SCANPROPERTY) [ALIVE#]
2019-10-25 09:36:33.508	SYSTEM	SIMULATOR	RECV	ALIVE (NOT EXIST SCANPROPERTY) [ALIVE#]
2019-10-25 09:36:34.508	SYSTEM	SIMULATOR	RECV	ALIVE (NOT EXIST SCANPROPERTY) [ALIVE#]
2019-10-25 09:36:34.795	SYSTEM	SIMULATOR	SEND	GLASS_DATA_VALUE_FILE_REPORT|D:\W99SP1921.ini|A#
2019-10-25 09:36:36.704	SYSTEM	SIMULATOR	RECV	GLASS_DATA_VALUE_FILE_REPORT_ACK (NOT EXIST SCANPROPERTY) [GLASS_DATA_VALUE_FILE_REPORT_ACK#ALIVE#]
2019-10-25 09:36:51.693	SYSTEM	SIMULATOR	RECV	ALIVE (NOT EXIST SCANPROPERTY) [GLASS_DATA_VALUE_FILE_REPORT_ACK#ALIVE#]
2019-10-25 09:38:12.269	SYSTEM	SIMULATOR	SEND	ALIVE_REPLY#
2019-10-25 09:38:12.526	SYSTEM	SIMULATOR	RECV	ALIVE (NOT EXIST SCANPROPERTY) [ALIVE#]
2019-10-25 09:38:13.272	SYSTEM	SIMULATOR	RECV	ALIVE (NOT EXIST SCANPROPERTY) [ALIVE#]
2019-10-25 09:38:14.273	SYSTEM	SIMULATOR	RECV	ALIVE (NOT EXIST SCANPROPERTY) [ALIVE#]
2019-10-25 09:38:15.275	SYSTEM	SIMULATOR	RECV	ALIVE (NOT EXIST SCANPROPERTY) [ALIVE#]
2019-10-25 09:38:16.275	SYSTEM	SIMULATOR	RECV	ALIVE (NOT EXIST SCANPROPERTY) [ALIVE#]
2019-10-25 09:38:38.565	SYSTEM	SIMULATOR	RECV	ALIVE (NOT EXIST SCANPROPERTY) [ALIVE#]
2019-10-25 09:38:39.566	SYSTEM	SIMULATOR	RECV	ALIVE (NOT EXIST SCANPROPERTY) [ALIVE#]
2019-10-25 09:38:40.567	SYSTEM	SIMULATOR	RECV	ALIVE (NOT EXIST SCANPROPERTY) [ALIVE#]
2019-10-25 09:38:41.568	SYSTEM	SIMULATOR	RECV	ALIVE (NOT EXIST SCANPROPERTY) [ALIVE#]
2019-10-25 09:38:42.568	SYSTEM	SIMULATOR	RECV	ALIVE (NOT EXIST SCANPROPERTY) [ALIVE#]
2019-10-25 09:38:43.571	SYSTEM	SIMULATOR	RECV	ALIVE (NOT EXIST SCANPROPERTY) [ALIVE#]
2019-10-25 09:38:44.571	SYSTEM	SIMULATOR	RECV	ALIVE (NOT EXIST SCANPROPERTY) [ALIVE#]
2019-10-25 09:38:45.573	SYSTEM	SIMULATOR	RECV	ALIVE (NOT EXIST SCANPROPERTY) [ALIVE#]
2019-10-25 09:38:46.574	SYSTEM	SIMULATOR	RECV	ALIVE (NOT EXIST SCANPROPERTY) [ALIVE#]
2019-10-25 09:38:47.575	SYSTEM	SIMULATOR	RECV	ALIVE (NOT EXIST SCANPROPERTY) [ALIVE#]
2019-10-25 09:38:48.575	SYSTEM	SIMULATOR	RECV	ALIVE (NOT EXIST SCANPROPERTY) [ALIVE#]
2019-10-25 09:38:49.576	SYSTEM	SIMULATOR	RECV	ALIVE (NOT EXIST SCANPROPERTY) [ALIVE#]
2019-10-25 09:38:50.577	SYSTEM	SIMULATOR	RECV	ALIVE (NOT EXIST SCANPROPERTY) [ALIVE#]
2019-10-25 09:38:51.578	SYSTEM	SIMULATOR	RECV	ALIVE (NOT EXIST SCANPROPERTY) [ALIVE#]
2019-10-25 09:38:52.580	SYSTEM	SIMULATOR	RECV	ALIVE (NOT EXIST SCANPROPERTY) [ALIVE#]
2019-10-25 09:38:53.580	SYSTEM	SIMULATOR	RECV	ALIVE (NOT EXIST SCANPROPERTY) [ALIVE#]
2019-10-25 09:38:54.581	SYSTEM	SIMULATOR	RECV	ALIVE (NOT EXIST SCANPROPERTY) [ALIVE#]
2019-10-25 09:38:55.582	SYSTEM	SIMULATOR	RECV	ALIVE (NOT EXIST SCANPROPERTY) [ALIVE#]
2019-10-25 09:38:56.583	SYSTEM	SIMULATOR	RECV	ALIVE (NOT EXIST SCANPROPERTY) [ALIVE#]
2019-10-25 09:38:57.584	SYSTEM	SIMULATOR	RECV	ALIVE (NOT EXIST SCANPROPERTY) [ALIVE#]
2019-10-25 09:38:58.584	SYSTEM	SIMULATOR	RECV	ALIVE (NOT EXIST SCANPROPERTY) [ALIVE#]
2019-10-25 09:38:59.585	SYSTEM	SIMULATOR	RECV	ALIVE (NOT EXIST SCANPROPERTY) [ALIVE#]
2019-10-25 09:39:00.586	SYSTEM	SIMULATOR	RECV	ALIVE (NOT EXIST SCANPROPERTY) [ALIVE#]
2019-10-25 09:39:01.587	SYSTEM	SIMULATOR	RECV	ALIVE (NOT EXIST SCANPROPERTY) [ALIVE#]
2019-10-25 09:39:02.588	SYSTEM	SIMULATOR	RECV	ALIVE (NOT EXIST SCANPROPERTY) [ALIVE#]
2019-10-25 09:39:03.589	SYSTEM	SIMULATOR	RECV	ALIVE (NOT EXIST SCANPROPERTY) [ALIVE#]
2019-10-25 09:39:04.590	SYSTEM	SIMULATOR	RECV	ALIVE (NOT EXIST SCANPROPERTY) [ALIVE#]
2019-10-25 09:39:05.591	SYSTEM	SIMULATOR	RECV	ALIVE (NOT EXIST SCANPROPERTY) [ALIVE#]
2019-10-25 09:39:06.592	SYSTEM	SIMULATOR	RECV	ALIVE (NOT EXIST SCANPROPERTY) [ALIVE#]
2019-10-25 09:39:07.594	SYSTEM	SIMULATOR	RECV	ALIVE (NOT EXIST SCANPROPERTY) [ALIVE#]
2019-10-25 09:39:08.594	SYSTEM	SIMULATOR	RECV	ALIVE (NOT EXIST SCANPROPERTY) [ALIVE#]
2019-10-25 09:39:09.596	SYSTEM	SIMULATOR	RECV	ALIVE (NOT EXIST SCANPROPERTY) [ALIVE#]
2019-10-25 09:39:10.597	SYSTEM	SIMULATOR	RECV	ALIVE (NOT EXIST SCANPROPERTY) [ALIVE#]
2019-10-25 09:39:11.598	SYSTEM	SIMULATOR	RECV	ALIVE (NOT EXIST SCANPROPERTY) [ALIVE#]
2019-10-25 09:39:12.599	SYSTEM	SIMULATOR	RECV	ALIVE (NOT EXIST SCANPROPERTY) [ALIVE#]
2019-10-25 09:39:13.600	SYSTEM	SIMULATOR	RECV	ALIVE (NOT EXIST SCANPROPERTY) [ALIVE#]
2019-10-25 09:39:14.600	SYSTEM	SIMULATOR	RECV	ALIVE (NOT EXIST SCANPROPERTY) [ALIVE#]
2019-10-25 09:39:15.602	SYSTEM	SIMULATOR	RECV	ALIVE (NOT EXIST SCANPROPERTY) [ALIVE#]
2019-10-25 09:39:16.603	SYSTEM	SIMULATOR	RECV	ALIVE (NOT EXIST SCANPROPERTY) [ALIVE#]
2019-10-25 09:39:17.603	SYSTEM	SIMULATOR	RECV	ALIVE (NOT EXIST SCANPROPERTY) [ALIVE#]
2019-10-25 09:39:18.604	SYSTEM	SIMULATOR	RECV	ALIVE (NOT EXIST SCANPROPERTY) [ALIVE#]
2019-10-25 09:39:19.605	SYSTEM	SIMULATOR	RECV	ALIVE (NOT EXIST SCANPROPERTY) [ALIVE#]
2019-10-25 09:39:20.605	SYSTEM	SIMULATOR	RECV	ALIVE (NOT EXIST SCANPROPERTY) [ALIVE#]
2019-10-25 09:39:21.607	SYSTEM	SIMULATOR	RECV	ALIVE (NOT EXIST SCANPROPERTY) [ALIVE#]
2019-10-25 09:39:22.607	SYSTEM	SIMULATOR	RECV	ALIVE (NOT EXIST SCANPROPERTY) [ALIVE#]
2019-10-25 09:39:23.610	SYSTEM	SIMULATOR	RECV	ALIVE (NOT EXIST SCANPROPERTY) [ALIVE#]
2019-10-25 09:39:24.611	SYSTEM	SIMULATOR	RECV	ALIVE (NOT EXIST SCANPROPERTY) [ALIVE#]
2019-10-25 09:39:25.612	SYSTEM	SIMULATOR	RECV	ALIVE (NOT EXIST SCANPROPERTY) [ALIVE#]
2019-10-25 09:39:26.613	SYSTEM	SIMULATOR	RECV	ALIVE (NOT EXIST SCANPROPERTY) [ALIVE#]
2019-10-25 09:39:27.614	SYSTEM	SIMULATOR	RECV	ALIVE (NOT EXIST SCANPROPERTY) [ALIVE#]
2019-10-25 09:39:28.614	SYSTEM	SIMULATOR	RECV	ALIVE (NOT EXIST SCANPROPERTY) [ALIVE#]
2019-10-25 09:39:29.615	SYSTEM	SIMULATOR	RECV	ALIVE (NOT EXIST SCANPROPERTY) [ALIVE#]
2019-10-25 09:39:30.618	SYSTEM	SIMULATOR	RECV	ALIVE (NOT EXIST SCANPROPERTY) [ALIVE#]
2019-10-25 09:39:31.619	SYSTEM	SIMULATOR	RECV	ALIVE (NOT EXIST SCANPROPERTY) [ALIVE#]
2019-10-25 09:39:32.620	SYSTEM	SIMULATOR	RECV	ALIVE (NOT EXIST SCANPROPERTY) [ALIVE#]
2019-10-25 09:39:33.621	SYSTEM	SIMULATOR	RECV	ALIVE (NOT EXIST SCANPROPERTY) [ALIVE#]
2019-10-25 09:39:34.622	SYSTEM	SIMULATOR	RECV	ALIVE (NOT EXIST SCANPROPERTY) [ALIVE#]
2019-10-25 09:39:35.622	SYSTEM	SIMULATOR	RECV	ALIVE (NOT EXIST SCANPROPERTY) [ALIVE#]
2019-10-25 09:39:36.624	SYSTEM	SIMULATOR	RECV	ALIVE (NOT EXIST SCANPROPERTY) [ALIVE#]
2019-10-25 09:39:37.625	SYSTEM	SIMULATOR	RECV	ALIVE (NOT EXIST SCANPROPERTY) [ALIVE#]
2019-10-25 09:39:38.626	SYSTEM	SIMULATOR	RECV	ALIVE (NOT EXIST SCANPROPERTY) [ALIVE#]
2019-10-25 09:39:39.627	SYSTEM	SIMULATOR	RECV	ALIVE (NOT EXIST SCANPROPERTY) [ALIVE#]
2019-10-25 09:39:40.627	SYSTEM	SIMULATOR	RECV	ALIVE (NOT EXIST SCANPROPERTY) [ALIVE#]
2019-10-25 09:39:41.628	SYSTEM	SIMULATOR	RECV	ALIVE (NOT EXIST SCANPROPERTY) [ALIVE#]
2019-10-25 09:39:42.630	SYSTEM	SIMULATOR	RECV	ALIVE (NOT EXIST SCANPROPERTY) [ALIVE#]
2019-10-25 09:39:43.630	SYSTEM	SIMULATOR	RECV	ALIVE (NOT EXIST SCANPROPERTY) [ALIVE#]
2019-10-25 09:39:44.631	SYSTEM	SIMULATOR	RECV	ALIVE (NOT EXIST SCANPROPERTY) [ALIVE#]
2019-10-25 09:39:45.632	SYSTEM	SIMULATOR	RECV	ALIVE (NOT EXIST SCANPROPERTY) [ALIVE#]
2019-10-25 09:39:46.634	SYSTEM	SIMULATOR	RECV	ALIVE (NOT EXIST SCANPROPERTY) [ALIVE#]
2019-10-25 09:39:47.635	SYSTEM	SIMULATOR	RECV	ALIVE (NOT EXIST SCANPROPERTY) [ALIVE#]
2019-10-25 09:39:48.636	SYSTEM	SIMULATOR	RECV	ALIVE (NOT EXIST SCANPROPERTY) [ALIVE#]
2019-10-25 09:39:49.637	SYSTEM	SIMULATOR	RECV	ALIVE (NOT EXIST SCANPROPERTY) [ALIVE#]
2019-10-25 09:39:50.638	SYSTEM	SIMULATOR	RECV	ALIVE (NOT EXIST SCANPROPERTY) [ALIVE#]
2019-10-25 09:39:51.638	SYSTEM	SIMULATOR	RECV	ALIVE (NOT EXIST SCANPROPERTY) [ALIVE#]
2019-10-25 09:39:52.639	SYSTEM	SIMULATOR	RECV	ALIVE (NOT EXIST SCANPROPERTY) [ALIVE#]
2019-10-25 09:39:53.640	SYSTEM	SIMULATOR	RECV	ALIVE (NOT EXIST SCANPROPERTY) [ALIVE#]
2019-10-25 09:39:54.641	SYSTEM	SIMULATOR	RECV	ALIVE (NOT EXIST SCANPROPERTY) [ALIVE#]
2019-10-25 09:39:55.642	SYSTEM	SIMULATOR	RECV	ALIVE (NOT EXIST SCANPROPERTY) [ALIVE#]
2019-10-25 09:39:56.643	SYSTEM	SIMULATOR	RECV	ALIVE (NOT EXIST SCANPROPERTY) [ALIVE#]
2019-10-25 09:39:57.644	SYSTEM	SIMULATOR	RECV	ALIVE (NOT EXIST SCANPROPERTY) [ALIVE#]
2019-10-25 09:39:58.644	SYSTEM	SIMULATOR	RECV	ALIVE (NOT EXIST SCANPROPERTY) [ALIVE#]
2019-10-25 09:39:59.647	SYSTEM	SIMULATOR	RECV	ALIVE (NOT EXIST SCANPROPERTY) [ALIVE#]
2019-10-25 09:40:00.647	SYSTEM	SIMULATOR	RECV	ALIVE (NOT EXIST SCANPROPERTY) [ALIVE#]
2019-10-25 09:40:01.649	SYSTEM	SIMULATOR	RECV	ALIVE (NOT EXIST SCANPROPERTY) [ALIVE#]
2019-10-25 09:40:02.649	SYSTEM	SIMULATOR	RECV	ALIVE (NOT EXIST SCANPROPERTY) [ALIVE#]
2019-10-25 09:40:03.651	SYSTEM	SIMULATOR	RECV	ALIVE (NOT EXIST SCANPROPERTY) [ALIVE#]
2019-10-25 09:40:04.652	SYSTEM	SIMULATOR	RECV	ALIVE (NOT EXIST SCANPROPERTY) [ALIVE#]
2019-10-25 09:40:05.653	SYSTEM	SIMULATOR	RECV	ALIVE (NOT EXIST SCANPROPERTY) [ALIVE#]
2019-10-25 09:40:06.657	SYSTEM	SIMULATOR	RECV	ALIVE (NOT EXIST SCANPROPERTY) [ALIVE#]
2019-10-25 09:40:07.657	SYSTEM	SIMULATOR	RECV	ALIVE (NOT EXIST SCANPROPERTY) [ALIVE#]
2019-10-25 09:40:08.658	SYSTEM	SIMULATOR	RECV	ALIVE (NOT EXIST SCANPROPERTY) [ALIVE#]
2019-10-25 09:40:09.659	SYSTEM	SIMULATOR	RECV	ALIVE (NOT EXIST SCANPROPERTY) [ALIVE#]
2019-10-25 09:40:10.661	SYSTEM	SIMULATOR	RECV	ALIVE (NOT EXIST SCANPROPERTY) [ALIVE#]
2019-10-25 09:40:11.662	SYSTEM	SIMULATOR	RECV	ALIVE (NOT EXIST SCANPROPERTY) [ALIVE#]
2019-10-25 09:40:12.662	SYSTEM	SIMULATOR	RECV	ALIVE (NOT EXIST SCANPROPERTY) [ALIVE#]
2019-10-25 09:40:13.664	SYSTEM	SIMULATOR	RECV	ALIVE (NOT EXIST SCANPROPERTY) [ALIVE#]
2019-10-25 09:40:14.665	SYSTEM	SIMULATOR	RECV	ALIVE (NOT EXIST SCANPROPERTY) [ALIVE#]
2019-10-25 09:40:15.665	SYSTEM	SIMULATOR	RECV	ALIVE (NOT EXIST SCANPROPERTY) [ALIVE#]
2019-10-25 09:40:16.666	SYSTEM	SIMULATOR	RECV	ALIVE (NOT EXIST SCANPROPERTY) [ALIVE#]
2019-10-25 09:40:17.667	SYSTEM	SIMULATOR	RECV	ALIVE (NOT EXIST SCANPROPERTY) [ALIVE#]
2019-10-25 09:40:18.669	SYSTEM	SIMULATOR	RECV	ALIVE (NOT EXIST SCANPROPERTY) [ALIVE#]
2019-10-25 09:40:19.669	SYSTEM	SIMULATOR	RECV	ALIVE (NOT EXIST SCANPROPERTY) [ALIVE#]
2019-10-25 09:40:20.670	SYSTEM	SIMULATOR	RECV	ALIVE (NOT EXIST SCANPROPERTY) [ALIVE#]
2019-10-25 09:40:21.672	SYSTEM	SIMULATOR	RECV	ALIVE (NOT EXIST SCANPROPERTY) [ALIVE#]
2019-10-25 09:40:22.672	SYSTEM	SIMULATOR	RECV	ALIVE (NOT EXIST SCANPROPERTY) [ALIVE#]
2019-10-25 09:40:23.673	SYSTEM	SIMULATOR	RECV	ALIVE (NOT EXIST SCANPROPERTY) [ALIVE#]
2019-10-25 09:40:24.675	SYSTEM	SIMULATOR	RECV	ALIVE (NOT EXIST SCANPROPERTY) [ALIVE#]
2019-10-25 09:40:25.676	SYSTEM	SIMULATOR	RECV	ALIVE (NOT EXIST SCANPROPERTY) [ALIVE#]
2019-10-25 09:40:26.676	SYSTEM	SIMULATOR	RECV	ALIVE (NOT EXIST SCANPROPERTY) [ALIVE#]
2019-10-25 09:40:27.677	SYSTEM	SIMULATOR	RECV	ALIVE (NOT EXIST SCANPROPERTY) [ALIVE#]
2019-10-25 09:40:28.678	SYSTEM	SIMULATOR	RECV	ALIVE (NOT EXIST SCANPROPERTY) [ALIVE#]
2019-10-25 09:40:29.679	SYSTEM	SIMULATOR	RECV	ALIVE (NOT EXIST SCANPROPERTY) [ALIVE#]
2019-10-25 09:40:30.681	SYSTEM	SIMULATOR	RECV	ALIVE (NOT EXIST SCANPROPERTY) [ALIVE#]
2019-10-25 09:40:31.683	SYSTEM	SIMULATOR	RECV	ALIVE (NOT EXIST SCANPROPERTY) [ALIVE#]
2019-10-25 09:40:32.684	SYSTEM	SIMULATOR	RECV	ALIVE (NOT EXIST SCANPROPERTY) [ALIVE#]
2019-10-25 09:40:33.685	SYSTEM	SIMULATOR	RECV	ALIVE (NOT EXIST SCANPROPERTY) [ALIVE#]
2019-10-25 09:40:34.686	SYSTEM	SIMULATOR	RECV	ALIVE (NOT EXIST SCANPROPERTY) [ALIVE#]
2019-10-25 09:40:35.687	SYSTEM	SIMULATOR	RECV	ALIVE (NOT EXIST SCANPROPERTY) [ALIVE#]
2019-10-25 09:40:36.687	SYSTEM	SIMULATOR	RECV	ALIVE (NOT EXIST SCANPROPERTY) [ALIVE#]
2019-10-25 09:40:37.689	SYSTEM	SIMULATOR	RECV	ALIVE (NOT EXIST SCANPROPERTY) [ALIVE#]
2019-10-25 09:40:38.690	SYSTEM	SIMULATOR	RECV	ALIVE (NOT EXIST SCANPROPERTY) [ALIVE#]
2019-10-25 09:40:39.691	SYSTEM	SIMULATOR	RECV	ALIVE (NOT EXIST SCANPROPERTY) [ALIVE#]
2019-10-25 09:40:40.365	SYSTEM	SIMULATOR	SEND	GLASS_DATA_VALUE_FILE_REPORT|D:\W99SP1921.ini|A#
2019-10-25 09:40:40.367	SYSTEM	SIMULATOR	RECV	GLASS_DATA_VALUE_FILE_REPORT_ACK (NOT EXIST SCANPROPERTY) [GLASS_DATA_VALUE_FILE_REPORT_ACK#]
2019-10-25 09:40:41.262	SYSTEM	SIMULATOR	RECV	ALIVE (NOT EXIST SCANPROPERTY) [ALIVE#]
2019-10-25 09:40:51.135	SYSTEM	SIMULATOR	SEND	ALIVE_REPLY#
2019-10-25 09:41:06.766	SYSTEM	SIMULATOR	RECV	ALIVE (NOT EXIST SCANPROPERTY) [ALIVE#]
2019-10-25 09:42:23.955	SYSTEM	SIMULATOR	RECV	ALIVE (NOT EXIST SCANPROPERTY) [ALIVE#]
2019-10-25 09:42:54.722	SYSTEM	SIMULATOR	RECV	ALIVE (NOT EXIST SCANPROPERTY) [ALIVE#]
2019-10-25 09:43:03.366	SYSTEM	SIMULATOR	RECV	ALIVE (NOT EXIST SCANPROPERTY) [ALIVE#]
2019-10-25 09:43:18.123	SYSTEM	SIMULATOR	RECV	ALIVE (NOT EXIST SCANPROPERTY) [ALIVE#]
2019-10-25 09:43:19.124	SYSTEM	SIMULATOR	RECV	ALIVE (NOT EXIST SCANPROPERTY) [ALIVE#]
2019-10-25 09:43:20.125	SYSTEM	SIMULATOR	RECV	ALIVE (NOT EXIST SCANPROPERTY) [ALIVE#]
2019-10-25 09:43:21.126	SYSTEM	SIMULATOR	RECV	ALIVE (NOT EXIST SCANPROPERTY) [ALIVE#]
2019-10-25 09:43:22.129	SYSTEM	SIMULATOR	RECV	ALIVE (NOT EXIST SCANPROPERTY) [ALIVE#]
2019-10-25 09:43:23.129	SYSTEM	SIMULATOR	RECV	ALIVE (NOT EXIST SCANPROPERTY) [ALIVE#]
2019-10-25 09:43:24.130	SYSTEM	SIMULATOR	RECV	ALIVE (NOT EXIST SCANPROPERTY) [ALIVE#]
2019-10-25 09:43:25.131	SYSTEM	SIMULATOR	RECV	ALIVE (NOT EXIST SCANPROPERTY) [ALIVE#]
2019-10-25 09:43:26.131	SYSTEM	SIMULATOR	RECV	ALIVE (NOT EXIST SCANPROPERTY) [ALIVE#]
2019-10-25 09:43:27.133	SYSTEM	SIMULATOR	RECV	ALIVE (NOT EXIST SCANPROPERTY) [ALIVE#]
2019-10-25 09:43:28.134	SYSTEM	SIMULATOR	RECV	ALIVE (NOT EXIST SCANPROPERTY) [ALIVE#]
2019-10-25 09:43:29.135	SYSTEM	SIMULATOR	RECV	ALIVE (NOT EXIST SCANPROPERTY) [ALIVE#]
2019-10-25 09:43:30.136	SYSTEM	SIMULATOR	RECV	ALIVE (NOT EXIST SCANPROPERTY) [ALIVE#]
2019-10-25 09:43:31.136	SYSTEM	SIMULATOR	RECV	ALIVE (NOT EXIST SCANPROPERTY) [ALIVE#]
2019-10-25 09:43:32.022	SYSTEM	SIMULATOR	SEND	GLASS_DATA_VALUE_FILE_REPORT|D:\W99SP1921.ini|A#
2019-10-25 09:43:32.024	SYSTEM	SIMULATOR	RECV	GLASS_DATA_VALUE_FILE_REPORT_ACK (NOT EXIST SCANPROPERTY) [GLASS_DATA_VALUE_FILE_REPORT_ACK#]
2019-10-25 09:43:33.131	SYSTEM	SIMULATOR	RECV	ALIVE (NOT EXIST SCANPROPERTY) [ALIVE#]
2019-10-25 09:43:40.386	SYSTEM	SIMULATOR	SEND	ALIVE_REPLY#
2019-10-25 09:43:42.821	SYSTEM	SIMULATOR	RECV	ALIVE (NOT EXIST SCANPROPERTY) [ALIVE#]
2019-10-25 09:43:46.727	SYSTEM	SIMULATOR	RECV	ALIVE (NOT EXIST SCANPROPERTY) [ALIVE#]
2019-10-25 09:43:47.469	SYSTEM	SIMULATOR	RECV	ALIVE (NOT EXIST SCANPROPERTY) [ALIVE#]
2019-10-25 09:44:20.480	SYSTEM	SIMULATOR	RECV	ALIVE (NOT EXIST SCANPROPERTY) [ALIVE#]
2019-10-25 09:44:20.984	SYSTEM	SIMULATOR	RECV	CIM_MESSAGE_ON|X| (NOT EXIST SCANPROPERTY) [CIM_MESSAGE_ON|X|#]
2019-10-25 09:44:20.986	SYSTEM	SIMULATOR	SEND	CIM_MESSAGE_ON_REPLY#
2019-10-25 09:44:21.482	SYSTEM	SIMULATOR	RECV	ALIVE (NOT EXIST SCANPROPERTY) [ALIVE#]
2019-10-25 09:44:21.734	SYSTEM	SIMULATOR	SEND	ALIVE_REPLY#
2019-10-25 09:44:22.483	SYSTEM	SIMULATOR	RECV	ALIVE (NOT EXIST SCANPROPERTY) [ALIVE#]
2019-10-25 09:44:23.484	SYSTEM	SIMULATOR	RECV	ALIVE (NOT EXIST SCANPROPERTY) [ALIVE#]
2019-10-25 09:44:24.485	SYSTEM	SIMULATOR	RECV	ALIVE (NOT EXIST SCANPROPERTY) [ALIVE#]
2019-10-25 09:44:25.487	SYSTEM	SIMULATOR	RECV	ALIVE (NOT EXIST SCANPROPERTY) [ALIVE#]
2019-10-25 09:44:26.045	SYSTEM	SIMULATOR	SEND	AUTO_MODE_CHANGE_EVENT|1#
2019-10-25 09:44:26.047	SYSTEM	SIMULATOR	RECV	AUTO_MODE_CHANGE_EVENT_REPLY (NOT EXIST SCANPROPERTY) [AUTO_MODE_CHANGE_EVENT_REPLY#]
2019-10-25 09:44:26.488	SYSTEM	SIMULATOR	RECV	ALIVE (NOT EXIST SCANPROPERTY) [ALIVE#]
2019-10-25 09:44:26.740	SYSTEM	SIMULATOR	SEND	ALIVE_REPLY#
2019-10-25 09:44:27.489	SYSTEM	SIMULATOR	RECV	ALIVE (NOT EXIST SCANPROPERTY) [ALIVE#]
2019-10-25 09:44:28.489	SYSTEM	SIMULATOR	RECV	ALIVE (NOT EXIST SCANPROPERTY) [ALIVE#]
2019-10-25 09:44:28.846	SYSTEM	SIMULATOR	SEND	GLASS_DATA_VALUE_FILE_REPORT|D:\W99SP1921.ini|A#
2019-10-25 09:44:30.060	SYSTEM	SIMULATOR	RECV	GLASS_DATA_VALUE_FILE_REPORT_ACK (NOT EXIST SCANPROPERTY) [GLASS_DATA_VALUE_FILE_REPORT_ACK#ALIVE#]
2019-10-25 09:44:39.371	SYSTEM	SIMULATOR	RECV	ALIVE (NOT EXIST SCANPROPERTY) [GLASS_DATA_VALUE_FILE_REPORT_ACK#ALIVE#]
2019-10-25 09:44:39.623	SYSTEM	SIMULATOR	SEND	ALIVE_REPLY#
2019-10-25 09:44:41.632	SYSTEM	SIMULATOR	RECV	ALIVE (NOT EXIST SCANPROPERTY) [ALIVE#]
2019-10-25 09:44:42.861	SYSTEM	SIMULATOR	RECV	ALIVE (NOT EXIST SCANPROPERTY) [ALIVE#]
2019-10-25 09:44:43.632	SYSTEM	SIMULATOR	RECV	ALIVE (NOT EXIST SCANPROPERTY) [ALIVE#]
2019-10-25 09:44:48.648	SYSTEM	SIMULATOR	RECV	ALIVE (NOT EXIST SCANPROPERTY) [ALIVE#]
2019-10-25 09:44:49.398	SYSTEM	SIMULATOR	RECV	ALIVE (NOT EXIST SCANPROPERTY) [ALIVE#]
2019-10-25 09:44:50.399	SYSTEM	SIMULATOR	RECV	ALIVE (NOT EXIST SCANPROPERTY) [ALIVE#]
2019-10-25 09:44:51.400	SYSTEM	SIMULATOR	RECV	ALIVE (NOT EXIST SCANPROPERTY) [ALIVE#]
2019-10-25 09:44:52.401	SYSTEM	SIMULATOR	RECV	ALIVE (NOT EXIST SCANPROPERTY) [ALIVE#]
2019-10-25 09:44:53.401	SYSTEM	SIMULATOR	RECV	ALIVE (NOT EXIST SCANPROPERTY) [ALIVE#]
2019-10-25 09:44:54.403	SYSTEM	SIMULATOR	RECV	ALIVE (NOT EXIST SCANPROPERTY) [ALIVE#]
2019-10-25 09:44:55.404	SYSTEM	SIMULATOR	RECV	ALIVE (NOT EXIST SCANPROPERTY) [ALIVE#]
2019-10-25 09:44:56.405	SYSTEM	SIMULATOR	RECV	ALIVE (NOT EXIST SCANPROPERTY) [ALIVE#]
2019-10-25 09:44:57.406	SYSTEM	SIMULATOR	RECV	ALIVE (NOT EXIST SCANPROPERTY) [ALIVE#]
2019-10-25 09:44:58.408	SYSTEM	SIMULATOR	RECV	ALIVE (NOT EXIST SCANPROPERTY) [ALIVE#]
2019-10-25 09:44:59.409	SYSTEM	SIMULATOR	RECV	ALIVE (NOT EXIST SCANPROPERTY) [ALIVE#]
2019-10-25 09:45:00.410	SYSTEM	SIMULATOR	RECV	ALIVE (NOT EXIST SCANPROPERTY) [ALIVE#]
2019-10-25 09:45:01.411	SYSTEM	SIMULATOR	RECV	ALIVE (NOT EXIST SCANPROPERTY) [ALIVE#]
2019-10-25 09:45:02.682	SYSTEM	SIMULATOR	RECV	ALIVE (NOT EXIST SCANPROPERTY) [ALIVE#]
2019-10-25 09:45:03.683	SYSTEM	SIMULATOR	RECV	ALIVE (NOT EXIST SCANPROPERTY) [ALIVE#]
2019-10-25 09:45:04.684	SYSTEM	SIMULATOR	RECV	ALIVE (NOT EXIST SCANPROPERTY) [ALIVE#]
2019-10-25 09:45:05.685	SYSTEM	SIMULATOR	RECV	ALIVE (NOT EXIST SCANPROPERTY) [ALIVE#]
2019-10-25 09:45:06.685	SYSTEM	SIMULATOR	RECV	ALIVE (NOT EXIST SCANPROPERTY) [ALIVE#]
2019-10-25 09:45:07.686	SYSTEM	SIMULATOR	RECV	ALIVE (NOT EXIST SCANPROPERTY) [ALIVE#]
2019-10-25 09:45:08.687	SYSTEM	SIMULATOR	RECV	ALIVE (NOT EXIST SCANPROPERTY) [ALIVE#]
2019-10-25 09:45:09.689	SYSTEM	SIMULATOR	RECV	ALIVE (NOT EXIST SCANPROPERTY) [ALIVE#]
2019-10-25 09:45:10.691	SYSTEM	SIMULATOR	RECV	ALIVE (NOT EXIST SCANPROPERTY) [ALIVE#]
2019-10-25 09:45:11.692	SYSTEM	SIMULATOR	RECV	ALIVE (NOT EXIST SCANPROPERTY) [ALIVE#]
2019-10-25 09:45:12.694	SYSTEM	SIMULATOR	RECV	ALIVE (NOT EXIST SCANPROPERTY) [ALIVE#]
2019-10-25 09:45:13.695	SYSTEM	SIMULATOR	RECV	ALIVE (NOT EXIST SCANPROPERTY) [ALIVE#]
2019-10-25 09:45:14.696	SYSTEM	SIMULATOR	RECV	ALIVE (NOT EXIST SCANPROPERTY) [ALIVE#]
2019-10-25 09:45:15.697	SYSTEM	SIMULATOR	RECV	ALIVE (NOT EXIST SCANPROPERTY) [ALIVE#]
2019-10-25 09:45:16.697	SYSTEM	SIMULATOR	RECV	ALIVE (NOT EXIST SCANPROPERTY) [ALIVE#]
2019-10-25 09:45:17.698	SYSTEM	SIMULATOR	RECV	ALIVE (NOT EXIST SCANPROPERTY) [ALIVE#]
2019-10-25 09:45:18.699	SYSTEM	SIMULATOR	RECV	ALIVE (NOT EXIST SCANPROPERTY) [ALIVE#]
2019-10-25 09:45:19.700	SYSTEM	SIMULATOR	RECV	ALIVE (NOT EXIST SCANPROPERTY) [ALIVE#]
2019-10-25 09:45:20.701	SYSTEM	SIMULATOR	RECV	ALIVE (NOT EXIST SCANPROPERTY) [ALIVE#]
2019-10-25 09:45:21.704	SYSTEM	SIMULATOR	RECV	ALIVE (NOT EXIST SCANPROPERTY) [ALIVE#]
2019-10-25 09:45:22.705	SYSTEM	SIMULATOR	RECV	ALIVE (NOT EXIST SCANPROPERTY) [ALIVE#]
2019-10-25 09:45:23.708	SYSTEM	SIMULATOR	RECV	ALIVE (NOT EXIST SCANPROPERTY) [ALIVE#]
2019-10-25 09:45:24.709	SYSTEM	SIMULATOR	RECV	ALIVE (NOT EXIST SCANPROPERTY) [ALIVE#]
2019-10-25 09:45:25.757	SYSTEM	SIMULATOR	RECV	ALIVE (NOT EXIST SCANPROPERTY) [ALIVE#]
2019-10-25 09:45:26.759	SYSTEM	SIMULATOR	RECV	ALIVE (NOT EXIST SCANPROPERTY) [ALIVE#]
2019-10-25 09:45:27.761	SYSTEM	SIMULATOR	RECV	ALIVE (NOT EXIST SCANPROPERTY) [ALIVE#]
2019-10-25 09:45:28.762	SYSTEM	SIMULATOR	RECV	ALIVE (NOT EXIST SCANPROPERTY) [ALIVE#]
