2017-02-27 13:09:04.384	SYSTEM	SIMULATOR	PROC	DriverName=SIMULATOR, Mode=Client, RemoteIP=127.0.0.1, RemotePort=7000, LocalIP=127.0.0.1, LocalPort=7000
2017-02-27 13:09:04.397	SYSTEM	SIMULATOR	PROC	START
2017-02-27 13:09:04.463	SYSTEM	SIMULATOR	PROC	DRIVER STATUS CHANGE NONE>WAITCRA
2017-02-27 13:19:01.953	SYSTEM	SIMULATOR	PROC	DriverName=SIMULATOR, Mode=Client, RemoteIP=127.0.0.1, RemotePort=7000, LocalIP=127.0.0.1, LocalPort=7000
2017-02-27 13:19:01.963	SYSTEM	SIMULATOR	PROC	START
2017-02-27 13:19:02.023	SYSTEM	SIMULATOR	PROC	DRIVER STATUS CHANGE NONE>WAITCRA
2017-02-27 13:23:17.928	SYSTEM	SIMULATOR	PROC	DriverName=SIMULATOR, Mode=Client, RemoteIP=127.0.0.1, RemotePort=7000, LocalIP=127.0.0.1, LocalPort=7000
2017-02-27 13:23:17.940	SYSTEM	SIMULATOR	PROC	START
2017-02-27 13:23:18.001	SYSTEM	SIMULATOR	PROC	DRIVER STATUS CHANGE NONE>WAITCRA
2017-02-27 13:34:46.467	SYSTEM	SIMULATOR	PROC	DriverName=SIMULATOR, Mode=Client, RemoteIP=127.0.0.1, RemotePort=7000, LocalIP=127.0.0.1, LocalPort=7000
2017-02-27 13:34:46.484	SYSTEM	SIMULATOR	PROC	START
2017-02-27 13:34:46.565	SYSTEM	SIMULATOR	PROC	DRIVER STATUS CHANGE NONE>WAITCRA
2017-02-27 14:39:08.456	SYSTEM	SIMULATOR	PROC	DriverName=SIMULATOR, Mode=Client, RemoteIP=127.0.0.1, RemotePort=7000, LocalIP=127.0.0.1, LocalPort=7000
2017-02-27 14:39:08.476	SYSTEM	SIMULATOR	PROC	START
2017-02-27 14:39:08.567	SYSTEM	SIMULATOR	PROC	DRIVER STATUS CHANGE NONE>WAITCRA
2017-02-27 14:42:09.463	SYSTEM	SIMULATOR	PROC	DriverName=SIMULATOR, Mode=Client, RemoteIP=127.0.0.1, RemotePort=7000, LocalIP=127.0.0.1, LocalPort=7000
2017-02-27 14:42:09.478	SYSTEM	SIMULATOR	PROC	START
2017-02-27 14:42:09.540	SYSTEM	SIMULATOR	PROC	DRIVER STATUS CHANGE NONE>WAITCRA
2017-02-27 15:24:03.696	SYSTEM	SIMULATOR	PROC	DriverName=SIMULATOR, Mode=Client, RemoteIP=127.0.0.1, RemotePort=7000, LocalIP=127.0.0.1, LocalPort=7000
2017-02-27 15:24:03.773	SYSTEM	SIMULATOR	PROC	START
2017-02-27 15:24:03.844	SYSTEM	SIMULATOR	PROC	DRIVER STATUS CHANGE NONE>WAITCRA
2017-02-27 15:24:15.870	SYSTEM	SIMULATOR	PROC	DRIVER STATUS CHANGE WAITCRA>CONNECTED
2017-02-27 15:24:16.475	SYSTEM	SIMULATOR	RECV	STATE_REQUEST (NOT EXIST SCANPROPERTY) [STATE_REQUEST#]
2017-02-27 15:24:16.490	SYSTEM	SIMULATOR	SEND	STATE_REQUEST_ACK|1|2#
2017-02-27 15:24:16.794	SYSTEM	SIMULATOR	SEND	STAGE_GLASS_EXIST|X#
2017-02-27 15:24:16.797	SYSTEM	SIMULATOR	RECV	STAGE_GLASS_EXIST_REPLY (NOT EXIST SCANPROPERTY) [STAGE_GLASS_EXIST_REPLY#]
2017-02-27 15:24:16.800	SYSTEM	SIMULATOR	SEND	CURRENT_RECIPE_CHANGE|1|3#
2017-02-27 15:24:16.804	SYSTEM	SIMULATOR	SEND	AUTO_MODE_CHANGE_EVENT|1#
2017-02-27 15:24:16.810	SYSTEM	SIMULATOR	SEND	MACHINE_MODE_CHANGE_REPORT|1#
2017-02-27 15:24:16.811	SYSTEM	SIMULATOR	SEND	COMMUNICATION|O#
2017-02-27 15:24:17.054	SYSTEM	SIMULATOR	RECV	CURRENT_RECIPE_CHANGE_ACK (NOT EXIST SCANPROPERTY) [CURRENT_RECIPE_CHANGE_ACK#AUTO_MODE_CHANGE_EVENT_REPLY#]
2017-02-27 15:24:17.308	SYSTEM	SIMULATOR	RECV	AUTO_MODE_CHANGE_EVENT_REPLY (NOT EXIST SCANPROPERTY) [CURRENT_RECIPE_CHANGE_ACK#AUTO_MODE_CHANGE_EVENT_REPLY#]
2017-02-27 15:24:17.562	SYSTEM	SIMULATOR	RECV	MACHINE_MODE_CHANGE_REPORT_REPLY (NOT EXIST SCANPROPERTY) [MACHINE_MODE_CHANGE_REPORT_REPLY#COMMUNICATION_ACK|O#CIM_MODE|2#RECIPE_LIST_REQ#ALIVE#]
2017-02-27 15:24:17.815	SYSTEM	SIMULATOR	RECV	COMMUNICATION_ACK|O (NOT EXIST SCANPROPERTY) [MACHINE_MODE_CHANGE_REPORT_REPLY#COMMUNICATION_ACK|O#CIM_MODE|2#RECIPE_LIST_REQ#ALIVE#]
2017-02-27 15:24:18.068	SYSTEM	SIMULATOR	RECV	CIM_MODE|2 (NOT EXIST SCANPROPERTY) [MACHINE_MODE_CHANGE_REPORT_REPLY#COMMUNICATION_ACK|O#CIM_MODE|2#RECIPE_LIST_REQ#ALIVE#]
2017-02-27 15:24:18.068	SYSTEM	SIMULATOR	RECV	RECIPE_LIST_REQ (NOT EXIST SCANPROPERTY) [MACHINE_MODE_CHANGE_REPORT_REPLY#COMMUNICATION_ACK|O#CIM_MODE|2#RECIPE_LIST_REQ#ALIVE#]
2017-02-27 15:24:18.071	SYSTEM	SIMULATOR	SEND	RECIPE_LIST_REQ_REPLY|4#
2017-02-27 15:24:18.323	SYSTEM	SIMULATOR	RECV	ALIVE (NOT EXIST SCANPROPERTY) [MACHINE_MODE_CHANGE_REPORT_REPLY#COMMUNICATION_ACK|O#CIM_MODE|2#RECIPE_LIST_REQ#ALIVE#]
2017-02-27 15:24:18.575	SYSTEM	SIMULATOR	SEND	ALIVE_REPLY#
2017-02-27 15:24:18.830	SYSTEM	SIMULATOR	RECV	ALIVE (NOT EXIST SCANPROPERTY) [ALIVE#]
2017-02-27 15:24:19.458	SYSTEM	SIMULATOR	RECV	ALIVE (NOT EXIST SCANPROPERTY) [ALIVE#]
2017-02-27 15:24:20.459	SYSTEM	SIMULATOR	RECV	ALIVE (NOT EXIST SCANPROPERTY) [ALIVE#]
2017-02-27 15:24:21.461	SYSTEM	SIMULATOR	RECV	ALIVE (NOT EXIST SCANPROPERTY) [ALIVE#]
2017-02-27 15:24:22.461	SYSTEM	SIMULATOR	RECV	ALIVE (NOT EXIST SCANPROPERTY) [ALIVE#]
2017-02-27 15:24:23.462	SYSTEM	SIMULATOR	RECV	ALIVE (NOT EXIST SCANPROPERTY) [ALIVE#]
2017-02-27 15:24:24.463	SYSTEM	SIMULATOR	RECV	ALIVE (NOT EXIST SCANPROPERTY) [ALIVE#]
2017-02-27 15:24:25.464	SYSTEM	SIMULATOR	RECV	ALIVE (NOT EXIST SCANPROPERTY) [ALIVE#]
2017-02-27 15:24:25.789	SYSTEM	SIMULATOR	SEND	LOAD_REQUEST#
2017-02-27 15:24:25.968	SYSTEM	SIMULATOR	RECV	LOAD_REQUEST_REPLY (NOT EXIST SCANPROPERTY) [LOAD_REQUEST_REPLY#]
2017-02-27 15:24:26.464	SYSTEM	SIMULATOR	RECV	ALIVE (NOT EXIST SCANPROPERTY) [ALIVE#]
2017-02-27 15:24:26.717	SYSTEM	SIMULATOR	SEND	ALIVE_REPLY#
2017-02-27 15:24:27.466	SYSTEM	SIMULATOR	RECV	ALIVE (NOT EXIST SCANPROPERTY) [ALIVE#]
2017-02-27 15:24:28.467	SYSTEM	SIMULATOR	RECV	ALIVE (NOT EXIST SCANPROPERTY) [ALIVE#]
2017-02-27 15:24:29.468	SYSTEM	SIMULATOR	RECV	ALIVE (NOT EXIST SCANPROPERTY) [ALIVE#]
2017-02-27 15:24:30.469	SYSTEM	SIMULATOR	RECV	ALIVE (NOT EXIST SCANPROPERTY) [ALIVE#]
2017-02-27 15:24:31.473	SYSTEM	SIMULATOR	RECV	ALIVE (NOT EXIST SCANPROPERTY) [ALIVE#]
2017-02-27 15:24:32.474	SYSTEM	SIMULATOR	RECV	ALIVE (NOT EXIST SCANPROPERTY) [ALIVE#]
2017-02-27 15:24:33.475	SYSTEM	SIMULATOR	RECV	ALIVE (NOT EXIST SCANPROPERTY) [ALIVE#]
2017-02-27 15:24:34.476	SYSTEM	SIMULATOR	RECV	ALIVE (NOT EXIST SCANPROPERTY) [ALIVE#]
2017-02-27 15:24:35.477	SYSTEM	SIMULATOR	RECV	ALIVE (NOT EXIST SCANPROPERTY) [ALIVE#]
2017-02-27 15:24:36.477	SYSTEM	SIMULATOR	RECV	ALIVE (NOT EXIST SCANPROPERTY) [ALIVE#]
2017-02-27 15:24:37.478	SYSTEM	SIMULATOR	RECV	ALIVE (NOT EXIST SCANPROPERTY) [ALIVE#]
2017-02-27 15:24:38.480	SYSTEM	SIMULATOR	RECV	ALIVE (NOT EXIST SCANPROPERTY) [ALIVE#]
2017-02-27 15:24:39.481	SYSTEM	SIMULATOR	RECV	ALIVE (NOT EXIST SCANPROPERTY) [ALIVE#]
2017-02-27 15:24:40.482	SYSTEM	SIMULATOR	RECV	ALIVE (NOT EXIST SCANPROPERTY) [ALIVE#]
2017-02-27 15:24:41.483	SYSTEM	SIMULATOR	RECV	ALIVE (NOT EXIST SCANPROPERTY) [ALIVE#]
2017-02-27 15:24:42.484	SYSTEM	SIMULATOR	RECV	ALIVE (NOT EXIST SCANPROPERTY) [ALIVE#]
2017-02-27 15:24:43.485	SYSTEM	SIMULATOR	RECV	ALIVE (NOT EXIST SCANPROPERTY) [ALIVE#]
2017-02-27 15:24:44.486	SYSTEM	SIMULATOR	RECV	ALIVE (NOT EXIST SCANPROPERTY) [ALIVE#]
2017-02-27 15:24:45.487	SYSTEM	SIMULATOR	RECV	ALIVE (NOT EXIST SCANPROPERTY) [ALIVE#]
2017-02-27 15:24:46.489	SYSTEM	SIMULATOR	RECV	ALIVE (NOT EXIST SCANPROPERTY) [ALIVE#]
2017-02-27 15:24:47.490	SYSTEM	SIMULATOR	RECV	ALIVE (NOT EXIST SCANPROPERTY) [ALIVE#]
2017-02-27 15:24:48.491	SYSTEM	SIMULATOR	RECV	ALIVE (NOT EXIST SCANPROPERTY) [ALIVE#]
2017-02-27 15:24:49.494	SYSTEM	SIMULATOR	RECV	ALIVE (NOT EXIST SCANPROPERTY) [ALIVE#]
2017-02-27 15:24:50.493	SYSTEM	SIMULATOR	RECV	ALIVE (NOT EXIST SCANPROPERTY) [ALIVE#]
2017-02-27 15:24:51.494	SYSTEM	SIMULATOR	RECV	ALIVE (NOT EXIST SCANPROPERTY) [ALIVE#]
2017-02-27 15:24:52.495	SYSTEM	SIMULATOR	RECV	ALIVE (NOT EXIST SCANPROPERTY) [ALIVE#]
2017-02-27 15:24:53.496	SYSTEM	SIMULATOR	RECV	ALIVE (NOT EXIST SCANPROPERTY) [ALIVE#]
2017-02-27 15:24:54.497	SYSTEM	SIMULATOR	RECV	ALIVE (NOT EXIST SCANPROPERTY) [ALIVE#]
2017-02-27 15:24:55.498	SYSTEM	SIMULATOR	RECV	ALIVE (NOT EXIST SCANPROPERTY) [ALIVE#]
2017-02-27 15:24:56.498	SYSTEM	SIMULATOR	RECV	ALIVE (NOT EXIST SCANPROPERTY) [ALIVE#]
2017-02-27 15:24:57.499	SYSTEM	SIMULATOR	RECV	ALIVE (NOT EXIST SCANPROPERTY) [ALIVE#]
2017-02-27 15:24:58.500	SYSTEM	SIMULATOR	RECV	ALIVE (NOT EXIST SCANPROPERTY) [ALIVE#]
2017-02-27 15:24:59.501	SYSTEM	SIMULATOR	RECV	ALIVE (NOT EXIST SCANPROPERTY) [ALIVE#]
2017-02-27 15:25:00.502	SYSTEM	SIMULATOR	RECV	ALIVE (NOT EXIST SCANPROPERTY) [ALIVE#]
2017-02-27 15:25:01.503	SYSTEM	SIMULATOR	RECV	ALIVE (NOT EXIST SCANPROPERTY) [ALIVE#]
2017-02-27 15:25:02.504	SYSTEM	SIMULATOR	RECV	ALIVE (NOT EXIST SCANPROPERTY) [ALIVE#]
2017-02-27 15:25:03.505	SYSTEM	SIMULATOR	RECV	ALIVE (NOT EXIST SCANPROPERTY) [ALIVE#]
2017-02-27 15:25:04.506	SYSTEM	SIMULATOR	RECV	ALIVE (NOT EXIST SCANPROPERTY) [ALIVE#]
2017-02-27 15:25:05.507	SYSTEM	SIMULATOR	RECV	ALIVE (NOT EXIST SCANPROPERTY) [ALIVE#]
2017-02-27 15:25:06.508	SYSTEM	SIMULATOR	RECV	ALIVE (NOT EXIST SCANPROPERTY) [ALIVE#]
2017-02-27 15:25:07.508	SYSTEM	SIMULATOR	RECV	ALIVE (NOT EXIST SCANPROPERTY) [ALIVE#]
2017-02-27 15:25:08.510	SYSTEM	SIMULATOR	RECV	ALIVE (NOT EXIST SCANPROPERTY) [ALIVE#]
2017-02-27 15:25:09.510	SYSTEM	SIMULATOR	RECV	ALIVE (NOT EXIST SCANPROPERTY) [ALIVE#]
2017-02-27 15:25:10.512	SYSTEM	SIMULATOR	RECV	ALIVE (NOT EXIST SCANPROPERTY) [ALIVE#]
2017-02-27 15:25:11.513	SYSTEM	SIMULATOR	RECV	ALIVE (NOT EXIST SCANPROPERTY) [ALIVE#]
2017-02-27 15:25:12.516	SYSTEM	SIMULATOR	RECV	ALIVE (NOT EXIST SCANPROPERTY) [ALIVE#]
2017-02-27 15:25:13.515	SYSTEM	SIMULATOR	RECV	ALIVE (NOT EXIST SCANPROPERTY) [ALIVE#]
2017-02-27 15:25:14.516	SYSTEM	SIMULATOR	RECV	ALIVE (NOT EXIST SCANPROPERTY) [ALIVE#]
2017-02-27 15:25:15.517	SYSTEM	SIMULATOR	RECV	ALIVE (NOT EXIST SCANPROPERTY) [ALIVE#]
2017-02-27 15:25:16.519	SYSTEM	SIMULATOR	RECV	ALIVE (NOT EXIST SCANPROPERTY) [ALIVE#]
2017-02-27 15:25:17.520	SYSTEM	SIMULATOR	RECV	ALIVE (NOT EXIST SCANPROPERTY) [ALIVE#]
2017-02-27 15:25:18.520	SYSTEM	SIMULATOR	RECV	ALIVE (NOT EXIST SCANPROPERTY) [ALIVE#]
2017-02-27 15:25:19.522	SYSTEM	SIMULATOR	RECV	ALIVE (NOT EXIST SCANPROPERTY) [ALIVE#]
2017-02-27 15:25:20.522	SYSTEM	SIMULATOR	RECV	ALIVE (NOT EXIST SCANPROPERTY) [ALIVE#]
2017-02-27 15:25:21.523	SYSTEM	SIMULATOR	RECV	ALIVE (NOT EXIST SCANPROPERTY) [ALIVE#]
2017-02-27 15:25:22.524	SYSTEM	SIMULATOR	RECV	ALIVE (NOT EXIST SCANPROPERTY) [ALIVE#]
2017-02-27 15:25:23.525	SYSTEM	SIMULATOR	RECV	ALIVE (NOT EXIST SCANPROPERTY) [ALIVE#]
2017-02-27 15:25:24.525	SYSTEM	SIMULATOR	RECV	ALIVE (NOT EXIST SCANPROPERTY) [ALIVE#]
2017-02-27 15:25:25.527	SYSTEM	SIMULATOR	RECV	ALIVE (NOT EXIST SCANPROPERTY) [ALIVE#]
2017-02-27 15:25:26.528	SYSTEM	SIMULATOR	RECV	ALIVE (NOT EXIST SCANPROPERTY) [ALIVE#]
2017-02-27 15:25:27.529	SYSTEM	SIMULATOR	RECV	ALIVE (NOT EXIST SCANPROPERTY) [ALIVE#]
2017-02-27 15:25:28.530	SYSTEM	SIMULATOR	RECV	ALIVE (NOT EXIST SCANPROPERTY) [ALIVE#]
2017-02-27 15:25:29.532	SYSTEM	SIMULATOR	RECV	ALIVE (NOT EXIST SCANPROPERTY) [ALIVE#]
2017-02-27 15:25:30.533	SYSTEM	SIMULATOR	RECV	ALIVE (NOT EXIST SCANPROPERTY) [ALIVE#]
2017-02-27 15:25:31.534	SYSTEM	SIMULATOR	RECV	ALIVE (NOT EXIST SCANPROPERTY) [ALIVE#]
2017-02-27 15:25:32.535	SYSTEM	SIMULATOR	RECV	ALIVE (NOT EXIST SCANPROPERTY) [ALIVE#]
2017-02-27 15:25:33.536	SYSTEM	SIMULATOR	RECV	ALIVE (NOT EXIST SCANPROPERTY) [ALIVE#]
2017-02-27 15:25:34.537	SYSTEM	SIMULATOR	RECV	ALIVE (NOT EXIST SCANPROPERTY) [ALIVE#]
2017-02-27 15:25:35.540	SYSTEM	SIMULATOR	RECV	ALIVE (NOT EXIST SCANPROPERTY) [ALIVE#]
2017-02-27 15:25:36.539	SYSTEM	SIMULATOR	RECV	ALIVE (NOT EXIST SCANPROPERTY) [ALIVE#]
2017-02-27 15:25:37.540	SYSTEM	SIMULATOR	RECV	ALIVE (NOT EXIST SCANPROPERTY) [ALIVE#]
2017-02-27 15:25:38.541	SYSTEM	SIMULATOR	RECV	ALIVE (NOT EXIST SCANPROPERTY) [ALIVE#]
2017-02-27 15:25:39.542	SYSTEM	SIMULATOR	RECV	ALIVE (NOT EXIST SCANPROPERTY) [ALIVE#]
2017-02-27 15:25:40.543	SYSTEM	SIMULATOR	RECV	ALIVE (NOT EXIST SCANPROPERTY) [ALIVE#]
2017-02-27 15:25:41.544	SYSTEM	SIMULATOR	RECV	ALIVE (NOT EXIST SCANPROPERTY) [ALIVE#]
2017-02-27 15:25:42.545	SYSTEM	SIMULATOR	RECV	ALIVE (NOT EXIST SCANPROPERTY) [ALIVE#]
2017-02-27 15:25:43.546	SYSTEM	SIMULATOR	RECV	ALIVE (NOT EXIST SCANPROPERTY) [ALIVE#]
2017-02-27 15:25:44.547	SYSTEM	SIMULATOR	RECV	ALIVE (NOT EXIST SCANPROPERTY) [ALIVE#]
2017-02-27 15:25:45.548	SYSTEM	SIMULATOR	RECV	ALIVE (NOT EXIST SCANPROPERTY) [ALIVE#]
2017-02-27 15:25:46.551	SYSTEM	SIMULATOR	RECV	ALIVE (NOT EXIST SCANPROPERTY) [ALIVE#]
2017-02-27 15:25:47.551	SYSTEM	SIMULATOR	RECV	ALIVE (NOT EXIST SCANPROPERTY) [ALIVE#]
2017-02-27 15:25:48.552	SYSTEM	SIMULATOR	RECV	ALIVE (NOT EXIST SCANPROPERTY) [ALIVE#]
2017-02-27 15:25:49.553	SYSTEM	SIMULATOR	RECV	ALIVE (NOT EXIST SCANPROPERTY) [ALIVE#]
2017-02-27 15:25:50.557	SYSTEM	SIMULATOR	RECV	ALIVE (NOT EXIST SCANPROPERTY) [ALIVE#]
2017-02-27 15:25:51.690	SYSTEM	SIMULATOR	RECV	ALIVE (NOT EXIST SCANPROPERTY) [ALIVE#]
2017-02-27 15:25:52.691	SYSTEM	SIMULATOR	RECV	ALIVE (NOT EXIST SCANPROPERTY) [ALIVE#]
2017-02-27 15:25:53.692	SYSTEM	SIMULATOR	RECV	ALIVE (NOT EXIST SCANPROPERTY) [ALIVE#]
2017-02-27 15:25:54.694	SYSTEM	SIMULATOR	RECV	ALIVE (NOT EXIST SCANPROPERTY) [ALIVE#]
2017-02-27 15:25:55.695	SYSTEM	SIMULATOR	RECV	ALIVE (NOT EXIST SCANPROPERTY) [ALIVE#]
2017-02-27 15:25:56.696	SYSTEM	SIMULATOR	RECV	ALIVE (NOT EXIST SCANPROPERTY) [ALIVE#]
2017-02-27 15:25:57.697	SYSTEM	SIMULATOR	RECV	ALIVE (NOT EXIST SCANPROPERTY) [ALIVE#]
2017-02-27 15:25:58.699	SYSTEM	SIMULATOR	RECV	ALIVE (NOT EXIST SCANPROPERTY) [ALIVE#]
2017-02-27 15:25:59.700	SYSTEM	SIMULATOR	RECV	ALIVE (NOT EXIST SCANPROPERTY) [ALIVE#]
2017-02-27 15:26:00.701	SYSTEM	SIMULATOR	RECV	ALIVE (NOT EXIST SCANPROPERTY) [ALIVE#]
2017-02-27 15:26:01.702	SYSTEM	SIMULATOR	RECV	ALIVE (NOT EXIST SCANPROPERTY) [ALIVE#]
2017-02-27 15:26:02.703	SYSTEM	SIMULATOR	RECV	ALIVE (NOT EXIST SCANPROPERTY) [ALIVE#]
2017-02-27 15:26:03.705	SYSTEM	SIMULATOR	RECV	ALIVE (NOT EXIST SCANPROPERTY) [ALIVE#]
2017-02-27 15:26:04.706	SYSTEM	SIMULATOR	RECV	ALIVE (NOT EXIST SCANPROPERTY) [ALIVE#]
2017-02-27 15:26:05.707	SYSTEM	SIMULATOR	RECV	ALIVE (NOT EXIST SCANPROPERTY) [ALIVE#]
2017-02-27 15:26:06.708	SYSTEM	SIMULATOR	RECV	ALIVE (NOT EXIST SCANPROPERTY) [ALIVE#]
2017-02-27 15:26:07.709	SYSTEM	SIMULATOR	RECV	ALIVE (NOT EXIST SCANPROPERTY) [ALIVE#]
2017-02-27 15:26:08.709	SYSTEM	SIMULATOR	RECV	ALIVE (NOT EXIST SCANPROPERTY) [ALIVE#]
2017-02-27 15:26:09.712	SYSTEM	SIMULATOR	RECV	ALIVE (NOT EXIST SCANPROPERTY) [ALIVE#]
2017-02-27 15:26:10.712	SYSTEM	SIMULATOR	RECV	ALIVE (NOT EXIST SCANPROPERTY) [ALIVE#]
2017-02-27 15:26:11.713	SYSTEM	SIMULATOR	RECV	ALIVE (NOT EXIST SCANPROPERTY) [ALIVE#]
2017-02-27 15:26:12.713	SYSTEM	SIMULATOR	RECV	ALIVE (NOT EXIST SCANPROPERTY) [ALIVE#]
2017-02-27 15:26:13.714	SYSTEM	SIMULATOR	RECV	ALIVE (NOT EXIST SCANPROPERTY) [ALIVE#]
2017-02-27 15:26:14.715	SYSTEM	SIMULATOR	RECV	ALIVE (NOT EXIST SCANPROPERTY) [ALIVE#]
2017-02-27 15:26:15.716	SYSTEM	SIMULATOR	RECV	ALIVE (NOT EXIST SCANPROPERTY) [ALIVE#]
2017-02-27 15:26:16.717	SYSTEM	SIMULATOR	RECV	ALIVE (NOT EXIST SCANPROPERTY) [ALIVE#]
2017-02-27 15:26:17.718	SYSTEM	SIMULATOR	RECV	ALIVE (NOT EXIST SCANPROPERTY) [ALIVE#]
2017-02-27 15:26:18.719	SYSTEM	SIMULATOR	RECV	ALIVE (NOT EXIST SCANPROPERTY) [ALIVE#]
2017-02-27 15:26:19.721	SYSTEM	SIMULATOR	RECV	ALIVE (NOT EXIST SCANPROPERTY) [ALIVE#]
2017-02-27 15:26:20.721	SYSTEM	SIMULATOR	RECV	ALIVE (NOT EXIST SCANPROPERTY) [ALIVE#]
2017-02-27 15:26:21.722	SYSTEM	SIMULATOR	RECV	ALIVE (NOT EXIST SCANPROPERTY) [ALIVE#]
2017-02-27 15:26:22.723	SYSTEM	SIMULATOR	RECV	ALIVE (NOT EXIST SCANPROPERTY) [ALIVE#]
2017-02-27 15:26:23.724	SYSTEM	SIMULATOR	RECV	ALIVE (NOT EXIST SCANPROPERTY) [ALIVE#]
2017-02-27 15:26:24.725	SYSTEM	SIMULATOR	RECV	ALIVE (NOT EXIST SCANPROPERTY) [ALIVE#]
2017-02-27 15:26:25.725	SYSTEM	SIMULATOR	RECV	ALIVE (NOT EXIST SCANPROPERTY) [ALIVE#]
2017-02-27 15:26:26.726	SYSTEM	SIMULATOR	RECV	ALIVE (NOT EXIST SCANPROPERTY) [ALIVE#]
2017-02-27 15:26:27.727	SYSTEM	SIMULATOR	RECV	ALIVE (NOT EXIST SCANPROPERTY) [ALIVE#]
2017-02-27 15:26:28.728	SYSTEM	SIMULATOR	RECV	ALIVE (NOT EXIST SCANPROPERTY) [ALIVE#]
2017-02-27 15:26:29.729	SYSTEM	SIMULATOR	RECV	ALIVE (NOT EXIST SCANPROPERTY) [ALIVE#]
2017-02-27 15:26:30.730	SYSTEM	SIMULATOR	RECV	ALIVE (NOT EXIST SCANPROPERTY) [ALIVE#]
2017-02-27 15:26:31.730	SYSTEM	SIMULATOR	RECV	ALIVE (NOT EXIST SCANPROPERTY) [ALIVE#]
2017-02-27 15:26:32.731	SYSTEM	SIMULATOR	RECV	ALIVE (NOT EXIST SCANPROPERTY) [ALIVE#]
2017-02-27 15:26:33.732	SYSTEM	SIMULATOR	RECV	ALIVE (NOT EXIST SCANPROPERTY) [ALIVE#]
2017-02-27 15:26:34.734	SYSTEM	SIMULATOR	RECV	ALIVE (NOT EXIST SCANPROPERTY) [ALIVE#]
2017-02-27 15:26:35.735	SYSTEM	SIMULATOR	RECV	ALIVE (NOT EXIST SCANPROPERTY) [ALIVE#]
2017-02-27 15:26:36.736	SYSTEM	SIMULATOR	RECV	ALIVE (NOT EXIST SCANPROPERTY) [ALIVE#]
2017-02-27 15:26:37.737	SYSTEM	SIMULATOR	RECV	ALIVE (NOT EXIST SCANPROPERTY) [ALIVE#]
2017-02-27 15:26:38.738	SYSTEM	SIMULATOR	RECV	ALIVE (NOT EXIST SCANPROPERTY) [ALIVE#]
2017-02-27 15:26:39.738	SYSTEM	SIMULATOR	RECV	ALIVE (NOT EXIST SCANPROPERTY) [ALIVE#]
2017-02-27 15:26:40.740	SYSTEM	SIMULATOR	RECV	ALIVE (NOT EXIST SCANPROPERTY) [ALIVE#]
2017-02-27 15:26:41.741	SYSTEM	SIMULATOR	RECV	ALIVE (NOT EXIST SCANPROPERTY) [ALIVE#]
2017-02-27 15:26:42.742	SYSTEM	SIMULATOR	RECV	ALIVE (NOT EXIST SCANPROPERTY) [ALIVE#]
2017-02-27 15:26:43.743	SYSTEM	SIMULATOR	RECV	ALIVE (NOT EXIST SCANPROPERTY) [ALIVE#]
2017-02-27 15:26:44.744	SYSTEM	SIMULATOR	RECV	ALIVE (NOT EXIST SCANPROPERTY) [ALIVE#]
2017-02-27 15:26:45.745	SYSTEM	SIMULATOR	RECV	ALIVE (NOT EXIST SCANPROPERTY) [ALIVE#]
2017-02-27 15:26:46.747	SYSTEM	SIMULATOR	RECV	ALIVE (NOT EXIST SCANPROPERTY) [ALIVE#]
2017-02-27 15:26:47.748	SYSTEM	SIMULATOR	RECV	ALIVE (NOT EXIST SCANPROPERTY) [ALIVE#]
2017-02-27 15:26:48.749	SYSTEM	SIMULATOR	RECV	ALIVE (NOT EXIST SCANPROPERTY) [ALIVE#]
2017-02-27 15:26:49.750	SYSTEM	SIMULATOR	RECV	ALIVE (NOT EXIST SCANPROPERTY) [ALIVE#]
2017-02-27 15:26:50.751	SYSTEM	SIMULATOR	RECV	ALIVE (NOT EXIST SCANPROPERTY) [ALIVE#]
2017-02-27 15:26:51.752	SYSTEM	SIMULATOR	RECV	ALIVE (NOT EXIST SCANPROPERTY) [ALIVE#]
2017-02-27 15:26:52.753	SYSTEM	SIMULATOR	RECV	ALIVE (NOT EXIST SCANPROPERTY) [ALIVE#]
2017-02-27 15:26:53.754	SYSTEM	SIMULATOR	RECV	ALIVE (NOT EXIST SCANPROPERTY) [ALIVE#]
2017-02-27 15:26:54.755	SYSTEM	SIMULATOR	RECV	ALIVE (NOT EXIST SCANPROPERTY) [ALIVE#]
2017-02-27 15:26:55.758	SYSTEM	SIMULATOR	RECV	ALIVE (NOT EXIST SCANPROPERTY) [ALIVE#]
2017-02-27 15:26:56.758	SYSTEM	SIMULATOR	RECV	ALIVE (NOT EXIST SCANPROPERTY) [ALIVE#]
2017-02-27 15:26:57.759	SYSTEM	SIMULATOR	RECV	ALIVE (NOT EXIST SCANPROPERTY) [ALIVE#]
2017-02-27 15:26:58.761	SYSTEM	SIMULATOR	RECV	ALIVE (NOT EXIST SCANPROPERTY) [ALIVE#]
2017-02-27 15:26:59.762	SYSTEM	SIMULATOR	RECV	ALIVE (NOT EXIST SCANPROPERTY) [ALIVE#]
2017-02-27 15:27:00.763	SYSTEM	SIMULATOR	RECV	ALIVE (NOT EXIST SCANPROPERTY) [ALIVE#]
2017-02-27 15:27:01.765	SYSTEM	SIMULATOR	RECV	ALIVE (NOT EXIST SCANPROPERTY) [ALIVE#]
2017-02-27 15:27:02.766	SYSTEM	SIMULATOR	RECV	ALIVE (NOT EXIST SCANPROPERTY) [ALIVE#]
2017-02-27 15:27:03.767	SYSTEM	SIMULATOR	RECV	ALIVE (NOT EXIST SCANPROPERTY) [ALIVE#]
2017-02-27 15:27:04.768	SYSTEM	SIMULATOR	RECV	ALIVE (NOT EXIST SCANPROPERTY) [ALIVE#]
2017-02-27 15:27:05.769	SYSTEM	SIMULATOR	RECV	ALIVE (NOT EXIST SCANPROPERTY) [ALIVE#]
2017-02-27 15:27:06.771	SYSTEM	SIMULATOR	RECV	ALIVE (NOT EXIST SCANPROPERTY) [ALIVE#]
2017-02-27 15:27:07.772	SYSTEM	SIMULATOR	RECV	ALIVE (NOT EXIST SCANPROPERTY) [ALIVE#]
2017-02-27 15:27:08.774	SYSTEM	SIMULATOR	RECV	ALIVE (NOT EXIST SCANPROPERTY) [ALIVE#]
2017-02-27 15:27:09.775	SYSTEM	SIMULATOR	RECV	ALIVE (NOT EXIST SCANPROPERTY) [ALIVE#]
2017-02-27 15:27:10.776	SYSTEM	SIMULATOR	RECV	ALIVE (NOT EXIST SCANPROPERTY) [ALIVE#]
2017-02-27 15:27:11.777	SYSTEM	SIMULATOR	RECV	ALIVE (NOT EXIST SCANPROPERTY) [ALIVE#]
2017-02-27 15:27:12.779	SYSTEM	SIMULATOR	RECV	ALIVE (NOT EXIST SCANPROPERTY) [ALIVE#]
2017-02-27 15:27:13.780	SYSTEM	SIMULATOR	RECV	ALIVE (NOT EXIST SCANPROPERTY) [ALIVE#]
2017-02-27 15:27:14.781	SYSTEM	SIMULATOR	RECV	ALIVE (NOT EXIST SCANPROPERTY) [ALIVE#]
2017-02-27 15:27:15.782	SYSTEM	SIMULATOR	RECV	ALIVE (NOT EXIST SCANPROPERTY) [ALIVE#]
2017-02-27 15:27:16.783	SYSTEM	SIMULATOR	RECV	ALIVE (NOT EXIST SCANPROPERTY) [ALIVE#]
2017-02-27 15:27:17.784	SYSTEM	SIMULATOR	RECV	ALIVE (NOT EXIST SCANPROPERTY) [ALIVE#]
2017-02-27 15:27:18.787	SYSTEM	SIMULATOR	RECV	ALIVE (NOT EXIST SCANPROPERTY) [ALIVE#]
2017-02-27 15:27:19.787	SYSTEM	SIMULATOR	RECV	ALIVE (NOT EXIST SCANPROPERTY) [ALIVE#]
2017-02-27 15:27:20.787	SYSTEM	SIMULATOR	RECV	ALIVE (NOT EXIST SCANPROPERTY) [ALIVE#]
2017-02-27 15:27:21.788	SYSTEM	SIMULATOR	RECV	ALIVE (NOT EXIST SCANPROPERTY) [ALIVE#]
2017-02-27 15:27:22.790	SYSTEM	SIMULATOR	RECV	ALIVE (NOT EXIST SCANPROPERTY) [ALIVE#]
2017-02-27 15:27:23.791	SYSTEM	SIMULATOR	RECV	ALIVE (NOT EXIST SCANPROPERTY) [ALIVE#]
2017-02-27 15:27:24.793	SYSTEM	SIMULATOR	RECV	ALIVE (NOT EXIST SCANPROPERTY) [ALIVE#]
2017-02-27 15:27:25.793	SYSTEM	SIMULATOR	RECV	ALIVE (NOT EXIST SCANPROPERTY) [ALIVE#]
2017-02-27 15:27:26.794	SYSTEM	SIMULATOR	RECV	ALIVE (NOT EXIST SCANPROPERTY) [ALIVE#]
2017-02-27 15:27:27.795	SYSTEM	SIMULATOR	RECV	ALIVE (NOT EXIST SCANPROPERTY) [ALIVE#]
2017-02-27 15:27:28.796	SYSTEM	SIMULATOR	RECV	ALIVE (NOT EXIST SCANPROPERTY) [ALIVE#]
2017-02-27 15:27:29.797	SYSTEM	SIMULATOR	RECV	ALIVE (NOT EXIST SCANPROPERTY) [ALIVE#]
2017-02-27 15:27:30.798	SYSTEM	SIMULATOR	RECV	ALIVE (NOT EXIST SCANPROPERTY) [ALIVE#]
2017-02-27 15:27:31.799	SYSTEM	SIMULATOR	RECV	ALIVE (NOT EXIST SCANPROPERTY) [ALIVE#]
2017-02-27 15:27:32.801	SYSTEM	SIMULATOR	RECV	ALIVE (NOT EXIST SCANPROPERTY) [ALIVE#]
2017-02-27 15:27:33.802	SYSTEM	SIMULATOR	RECV	ALIVE (NOT EXIST SCANPROPERTY) [ALIVE#]
2017-02-27 15:27:34.802	SYSTEM	SIMULATOR	RECV	ALIVE (NOT EXIST SCANPROPERTY) [ALIVE#]
2017-02-27 15:27:35.804	SYSTEM	SIMULATOR	RECV	ALIVE (NOT EXIST SCANPROPERTY) [ALIVE#]
2017-02-27 15:27:36.805	SYSTEM	SIMULATOR	RECV	ALIVE (NOT EXIST SCANPROPERTY) [ALIVE#]
2017-02-27 15:27:37.806	SYSTEM	SIMULATOR	RECV	ALIVE (NOT EXIST SCANPROPERTY) [ALIVE#]
2017-02-27 15:27:38.808	SYSTEM	SIMULATOR	RECV	ALIVE (NOT EXIST SCANPROPERTY) [ALIVE#]
2017-02-27 15:27:39.809	SYSTEM	SIMULATOR	RECV	ALIVE (NOT EXIST SCANPROPERTY) [ALIVE#]
2017-02-27 15:27:40.809	SYSTEM	SIMULATOR	RECV	ALIVE (NOT EXIST SCANPROPERTY) [ALIVE#]
2017-02-27 15:27:41.812	SYSTEM	SIMULATOR	RECV	ALIVE (NOT EXIST SCANPROPERTY) [ALIVE#]
2017-02-27 15:27:42.811	SYSTEM	SIMULATOR	RECV	ALIVE (NOT EXIST SCANPROPERTY) [ALIVE#]
2017-02-27 15:27:43.812	SYSTEM	SIMULATOR	RECV	ALIVE (NOT EXIST SCANPROPERTY) [ALIVE#]
2017-02-27 15:27:44.813	SYSTEM	SIMULATOR	RECV	ALIVE (NOT EXIST SCANPROPERTY) [ALIVE#]
2017-02-27 15:27:45.820	SYSTEM	SIMULATOR	RECV	ALIVE (NOT EXIST SCANPROPERTY) [ALIVE#]
2017-02-27 15:27:46.822	SYSTEM	SIMULATOR	RECV	ALIVE (NOT EXIST SCANPROPERTY) [ALIVE#]
2017-02-27 15:27:47.823	SYSTEM	SIMULATOR	RECV	ALIVE (NOT EXIST SCANPROPERTY) [ALIVE#]
2017-02-27 15:27:48.824	SYSTEM	SIMULATOR	RECV	ALIVE (NOT EXIST SCANPROPERTY) [ALIVE#]
2017-02-27 15:27:49.825	SYSTEM	SIMULATOR	RECV	ALIVE (NOT EXIST SCANPROPERTY) [ALIVE#]
2017-02-27 15:27:50.825	SYSTEM	SIMULATOR	RECV	ALIVE (NOT EXIST SCANPROPERTY) [ALIVE#]
2017-02-27 15:27:51.826	SYSTEM	SIMULATOR	RECV	ALIVE (NOT EXIST SCANPROPERTY) [ALIVE#]
2017-02-27 15:27:52.827	SYSTEM	SIMULATOR	RECV	ALIVE (NOT EXIST SCANPROPERTY) [ALIVE#]
2017-02-27 15:27:53.828	SYSTEM	SIMULATOR	RECV	ALIVE (NOT EXIST SCANPROPERTY) [ALIVE#]
2017-02-27 15:27:54.829	SYSTEM	SIMULATOR	RECV	ALIVE (NOT EXIST SCANPROPERTY) [ALIVE#]
2017-02-27 15:27:55.830	SYSTEM	SIMULATOR	RECV	ALIVE (NOT EXIST SCANPROPERTY) [ALIVE#]
2017-02-27 15:27:56.831	SYSTEM	SIMULATOR	RECV	ALIVE (NOT EXIST SCANPROPERTY) [ALIVE#]
2017-02-27 15:27:57.832	SYSTEM	SIMULATOR	RECV	ALIVE (NOT EXIST SCANPROPERTY) [ALIVE#]
2017-02-27 15:27:58.833	SYSTEM	SIMULATOR	RECV	ALIVE (NOT EXIST SCANPROPERTY) [ALIVE#]
2017-02-27 15:27:59.833	SYSTEM	SIMULATOR	RECV	ALIVE (NOT EXIST SCANPROPERTY) [ALIVE#]
2017-02-27 15:28:00.834	SYSTEM	SIMULATOR	RECV	ALIVE (NOT EXIST SCANPROPERTY) [ALIVE#]
2017-02-27 15:28:01.837	SYSTEM	SIMULATOR	RECV	ALIVE (NOT EXIST SCANPROPERTY) [ALIVE#]
2017-02-27 15:28:02.840	SYSTEM	SIMULATOR	RECV	ALIVE (NOT EXIST SCANPROPERTY) [ALIVE#]
2017-02-27 15:28:03.839	SYSTEM	SIMULATOR	RECV	ALIVE (NOT EXIST SCANPROPERTY) [ALIVE#]
2017-02-27 15:28:04.840	SYSTEM	SIMULATOR	RECV	ALIVE (NOT EXIST SCANPROPERTY) [ALIVE#]
2017-02-27 15:28:05.841	SYSTEM	SIMULATOR	RECV	ALIVE (NOT EXIST SCANPROPERTY) [ALIVE#]
2017-02-27 15:28:06.843	SYSTEM	SIMULATOR	RECV	ALIVE (NOT EXIST SCANPROPERTY) [ALIVE#]
2017-02-27 15:28:07.843	SYSTEM	SIMULATOR	RECV	ALIVE (NOT EXIST SCANPROPERTY) [ALIVE#]
2017-02-27 15:28:08.844	SYSTEM	SIMULATOR	RECV	ALIVE (NOT EXIST SCANPROPERTY) [ALIVE#]
2017-02-27 15:28:09.845	SYSTEM	SIMULATOR	RECV	ALIVE (NOT EXIST SCANPROPERTY) [ALIVE#]
2017-02-27 15:28:10.846	SYSTEM	SIMULATOR	RECV	ALIVE (NOT EXIST SCANPROPERTY) [ALIVE#]
2017-02-27 15:28:11.847	SYSTEM	SIMULATOR	RECV	ALIVE (NOT EXIST SCANPROPERTY) [ALIVE#]
2017-02-27 15:28:12.848	SYSTEM	SIMULATOR	RECV	ALIVE (NOT EXIST SCANPROPERTY) [ALIVE#]
2017-02-27 15:28:13.849	SYSTEM	SIMULATOR	RECV	ALIVE (NOT EXIST SCANPROPERTY) [ALIVE#]
2017-02-27 15:28:14.849	SYSTEM	SIMULATOR	RECV	ALIVE (NOT EXIST SCANPROPERTY) [ALIVE#]
2017-02-27 15:28:15.851	SYSTEM	SIMULATOR	RECV	ALIVE (NOT EXIST SCANPROPERTY) [ALIVE#]
2017-02-27 15:28:16.852	SYSTEM	SIMULATOR	RECV	ALIVE (NOT EXIST SCANPROPERTY) [ALIVE#]
2017-02-27 15:28:17.853	SYSTEM	SIMULATOR	RECV	ALIVE (NOT EXIST SCANPROPERTY) [ALIVE#]
2017-02-27 15:28:18.854	SYSTEM	SIMULATOR	RECV	ALIVE (NOT EXIST SCANPROPERTY) [ALIVE#]
2017-02-27 15:28:19.855	SYSTEM	SIMULATOR	RECV	ALIVE (NOT EXIST SCANPROPERTY) [ALIVE#]
2017-02-27 15:28:20.856	SYSTEM	SIMULATOR	RECV	ALIVE (NOT EXIST SCANPROPERTY) [ALIVE#]
2017-02-27 15:28:21.857	SYSTEM	SIMULATOR	RECV	ALIVE (NOT EXIST SCANPROPERTY) [ALIVE#]
2017-02-27 15:28:22.858	SYSTEM	SIMULATOR	RECV	ALIVE (NOT EXIST SCANPROPERTY) [ALIVE#]
2017-02-27 15:28:23.859	SYSTEM	SIMULATOR	RECV	ALIVE (NOT EXIST SCANPROPERTY) [ALIVE#]
2017-02-27 15:28:24.860	SYSTEM	SIMULATOR	RECV	ALIVE (NOT EXIST SCANPROPERTY) [ALIVE#]
2017-02-27 15:28:25.860	SYSTEM	SIMULATOR	RECV	ALIVE (NOT EXIST SCANPROPERTY) [ALIVE#]
2017-02-27 15:28:26.862	SYSTEM	SIMULATOR	RECV	ALIVE (NOT EXIST SCANPROPERTY) [ALIVE#]
2017-02-27 15:28:27.863	SYSTEM	SIMULATOR	RECV	ALIVE (NOT EXIST SCANPROPERTY) [ALIVE#]
2017-02-27 15:28:28.864	SYSTEM	SIMULATOR	RECV	ALIVE (NOT EXIST SCANPROPERTY) [ALIVE#]
2017-02-27 15:28:29.865	SYSTEM	SIMULATOR	RECV	ALIVE (NOT EXIST SCANPROPERTY) [ALIVE#]
2017-02-27 15:28:30.866	SYSTEM	SIMULATOR	RECV	ALIVE (NOT EXIST SCANPROPERTY) [ALIVE#]
2017-02-27 15:28:31.867	SYSTEM	SIMULATOR	RECV	ALIVE (NOT EXIST SCANPROPERTY) [ALIVE#]
2017-02-27 15:28:32.868	SYSTEM	SIMULATOR	RECV	ALIVE (NOT EXIST SCANPROPERTY) [ALIVE#]
2017-02-27 15:28:33.868	SYSTEM	SIMULATOR	RECV	ALIVE (NOT EXIST SCANPROPERTY) [ALIVE#]
2017-02-27 15:28:34.870	SYSTEM	SIMULATOR	RECV	ALIVE (NOT EXIST SCANPROPERTY) [ALIVE#]
2017-02-27 15:28:35.871	SYSTEM	SIMULATOR	RECV	ALIVE (NOT EXIST SCANPROPERTY) [ALIVE#]
2017-02-27 15:28:36.872	SYSTEM	SIMULATOR	RECV	ALIVE (NOT EXIST SCANPROPERTY) [ALIVE#]
2017-02-27 15:28:37.874	SYSTEM	SIMULATOR	RECV	ALIVE (NOT EXIST SCANPROPERTY) [ALIVE#]
2017-02-27 15:28:38.874	SYSTEM	SIMULATOR	RECV	ALIVE (NOT EXIST SCANPROPERTY) [ALIVE#]
2017-02-27 15:28:39.875	SYSTEM	SIMULATOR	RECV	ALIVE (NOT EXIST SCANPROPERTY) [ALIVE#]
2017-02-27 15:28:40.876	SYSTEM	SIMULATOR	RECV	ALIVE (NOT EXIST SCANPROPERTY) [ALIVE#]
2017-02-27 15:28:41.877	SYSTEM	SIMULATOR	RECV	ALIVE (NOT EXIST SCANPROPERTY) [ALIVE#]
2017-02-27 15:28:42.878	SYSTEM	SIMULATOR	RECV	ALIVE (NOT EXIST SCANPROPERTY) [ALIVE#]
2017-02-27 15:28:43.880	SYSTEM	SIMULATOR	RECV	ALIVE (NOT EXIST SCANPROPERTY) [ALIVE#]
2017-02-27 15:28:44.881	SYSTEM	SIMULATOR	RECV	ALIVE (NOT EXIST SCANPROPERTY) [ALIVE#]
2017-02-27 15:28:45.882	SYSTEM	SIMULATOR	RECV	ALIVE (NOT EXIST SCANPROPERTY) [ALIVE#]
2017-02-27 15:28:46.883	SYSTEM	SIMULATOR	RECV	ALIVE (NOT EXIST SCANPROPERTY) [ALIVE#]
2017-02-27 15:28:47.884	SYSTEM	SIMULATOR	RECV	ALIVE (NOT EXIST SCANPROPERTY) [ALIVE#]
2017-02-27 15:28:48.885	SYSTEM	SIMULATOR	RECV	ALIVE (NOT EXIST SCANPROPERTY) [ALIVE#]
2017-02-27 15:28:49.886	SYSTEM	SIMULATOR	RECV	ALIVE (NOT EXIST SCANPROPERTY) [ALIVE#]
2017-02-27 15:28:50.887	SYSTEM	SIMULATOR	RECV	ALIVE (NOT EXIST SCANPROPERTY) [ALIVE#]
2017-02-27 15:28:51.888	SYSTEM	SIMULATOR	RECV	ALIVE (NOT EXIST SCANPROPERTY) [ALIVE#]
2017-02-27 15:28:52.889	SYSTEM	SIMULATOR	RECV	ALIVE (NOT EXIST SCANPROPERTY) [ALIVE#]
2017-02-27 15:28:53.890	SYSTEM	SIMULATOR	RECV	ALIVE (NOT EXIST SCANPROPERTY) [ALIVE#]
2017-02-27 15:28:54.891	SYSTEM	SIMULATOR	RECV	ALIVE (NOT EXIST SCANPROPERTY) [ALIVE#]
2017-02-27 15:28:55.891	SYSTEM	SIMULATOR	RECV	ALIVE (NOT EXIST SCANPROPERTY) [ALIVE#]
2017-02-27 15:28:56.892	SYSTEM	SIMULATOR	RECV	ALIVE (NOT EXIST SCANPROPERTY) [ALIVE#]
2017-02-27 15:28:57.894	SYSTEM	SIMULATOR	RECV	ALIVE (NOT EXIST SCANPROPERTY) [ALIVE#]
2017-02-27 15:28:58.895	SYSTEM	SIMULATOR	RECV	ALIVE (NOT EXIST SCANPROPERTY) [ALIVE#]
2017-02-27 15:28:59.896	SYSTEM	SIMULATOR	RECV	ALIVE (NOT EXIST SCANPROPERTY) [ALIVE#]
2017-02-27 15:29:00.897	SYSTEM	SIMULATOR	RECV	ALIVE (NOT EXIST SCANPROPERTY) [ALIVE#]
2017-02-27 15:29:01.898	SYSTEM	SIMULATOR	RECV	ALIVE (NOT EXIST SCANPROPERTY) [ALIVE#]
2017-02-27 15:29:02.900	SYSTEM	SIMULATOR	RECV	ALIVE (NOT EXIST SCANPROPERTY) [ALIVE#]
2017-02-27 15:29:03.901	SYSTEM	SIMULATOR	RECV	ALIVE (NOT EXIST SCANPROPERTY) [ALIVE#]
2017-02-27 15:29:04.902	SYSTEM	SIMULATOR	RECV	ALIVE (NOT EXIST SCANPROPERTY) [ALIVE#]
2017-02-27 15:29:05.903	SYSTEM	SIMULATOR	RECV	ALIVE (NOT EXIST SCANPROPERTY) [ALIVE#]
2017-02-27 15:29:06.904	SYSTEM	SIMULATOR	RECV	ALIVE (NOT EXIST SCANPROPERTY) [ALIVE#]
2017-02-27 15:29:07.904	SYSTEM	SIMULATOR	RECV	ALIVE (NOT EXIST SCANPROPERTY) [ALIVE#]
2017-02-27 15:29:08.906	SYSTEM	SIMULATOR	RECV	ALIVE (NOT EXIST SCANPROPERTY) [ALIVE#]
2017-02-27 15:29:09.907	SYSTEM	SIMULATOR	RECV	ALIVE (NOT EXIST SCANPROPERTY) [ALIVE#]
2017-02-27 15:29:10.908	SYSTEM	SIMULATOR	RECV	ALIVE (NOT EXIST SCANPROPERTY) [ALIVE#]
2017-02-27 15:29:11.909	SYSTEM	SIMULATOR	RECV	ALIVE (NOT EXIST SCANPROPERTY) [ALIVE#]
2017-02-27 15:29:12.909	SYSTEM	SIMULATOR	RECV	ALIVE (NOT EXIST SCANPROPERTY) [ALIVE#]
2017-02-27 15:29:13.910	SYSTEM	SIMULATOR	RECV	ALIVE (NOT EXIST SCANPROPERTY) [ALIVE#]
2017-02-27 15:29:14.911	SYSTEM	SIMULATOR	RECV	ALIVE (NOT EXIST SCANPROPERTY) [ALIVE#]
2017-02-27 15:29:15.912	SYSTEM	SIMULATOR	RECV	ALIVE (NOT EXIST SCANPROPERTY) [ALIVE#]
2017-02-27 15:29:16.913	SYSTEM	SIMULATOR	RECV	ALIVE (NOT EXIST SCANPROPERTY) [ALIVE#]
2017-02-27 15:29:17.914	SYSTEM	SIMULATOR	RECV	ALIVE (NOT EXIST SCANPROPERTY) [ALIVE#]
2017-02-27 15:29:18.915	SYSTEM	SIMULATOR	RECV	ALIVE (NOT EXIST SCANPROPERTY) [ALIVE#]
2017-02-27 15:29:19.916	SYSTEM	SIMULATOR	RECV	ALIVE (NOT EXIST SCANPROPERTY) [ALIVE#]
2017-02-27 15:29:20.917	SYSTEM	SIMULATOR	RECV	ALIVE (NOT EXIST SCANPROPERTY) [ALIVE#]
2017-02-27 15:29:21.919	SYSTEM	SIMULATOR	RECV	ALIVE (NOT EXIST SCANPROPERTY) [ALIVE#]
2017-02-27 15:29:22.920	SYSTEM	SIMULATOR	RECV	ALIVE (NOT EXIST SCANPROPERTY) [ALIVE#]
2017-02-27 15:29:23.920	SYSTEM	SIMULATOR	RECV	ALIVE (NOT EXIST SCANPROPERTY) [ALIVE#]
2017-02-27 15:29:24.921	SYSTEM	SIMULATOR	RECV	ALIVE (NOT EXIST SCANPROPERTY) [ALIVE#]
2017-02-27 15:29:25.922	SYSTEM	SIMULATOR	RECV	ALIVE (NOT EXIST SCANPROPERTY) [ALIVE#]
2017-02-27 15:29:26.924	SYSTEM	SIMULATOR	RECV	ALIVE (NOT EXIST SCANPROPERTY) [ALIVE#]
2017-02-27 15:29:27.924	SYSTEM	SIMULATOR	RECV	ALIVE (NOT EXIST SCANPROPERTY) [ALIVE#]
2017-02-27 15:29:28.926	SYSTEM	SIMULATOR	RECV	ALIVE (NOT EXIST SCANPROPERTY) [ALIVE#]
2017-02-27 15:29:29.926	SYSTEM	SIMULATOR	RECV	ALIVE (NOT EXIST SCANPROPERTY) [ALIVE#]
2017-02-27 15:29:30.928	SYSTEM	SIMULATOR	RECV	ALIVE (NOT EXIST SCANPROPERTY) [ALIVE#]
2017-02-27 15:29:31.929	SYSTEM	SIMULATOR	RECV	ALIVE (NOT EXIST SCANPROPERTY) [ALIVE#]
2017-02-27 15:29:32.930	SYSTEM	SIMULATOR	RECV	ALIVE (NOT EXIST SCANPROPERTY) [ALIVE#]
2017-02-27 15:29:33.931	SYSTEM	SIMULATOR	RECV	ALIVE (NOT EXIST SCANPROPERTY) [ALIVE#]
2017-02-27 15:29:34.933	SYSTEM	SIMULATOR	RECV	ALIVE (NOT EXIST SCANPROPERTY) [ALIVE#]
2017-02-27 15:29:35.936	SYSTEM	SIMULATOR	RECV	ALIVE (NOT EXIST SCANPROPERTY) [ALIVE#]
2017-02-27 15:29:36.935	SYSTEM	SIMULATOR	RECV	ALIVE (NOT EXIST SCANPROPERTY) [ALIVE#]
2017-02-27 15:29:37.936	SYSTEM	SIMULATOR	RECV	ALIVE (NOT EXIST SCANPROPERTY) [ALIVE#]
2017-02-27 15:29:38.937	SYSTEM	SIMULATOR	RECV	ALIVE (NOT EXIST SCANPROPERTY) [ALIVE#]
2017-02-27 15:29:39.938	SYSTEM	SIMULATOR	RECV	ALIVE (NOT EXIST SCANPROPERTY) [ALIVE#]
2017-02-27 15:29:40.939	SYSTEM	SIMULATOR	RECV	ALIVE (NOT EXIST SCANPROPERTY) [ALIVE#]
2017-02-27 15:29:41.940	SYSTEM	SIMULATOR	RECV	ALIVE (NOT EXIST SCANPROPERTY) [ALIVE#]
2017-02-27 15:29:42.942	SYSTEM	SIMULATOR	RECV	ALIVE (NOT EXIST SCANPROPERTY) [ALIVE#]
2017-02-27 15:29:43.942	SYSTEM	SIMULATOR	RECV	ALIVE (NOT EXIST SCANPROPERTY) [ALIVE#]
2017-02-27 15:29:44.944	SYSTEM	SIMULATOR	RECV	ALIVE (NOT EXIST SCANPROPERTY) [ALIVE#]
2017-02-27 15:29:45.945	SYSTEM	SIMULATOR	RECV	ALIVE (NOT EXIST SCANPROPERTY) [ALIVE#]
2017-02-27 15:29:46.946	SYSTEM	SIMULATOR	RECV	ALIVE (NOT EXIST SCANPROPERTY) [ALIVE#]
2017-02-27 15:29:47.947	SYSTEM	SIMULATOR	RECV	ALIVE (NOT EXIST SCANPROPERTY) [ALIVE#]
2017-02-27 15:29:48.948	SYSTEM	SIMULATOR	RECV	ALIVE (NOT EXIST SCANPROPERTY) [ALIVE#]
2017-02-27 15:29:49.949	SYSTEM	SIMULATOR	RECV	ALIVE (NOT EXIST SCANPROPERTY) [ALIVE#]
2017-02-27 15:29:50.950	SYSTEM	SIMULATOR	RECV	ALIVE (NOT EXIST SCANPROPERTY) [ALIVE#]
2017-02-27 15:29:51.951	SYSTEM	SIMULATOR	RECV	ALIVE (NOT EXIST SCANPROPERTY) [ALIVE#]
2017-02-27 15:29:52.952	SYSTEM	SIMULATOR	RECV	ALIVE (NOT EXIST SCANPROPERTY) [ALIVE#]
2017-02-27 15:29:53.953	SYSTEM	SIMULATOR	RECV	ALIVE (NOT EXIST SCANPROPERTY) [ALIVE#]
2017-02-27 15:29:54.954	SYSTEM	SIMULATOR	RECV	ALIVE (NOT EXIST SCANPROPERTY) [ALIVE#]
2017-02-27 15:29:55.955	SYSTEM	SIMULATOR	RECV	ALIVE (NOT EXIST SCANPROPERTY) [ALIVE#]
2017-02-27 15:29:56.956	SYSTEM	SIMULATOR	RECV	ALIVE (NOT EXIST SCANPROPERTY) [ALIVE#]
2017-02-27 15:29:57.956	SYSTEM	SIMULATOR	RECV	ALIVE (NOT EXIST SCANPROPERTY) [ALIVE#]
2017-02-27 15:29:58.959	SYSTEM	SIMULATOR	RECV	ALIVE (NOT EXIST SCANPROPERTY) [ALIVE#]
2017-02-27 15:29:59.958	SYSTEM	SIMULATOR	RECV	ALIVE (NOT EXIST SCANPROPERTY) [ALIVE#]
2017-02-27 15:30:00.959	SYSTEM	SIMULATOR	RECV	ALIVE (NOT EXIST SCANPROPERTY) [ALIVE#]
2017-02-27 15:30:01.960	SYSTEM	SIMULATOR	RECV	ALIVE (NOT EXIST SCANPROPERTY) [ALIVE#]
2017-02-27 15:30:02.961	SYSTEM	SIMULATOR	RECV	ALIVE (NOT EXIST SCANPROPERTY) [ALIVE#]
2017-02-27 15:30:03.962	SYSTEM	SIMULATOR	RECV	ALIVE (NOT EXIST SCANPROPERTY) [ALIVE#]
2017-02-27 15:30:04.963	SYSTEM	SIMULATOR	RECV	ALIVE (NOT EXIST SCANPROPERTY) [ALIVE#]
2017-02-27 15:30:05.964	SYSTEM	SIMULATOR	RECV	ALIVE (NOT EXIST SCANPROPERTY) [ALIVE#]
2017-02-27 15:30:06.965	SYSTEM	SIMULATOR	RECV	ALIVE (NOT EXIST SCANPROPERTY) [ALIVE#]
2017-02-27 15:30:07.966	SYSTEM	SIMULATOR	RECV	ALIVE (NOT EXIST SCANPROPERTY) [ALIVE#]
2017-02-27 15:30:08.967	SYSTEM	SIMULATOR	RECV	ALIVE (NOT EXIST SCANPROPERTY) [ALIVE#]
2017-02-27 15:30:09.968	SYSTEM	SIMULATOR	RECV	ALIVE (NOT EXIST SCANPROPERTY) [ALIVE#]
2017-02-27 15:30:10.969	SYSTEM	SIMULATOR	RECV	ALIVE (NOT EXIST SCANPROPERTY) [ALIVE#]
2017-02-27 15:30:11.970	SYSTEM	SIMULATOR	RECV	ALIVE (NOT EXIST SCANPROPERTY) [ALIVE#]
2017-02-27 15:30:12.972	SYSTEM	SIMULATOR	RECV	ALIVE (NOT EXIST SCANPROPERTY) [ALIVE#]
2017-02-27 15:30:13.973	SYSTEM	SIMULATOR	RECV	ALIVE (NOT EXIST SCANPROPERTY) [ALIVE#]
2017-02-27 15:30:14.974	SYSTEM	SIMULATOR	RECV	ALIVE (NOT EXIST SCANPROPERTY) [ALIVE#]
2017-02-27 15:30:15.974	SYSTEM	SIMULATOR	RECV	ALIVE (NOT EXIST SCANPROPERTY) [ALIVE#]
2017-02-27 15:30:16.976	SYSTEM	SIMULATOR	RECV	ALIVE (NOT EXIST SCANPROPERTY) [ALIVE#]
2017-02-27 15:30:17.977	SYSTEM	SIMULATOR	RECV	ALIVE (NOT EXIST SCANPROPERTY) [ALIVE#]
2017-02-27 15:30:18.978	SYSTEM	SIMULATOR	RECV	ALIVE (NOT EXIST SCANPROPERTY) [ALIVE#]
2017-02-27 15:30:19.979	SYSTEM	SIMULATOR	RECV	ALIVE (NOT EXIST SCANPROPERTY) [ALIVE#]
2017-02-27 15:30:20.981	SYSTEM	SIMULATOR	RECV	ALIVE (NOT EXIST SCANPROPERTY) [ALIVE#]
2017-02-27 15:30:21.982	SYSTEM	SIMULATOR	RECV	ALIVE (NOT EXIST SCANPROPERTY) [ALIVE#]
2017-02-27 15:30:22.983	SYSTEM	SIMULATOR	RECV	ALIVE (NOT EXIST SCANPROPERTY) [ALIVE#]
2017-02-27 15:30:23.984	SYSTEM	SIMULATOR	RECV	ALIVE (NOT EXIST SCANPROPERTY) [ALIVE#]
2017-02-27 15:30:24.985	SYSTEM	SIMULATOR	RECV	ALIVE (NOT EXIST SCANPROPERTY) [ALIVE#]
2017-02-27 15:30:25.986	SYSTEM	SIMULATOR	RECV	ALIVE (NOT EXIST SCANPROPERTY) [ALIVE#]
2017-02-27 15:30:26.987	SYSTEM	SIMULATOR	RECV	ALIVE (NOT EXIST SCANPROPERTY) [ALIVE#]
2017-02-27 15:30:27.988	SYSTEM	SIMULATOR	RECV	ALIVE (NOT EXIST SCANPROPERTY) [ALIVE#]
2017-02-27 15:30:28.989	SYSTEM	SIMULATOR	RECV	ALIVE (NOT EXIST SCANPROPERTY) [ALIVE#]
2017-02-27 15:30:29.990	SYSTEM	SIMULATOR	RECV	ALIVE (NOT EXIST SCANPROPERTY) [ALIVE#]
2017-02-27 15:30:30.991	SYSTEM	SIMULATOR	RECV	ALIVE (NOT EXIST SCANPROPERTY) [ALIVE#]
2017-02-27 15:30:31.992	SYSTEM	SIMULATOR	RECV	ALIVE (NOT EXIST SCANPROPERTY) [ALIVE#]
2017-02-27 15:30:32.993	SYSTEM	SIMULATOR	RECV	ALIVE (NOT EXIST SCANPROPERTY) [ALIVE#]
2017-02-27 15:30:33.994	SYSTEM	SIMULATOR	RECV	ALIVE (NOT EXIST SCANPROPERTY) [ALIVE#]
2017-02-27 15:30:34.995	SYSTEM	SIMULATOR	RECV	ALIVE (NOT EXIST SCANPROPERTY) [ALIVE#]
2017-02-27 15:30:35.996	SYSTEM	SIMULATOR	RECV	ALIVE (NOT EXIST SCANPROPERTY) [ALIVE#]
2017-02-27 15:30:36.997	SYSTEM	SIMULATOR	RECV	ALIVE (NOT EXIST SCANPROPERTY) [ALIVE#]
2017-02-27 15:30:37.999	SYSTEM	SIMULATOR	RECV	ALIVE (NOT EXIST SCANPROPERTY) [ALIVE#]
2017-02-27 15:30:38.999	SYSTEM	SIMULATOR	RECV	ALIVE (NOT EXIST SCANPROPERTY) [ALIVE#]
2017-02-27 15:30:40.001	SYSTEM	SIMULATOR	RECV	ALIVE (NOT EXIST SCANPROPERTY) [ALIVE#]
2017-02-27 15:30:41.003	SYSTEM	SIMULATOR	RECV	ALIVE (NOT EXIST SCANPROPERTY) [ALIVE#]
2017-02-27 15:30:42.003	SYSTEM	SIMULATOR	RECV	ALIVE (NOT EXIST SCANPROPERTY) [ALIVE#]
2017-02-27 15:30:43.005	SYSTEM	SIMULATOR	RECV	ALIVE (NOT EXIST SCANPROPERTY) [ALIVE#]
2017-02-27 15:30:44.006	SYSTEM	SIMULATOR	RECV	ALIVE (NOT EXIST SCANPROPERTY) [ALIVE#]
2017-02-27 15:30:45.007	SYSTEM	SIMULATOR	RECV	ALIVE (NOT EXIST SCANPROPERTY) [ALIVE#]
2017-02-27 15:30:46.009	SYSTEM	SIMULATOR	RECV	ALIVE (NOT EXIST SCANPROPERTY) [ALIVE#]
2017-02-27 15:30:47.010	SYSTEM	SIMULATOR	RECV	ALIVE (NOT EXIST SCANPROPERTY) [ALIVE#]
2017-02-27 17:08:18.784	SYSTEM	SIMULATOR	PROC	DriverName=SIMULATOR, Mode=Client, RemoteIP=127.0.0.1, RemotePort=7000, LocalIP=127.0.0.1, LocalPort=7000
2017-02-27 17:08:18.796	SYSTEM	SIMULATOR	PROC	START
2017-02-27 17:08:18.854	SYSTEM	SIMULATOR	PROC	DRIVER STATUS CHANGE NONE>WAITCRA
2017-02-27 17:08:40.429	SYSTEM	SIMULATOR	PROC	DRIVER STATUS CHANGE WAITCRA>CONNECTED
2017-02-27 17:08:40.814	SYSTEM	SIMULATOR	SEND	STAGE_GLASS_EXIST|X#
2017-02-27 17:08:40.818	SYSTEM	SIMULATOR	SEND	CURRENT_RECIPE_CHANGE|1|1#
2017-02-27 17:08:40.821	SYSTEM	SIMULATOR	SEND	AUTO_MODE_CHANGE_EVENT|1#
2017-02-27 17:08:40.824	SYSTEM	SIMULATOR	SEND	MACHINE_MODE_CHANGE_REPORT|1#
2017-02-27 17:08:40.825	SYSTEM	SIMULATOR	SEND	COMMUNICATION|O#
2017-02-27 17:08:40.887	SYSTEM	SIMULATOR	RECV	STAGE_GLASS_EXIST_REPLY (NOT EXIST SCANPROPERTY) [STAGE_GLASS_EXIST_REPLY#]
2017-02-27 17:08:41.189	SYSTEM	SIMULATOR	RECV	AUTO_MODE_CHANGE_EVENT_REPLY (NOT EXIST SCANPROPERTY) [AUTO_MODE_CHANGE_EVENT_REPLY#MACHINE_MODE_CHANGE_REPORT_REPLY#CURRENT_RECIPE_CHANGE_ACK#COMMUNICATION_ACK|O#CIM_MODE|2#RECIPE_LIST_REQ#]
2017-02-27 17:08:41.443	SYSTEM	SIMULATOR	RECV	MACHINE_MODE_CHANGE_REPORT_REPLY (NOT EXIST SCANPROPERTY) [AUTO_MODE_CHANGE_EVENT_REPLY#MACHINE_MODE_CHANGE_REPORT_REPLY#CURRENT_RECIPE_CHANGE_ACK#COMMUNICATION_ACK|O#CIM_MODE|2#RECIPE_LIST_REQ#]
2017-02-27 17:12:19.162	SYSTEM	SIMULATOR	PROC	DriverName=SIMULATOR, Mode=Client, RemoteIP=127.0.0.1, RemotePort=7000, LocalIP=127.0.0.1, LocalPort=7000
2017-02-27 17:12:19.171	SYSTEM	SIMULATOR	PROC	START
2017-02-27 17:12:19.222	SYSTEM	SIMULATOR	PROC	DRIVER STATUS CHANGE NONE>WAITCRA
2017-02-27 17:12:42.122	SYSTEM	SIMULATOR	PROC	DRIVER STATUS CHANGE WAITCRA>CONNECTED
2017-02-27 17:12:42.181	SYSTEM	SIMULATOR	SEND	STAGE_GLASS_EXIST|X#
2017-02-27 17:12:42.185	SYSTEM	SIMULATOR	SEND	CURRENT_RECIPE_CHANGE|1|1#
2017-02-27 17:12:42.188	SYSTEM	SIMULATOR	SEND	AUTO_MODE_CHANGE_EVENT|1#
2017-02-27 17:12:42.193	SYSTEM	SIMULATOR	SEND	MACHINE_MODE_CHANGE_REPORT|1#
2017-02-27 17:12:42.193	SYSTEM	SIMULATOR	SEND	COMMUNICATION|O#
2017-02-27 17:12:42.214	SYSTEM	SIMULATOR	RECV	AUTO_MODE_CHANGE_EVENT_REPLY (NOT EXIST SCANPROPERTY) [AUTO_MODE_CHANGE_EVENT_REPLY#]
2017-02-27 17:12:42.477	SYSTEM	SIMULATOR	RECV	CURRENT_RECIPE_CHANGE_ACK (NOT EXIST SCANPROPERTY) [CURRENT_RECIPE_CHANGE_ACK#MACHINE_MODE_CHANGE_REPORT_REPLY#COMMUNICATION_ACK|O#CIM_MODE|2#RECIPE_LIST_REQ#STAGE_GLASS_EXIST_REPLY#]
2017-02-27 17:12:42.730	SYSTEM	SIMULATOR	RECV	MACHINE_MODE_CHANGE_REPORT_REPLY (NOT EXIST SCANPROPERTY) [CURRENT_RECIPE_CHANGE_ACK#MACHINE_MODE_CHANGE_REPORT_REPLY#COMMUNICATION_ACK|O#CIM_MODE|2#RECIPE_LIST_REQ#STAGE_GLASS_EXIST_REPLY#]
2017-02-27 17:12:42.982	SYSTEM	SIMULATOR	RECV	COMMUNICATION_ACK|O (NOT EXIST SCANPROPERTY) [CURRENT_RECIPE_CHANGE_ACK#MACHINE_MODE_CHANGE_REPORT_REPLY#COMMUNICATION_ACK|O#CIM_MODE|2#RECIPE_LIST_REQ#STAGE_GLASS_EXIST_REPLY#]
2017-02-27 17:12:43.234	SYSTEM	SIMULATOR	RECV	CIM_MODE|2 (NOT EXIST SCANPROPERTY) [CURRENT_RECIPE_CHANGE_ACK#MACHINE_MODE_CHANGE_REPORT_REPLY#COMMUNICATION_ACK|O#CIM_MODE|2#RECIPE_LIST_REQ#STAGE_GLASS_EXIST_REPLY#]
2017-02-27 17:12:43.234	SYSTEM	SIMULATOR	RECV	RECIPE_LIST_REQ (NOT EXIST SCANPROPERTY) [CURRENT_RECIPE_CHANGE_ACK#MACHINE_MODE_CHANGE_REPORT_REPLY#COMMUNICATION_ACK|O#CIM_MODE|2#RECIPE_LIST_REQ#STAGE_GLASS_EXIST_REPLY#]
2017-02-27 17:12:43.237	SYSTEM	SIMULATOR	SEND	RECIPE_LIST_REQ_REPLY|4#
2017-02-27 17:12:43.489	SYSTEM	SIMULATOR	RECV	STAGE_GLASS_EXIST_REPLY (NOT EXIST SCANPROPERTY) [CURRENT_RECIPE_CHANGE_ACK#MACHINE_MODE_CHANGE_REPORT_REPLY#COMMUNICATION_ACK|O#CIM_MODE|2#RECIPE_LIST_REQ#STAGE_GLASS_EXIST_REPLY#]
2017-02-27 17:12:43.741	SYSTEM	SIMULATOR	RECV	ALIVE (NOT EXIST SCANPROPERTY) [ALIVE#ALIVE#]
2017-02-27 17:12:43.993	SYSTEM	SIMULATOR	SEND	ALIVE_REPLY#
2017-02-27 17:12:44.245	SYSTEM	SIMULATOR	RECV	ALIVE (NOT EXIST SCANPROPERTY) [ALIVE#ALIVE#]
2017-02-27 17:12:44.748	SYSTEM	SIMULATOR	RECV	ALIVE (NOT EXIST SCANPROPERTY) [ALIVE#]
2017-02-27 17:12:45.558	SYSTEM	SIMULATOR	RECV	ALIVE (NOT EXIST SCANPROPERTY) [ALIVE#]
2017-02-27 17:12:46.559	SYSTEM	SIMULATOR	RECV	ALIVE (NOT EXIST SCANPROPERTY) [ALIVE#]
2017-02-27 17:12:47.560	SYSTEM	SIMULATOR	RECV	ALIVE (NOT EXIST SCANPROPERTY) [ALIVE#]
2017-02-27 17:12:48.561	SYSTEM	SIMULATOR	RECV	ALIVE (NOT EXIST SCANPROPERTY) [ALIVE#]
2017-02-27 17:12:49.562	SYSTEM	SIMULATOR	RECV	ALIVE (NOT EXIST SCANPROPERTY) [ALIVE#]
2017-02-27 17:12:50.564	SYSTEM	SIMULATOR	RECV	ALIVE (NOT EXIST SCANPROPERTY) [ALIVE#]
2017-02-27 17:12:51.171	SYSTEM	SIMULATOR	SEND	LOAD_REQUEST#
2017-02-27 17:12:51.172	SYSTEM	SIMULATOR	RECV	LOAD_REQUEST_REPLY (NOT EXIST SCANPROPERTY) [LOAD_REQUEST_REPLY#]
2017-02-27 17:12:51.565	SYSTEM	SIMULATOR	RECV	ALIVE (NOT EXIST SCANPROPERTY) [ALIVE#]
2017-02-27 17:12:51.816	SYSTEM	SIMULATOR	SEND	ALIVE_REPLY#
2017-02-27 17:12:52.566	SYSTEM	SIMULATOR	RECV	ALIVE (NOT EXIST SCANPROPERTY) [ALIVE#]
2017-02-27 17:12:53.567	SYSTEM	SIMULATOR	RECV	ALIVE (NOT EXIST SCANPROPERTY) [ALIVE#]
2017-02-27 17:12:54.568	SYSTEM	SIMULATOR	RECV	ALIVE (NOT EXIST SCANPROPERTY) [ALIVE#]
2017-02-27 17:12:55.570	SYSTEM	SIMULATOR	RECV	ALIVE (NOT EXIST SCANPROPERTY) [ALIVE#]
2017-02-27 17:18:36.326	SYSTEM	SIMULATOR	PROC	DriverName=SIMULATOR, Mode=Client, RemoteIP=127.0.0.1, RemotePort=7000, LocalIP=127.0.0.1, LocalPort=7000
2017-02-27 17:18:36.339	SYSTEM	SIMULATOR	PROC	START
2017-02-27 17:18:36.417	SYSTEM	SIMULATOR	PROC	DRIVER STATUS CHANGE NONE>WAITCRA
2017-02-27 17:18:51.825	SYSTEM	SIMULATOR	PROC	DRIVER STATUS CHANGE WAITCRA>CONNECTED
2017-02-27 17:18:52.366	SYSTEM	SIMULATOR	SEND	STAGE_GLASS_EXIST|X#
2017-02-27 17:18:52.370	SYSTEM	SIMULATOR	SEND	CURRENT_RECIPE_CHANGE|1|1#
2017-02-27 17:18:52.373	SYSTEM	SIMULATOR	SEND	AUTO_MODE_CHANGE_EVENT|1#
2017-02-27 17:18:52.378	SYSTEM	SIMULATOR	SEND	MACHINE_MODE_CHANGE_REPORT|1#
2017-02-27 17:18:52.379	SYSTEM	SIMULATOR	SEND	COMMUNICATION|O#
2017-02-27 17:18:52.400	SYSTEM	SIMULATOR	RECV	AUTO_MODE_CHANGE_EVENT_REPLY (NOT EXIST SCANPROPERTY) [AUTO_MODE_CHANGE_EVENT_REPLY#]
2017-02-27 17:18:52.662	SYSTEM	SIMULATOR	RECV	CURRENT_RECIPE_CHANGE_ACK (NOT EXIST SCANPROPERTY) [CURRENT_RECIPE_CHANGE_ACK#CURRENT_RECIPE_CHANGE_ACK#MACHINE_MODE_CHANGE_REPORT_REPLY#STAGE_GLASS_EXIST_REPLY#COMMUNICATION_ACK|O#CIM_MODE|2#RECIPE_LIST_REQ#]
2017-02-27 17:18:52.914	SYSTEM	SIMULATOR	RECV	CURRENT_RECIPE_CHANGE_ACK (NOT EXIST SCANPROPERTY) [CURRENT_RECIPE_CHANGE_ACK#CURRENT_RECIPE_CHANGE_ACK#MACHINE_MODE_CHANGE_REPORT_REPLY#STAGE_GLASS_EXIST_REPLY#COMMUNICATION_ACK|O#CIM_MODE|2#RECIPE_LIST_REQ#]
2017-02-27 17:18:53.168	SYSTEM	SIMULATOR	RECV	MACHINE_MODE_CHANGE_REPORT_REPLY (NOT EXIST SCANPROPERTY) [CURRENT_RECIPE_CHANGE_ACK#CURRENT_RECIPE_CHANGE_ACK#MACHINE_MODE_CHANGE_REPORT_REPLY#STAGE_GLASS_EXIST_REPLY#COMMUNICATION_ACK|O#CIM_MODE|2#RECIPE_LIST_REQ#]
2017-02-27 17:18:53.422	SYSTEM	SIMULATOR	RECV	STAGE_GLASS_EXIST_REPLY (NOT EXIST SCANPROPERTY) [CURRENT_RECIPE_CHANGE_ACK#CURRENT_RECIPE_CHANGE_ACK#MACHINE_MODE_CHANGE_REPORT_REPLY#STAGE_GLASS_EXIST_REPLY#COMMUNICATION_ACK|O#CIM_MODE|2#RECIPE_LIST_REQ#]
2017-02-27 17:18:53.676	SYSTEM	SIMULATOR	RECV	COMMUNICATION_ACK|O (NOT EXIST SCANPROPERTY) [CURRENT_RECIPE_CHANGE_ACK#CURRENT_RECIPE_CHANGE_ACK#MACHINE_MODE_CHANGE_REPORT_REPLY#STAGE_GLASS_EXIST_REPLY#COMMUNICATION_ACK|O#CIM_MODE|2#RECIPE_LIST_REQ#]
2017-02-27 17:18:53.928	SYSTEM	SIMULATOR	RECV	CIM_MODE|2 (NOT EXIST SCANPROPERTY) [CURRENT_RECIPE_CHANGE_ACK#CURRENT_RECIPE_CHANGE_ACK#MACHINE_MODE_CHANGE_REPORT_REPLY#STAGE_GLASS_EXIST_REPLY#COMMUNICATION_ACK|O#CIM_MODE|2#RECIPE_LIST_REQ#]
2017-02-27 17:18:53.928	SYSTEM	SIMULATOR	RECV	RECIPE_LIST_REQ (NOT EXIST SCANPROPERTY) [CURRENT_RECIPE_CHANGE_ACK#CURRENT_RECIPE_CHANGE_ACK#MACHINE_MODE_CHANGE_REPORT_REPLY#STAGE_GLASS_EXIST_REPLY#COMMUNICATION_ACK|O#CIM_MODE|2#RECIPE_LIST_REQ#]
2017-02-27 17:18:53.931	SYSTEM	SIMULATOR	SEND	RECIPE_LIST_REQ_REPLY|4#
2017-02-27 17:18:54.184	SYSTEM	SIMULATOR	RECV	ALIVE (NOT EXIST SCANPROPERTY) [ALIVE#ALIVE#]
2017-02-27 17:18:54.436	SYSTEM	SIMULATOR	SEND	ALIVE_REPLY#
2017-02-27 17:18:54.688	SYSTEM	SIMULATOR	RECV	ALIVE (NOT EXIST SCANPROPERTY) [ALIVE#ALIVE#]
2017-02-27 17:18:55.194	SYSTEM	SIMULATOR	RECV	ALIVE (NOT EXIST SCANPROPERTY) [ALIVE#]
2017-02-27 17:18:56.139	SYSTEM	SIMULATOR	RECV	ALIVE (NOT EXIST SCANPROPERTY) [ALIVE#]
2017-02-27 17:18:57.140	SYSTEM	SIMULATOR	RECV	ALIVE (NOT EXIST SCANPROPERTY) [ALIVE#]
2017-02-27 17:18:58.141	SYSTEM	SIMULATOR	RECV	ALIVE (NOT EXIST SCANPROPERTY) [ALIVE#]
2017-02-27 17:18:59.144	SYSTEM	SIMULATOR	RECV	ALIVE (NOT EXIST SCANPROPERTY) [ALIVE#]
2017-02-27 17:19:00.142	SYSTEM	SIMULATOR	RECV	ALIVE (NOT EXIST SCANPROPERTY) [ALIVE#]
2017-02-27 17:19:01.143	SYSTEM	SIMULATOR	RECV	ALIVE (NOT EXIST SCANPROPERTY) [ALIVE#]
2017-02-27 17:19:01.357	SYSTEM	SIMULATOR	SEND	LOAD_REQUEST#
2017-02-27 17:19:01.394	SYSTEM	SIMULATOR	SEND	ALIVE_REPLY#
2017-02-27 17:19:01.647	SYSTEM	SIMULATOR	RECV	LOAD_REQUEST_REPLY (NOT EXIST SCANPROPERTY) [LOAD_REQUEST_REPLY#]
2017-02-27 17:19:02.144	SYSTEM	SIMULATOR	RECV	ALIVE (NOT EXIST SCANPROPERTY) [ALIVE#]
2017-02-27 17:19:03.144	SYSTEM	SIMULATOR	RECV	ALIVE (NOT EXIST SCANPROPERTY) [ALIVE#]
2017-02-27 17:19:04.145	SYSTEM	SIMULATOR	RECV	ALIVE (NOT EXIST SCANPROPERTY) [ALIVE#]
2017-02-27 17:19:05.146	SYSTEM	SIMULATOR	RECV	ALIVE (NOT EXIST SCANPROPERTY) [ALIVE#]
2017-02-27 17:19:06.147	SYSTEM	SIMULATOR	RECV	ALIVE (NOT EXIST SCANPROPERTY) [ALIVE#]
2017-02-27 17:19:06.650	SYSTEM	SIMULATOR	RECV	STATE_REQUEST (NOT EXIST SCANPROPERTY) [STATE_REQUEST#]
2017-02-27 17:19:06.653	SYSTEM	SIMULATOR	SEND	STATE_REQUEST_ACK|1|2#
2017-02-27 17:19:07.148	SYSTEM	SIMULATOR	RECV	ALIVE (NOT EXIST SCANPROPERTY) [ALIVE#]
2017-02-27 17:19:07.399	SYSTEM	SIMULATOR	SEND	ALIVE_REPLY#
2017-02-27 17:19:08.149	SYSTEM	SIMULATOR	RECV	ALIVE (NOT EXIST SCANPROPERTY) [ALIVE#]
2017-02-27 17:19:09.150	SYSTEM	SIMULATOR	RECV	ALIVE (NOT EXIST SCANPROPERTY) [ALIVE#]
2017-02-27 17:19:10.151	SYSTEM	SIMULATOR	RECV	ALIVE (NOT EXIST SCANPROPERTY) [ALIVE#]
2017-02-27 17:19:11.153	SYSTEM	SIMULATOR	RECV	ALIVE (NOT EXIST SCANPROPERTY) [ALIVE#]
2017-02-27 17:19:12.153	SYSTEM	SIMULATOR	RECV	ALIVE (NOT EXIST SCANPROPERTY) [ALIVE#]
2017-02-27 17:19:13.155	SYSTEM	SIMULATOR	RECV	ALIVE (NOT EXIST SCANPROPERTY) [ALIVE#]
2017-02-27 17:19:14.155	SYSTEM	SIMULATOR	RECV	ALIVE (NOT EXIST SCANPROPERTY) [ALIVE#]
2017-02-27 17:19:15.156	SYSTEM	SIMULATOR	RECV	ALIVE (NOT EXIST SCANPROPERTY) [ALIVE#]
2017-02-27 17:19:16.157	SYSTEM	SIMULATOR	RECV	ALIVE (NOT EXIST SCANPROPERTY) [ALIVE#]
2017-02-27 17:19:17.158	SYSTEM	SIMULATOR	RECV	ALIVE (NOT EXIST SCANPROPERTY) [ALIVE#]
2017-02-27 17:19:18.159	SYSTEM	SIMULATOR	RECV	ALIVE (NOT EXIST SCANPROPERTY) [ALIVE#]
2017-02-27 17:19:19.160	SYSTEM	SIMULATOR	RECV	ALIVE (NOT EXIST SCANPROPERTY) [ALIVE#]
2017-02-27 17:19:20.161	SYSTEM	SIMULATOR	RECV	ALIVE (NOT EXIST SCANPROPERTY) [ALIVE#]
2017-02-27 17:19:21.162	SYSTEM	SIMULATOR	RECV	ALIVE (NOT EXIST SCANPROPERTY) [ALIVE#]
2017-02-27 17:19:22.162	SYSTEM	SIMULATOR	RECV	ALIVE (NOT EXIST SCANPROPERTY) [ALIVE#]
2017-02-27 17:19:23.163	SYSTEM	SIMULATOR	RECV	ALIVE (NOT EXIST SCANPROPERTY) [ALIVE#]
2017-02-27 17:19:24.164	SYSTEM	SIMULATOR	RECV	ALIVE (NOT EXIST SCANPROPERTY) [ALIVE#]
2017-02-27 17:19:25.165	SYSTEM	SIMULATOR	RECV	ALIVE (NOT EXIST SCANPROPERTY) [ALIVE#]
2017-02-27 17:19:26.166	SYSTEM	SIMULATOR	RECV	ALIVE (NOT EXIST SCANPROPERTY) [ALIVE#]
2017-02-27 17:19:27.167	SYSTEM	SIMULATOR	RECV	ALIVE (NOT EXIST SCANPROPERTY) [ALIVE#]
2017-02-27 17:19:28.168	SYSTEM	SIMULATOR	RECV	ALIVE (NOT EXIST SCANPROPERTY) [ALIVE#]
2017-02-27 17:19:29.169	SYSTEM	SIMULATOR	RECV	ALIVE (NOT EXIST SCANPROPERTY) [ALIVE#]
2017-02-27 17:19:30.171	SYSTEM	SIMULATOR	RECV	ALIVE (NOT EXIST SCANPROPERTY) [ALIVE#]
2017-02-27 17:19:31.171	SYSTEM	SIMULATOR	RECV	ALIVE (NOT EXIST SCANPROPERTY) [ALIVE#]
2017-02-27 17:19:32.172	SYSTEM	SIMULATOR	RECV	ALIVE (NOT EXIST SCANPROPERTY) [ALIVE#]
2017-02-27 17:19:33.173	SYSTEM	SIMULATOR	RECV	ALIVE (NOT EXIST SCANPROPERTY) [ALIVE#]
2017-02-27 17:19:34.174	SYSTEM	SIMULATOR	RECV	ALIVE (NOT EXIST SCANPROPERTY) [ALIVE#]
2017-02-27 17:19:35.175	SYSTEM	SIMULATOR	RECV	ALIVE (NOT EXIST SCANPROPERTY) [ALIVE#]
2017-02-27 17:19:36.176	SYSTEM	SIMULATOR	RECV	ALIVE (NOT EXIST SCANPROPERTY) [ALIVE#]
2017-02-27 17:19:37.177	SYSTEM	SIMULATOR	RECV	ALIVE (NOT EXIST SCANPROPERTY) [ALIVE#]
2017-02-27 17:19:38.177	SYSTEM	SIMULATOR	RECV	ALIVE (NOT EXIST SCANPROPERTY) [ALIVE#]
2017-02-27 17:19:39.178	SYSTEM	SIMULATOR	RECV	ALIVE (NOT EXIST SCANPROPERTY) [ALIVE#]
2017-02-27 17:19:40.179	SYSTEM	SIMULATOR	RECV	ALIVE (NOT EXIST SCANPROPERTY) [ALIVE#]
2017-02-27 17:19:41.180	SYSTEM	SIMULATOR	RECV	ALIVE (NOT EXIST SCANPROPERTY) [ALIVE#]
2017-02-27 17:19:42.181	SYSTEM	SIMULATOR	RECV	ALIVE (NOT EXIST SCANPROPERTY) [ALIVE#]
2017-02-27 17:19:43.183	SYSTEM	SIMULATOR	RECV	ALIVE (NOT EXIST SCANPROPERTY) [ALIVE#]
2017-02-27 17:19:44.183	SYSTEM	SIMULATOR	RECV	ALIVE (NOT EXIST SCANPROPERTY) [ALIVE#]
2017-02-27 17:19:45.184	SYSTEM	SIMULATOR	RECV	ALIVE (NOT EXIST SCANPROPERTY) [ALIVE#]
2017-02-27 17:19:46.185	SYSTEM	SIMULATOR	RECV	ALIVE (NOT EXIST SCANPROPERTY) [ALIVE#]
2017-02-27 17:19:47.186	SYSTEM	SIMULATOR	RECV	ALIVE (NOT EXIST SCANPROPERTY) [ALIVE#]
2017-02-27 17:19:48.187	SYSTEM	SIMULATOR	RECV	ALIVE (NOT EXIST SCANPROPERTY) [ALIVE#]
2017-02-27 17:19:49.188	SYSTEM	SIMULATOR	RECV	ALIVE (NOT EXIST SCANPROPERTY) [ALIVE#]
2017-02-27 17:19:50.189	SYSTEM	SIMULATOR	RECV	ALIVE (NOT EXIST SCANPROPERTY) [ALIVE#]
2017-02-27 17:19:51.190	SYSTEM	SIMULATOR	RECV	ALIVE (NOT EXIST SCANPROPERTY) [ALIVE#]
2017-02-27 17:19:52.190	SYSTEM	SIMULATOR	RECV	ALIVE (NOT EXIST SCANPROPERTY) [ALIVE#]
2017-02-27 17:19:53.192	SYSTEM	SIMULATOR	RECV	ALIVE (NOT EXIST SCANPROPERTY) [ALIVE#]
2017-02-27 17:19:54.192	SYSTEM	SIMULATOR	RECV	ALIVE (NOT EXIST SCANPROPERTY) [ALIVE#]
2017-02-27 17:19:55.194	SYSTEM	SIMULATOR	RECV	ALIVE (NOT EXIST SCANPROPERTY) [ALIVE#]
2017-02-27 17:19:56.194	SYSTEM	SIMULATOR	RECV	ALIVE (NOT EXIST SCANPROPERTY) [ALIVE#]
2017-02-27 17:19:57.195	SYSTEM	SIMULATOR	RECV	ALIVE (NOT EXIST SCANPROPERTY) [ALIVE#]
2017-02-27 17:19:58.196	SYSTEM	SIMULATOR	RECV	ALIVE (NOT EXIST SCANPROPERTY) [ALIVE#]
2017-02-27 17:19:59.197	SYSTEM	SIMULATOR	RECV	ALIVE (NOT EXIST SCANPROPERTY) [ALIVE#]
2017-02-27 17:20:00.198	SYSTEM	SIMULATOR	RECV	ALIVE (NOT EXIST SCANPROPERTY) [ALIVE#]
2017-02-27 17:20:01.199	SYSTEM	SIMULATOR	RECV	ALIVE (NOT EXIST SCANPROPERTY) [ALIVE#]
2017-02-27 17:20:02.201	SYSTEM	SIMULATOR	RECV	ALIVE (NOT EXIST SCANPROPERTY) [ALIVE#]
2017-02-27 17:20:03.201	SYSTEM	SIMULATOR	RECV	ALIVE (NOT EXIST SCANPROPERTY) [ALIVE#]
2017-02-27 17:20:04.202	SYSTEM	SIMULATOR	RECV	ALIVE (NOT EXIST SCANPROPERTY) [ALIVE#]
2017-02-27 17:20:05.203	SYSTEM	SIMULATOR	RECV	ALIVE (NOT EXIST SCANPROPERTY) [ALIVE#]
2017-02-27 17:20:06.204	SYSTEM	SIMULATOR	RECV	ALIVE (NOT EXIST SCANPROPERTY) [ALIVE#]
2017-02-27 17:20:07.205	SYSTEM	SIMULATOR	RECV	ALIVE (NOT EXIST SCANPROPERTY) [ALIVE#]
2017-02-27 17:20:08.206	SYSTEM	SIMULATOR	RECV	ALIVE (NOT EXIST SCANPROPERTY) [ALIVE#]
2017-02-27 17:20:09.207	SYSTEM	SIMULATOR	RECV	ALIVE (NOT EXIST SCANPROPERTY) [ALIVE#]
2017-02-27 17:20:10.208	SYSTEM	SIMULATOR	RECV	ALIVE (NOT EXIST SCANPROPERTY) [ALIVE#]
2017-02-27 17:20:11.209	SYSTEM	SIMULATOR	RECV	ALIVE (NOT EXIST SCANPROPERTY) [ALIVE#]
2017-02-27 17:20:12.210	SYSTEM	SIMULATOR	RECV	ALIVE (NOT EXIST SCANPROPERTY) [ALIVE#]
2017-02-27 17:20:13.211	SYSTEM	SIMULATOR	RECV	ALIVE (NOT EXIST SCANPROPERTY) [ALIVE#]
2017-02-27 17:20:14.212	SYSTEM	SIMULATOR	RECV	ALIVE (NOT EXIST SCANPROPERTY) [ALIVE#]
2017-02-27 17:20:15.213	SYSTEM	SIMULATOR	RECV	ALIVE (NOT EXIST SCANPROPERTY) [ALIVE#]
2017-02-27 17:20:16.214	SYSTEM	SIMULATOR	RECV	ALIVE (NOT EXIST SCANPROPERTY) [ALIVE#]
2017-02-27 17:20:17.215	SYSTEM	SIMULATOR	RECV	ALIVE (NOT EXIST SCANPROPERTY) [ALIVE#]
2017-02-27 17:20:18.215	SYSTEM	SIMULATOR	RECV	ALIVE (NOT EXIST SCANPROPERTY) [ALIVE#]
2017-02-27 17:20:19.216	SYSTEM	SIMULATOR	RECV	ALIVE (NOT EXIST SCANPROPERTY) [ALIVE#]
2017-02-27 17:20:20.218	SYSTEM	SIMULATOR	RECV	ALIVE (NOT EXIST SCANPROPERTY) [ALIVE#]
2017-02-27 17:20:21.219	SYSTEM	SIMULATOR	RECV	ALIVE (NOT EXIST SCANPROPERTY) [ALIVE#]
2017-02-27 17:20:22.219	SYSTEM	SIMULATOR	RECV	ALIVE (NOT EXIST SCANPROPERTY) [ALIVE#]
2017-02-27 17:20:23.220	SYSTEM	SIMULATOR	RECV	ALIVE (NOT EXIST SCANPROPERTY) [ALIVE#]
2017-02-27 17:20:24.221	SYSTEM	SIMULATOR	RECV	ALIVE (NOT EXIST SCANPROPERTY) [ALIVE#]
2017-02-27 17:20:25.222	SYSTEM	SIMULATOR	RECV	ALIVE (NOT EXIST SCANPROPERTY) [ALIVE#]
2017-02-27 17:20:26.224	SYSTEM	SIMULATOR	RECV	ALIVE (NOT EXIST SCANPROPERTY) [ALIVE#]
2017-02-27 17:20:27.223	SYSTEM	SIMULATOR	RECV	ALIVE (NOT EXIST SCANPROPERTY) [ALIVE#]
2017-02-27 17:20:28.224	SYSTEM	SIMULATOR	RECV	ALIVE (NOT EXIST SCANPROPERTY) [ALIVE#]
2017-02-27 17:20:29.225	SYSTEM	SIMULATOR	RECV	ALIVE (NOT EXIST SCANPROPERTY) [ALIVE#]
2017-02-27 17:20:30.226	SYSTEM	SIMULATOR	RECV	ALIVE (NOT EXIST SCANPROPERTY) [ALIVE#]
2017-02-27 17:20:31.227	SYSTEM	SIMULATOR	RECV	ALIVE (NOT EXIST SCANPROPERTY) [ALIVE#]
2017-02-27 17:20:32.227	SYSTEM	SIMULATOR	RECV	ALIVE (NOT EXIST SCANPROPERTY) [ALIVE#]
2017-02-27 17:20:33.228	SYSTEM	SIMULATOR	RECV	ALIVE (NOT EXIST SCANPROPERTY) [ALIVE#]
2017-02-27 17:20:34.229	SYSTEM	SIMULATOR	RECV	ALIVE (NOT EXIST SCANPROPERTY) [ALIVE#]
2017-02-27 17:20:35.230	SYSTEM	SIMULATOR	RECV	ALIVE (NOT EXIST SCANPROPERTY) [ALIVE#]
2017-02-27 17:20:36.231	SYSTEM	SIMULATOR	RECV	ALIVE (NOT EXIST SCANPROPERTY) [ALIVE#]
2017-02-27 17:20:37.232	SYSTEM	SIMULATOR	RECV	ALIVE (NOT EXIST SCANPROPERTY) [ALIVE#]
2017-02-27 17:20:38.233	SYSTEM	SIMULATOR	RECV	ALIVE (NOT EXIST SCANPROPERTY) [ALIVE#]
2017-02-27 17:20:39.234	SYSTEM	SIMULATOR	RECV	ALIVE (NOT EXIST SCANPROPERTY) [ALIVE#]
2017-02-27 17:20:40.235	SYSTEM	SIMULATOR	RECV	ALIVE (NOT EXIST SCANPROPERTY) [ALIVE#]
2017-02-27 17:20:41.238	SYSTEM	SIMULATOR	RECV	ALIVE (NOT EXIST SCANPROPERTY) [ALIVE#]
2017-02-27 17:20:42.238	SYSTEM	SIMULATOR	RECV	ALIVE (NOT EXIST SCANPROPERTY) [ALIVE#]
2017-02-27 17:20:43.238	SYSTEM	SIMULATOR	RECV	ALIVE (NOT EXIST SCANPROPERTY) [ALIVE#]
2017-02-27 17:20:44.239	SYSTEM	SIMULATOR	RECV	ALIVE (NOT EXIST SCANPROPERTY) [ALIVE#]
2017-02-27 17:20:45.240	SYSTEM	SIMULATOR	RECV	ALIVE (NOT EXIST SCANPROPERTY) [ALIVE#]
2017-02-27 17:20:46.241	SYSTEM	SIMULATOR	RECV	ALIVE (NOT EXIST SCANPROPERTY) [ALIVE#]
2017-02-27 17:20:47.242	SYSTEM	SIMULATOR	RECV	ALIVE (NOT EXIST SCANPROPERTY) [ALIVE#]
2017-02-27 17:20:48.243	SYSTEM	SIMULATOR	RECV	ALIVE (NOT EXIST SCANPROPERTY) [ALIVE#]
2017-02-27 17:20:49.244	SYSTEM	SIMULATOR	RECV	ALIVE (NOT EXIST SCANPROPERTY) [ALIVE#]
2017-02-27 17:20:50.245	SYSTEM	SIMULATOR	RECV	ALIVE (NOT EXIST SCANPROPERTY) [ALIVE#]
2017-02-27 17:20:51.246	SYSTEM	SIMULATOR	RECV	ALIVE (NOT EXIST SCANPROPERTY) [ALIVE#]
2017-02-27 17:20:52.248	SYSTEM	SIMULATOR	RECV	ALIVE (NOT EXIST SCANPROPERTY) [ALIVE#]
2017-02-27 17:20:53.248	SYSTEM	SIMULATOR	RECV	ALIVE (NOT EXIST SCANPROPERTY) [ALIVE#]
2017-02-27 17:20:54.249	SYSTEM	SIMULATOR	RECV	ALIVE (NOT EXIST SCANPROPERTY) [ALIVE#]
2017-02-27 17:20:55.250	SYSTEM	SIMULATOR	RECV	ALIVE (NOT EXIST SCANPROPERTY) [ALIVE#]
2017-02-27 17:20:56.251	SYSTEM	SIMULATOR	RECV	ALIVE (NOT EXIST SCANPROPERTY) [ALIVE#]
2017-02-27 17:20:57.252	SYSTEM	SIMULATOR	RECV	ALIVE (NOT EXIST SCANPROPERTY) [ALIVE#]
2017-02-27 17:20:58.253	SYSTEM	SIMULATOR	RECV	ALIVE (NOT EXIST SCANPROPERTY) [ALIVE#]
2017-02-27 17:20:59.253	SYSTEM	SIMULATOR	RECV	ALIVE (NOT EXIST SCANPROPERTY) [ALIVE#]
2017-02-27 17:21:00.254	SYSTEM	SIMULATOR	RECV	ALIVE (NOT EXIST SCANPROPERTY) [ALIVE#]
2017-02-27 17:21:01.255	SYSTEM	SIMULATOR	RECV	ALIVE (NOT EXIST SCANPROPERTY) [ALIVE#]
2017-02-27 17:21:02.256	SYSTEM	SIMULATOR	RECV	ALIVE (NOT EXIST SCANPROPERTY) [ALIVE#]
2017-02-27 17:21:03.257	SYSTEM	SIMULATOR	RECV	ALIVE (NOT EXIST SCANPROPERTY) [ALIVE#]
2017-02-27 17:21:04.258	SYSTEM	SIMULATOR	RECV	ALIVE (NOT EXIST SCANPROPERTY) [ALIVE#]
2017-02-27 17:21:05.259	SYSTEM	SIMULATOR	RECV	ALIVE (NOT EXIST SCANPROPERTY) [ALIVE#]
2017-02-27 17:21:06.260	SYSTEM	SIMULATOR	RECV	ALIVE (NOT EXIST SCANPROPERTY) [ALIVE#]
2017-02-27 17:21:07.261	SYSTEM	SIMULATOR	RECV	ALIVE (NOT EXIST SCANPROPERTY) [ALIVE#]
2017-02-27 17:21:08.262	SYSTEM	SIMULATOR	RECV	ALIVE (NOT EXIST SCANPROPERTY) [ALIVE#]
2017-02-27 17:21:09.263	SYSTEM	SIMULATOR	RECV	ALIVE (NOT EXIST SCANPROPERTY) [ALIVE#]
2017-02-27 17:21:10.264	SYSTEM	SIMULATOR	RECV	ALIVE (NOT EXIST SCANPROPERTY) [ALIVE#]
2017-02-27 17:21:11.265	SYSTEM	SIMULATOR	RECV	ALIVE (NOT EXIST SCANPROPERTY) [ALIVE#]
2017-02-27 17:21:12.266	SYSTEM	SIMULATOR	RECV	ALIVE (NOT EXIST SCANPROPERTY) [ALIVE#]
2017-02-27 17:21:13.267	SYSTEM	SIMULATOR	RECV	ALIVE (NOT EXIST SCANPROPERTY) [ALIVE#]
2017-02-27 17:21:14.268	SYSTEM	SIMULATOR	RECV	ALIVE (NOT EXIST SCANPROPERTY) [ALIVE#]
2017-02-27 17:21:15.270	SYSTEM	SIMULATOR	RECV	ALIVE (NOT EXIST SCANPROPERTY) [ALIVE#]
2017-02-27 17:21:16.270	SYSTEM	SIMULATOR	RECV	ALIVE (NOT EXIST SCANPROPERTY) [ALIVE#]
2017-02-27 17:21:17.271	SYSTEM	SIMULATOR	RECV	ALIVE (NOT EXIST SCANPROPERTY) [ALIVE#]
2017-02-27 17:21:18.272	SYSTEM	SIMULATOR	RECV	ALIVE (NOT EXIST SCANPROPERTY) [ALIVE#]
2017-02-27 17:21:19.273	SYSTEM	SIMULATOR	RECV	ALIVE (NOT EXIST SCANPROPERTY) [ALIVE#]
2017-02-27 17:21:20.274	SYSTEM	SIMULATOR	RECV	ALIVE (NOT EXIST SCANPROPERTY) [ALIVE#]
2017-02-27 17:21:21.275	SYSTEM	SIMULATOR	RECV	ALIVE (NOT EXIST SCANPROPERTY) [ALIVE#]
2017-02-27 17:21:22.276	SYSTEM	SIMULATOR	RECV	ALIVE (NOT EXIST SCANPROPERTY) [ALIVE#]
2017-02-27 17:21:23.277	SYSTEM	SIMULATOR	RECV	ALIVE (NOT EXIST SCANPROPERTY) [ALIVE#]
2017-02-27 17:21:24.277	SYSTEM	SIMULATOR	RECV	ALIVE (NOT EXIST SCANPROPERTY) [ALIVE#]
2017-02-27 17:21:25.278	SYSTEM	SIMULATOR	RECV	ALIVE (NOT EXIST SCANPROPERTY) [ALIVE#]
2017-02-27 17:21:26.279	SYSTEM	SIMULATOR	RECV	ALIVE (NOT EXIST SCANPROPERTY) [ALIVE#]
2017-02-27 17:21:27.280	SYSTEM	SIMULATOR	RECV	ALIVE (NOT EXIST SCANPROPERTY) [ALIVE#]
2017-02-27 17:21:28.282	SYSTEM	SIMULATOR	RECV	ALIVE (NOT EXIST SCANPROPERTY) [ALIVE#]
2017-02-27 17:21:29.282	SYSTEM	SIMULATOR	RECV	ALIVE (NOT EXIST SCANPROPERTY) [ALIVE#]
2017-02-27 17:21:30.283	SYSTEM	SIMULATOR	RECV	ALIVE (NOT EXIST SCANPROPERTY) [ALIVE#]
2017-02-27 17:21:31.284	SYSTEM	SIMULATOR	RECV	ALIVE (NOT EXIST SCANPROPERTY) [ALIVE#]
2017-02-27 17:21:32.285	SYSTEM	SIMULATOR	RECV	ALIVE (NOT EXIST SCANPROPERTY) [ALIVE#]
2017-02-27 17:21:33.286	SYSTEM	SIMULATOR	RECV	ALIVE (NOT EXIST SCANPROPERTY) [ALIVE#]
2017-02-27 17:21:34.287	SYSTEM	SIMULATOR	RECV	ALIVE (NOT EXIST SCANPROPERTY) [ALIVE#]
2017-02-27 17:21:35.287	SYSTEM	SIMULATOR	RECV	ALIVE (NOT EXIST SCANPROPERTY) [ALIVE#]
2017-02-27 17:21:36.288	SYSTEM	SIMULATOR	RECV	ALIVE (NOT EXIST SCANPROPERTY) [ALIVE#]
2017-02-27 17:21:37.290	SYSTEM	SIMULATOR	RECV	ALIVE (NOT EXIST SCANPROPERTY) [ALIVE#]
2017-02-27 17:21:38.291	SYSTEM	SIMULATOR	RECV	ALIVE (NOT EXIST SCANPROPERTY) [ALIVE#]
2017-02-27 17:21:39.292	SYSTEM	SIMULATOR	RECV	ALIVE (NOT EXIST SCANPROPERTY) [ALIVE#]
2017-02-27 17:21:40.293	SYSTEM	SIMULATOR	RECV	ALIVE (NOT EXIST SCANPROPERTY) [ALIVE#]
2017-02-27 17:21:41.293	SYSTEM	SIMULATOR	RECV	ALIVE (NOT EXIST SCANPROPERTY) [ALIVE#]
2017-02-27 17:21:42.294	SYSTEM	SIMULATOR	RECV	ALIVE (NOT EXIST SCANPROPERTY) [ALIVE#]
2017-02-27 17:21:43.296	SYSTEM	SIMULATOR	RECV	ALIVE (NOT EXIST SCANPROPERTY) [ALIVE#]
2017-02-27 17:21:44.296	SYSTEM	SIMULATOR	RECV	ALIVE (NOT EXIST SCANPROPERTY) [ALIVE#]
2017-02-27 17:21:45.297	SYSTEM	SIMULATOR	RECV	ALIVE (NOT EXIST SCANPROPERTY) [ALIVE#]
2017-02-27 17:21:46.298	SYSTEM	SIMULATOR	RECV	ALIVE (NOT EXIST SCANPROPERTY) [ALIVE#]
2017-02-27 17:21:47.299	SYSTEM	SIMULATOR	RECV	ALIVE (NOT EXIST SCANPROPERTY) [ALIVE#]
2017-02-27 17:21:48.300	SYSTEM	SIMULATOR	RECV	ALIVE (NOT EXIST SCANPROPERTY) [ALIVE#]
2017-02-27 17:21:49.301	SYSTEM	SIMULATOR	RECV	ALIVE (NOT EXIST SCANPROPERTY) [ALIVE#]
2017-02-27 17:21:50.302	SYSTEM	SIMULATOR	RECV	ALIVE (NOT EXIST SCANPROPERTY) [ALIVE#]
2017-02-27 17:21:51.303	SYSTEM	SIMULATOR	RECV	ALIVE (NOT EXIST SCANPROPERTY) [ALIVE#]
2017-02-27 17:21:52.304	SYSTEM	SIMULATOR	RECV	ALIVE (NOT EXIST SCANPROPERTY) [ALIVE#]
2017-02-27 17:21:53.305	SYSTEM	SIMULATOR	RECV	ALIVE (NOT EXIST SCANPROPERTY) [ALIVE#]
2017-02-27 17:21:54.306	SYSTEM	SIMULATOR	RECV	ALIVE (NOT EXIST SCANPROPERTY) [ALIVE#]
2017-02-27 17:21:55.308	SYSTEM	SIMULATOR	RECV	ALIVE (NOT EXIST SCANPROPERTY) [ALIVE#]
2017-02-27 17:21:56.308	SYSTEM	SIMULATOR	RECV	ALIVE (NOT EXIST SCANPROPERTY) [ALIVE#]
2017-02-27 17:21:57.310	SYSTEM	SIMULATOR	RECV	ALIVE (NOT EXIST SCANPROPERTY) [ALIVE#]
2017-02-27 17:21:58.311	SYSTEM	SIMULATOR	RECV	ALIVE (NOT EXIST SCANPROPERTY) [ALIVE#]
2017-02-27 17:21:59.312	SYSTEM	SIMULATOR	RECV	ALIVE (NOT EXIST SCANPROPERTY) [ALIVE#]
2017-02-27 17:22:00.313	SYSTEM	SIMULATOR	RECV	ALIVE (NOT EXIST SCANPROPERTY) [ALIVE#]
2017-02-27 17:22:01.314	SYSTEM	SIMULATOR	RECV	ALIVE (NOT EXIST SCANPROPERTY) [ALIVE#]
2017-02-27 17:22:02.315	SYSTEM	SIMULATOR	RECV	ALIVE (NOT EXIST SCANPROPERTY) [ALIVE#]
2017-02-27 17:22:03.316	SYSTEM	SIMULATOR	RECV	ALIVE (NOT EXIST SCANPROPERTY) [ALIVE#]
2017-02-27 17:22:04.317	SYSTEM	SIMULATOR	RECV	ALIVE (NOT EXIST SCANPROPERTY) [ALIVE#]
2017-02-27 17:22:05.318	SYSTEM	SIMULATOR	RECV	ALIVE (NOT EXIST SCANPROPERTY) [ALIVE#]
2017-02-27 17:22:06.319	SYSTEM	SIMULATOR	RECV	ALIVE (NOT EXIST SCANPROPERTY) [ALIVE#]
2017-02-27 17:22:07.320	SYSTEM	SIMULATOR	RECV	ALIVE (NOT EXIST SCANPROPERTY) [ALIVE#]
2017-02-27 17:22:08.321	SYSTEM	SIMULATOR	RECV	ALIVE (NOT EXIST SCANPROPERTY) [ALIVE#]
2017-02-27 17:22:09.322	SYSTEM	SIMULATOR	RECV	ALIVE (NOT EXIST SCANPROPERTY) [ALIVE#]
2017-02-27 17:22:10.324	SYSTEM	SIMULATOR	RECV	ALIVE (NOT EXIST SCANPROPERTY) [ALIVE#]
2017-02-27 17:22:11.323	SYSTEM	SIMULATOR	RECV	ALIVE (NOT EXIST SCANPROPERTY) [ALIVE#]
2017-02-27 17:22:12.324	SYSTEM	SIMULATOR	RECV	ALIVE (NOT EXIST SCANPROPERTY) [ALIVE#]
2017-02-27 17:22:13.325	SYSTEM	SIMULATOR	RECV	ALIVE (NOT EXIST SCANPROPERTY) [ALIVE#]
2017-02-27 17:22:14.327	SYSTEM	SIMULATOR	RECV	ALIVE (NOT EXIST SCANPROPERTY) [ALIVE#]
2017-02-27 17:22:15.329	SYSTEM	SIMULATOR	RECV	ALIVE (NOT EXIST SCANPROPERTY) [ALIVE#]
2017-02-27 17:22:16.329	SYSTEM	SIMULATOR	RECV	ALIVE (NOT EXIST SCANPROPERTY) [ALIVE#]
2017-02-27 17:22:17.330	SYSTEM	SIMULATOR	RECV	ALIVE (NOT EXIST SCANPROPERTY) [ALIVE#]
2017-02-27 17:22:18.331	SYSTEM	SIMULATOR	RECV	ALIVE (NOT EXIST SCANPROPERTY) [ALIVE#]
2017-02-27 17:22:19.332	SYSTEM	SIMULATOR	RECV	ALIVE (NOT EXIST SCANPROPERTY) [ALIVE#]
2017-02-27 17:22:20.333	SYSTEM	SIMULATOR	RECV	ALIVE (NOT EXIST SCANPROPERTY) [ALIVE#]
2017-02-27 17:22:21.334	SYSTEM	SIMULATOR	RECV	ALIVE (NOT EXIST SCANPROPERTY) [ALIVE#]
2017-02-27 17:22:22.334	SYSTEM	SIMULATOR	RECV	ALIVE (NOT EXIST SCANPROPERTY) [ALIVE#]
2017-02-27 17:22:23.335	SYSTEM	SIMULATOR	RECV	ALIVE (NOT EXIST SCANPROPERTY) [ALIVE#]
2017-02-27 17:22:24.337	SYSTEM	SIMULATOR	RECV	ALIVE (NOT EXIST SCANPROPERTY) [ALIVE#]
2017-02-27 17:22:25.337	SYSTEM	SIMULATOR	RECV	ALIVE (NOT EXIST SCANPROPERTY) [ALIVE#]
2017-02-27 17:22:26.339	SYSTEM	SIMULATOR	RECV	ALIVE (NOT EXIST SCANPROPERTY) [ALIVE#]
2017-02-27 17:22:27.340	SYSTEM	SIMULATOR	RECV	ALIVE (NOT EXIST SCANPROPERTY) [ALIVE#]
2017-02-27 17:22:28.340	SYSTEM	SIMULATOR	RECV	ALIVE (NOT EXIST SCANPROPERTY) [ALIVE#]
2017-02-27 17:22:29.341	SYSTEM	SIMULATOR	RECV	ALIVE (NOT EXIST SCANPROPERTY) [ALIVE#]
2017-02-27 17:22:30.341	SYSTEM	SIMULATOR	RECV	ALIVE (NOT EXIST SCANPROPERTY) [ALIVE#]
2017-02-27 17:22:31.342	SYSTEM	SIMULATOR	RECV	ALIVE (NOT EXIST SCANPROPERTY) [ALIVE#]
2017-02-27 17:22:32.343	SYSTEM	SIMULATOR	RECV	ALIVE (NOT EXIST SCANPROPERTY) [ALIVE#]
2017-02-27 17:22:33.343	SYSTEM	SIMULATOR	RECV	ALIVE (NOT EXIST SCANPROPERTY) [ALIVE#]
2017-02-27 17:22:34.345	SYSTEM	SIMULATOR	RECV	ALIVE (NOT EXIST SCANPROPERTY) [ALIVE#]
2017-02-27 17:22:35.346	SYSTEM	SIMULATOR	RECV	ALIVE (NOT EXIST SCANPROPERTY) [ALIVE#]
2017-02-27 17:22:36.347	SYSTEM	SIMULATOR	RECV	ALIVE (NOT EXIST SCANPROPERTY) [ALIVE#]
2017-02-27 17:22:37.348	SYSTEM	SIMULATOR	RECV	ALIVE (NOT EXIST SCANPROPERTY) [ALIVE#]
2017-02-27 17:22:38.348	SYSTEM	SIMULATOR	RECV	ALIVE (NOT EXIST SCANPROPERTY) [ALIVE#]
2017-02-27 17:22:39.349	SYSTEM	SIMULATOR	RECV	ALIVE (NOT EXIST SCANPROPERTY) [ALIVE#]
2017-02-27 17:22:40.350	SYSTEM	SIMULATOR	RECV	ALIVE (NOT EXIST SCANPROPERTY) [ALIVE#]
2017-02-27 17:22:41.351	SYSTEM	SIMULATOR	RECV	ALIVE (NOT EXIST SCANPROPERTY) [ALIVE#]
2017-02-27 17:22:42.353	SYSTEM	SIMULATOR	RECV	ALIVE (NOT EXIST SCANPROPERTY) [ALIVE#]
2017-02-27 17:22:43.354	SYSTEM	SIMULATOR	RECV	ALIVE (NOT EXIST SCANPROPERTY) [ALIVE#]
2017-02-27 17:22:44.355	SYSTEM	SIMULATOR	RECV	ALIVE (NOT EXIST SCANPROPERTY) [ALIVE#]
2017-02-27 17:22:45.356	SYSTEM	SIMULATOR	RECV	ALIVE (NOT EXIST SCANPROPERTY) [ALIVE#]
2017-02-27 17:22:46.357	SYSTEM	SIMULATOR	RECV	ALIVE (NOT EXIST SCANPROPERTY) [ALIVE#]
2017-02-27 17:22:47.358	SYSTEM	SIMULATOR	RECV	ALIVE (NOT EXIST SCANPROPERTY) [ALIVE#]
2017-02-27 17:22:48.359	SYSTEM	SIMULATOR	RECV	ALIVE (NOT EXIST SCANPROPERTY) [ALIVE#]
2017-02-27 17:22:49.361	SYSTEM	SIMULATOR	RECV	ALIVE (NOT EXIST SCANPROPERTY) [ALIVE#]
2017-02-27 17:22:50.362	SYSTEM	SIMULATOR	RECV	ALIVE (NOT EXIST SCANPROPERTY) [ALIVE#]
2017-02-27 17:22:51.363	SYSTEM	SIMULATOR	RECV	ALIVE (NOT EXIST SCANPROPERTY) [ALIVE#]
2017-02-27 17:22:52.364	SYSTEM	SIMULATOR	RECV	ALIVE (NOT EXIST SCANPROPERTY) [ALIVE#]
2017-02-27 17:22:53.365	SYSTEM	SIMULATOR	RECV	ALIVE (NOT EXIST SCANPROPERTY) [ALIVE#]
2017-02-27 17:22:54.366	SYSTEM	SIMULATOR	RECV	ALIVE (NOT EXIST SCANPROPERTY) [ALIVE#]
2017-02-27 17:22:55.367	SYSTEM	SIMULATOR	RECV	ALIVE (NOT EXIST SCANPROPERTY) [ALIVE#]
2017-02-27 17:22:56.367	SYSTEM	SIMULATOR	RECV	ALIVE (NOT EXIST SCANPROPERTY) [ALIVE#]
2017-02-27 17:22:57.369	SYSTEM	SIMULATOR	RECV	ALIVE (NOT EXIST SCANPROPERTY) [ALIVE#]
2017-02-27 17:22:58.369	SYSTEM	SIMULATOR	RECV	ALIVE (NOT EXIST SCANPROPERTY) [ALIVE#]
2017-02-27 17:22:59.371	SYSTEM	SIMULATOR	RECV	ALIVE (NOT EXIST SCANPROPERTY) [ALIVE#]
2017-02-27 17:23:00.372	SYSTEM	SIMULATOR	RECV	ALIVE (NOT EXIST SCANPROPERTY) [ALIVE#]
2017-02-27 17:23:01.372	SYSTEM	SIMULATOR	RECV	ALIVE (NOT EXIST SCANPROPERTY) [ALIVE#]
2017-02-27 17:23:02.374	SYSTEM	SIMULATOR	RECV	ALIVE (NOT EXIST SCANPROPERTY) [ALIVE#]
2017-02-27 17:23:03.375	SYSTEM	SIMULATOR	RECV	ALIVE (NOT EXIST SCANPROPERTY) [ALIVE#]
2017-02-27 17:23:04.376	SYSTEM	SIMULATOR	RECV	ALIVE (NOT EXIST SCANPROPERTY) [ALIVE#]
2017-02-27 17:23:05.377	SYSTEM	SIMULATOR	RECV	ALIVE (NOT EXIST SCANPROPERTY) [ALIVE#]
2017-02-27 17:23:06.378	SYSTEM	SIMULATOR	RECV	ALIVE (NOT EXIST SCANPROPERTY) [ALIVE#]
2017-02-27 17:23:07.379	SYSTEM	SIMULATOR	RECV	ALIVE (NOT EXIST SCANPROPERTY) [ALIVE#]
2017-02-27 17:23:08.380	SYSTEM	SIMULATOR	RECV	ALIVE (NOT EXIST SCANPROPERTY) [ALIVE#]
2017-02-27 17:23:09.384	SYSTEM	SIMULATOR	RECV	ALIVE (NOT EXIST SCANPROPERTY) [ALIVE#]
2017-02-27 17:23:10.383	SYSTEM	SIMULATOR	RECV	ALIVE (NOT EXIST SCANPROPERTY) [ALIVE#]
2017-02-27 17:23:11.384	SYSTEM	SIMULATOR	RECV	ALIVE (NOT EXIST SCANPROPERTY) [ALIVE#]
2017-02-27 17:23:12.384	SYSTEM	SIMULATOR	RECV	ALIVE (NOT EXIST SCANPROPERTY) [ALIVE#]
2017-02-27 17:23:13.385	SYSTEM	SIMULATOR	RECV	ALIVE (NOT EXIST SCANPROPERTY) [ALIVE#]
2017-02-27 17:23:14.386	SYSTEM	SIMULATOR	RECV	ALIVE (NOT EXIST SCANPROPERTY) [ALIVE#]
2017-02-27 17:23:15.387	SYSTEM	SIMULATOR	RECV	ALIVE (NOT EXIST SCANPROPERTY) [ALIVE#]
2017-02-27 17:23:16.388	SYSTEM	SIMULATOR	RECV	ALIVE (NOT EXIST SCANPROPERTY) [ALIVE#]
2017-02-27 17:23:17.388	SYSTEM	SIMULATOR	RECV	ALIVE (NOT EXIST SCANPROPERTY) [ALIVE#]
2017-02-27 17:23:18.389	SYSTEM	SIMULATOR	RECV	ALIVE (NOT EXIST SCANPROPERTY) [ALIVE#]
2017-02-27 17:23:19.390	SYSTEM	SIMULATOR	RECV	ALIVE (NOT EXIST SCANPROPERTY) [ALIVE#]
2017-02-27 17:23:20.392	SYSTEM	SIMULATOR	RECV	ALIVE (NOT EXIST SCANPROPERTY) [ALIVE#]
2017-02-27 17:23:21.393	SYSTEM	SIMULATOR	RECV	ALIVE (NOT EXIST SCANPROPERTY) [ALIVE#]
2017-02-27 17:23:22.394	SYSTEM	SIMULATOR	RECV	ALIVE (NOT EXIST SCANPROPERTY) [ALIVE#]
2017-02-27 17:23:23.395	SYSTEM	SIMULATOR	RECV	ALIVE (NOT EXIST SCANPROPERTY) [ALIVE#]
2017-02-27 17:23:24.396	SYSTEM	SIMULATOR	RECV	ALIVE (NOT EXIST SCANPROPERTY) [ALIVE#]
2017-02-27 17:23:25.397	SYSTEM	SIMULATOR	RECV	ALIVE (NOT EXIST SCANPROPERTY) [ALIVE#]
2017-02-27 17:23:26.398	SYSTEM	SIMULATOR	RECV	ALIVE (NOT EXIST SCANPROPERTY) [ALIVE#]
2017-02-27 17:23:27.399	SYSTEM	SIMULATOR	RECV	ALIVE (NOT EXIST SCANPROPERTY) [ALIVE#]
2017-02-27 17:23:28.399	SYSTEM	SIMULATOR	RECV	ALIVE (NOT EXIST SCANPROPERTY) [ALIVE#]
2017-02-27 17:23:29.400	SYSTEM	SIMULATOR	RECV	ALIVE (NOT EXIST SCANPROPERTY) [ALIVE#]
2017-02-27 17:23:30.402	SYSTEM	SIMULATOR	RECV	ALIVE (NOT EXIST SCANPROPERTY) [ALIVE#]
2017-02-27 17:23:31.403	SYSTEM	SIMULATOR	RECV	ALIVE (NOT EXIST SCANPROPERTY) [ALIVE#]
2017-02-27 17:23:32.408	SYSTEM	SIMULATOR	RECV	ALIVE (NOT EXIST SCANPROPERTY) [ALIVE#]
2017-02-27 17:23:33.409	SYSTEM	SIMULATOR	RECV	ALIVE (NOT EXIST SCANPROPERTY) [ALIVE#]
2017-02-27 17:23:53.631	SYSTEM	SIMULATOR	PROC	DriverName=SIMULATOR, Mode=Client, RemoteIP=127.0.0.1, RemotePort=7000, LocalIP=127.0.0.1, LocalPort=7000
2017-02-27 17:23:53.734	SYSTEM	SIMULATOR	PROC	START
2017-02-27 17:23:53.785	SYSTEM	SIMULATOR	PROC	DRIVER STATUS CHANGE NONE>WAITCRA
2017-02-27 17:24:11.814	SYSTEM	SIMULATOR	PROC	DRIVER STATUS CHANGE WAITCRA>CONNECTED
2017-02-27 17:24:12.741	SYSTEM	SIMULATOR	SEND	STAGE_GLASS_EXIST|X#
2017-02-27 17:24:12.747	SYSTEM	SIMULATOR	SEND	CURRENT_RECIPE_CHANGE|1|1#
2017-02-27 17:24:12.750	SYSTEM	SIMULATOR	SEND	AUTO_MODE_CHANGE_EVENT|1#
2017-02-27 17:24:12.754	SYSTEM	SIMULATOR	SEND	MACHINE_MODE_CHANGE_REPORT|1#
2017-02-27 17:24:12.755	SYSTEM	SIMULATOR	SEND	COMMUNICATION|O#
