2018-11-27 11:24:43.773	SYSTEM	SIMULATOR	PROC	DriverName=SIMULATOR, Mode=Client, RemoteIP=127.0.0.1, RemotePort=7000, LocalIP=127.0.0.1, LocalPort=7000
2018-11-27 11:24:43.840	SYSTEM	SIMULATOR	PROC	START
2018-11-27 11:24:43.854	SYSTEM	SIMULATOR	PROC	DRIVER STATUS CHANGE NONE>WAITCRA
2018-11-27 11:24:43.855	SYSTEM	SIMULATOR	PROC	DRIVER STATUS CHANGE WAITCRA>CONNECTED
2018-11-27 11:24:43.907	SYSTEM	SIMULATOR	SEND	STAGE_GLASS_EXIST|X#
2018-11-27 11:24:43.913	SYSTEM	SIMULATOR	SEND	CURRENT_RECIPE_CHANGE|1|1#
2018-11-27 11:24:43.917	SYSTEM	SIMULATOR	SEND	AUTO_MODE_CHANGE_EVENT|1#
2018-11-27 11:24:43.924	SYSTEM	SIMULATOR	SEND	MACHINE_MODE_CHANGE_REPORT|1#
2018-11-27 11:24:43.925	SYSTEM	SIMULATOR	SEND	COMMUNICATION|O#
2018-11-27 11:24:45.814	SYSTEM	SIMULATOR	RECV	STAGE_GLASS_EXIST_REPLY (NOT EXIST SCANPROPERTY) [STAGE_GLASS_EXIST_REPLY#]
2018-11-27 11:24:46.071	SYSTEM	SIMULATOR	RECV	AUTO_MODE_CHANGE_EVENT_REPLY (NOT EXIST SCANPROPERTY) [AUTO_MODE_CHANGE_EVENT_REPLY#CURRENT_RECIPE_CHANGE_ACK#MACHINE_MODE_CHANGE_REPORT_REPLY#COMMUNICATION_ACK|O#CIM_MODE|2#RECIPE_LIST_REQ#ALIVE#]
2018-11-27 11:24:46.324	SYSTEM	SIMULATOR	RECV	CURRENT_RECIPE_CHANGE_ACK (NOT EXIST SCANPROPERTY) [AUTO_MODE_CHANGE_EVENT_REPLY#CURRENT_RECIPE_CHANGE_ACK#MACHINE_MODE_CHANGE_REPORT_REPLY#COMMUNICATION_ACK|O#CIM_MODE|2#RECIPE_LIST_REQ#ALIVE#]
2018-11-27 11:24:46.576	SYSTEM	SIMULATOR	RECV	MACHINE_MODE_CHANGE_REPORT_REPLY (NOT EXIST SCANPROPERTY) [AUTO_MODE_CHANGE_EVENT_REPLY#CURRENT_RECIPE_CHANGE_ACK#MACHINE_MODE_CHANGE_REPORT_REPLY#COMMUNICATION_ACK|O#CIM_MODE|2#RECIPE_LIST_REQ#ALIVE#]
2018-11-27 11:24:46.830	SYSTEM	SIMULATOR	RECV	COMMUNICATION_ACK|O (NOT EXIST SCANPROPERTY) [AUTO_MODE_CHANGE_EVENT_REPLY#CURRENT_RECIPE_CHANGE_ACK#MACHINE_MODE_CHANGE_REPORT_REPLY#COMMUNICATION_ACK|O#CIM_MODE|2#RECIPE_LIST_REQ#ALIVE#]
2018-11-27 11:24:47.084	SYSTEM	SIMULATOR	RECV	CIM_MODE|2 (NOT EXIST SCANPROPERTY) [AUTO_MODE_CHANGE_EVENT_REPLY#CURRENT_RECIPE_CHANGE_ACK#MACHINE_MODE_CHANGE_REPORT_REPLY#COMMUNICATION_ACK|O#CIM_MODE|2#RECIPE_LIST_REQ#ALIVE#]
2018-11-27 11:24:47.084	SYSTEM	SIMULATOR	RECV	RECIPE_LIST_REQ (NOT EXIST SCANPROPERTY) [AUTO_MODE_CHANGE_EVENT_REPLY#CURRENT_RECIPE_CHANGE_ACK#MACHINE_MODE_CHANGE_REPORT_REPLY#COMMUNICATION_ACK|O#CIM_MODE|2#RECIPE_LIST_REQ#ALIVE#]
2018-11-27 11:24:47.089	SYSTEM	SIMULATOR	SEND	RECIPE_LIST_REQ_REPLY|4#
2018-11-27 11:24:47.342	SYSTEM	SIMULATOR	RECV	ALIVE (NOT EXIST SCANPROPERTY) [AUTO_MODE_CHANGE_EVENT_REPLY#CURRENT_RECIPE_CHANGE_ACK#MACHINE_MODE_CHANGE_REPORT_REPLY#COMMUNICATION_ACK|O#CIM_MODE|2#RECIPE_LIST_REQ#ALIVE#]
2018-11-27 11:24:47.593	SYSTEM	SIMULATOR	SEND	ALIVE_REPLY#
2018-11-27 11:24:47.846	SYSTEM	SIMULATOR	RECV	ALIVE (NOT EXIST SCANPROPERTY) [ALIVE#ALIVE#]
2018-11-27 11:24:48.350	SYSTEM	SIMULATOR	RECV	ALIVE (NOT EXIST SCANPROPERTY) [ALIVE#ALIVE#]
2018-11-27 11:24:48.854	SYSTEM	SIMULATOR	RECV	ALIVE (NOT EXIST SCANPROPERTY) [ALIVE#]
2018-11-27 11:24:49.552	SYSTEM	SIMULATOR	RECV	ALIVE (NOT EXIST SCANPROPERTY) [ALIVE#]
2018-11-27 11:24:52.804	SYSTEM	SIMULATOR	RECV	ALIVE (NOT EXIST SCANPROPERTY) [ALIVE#]
2018-11-27 11:24:53.309	SYSTEM	SIMULATOR	RECV	ALIVE (NOT EXIST SCANPROPERTY) [ALIVE#]
2018-11-27 11:24:54.301	SYSTEM	SIMULATOR	RECV	ALIVE (NOT EXIST SCANPROPERTY) [ALIVE#]
2018-11-27 11:24:55.302	SYSTEM	SIMULATOR	RECV	ALIVE (NOT EXIST SCANPROPERTY) [ALIVE#]
2018-11-27 11:24:56.304	SYSTEM	SIMULATOR	RECV	ALIVE (NOT EXIST SCANPROPERTY) [ALIVE#]
2018-11-27 11:24:57.321	SYSTEM	SIMULATOR	RECV	ALIVE (NOT EXIST SCANPROPERTY) [ALIVE#]
2018-11-27 11:24:58.322	SYSTEM	SIMULATOR	RECV	ALIVE (NOT EXIST SCANPROPERTY) [ALIVE#]
2018-11-27 11:24:59.323	SYSTEM	SIMULATOR	RECV	ALIVE (NOT EXIST SCANPROPERTY) [ALIVE#]
2018-11-27 11:25:00.324	SYSTEM	SIMULATOR	RECV	ALIVE (NOT EXIST SCANPROPERTY) [ALIVE#]
2018-11-27 11:25:01.199	SYSTEM	SIMULATOR	SEND	COMMUNICATION|O#
2018-11-27 11:25:01.201	SYSTEM	SIMULATOR	RECV	COMMUNICATION_ACK|O (NOT EXIST SCANPROPERTY) [COMMUNICATION_ACK|O#]
2018-11-27 11:25:01.453	SYSTEM	SIMULATOR	RECV	CIM_MODE|2 (NOT EXIST SCANPROPERTY) [CIM_MODE|2#RECIPE_LIST_REQ#ALIVE#]
2018-11-27 11:25:01.453	SYSTEM	SIMULATOR	RECV	RECIPE_LIST_REQ (NOT EXIST SCANPROPERTY) [CIM_MODE|2#RECIPE_LIST_REQ#ALIVE#]
2018-11-27 11:25:01.455	SYSTEM	SIMULATOR	SEND	RECIPE_LIST_REQ_REPLY|4#
2018-11-27 11:25:01.707	SYSTEM	SIMULATOR	RECV	ALIVE (NOT EXIST SCANPROPERTY) [CIM_MODE|2#RECIPE_LIST_REQ#ALIVE#]
2018-11-27 11:25:01.959	SYSTEM	SIMULATOR	SEND	ALIVE_REPLY#
2018-11-27 11:25:02.326	SYSTEM	SIMULATOR	RECV	ALIVE (NOT EXIST SCANPROPERTY) [ALIVE#]
2018-11-27 11:25:03.327	SYSTEM	SIMULATOR	RECV	ALIVE (NOT EXIST SCANPROPERTY) [ALIVE#]
2018-11-27 11:25:04.328	SYSTEM	SIMULATOR	RECV	ALIVE (NOT EXIST SCANPROPERTY) [ALIVE#]
2018-11-27 11:25:05.329	SYSTEM	SIMULATOR	RECV	ALIVE (NOT EXIST SCANPROPERTY) [ALIVE#]
2018-11-27 11:25:06.330	SYSTEM	SIMULATOR	RECV	ALIVE (NOT EXIST SCANPROPERTY) [ALIVE#]
2018-11-27 11:25:07.331	SYSTEM	SIMULATOR	RECV	ALIVE (NOT EXIST SCANPROPERTY) [ALIVE#]
2018-11-27 11:25:08.332	SYSTEM	SIMULATOR	RECV	ALIVE (NOT EXIST SCANPROPERTY) [ALIVE#]
2018-11-27 11:25:09.333	SYSTEM	SIMULATOR	RECV	ALIVE (NOT EXIST SCANPROPERTY) [ALIVE#]
2018-11-27 11:25:10.334	SYSTEM	SIMULATOR	RECV	ALIVE (NOT EXIST SCANPROPERTY) [ALIVE#]
2018-11-27 11:25:10.569	SYSTEM	SIMULATOR	SEND	ALARM_SET|1|1,0,1,TEST ALARM#
2018-11-27 11:25:10.585	SYSTEM	SIMULATOR	SEND	ALIVE_REPLY#
2018-11-27 11:25:10.837	SYSTEM	SIMULATOR	RECV	ALARM_SET_REPLY (NOT EXIST SCANPROPERTY) [ALARM_SET_REPLY#]
2018-11-27 11:25:11.336	SYSTEM	SIMULATOR	RECV	ALIVE (NOT EXIST SCANPROPERTY) [ALIVE#]
2018-11-27 11:25:12.352	SYSTEM	SIMULATOR	RECV	ALIVE (NOT EXIST SCANPROPERTY) [ALIVE#]
2018-11-27 11:25:13.354	SYSTEM	SIMULATOR	RECV	ALIVE (NOT EXIST SCANPROPERTY) [ALIVE#]
2018-11-27 11:25:14.355	SYSTEM	SIMULATOR	RECV	ALIVE (NOT EXIST SCANPROPERTY) [ALIVE#]
2018-11-27 11:25:16.368	SYSTEM	SIMULATOR	RECV	ALIVE (NOT EXIST SCANPROPERTY) [ALIVE#]
2018-11-27 11:25:18.037	SYSTEM	SIMULATOR	RECV	ALIVE (NOT EXIST SCANPROPERTY) [ALIVE#]
2018-11-27 11:25:19.039	SYSTEM	SIMULATOR	RECV	ALIVE (NOT EXIST SCANPROPERTY) [ALIVE#]
2018-11-27 11:25:20.040	SYSTEM	SIMULATOR	RECV	ALIVE (NOT EXIST SCANPROPERTY) [ALIVE#]
2018-11-27 11:25:21.042	SYSTEM	SIMULATOR	RECV	ALIVE (NOT EXIST SCANPROPERTY) [ALIVE#]
2018-11-27 11:25:22.042	SYSTEM	SIMULATOR	RECV	ALIVE (NOT EXIST SCANPROPERTY) [ALIVE#]
2018-11-27 11:25:23.043	SYSTEM	SIMULATOR	RECV	ALIVE (NOT EXIST SCANPROPERTY) [ALIVE#]
2018-11-27 11:25:24.056	SYSTEM	SIMULATOR	RECV	ALIVE (NOT EXIST SCANPROPERTY) [ALIVE#]
2018-11-27 11:25:25.057	SYSTEM	SIMULATOR	RECV	ALIVE (NOT EXIST SCANPROPERTY) [ALIVE#]
2018-11-27 11:25:26.058	SYSTEM	SIMULATOR	RECV	ALIVE (NOT EXIST SCANPROPERTY) [ALIVE#]
2018-11-27 11:25:27.059	SYSTEM	SIMULATOR	RECV	ALIVE (NOT EXIST SCANPROPERTY) [ALIVE#]
2018-11-27 11:25:28.061	SYSTEM	SIMULATOR	RECV	ALIVE (NOT EXIST SCANPROPERTY) [ALIVE#]
2018-11-27 11:25:29.062	SYSTEM	SIMULATOR	RECV	ALIVE (NOT EXIST SCANPROPERTY) [ALIVE#]
2018-11-27 11:25:30.063	SYSTEM	SIMULATOR	RECV	ALIVE (NOT EXIST SCANPROPERTY) [ALIVE#]
2018-11-27 11:25:31.064	SYSTEM	SIMULATOR	RECV	ALIVE (NOT EXIST SCANPROPERTY) [ALIVE#]
2018-11-27 11:25:32.065	SYSTEM	SIMULATOR	RECV	ALIVE (NOT EXIST SCANPROPERTY) [ALIVE#]
2018-11-27 11:25:33.066	SYSTEM	SIMULATOR	RECV	ALIVE (NOT EXIST SCANPROPERTY) [ALIVE#]
2018-11-27 11:25:34.067	SYSTEM	SIMULATOR	RECV	ALIVE (NOT EXIST SCANPROPERTY) [ALIVE#]
2018-11-27 11:25:35.068	SYSTEM	SIMULATOR	RECV	ALIVE (NOT EXIST SCANPROPERTY) [ALIVE#]
2018-11-27 11:25:36.069	SYSTEM	SIMULATOR	RECV	ALIVE (NOT EXIST SCANPROPERTY) [ALIVE#]
2018-11-27 11:25:37.070	SYSTEM	SIMULATOR	RECV	ALIVE (NOT EXIST SCANPROPERTY) [ALIVE#]
2018-11-27 11:25:38.071	SYSTEM	SIMULATOR	RECV	ALIVE (NOT EXIST SCANPROPERTY) [ALIVE#]
2018-11-27 11:25:39.072	SYSTEM	SIMULATOR	RECV	ALIVE (NOT EXIST SCANPROPERTY) [ALIVE#]
2018-11-27 11:25:39.365	SYSTEM	SIMULATOR	PROC	STOP BY USER
2018-11-27 11:25:39.365	SYSTEM	SIMULATOR	PROC	DRIVER STATUS CHANGE CONNECTED>CLOSED
2018-11-27 11:25:41.133	SYSTEM	SIMULATOR	ERROR	개체 참조가 개체의 인스턴스로 설정되지 않았습니다.
2018-11-27 11:25:41.138	SYSTEM	SIMULATOR	PROC	RESTART
2018-11-27 11:25:41.138	SYSTEM	SIMULATOR	PROC	DRIVER STATUS CHANGE CLOSED>CLOSED
2018-11-27 11:25:41.138	SYSTEM	SIMULATOR	PROC	START
2018-11-27 11:25:41.141	SYSTEM	SIMULATOR	PROC	DRIVER STATUS CHANGE CLOSED>WAITCRA
2018-11-27 11:25:41.142	SYSTEM	SIMULATOR	PROC	DRIVER STATUS CHANGE WAITCRA>CONNECTED
2018-11-27 11:25:42.177	SYSTEM	SIMULATOR	ERROR	전송 연결 현재 연결은 원격 호스트에 의해 강제로 끊겼습니다에서 데이터를 읽을 수 없습니다.
2018-11-27 11:25:42.180	SYSTEM	SIMULATOR	PROC	STOP BY USER
2018-11-27 11:25:42.180	SYSTEM	SIMULATOR	PROC	DRIVER STATUS CHANGE CONNECTED>CLOSED
2018-11-27 11:27:35.042	SYSTEM	SIMULATOR	PROC	DriverName=SIMULATOR, Mode=Client, RemoteIP=127.0.0.1, RemotePort=7000, LocalIP=127.0.0.1, LocalPort=7000
2018-11-27 11:27:35.105	SYSTEM	SIMULATOR	PROC	START
2018-11-27 11:27:35.161	SYSTEM	SIMULATOR	PROC	DRIVER STATUS CHANGE NONE>WAITCRA
2018-11-27 11:27:35.161	SYSTEM	SIMULATOR	PROC	DRIVER STATUS CHANGE WAITCRA>CONNECTED
2018-11-27 11:27:35.186	SYSTEM	SIMULATOR	SEND	STAGE_GLASS_EXIST|X#
2018-11-27 11:27:35.193	SYSTEM	SIMULATOR	SEND	CURRENT_RECIPE_CHANGE|1|1#
2018-11-27 11:27:35.197	SYSTEM	SIMULATOR	SEND	AUTO_MODE_CHANGE_EVENT|1#
2018-11-27 11:27:35.205	SYSTEM	SIMULATOR	SEND	MACHINE_MODE_CHANGE_REPORT|1#
2018-11-27 11:27:35.206	SYSTEM	SIMULATOR	SEND	COMMUNICATION|O#
2018-11-27 11:27:39.436	SYSTEM	SIMULATOR	RECV	AUTO_MODE_CHANGE_EVENT_REPLY (NOT EXIST SCANPROPERTY) [AUTO_MODE_CHANGE_EVENT_REPLY#]
2018-11-27 11:27:39.692	SYSTEM	SIMULATOR	RECV	STAGE_GLASS_EXIST_REPLY (NOT EXIST SCANPROPERTY) [STAGE_GLASS_EXIST_REPLY#CURRENT_RECIPE_CHANGE_ACK#MACHINE_MODE_CHANGE_REPORT_REPLY#COMMUNICATION_ACK|O#ALIVE#CIM_MODE|2#RECIPE_LIST_REQ#ALIVE#]
2018-11-27 11:27:39.946	SYSTEM	SIMULATOR	RECV	CURRENT_RECIPE_CHANGE_ACK (NOT EXIST SCANPROPERTY) [STAGE_GLASS_EXIST_REPLY#CURRENT_RECIPE_CHANGE_ACK#MACHINE_MODE_CHANGE_REPORT_REPLY#COMMUNICATION_ACK|O#ALIVE#CIM_MODE|2#RECIPE_LIST_REQ#ALIVE#]
2018-11-27 11:27:40.199	SYSTEM	SIMULATOR	RECV	MACHINE_MODE_CHANGE_REPORT_REPLY (NOT EXIST SCANPROPERTY) [STAGE_GLASS_EXIST_REPLY#CURRENT_RECIPE_CHANGE_ACK#MACHINE_MODE_CHANGE_REPORT_REPLY#COMMUNICATION_ACK|O#ALIVE#CIM_MODE|2#RECIPE_LIST_REQ#ALIVE#]
2018-11-27 11:27:40.450	SYSTEM	SIMULATOR	RECV	COMMUNICATION_ACK|O (NOT EXIST SCANPROPERTY) [STAGE_GLASS_EXIST_REPLY#CURRENT_RECIPE_CHANGE_ACK#MACHINE_MODE_CHANGE_REPORT_REPLY#COMMUNICATION_ACK|O#ALIVE#CIM_MODE|2#RECIPE_LIST_REQ#ALIVE#]
2018-11-27 11:27:40.703	SYSTEM	SIMULATOR	RECV	ALIVE (NOT EXIST SCANPROPERTY) [STAGE_GLASS_EXIST_REPLY#CURRENT_RECIPE_CHANGE_ACK#MACHINE_MODE_CHANGE_REPORT_REPLY#COMMUNICATION_ACK|O#ALIVE#CIM_MODE|2#RECIPE_LIST_REQ#ALIVE#]
2018-11-27 11:27:40.954	SYSTEM	SIMULATOR	SEND	ALIVE_REPLY#
2018-11-27 11:27:41.206	SYSTEM	SIMULATOR	RECV	CIM_MODE|2 (NOT EXIST SCANPROPERTY) [STAGE_GLASS_EXIST_REPLY#CURRENT_RECIPE_CHANGE_ACK#MACHINE_MODE_CHANGE_REPORT_REPLY#COMMUNICATION_ACK|O#ALIVE#CIM_MODE|2#RECIPE_LIST_REQ#ALIVE#]
2018-11-27 11:27:41.206	SYSTEM	SIMULATOR	RECV	RECIPE_LIST_REQ (NOT EXIST SCANPROPERTY) [STAGE_GLASS_EXIST_REPLY#CURRENT_RECIPE_CHANGE_ACK#MACHINE_MODE_CHANGE_REPORT_REPLY#COMMUNICATION_ACK|O#ALIVE#CIM_MODE|2#RECIPE_LIST_REQ#ALIVE#]
2018-11-27 11:27:41.210	SYSTEM	SIMULATOR	SEND	RECIPE_LIST_REQ_REPLY|4#
2018-11-27 11:27:41.462	SYSTEM	SIMULATOR	RECV	ALIVE (NOT EXIST SCANPROPERTY) [STAGE_GLASS_EXIST_REPLY#CURRENT_RECIPE_CHANGE_ACK#MACHINE_MODE_CHANGE_REPORT_REPLY#COMMUNICATION_ACK|O#ALIVE#CIM_MODE|2#RECIPE_LIST_REQ#ALIVE#]
2018-11-27 11:27:41.713	SYSTEM	SIMULATOR	SEND	ALIVE_REPLY#
2018-11-27 11:27:41.964	SYSTEM	SIMULATOR	RECV	ALIVE (NOT EXIST SCANPROPERTY) [ALIVE#ALIVE#]
2018-11-27 11:27:42.467	SYSTEM	SIMULATOR	RECV	ALIVE (NOT EXIST SCANPROPERTY) [ALIVE#ALIVE#]
2018-11-27 11:27:42.972	SYSTEM	SIMULATOR	RECV	ALIVE (NOT EXIST SCANPROPERTY) [ALIVE#]
2018-11-27 11:27:43.477	SYSTEM	SIMULATOR	RECV	ALIVE (NOT EXIST SCANPROPERTY) [ALIVE#]
2018-11-27 11:27:44.154	SYSTEM	SIMULATOR	RECV	ALIVE (NOT EXIST SCANPROPERTY) [ALIVE#]
2018-11-27 11:27:44.704	SYSTEM	SIMULATOR	SEND	COMMUNICATION|O#
2018-11-27 11:27:44.706	SYSTEM	SIMULATOR	RECV	COMMUNICATION_ACK|O (NOT EXIST SCANPROPERTY) [COMMUNICATION_ACK|O#]
2018-11-27 11:27:44.965	SYSTEM	SIMULATOR	RECV	CIM_MODE|2 (NOT EXIST SCANPROPERTY) [CIM_MODE|2#RECIPE_LIST_REQ#]
2018-11-27 11:27:44.966	SYSTEM	SIMULATOR	RECV	RECIPE_LIST_REQ (NOT EXIST SCANPROPERTY) [CIM_MODE|2#RECIPE_LIST_REQ#]
2018-11-27 11:27:44.968	SYSTEM	SIMULATOR	SEND	RECIPE_LIST_REQ_REPLY|4#
2018-11-27 11:27:45.221	SYSTEM	SIMULATOR	RECV	ALIVE (NOT EXIST SCANPROPERTY) [ALIVE#]
2018-11-27 11:27:45.472	SYSTEM	SIMULATOR	SEND	ALIVE_REPLY#
2018-11-27 11:27:46.157	SYSTEM	SIMULATOR	RECV	ALIVE (NOT EXIST SCANPROPERTY) [ALIVE#]
2018-11-27 11:27:47.159	SYSTEM	SIMULATOR	RECV	ALIVE (NOT EXIST SCANPROPERTY) [ALIVE#]
2018-11-27 11:27:48.160	SYSTEM	SIMULATOR	RECV	ALIVE (NOT EXIST SCANPROPERTY) [ALIVE#]
2018-11-27 11:27:49.161	SYSTEM	SIMULATOR	RECV	ALIVE (NOT EXIST SCANPROPERTY) [ALIVE#]
2018-11-27 11:27:50.162	SYSTEM	SIMULATOR	RECV	ALIVE (NOT EXIST SCANPROPERTY) [ALIVE#]
2018-11-27 11:27:51.163	SYSTEM	SIMULATOR	RECV	ALIVE (NOT EXIST SCANPROPERTY) [ALIVE#]
2018-11-27 11:27:52.165	SYSTEM	SIMULATOR	RECV	ALIVE (NOT EXIST SCANPROPERTY) [ALIVE#]
2018-11-27 11:27:53.166	SYSTEM	SIMULATOR	RECV	ALIVE (NOT EXIST SCANPROPERTY) [ALIVE#]
2018-11-27 11:27:54.167	SYSTEM	SIMULATOR	RECV	ALIVE (NOT EXIST SCANPROPERTY) [ALIVE#]
2018-11-27 11:27:55.168	SYSTEM	SIMULATOR	RECV	ALIVE (NOT EXIST SCANPROPERTY) [ALIVE#]
2018-11-27 11:27:56.170	SYSTEM	SIMULATOR	RECV	ALIVE (NOT EXIST SCANPROPERTY) [ALIVE#]
2018-11-27 11:27:57.171	SYSTEM	SIMULATOR	RECV	ALIVE (NOT EXIST SCANPROPERTY) [ALIVE#]
2018-11-27 11:27:58.172	SYSTEM	SIMULATOR	RECV	ALIVE (NOT EXIST SCANPROPERTY) [ALIVE#]
2018-11-27 11:27:59.173	SYSTEM	SIMULATOR	RECV	ALIVE (NOT EXIST SCANPROPERTY) [ALIVE#]
2018-11-27 11:28:00.174	SYSTEM	SIMULATOR	RECV	ALIVE (NOT EXIST SCANPROPERTY) [ALIVE#]
2018-11-27 11:28:01.175	SYSTEM	SIMULATOR	RECV	ALIVE (NOT EXIST SCANPROPERTY) [ALIVE#]
2018-11-27 11:28:02.176	SYSTEM	SIMULATOR	RECV	ALIVE (NOT EXIST SCANPROPERTY) [ALIVE#]
2018-11-27 11:28:03.177	SYSTEM	SIMULATOR	RECV	ALIVE (NOT EXIST SCANPROPERTY) [ALIVE#]
2018-11-27 11:28:03.791	SYSTEM	SIMULATOR	SEND	USER_LOGIN_RECIPE|OperID|1111#
2018-11-27 11:28:04.178	SYSTEM	SIMULATOR	RECV	ALIVE (NOT EXIST SCANPROPERTY) [ALIVE#]
2018-11-27 11:28:04.429	SYSTEM	SIMULATOR	SEND	ALIVE_REPLY#
2018-11-27 11:28:05.179	SYSTEM	SIMULATOR	RECV	ALIVE (NOT EXIST SCANPROPERTY) [ALIVE#]
2018-11-27 11:28:05.267	SYSTEM	SIMULATOR	SEND	USER_LOGIN_RECIPE|OperID|1111#
2018-11-27 11:28:05.431	SYSTEM	SIMULATOR	SEND	ALIVE_REPLY#
2018-11-27 11:28:06.180	SYSTEM	SIMULATOR	RECV	ALIVE (NOT EXIST SCANPROPERTY) [ALIVE#]
2018-11-27 11:28:07.182	SYSTEM	SIMULATOR	RECV	ALIVE (NOT EXIST SCANPROPERTY) [ALIVE#]
2018-11-27 11:28:08.183	SYSTEM	SIMULATOR	RECV	ALIVE (NOT EXIST SCANPROPERTY) [ALIVE#]
2018-11-27 11:28:09.193	SYSTEM	SIMULATOR	RECV	ALIVE (NOT EXIST SCANPROPERTY) [ALIVE#]
2018-11-27 11:28:10.195	SYSTEM	SIMULATOR	RECV	ALIVE (NOT EXIST SCANPROPERTY) [ALIVE#]
2018-11-27 11:28:11.196	SYSTEM	SIMULATOR	RECV	ALIVE (NOT EXIST SCANPROPERTY) [ALIVE#]
2018-11-27 11:28:12.197	SYSTEM	SIMULATOR	RECV	ALIVE (NOT EXIST SCANPROPERTY) [ALIVE#]
2018-11-27 11:28:13.198	SYSTEM	SIMULATOR	RECV	ALIVE (NOT EXIST SCANPROPERTY) [ALIVE#]
2018-11-27 11:28:13.598	SYSTEM	SIMULATOR	SEND	INITIALIZE_REQUEST#
2018-11-27 11:28:14.200	SYSTEM	SIMULATOR	RECV	ALIVE (NOT EXIST SCANPROPERTY) [ALIVE#]
2018-11-27 11:28:14.451	SYSTEM	SIMULATOR	SEND	ALIVE_REPLY#
2018-11-27 11:28:15.202	SYSTEM	SIMULATOR	RECV	ALIVE (NOT EXIST SCANPROPERTY) [ALIVE#]
2018-11-27 11:28:15.987	SYSTEM	SIMULATOR	SEND	INITIALIZE_REQUEST#
2018-11-27 11:28:16.204	SYSTEM	SIMULATOR	RECV	ALIVE (NOT EXIST SCANPROPERTY) [ALIVE#]
2018-11-27 11:28:16.455	SYSTEM	SIMULATOR	SEND	ALIVE_REPLY#
2018-11-27 11:28:16.581	SYSTEM	SIMULATOR	SEND	INITIALIZE_REQUEST#
2018-11-27 11:28:17.205	SYSTEM	SIMULATOR	RECV	ALIVE (NOT EXIST SCANPROPERTY) [ALIVE#]
2018-11-27 11:28:17.457	SYSTEM	SIMULATOR	SEND	ALIVE_REPLY#
2018-11-27 11:28:18.208	SYSTEM	SIMULATOR	RECV	ALIVE (NOT EXIST SCANPROPERTY) [ALIVE#]
2018-11-27 11:28:19.209	SYSTEM	SIMULATOR	RECV	ALIVE (NOT EXIST SCANPROPERTY) [ALIVE#]
2018-11-27 11:28:20.209	SYSTEM	SIMULATOR	RECV	ALIVE (NOT EXIST SCANPROPERTY) [ALIVE#]
2018-11-27 11:28:21.210	SYSTEM	SIMULATOR	RECV	ALIVE (NOT EXIST SCANPROPERTY) [ALIVE#]
2018-11-27 11:28:22.212	SYSTEM	SIMULATOR	RECV	ALIVE (NOT EXIST SCANPROPERTY) [ALIVE#]
2018-11-27 11:28:23.214	SYSTEM	SIMULATOR	RECV	ALIVE (NOT EXIST SCANPROPERTY) [ALIVE#]
2018-11-27 11:28:24.215	SYSTEM	SIMULATOR	RECV	ALIVE (NOT EXIST SCANPROPERTY) [ALIVE#]
2018-11-27 11:28:25.216	SYSTEM	SIMULATOR	RECV	ALIVE (NOT EXIST SCANPROPERTY) [ALIVE#]
2018-11-27 11:28:26.217	SYSTEM	SIMULATOR	RECV	ALIVE (NOT EXIST SCANPROPERTY) [ALIVE#]
2018-11-27 11:28:27.218	SYSTEM	SIMULATOR	RECV	ALIVE (NOT EXIST SCANPROPERTY) [ALIVE#]
2018-11-27 11:28:27.772	SYSTEM	SIMULATOR	PROC	STOP BY USER
2018-11-27 11:28:27.773	SYSTEM	SIMULATOR	PROC	DRIVER STATUS CHANGE CONNECTED>CLOSED
2018-11-27 11:28:29.575	SYSTEM	SIMULATOR	ERROR	전송 연결 WSACancelBlockingCall를 호출하여 차단 작업이 중단되었습니다에서 데이터를 읽을 수 없습니다.
2018-11-27 11:28:34.035	SYSTEM	SIMULATOR	PROC	STOP BY USER
2018-11-27 11:28:34.035	SYSTEM	SIMULATOR	PROC	DRIVER STATUS CHANGE CLOSED>CLOSED
2018-11-27 11:28:34.035	SYSTEM	SIMULATOR	PROC	DriverName=SIMULATOR, Mode=Client, RemoteIP=127.0.0.1, RemotePort=7000, LocalIP=127.0.0.1, LocalPort=7000
2018-11-27 11:28:34.035	SYSTEM	SIMULATOR	PROC	START
2018-11-27 11:28:34.037	SYSTEM	SIMULATOR	PROC	DRIVER STATUS CHANGE NONE>WAITCRA
2018-11-27 11:28:34.037	SYSTEM	SIMULATOR	PROC	DRIVER STATUS CHANGE WAITCRA>CONNECTED
2018-11-27 11:28:34.585	SYSTEM	SIMULATOR	RECV	ALIVE (NOT EXIST SCANPROPERTY) [ALIVE#]
2018-11-27 11:28:34.836	SYSTEM	SIMULATOR	SEND	ALIVE_REPLY#
2018-11-27 11:28:34.954	SYSTEM	SIMULATOR	SEND	STAGE_GLASS_EXIST|X#
2018-11-27 11:28:34.959	SYSTEM	SIMULATOR	SEND	CURRENT_RECIPE_CHANGE|1|1#
2018-11-27 11:28:34.963	SYSTEM	SIMULATOR	SEND	AUTO_MODE_CHANGE_EVENT|1#
2018-11-27 11:28:34.970	SYSTEM	SIMULATOR	SEND	MACHINE_MODE_CHANGE_REPORT|1#
2018-11-27 11:28:34.970	SYSTEM	SIMULATOR	SEND	COMMUNICATION|O#
2018-11-27 11:28:40.162	SYSTEM	SIMULATOR	RECV	STAGE_GLASS_EXIST_REPLY (NOT EXIST SCANPROPERTY) [STAGE_GLASS_EXIST_REPLY#CURRENT_RECIPE_CHANGE_ACK#ALIVE#AUTO_MODE_CHANGE_EVENT_REPLY#]
2018-11-27 11:28:59.431	SYSTEM	SIMULATOR	RECV	CURRENT_RECIPE_CHANGE_ACK (NOT EXIST SCANPROPERTY) [STAGE_GLASS_EXIST_REPLY#CURRENT_RECIPE_CHANGE_ACK#ALIVE#AUTO_MODE_CHANGE_EVENT_REPLY#]
2018-11-27 11:29:02.157	SYSTEM	SIMULATOR	RECV	ALIVE (NOT EXIST SCANPROPERTY) [STAGE_GLASS_EXIST_REPLY#CURRENT_RECIPE_CHANGE_ACK#ALIVE#AUTO_MODE_CHANGE_EVENT_REPLY#]
2018-11-27 11:29:02.411	SYSTEM	SIMULATOR	SEND	ALIVE_REPLY#
2018-11-27 11:29:02.662	SYSTEM	SIMULATOR	RECV	AUTO_MODE_CHANGE_EVENT_REPLY (NOT EXIST SCANPROPERTY) [STAGE_GLASS_EXIST_REPLY#CURRENT_RECIPE_CHANGE_ACK#ALIVE#AUTO_MODE_CHANGE_EVENT_REPLY#]
2018-11-27 11:29:02.916	SYSTEM	SIMULATOR	RECV	MACHINE_MODE_CHANGE_REPORT_REPLY (NOT EXIST SCANPROPERTY) [MACHINE_MODE_CHANGE_REPORT_REPLY#COMMUNICATION_ACK|O#CIM_MODE|2#RECIPE_LIST_REQ#ALIVE#]
2018-11-27 11:29:03.167	SYSTEM	SIMULATOR	RECV	COMMUNICATION_ACK|O (NOT EXIST SCANPROPERTY) [MACHINE_MODE_CHANGE_REPORT_REPLY#COMMUNICATION_ACK|O#CIM_MODE|2#RECIPE_LIST_REQ#ALIVE#]
2018-11-27 11:29:03.423	SYSTEM	SIMULATOR	RECV	CIM_MODE|2 (NOT EXIST SCANPROPERTY) [MACHINE_MODE_CHANGE_REPORT_REPLY#COMMUNICATION_ACK|O#CIM_MODE|2#RECIPE_LIST_REQ#ALIVE#]
2018-11-27 11:29:03.423	SYSTEM	SIMULATOR	RECV	RECIPE_LIST_REQ (NOT EXIST SCANPROPERTY) [MACHINE_MODE_CHANGE_REPORT_REPLY#COMMUNICATION_ACK|O#CIM_MODE|2#RECIPE_LIST_REQ#ALIVE#]
2018-11-27 11:29:03.426	SYSTEM	SIMULATOR	SEND	RECIPE_LIST_REQ_REPLY|4#
2018-11-27 11:29:03.679	SYSTEM	SIMULATOR	RECV	ALIVE (NOT EXIST SCANPROPERTY) [MACHINE_MODE_CHANGE_REPORT_REPLY#COMMUNICATION_ACK|O#CIM_MODE|2#RECIPE_LIST_REQ#ALIVE#]
2018-11-27 11:29:03.930	SYSTEM	SIMULATOR	SEND	ALIVE_REPLY#
2018-11-27 11:29:04.182	SYSTEM	SIMULATOR	RECV	ALIVE (NOT EXIST SCANPROPERTY) [ALIVE#ALIVE#]
2018-11-27 11:29:04.688	SYSTEM	SIMULATOR	RECV	ALIVE (NOT EXIST SCANPROPERTY) [ALIVE#ALIVE#]
2018-11-27 11:29:05.192	SYSTEM	SIMULATOR	RECV	ALIVE (NOT EXIST SCANPROPERTY) [ALIVE#]
2018-11-27 11:29:06.163	SYSTEM	SIMULATOR	RECV	ALIVE (NOT EXIST SCANPROPERTY) [ALIVE#]
2018-11-27 11:29:07.164	SYSTEM	SIMULATOR	RECV	ALIVE (NOT EXIST SCANPROPERTY) [ALIVE#]
2018-11-27 11:29:08.165	SYSTEM	SIMULATOR	RECV	ALIVE (NOT EXIST SCANPROPERTY) [ALIVE#]
2018-11-27 11:29:08.627	SYSTEM	SIMULATOR	SEND	COMMUNICATION|O#
2018-11-27 11:29:08.669	SYSTEM	SIMULATOR	RECV	COMMUNICATION_ACK|O (NOT EXIST SCANPROPERTY) [COMMUNICATION_ACK|O#CIM_MODE|2#RECIPE_LIST_REQ#]
2018-11-27 11:29:08.920	SYSTEM	SIMULATOR	RECV	CIM_MODE|2 (NOT EXIST SCANPROPERTY) [COMMUNICATION_ACK|O#CIM_MODE|2#RECIPE_LIST_REQ#]
2018-11-27 11:29:08.920	SYSTEM	SIMULATOR	RECV	RECIPE_LIST_REQ (NOT EXIST SCANPROPERTY) [COMMUNICATION_ACK|O#CIM_MODE|2#RECIPE_LIST_REQ#]
2018-11-27 11:29:08.922	SYSTEM	SIMULATOR	SEND	RECIPE_LIST_REQ_REPLY|4#
2018-11-27 11:29:09.175	SYSTEM	SIMULATOR	RECV	ALIVE (NOT EXIST SCANPROPERTY) [ALIVE#]
2018-11-27 11:29:09.426	SYSTEM	SIMULATOR	SEND	ALIVE_REPLY#
2018-11-27 11:29:10.168	SYSTEM	SIMULATOR	RECV	ALIVE (NOT EXIST SCANPROPERTY) [ALIVE#]
2018-11-27 11:29:11.172	SYSTEM	SIMULATOR	RECV	ALIVE (NOT EXIST SCANPROPERTY) [ALIVE#]
2018-11-27 11:29:12.093	SYSTEM	SIMULATOR	SEND	COMMUNICATION|X#
2018-11-27 11:29:12.094	SYSTEM	SIMULATOR	RECV	COMMUNICATION_ACK|X (NOT EXIST SCANPROPERTY) [COMMUNICATION_ACK|X#]
2018-11-27 11:29:20.902	SYSTEM	SIMULATOR	SEND	COMMUNICATION|O#
2018-11-27 11:29:22.218	SYSTEM	SIMULATOR	ERROR	전송 연결 현재 연결은 사용자의 호스트 시스템의 소프트웨어의 의해 중단되었습니다에서 데이터를 읽을 수 없습니다.
2018-11-27 11:29:22.221	SYSTEM	SIMULATOR	PROC	STOP BY USER
2018-11-27 11:29:22.221	SYSTEM	SIMULATOR	PROC	DRIVER STATUS CHANGE CONNECTED>CLOSED
2018-11-27 11:29:25.199	SYSTEM	SIMULATOR	PROC	STOP BY USER
2018-11-27 11:29:25.199	SYSTEM	SIMULATOR	PROC	DRIVER STATUS CHANGE CLOSED>CLOSED
2018-11-27 11:29:25.200	SYSTEM	SIMULATOR	PROC	DriverName=SIMULATOR, Mode=Client, RemoteIP=127.0.0.1, RemotePort=7000, LocalIP=127.0.0.1, LocalPort=7000
2018-11-27 11:29:25.200	SYSTEM	SIMULATOR	PROC	START
2018-11-27 11:29:25.201	SYSTEM	SIMULATOR	PROC	DRIVER STATUS CHANGE NONE>WAITCRA
2018-11-27 11:29:30.357	SYSTEM	SIMULATOR	PROC	STOP BY USER
2018-11-27 11:29:30.357	SYSTEM	SIMULATOR	PROC	DRIVER STATUS CHANGE WAITCRA>CLOSED
2018-11-27 11:29:31.176	SYSTEM	SIMULATOR	PROC	STOP BY USER
2018-11-27 11:29:31.176	SYSTEM	SIMULATOR	PROC	DRIVER STATUS CHANGE CLOSED>CLOSED
2018-11-27 11:29:32.179	SYSTEM	SIMULATOR	PROC	STOP BY USER
2018-11-27 11:29:32.180	SYSTEM	SIMULATOR	PROC	DRIVER STATUS CHANGE CLOSED>CLOSED
2018-11-27 11:29:32.180	SYSTEM	SIMULATOR	PROC	DriverName=SIMULATOR, Mode=Client, RemoteIP=127.0.0.1, RemotePort=7000, LocalIP=127.0.0.1, LocalPort=7000
2018-11-27 11:29:32.180	SYSTEM	SIMULATOR	PROC	START
2018-11-27 11:29:32.182	SYSTEM	SIMULATOR	PROC	DRIVER STATUS CHANGE NONE>WAITCRA
2018-11-27 11:34:53.936	SYSTEM	SIMULATOR	PROC	DriverName=SIMULATOR, Mode=Client, RemoteIP=127.0.0.1, RemotePort=7000, LocalIP=127.0.0.1, LocalPort=7000
2018-11-27 11:34:53.999	SYSTEM	SIMULATOR	PROC	START
2018-11-27 11:34:54.016	SYSTEM	SIMULATOR	PROC	DRIVER STATUS CHANGE NONE>WAITCRA
2018-11-27 11:34:54.017	SYSTEM	SIMULATOR	PROC	DRIVER STATUS CHANGE WAITCRA>CONNECTED
2018-11-27 11:34:54.747	SYSTEM	SIMULATOR	SEND	STAGE_GLASS_EXIST|X#
2018-11-27 11:34:54.753	SYSTEM	SIMULATOR	SEND	CURRENT_RECIPE_CHANGE|1|1#
2018-11-27 11:34:54.757	SYSTEM	SIMULATOR	SEND	AUTO_MODE_CHANGE_EVENT|1#
2018-11-27 11:34:54.763	SYSTEM	SIMULATOR	SEND	MACHINE_MODE_CHANGE_REPORT|1#
2018-11-27 11:34:54.764	SYSTEM	SIMULATOR	SEND	COMMUNICATION|O#
2018-11-27 11:34:58.248	SYSTEM	SIMULATOR	RECV	AUTO_MODE_CHANGE_EVENT_REPLY (NOT EXIST SCANPROPERTY) [AUTO_MODE_CHANGE_EVENT_REPLY#]
2018-11-27 11:34:58.504	SYSTEM	SIMULATOR	RECV	STAGE_GLASS_EXIST_REPLY (NOT EXIST SCANPROPERTY) [STAGE_GLASS_EXIST_REPLY#CURRENT_RECIPE_CHANGE_ACK#MACHINE_MODE_CHANGE_REPORT_REPLY#COMMUNICATION_ACK|O#CIM_MODE|2#RECIPE_LIST_REQ#ALIVE#ALIVE#]
2018-11-27 11:34:58.758	SYSTEM	SIMULATOR	RECV	CURRENT_RECIPE_CHANGE_ACK (NOT EXIST SCANPROPERTY) [STAGE_GLASS_EXIST_REPLY#CURRENT_RECIPE_CHANGE_ACK#MACHINE_MODE_CHANGE_REPORT_REPLY#COMMUNICATION_ACK|O#CIM_MODE|2#RECIPE_LIST_REQ#ALIVE#ALIVE#]
2018-11-27 11:34:59.010	SYSTEM	SIMULATOR	RECV	MACHINE_MODE_CHANGE_REPORT_REPLY (NOT EXIST SCANPROPERTY) [STAGE_GLASS_EXIST_REPLY#CURRENT_RECIPE_CHANGE_ACK#MACHINE_MODE_CHANGE_REPORT_REPLY#COMMUNICATION_ACK|O#CIM_MODE|2#RECIPE_LIST_REQ#ALIVE#ALIVE#]
2018-11-27 11:34:59.264	SYSTEM	SIMULATOR	RECV	COMMUNICATION_ACK|O (NOT EXIST SCANPROPERTY) [STAGE_GLASS_EXIST_REPLY#CURRENT_RECIPE_CHANGE_ACK#MACHINE_MODE_CHANGE_REPORT_REPLY#COMMUNICATION_ACK|O#CIM_MODE|2#RECIPE_LIST_REQ#ALIVE#ALIVE#]
2018-11-27 11:34:59.517	SYSTEM	SIMULATOR	RECV	CIM_MODE|2 (NOT EXIST SCANPROPERTY) [STAGE_GLASS_EXIST_REPLY#CURRENT_RECIPE_CHANGE_ACK#MACHINE_MODE_CHANGE_REPORT_REPLY#COMMUNICATION_ACK|O#CIM_MODE|2#RECIPE_LIST_REQ#ALIVE#ALIVE#]
2018-11-27 11:34:59.517	SYSTEM	SIMULATOR	RECV	RECIPE_LIST_REQ (NOT EXIST SCANPROPERTY) [STAGE_GLASS_EXIST_REPLY#CURRENT_RECIPE_CHANGE_ACK#MACHINE_MODE_CHANGE_REPORT_REPLY#COMMUNICATION_ACK|O#CIM_MODE|2#RECIPE_LIST_REQ#ALIVE#ALIVE#]
2018-11-27 11:34:59.520	SYSTEM	SIMULATOR	SEND	RECIPE_LIST_REQ_REPLY|4#
2018-11-27 11:34:59.773	SYSTEM	SIMULATOR	RECV	ALIVE (NOT EXIST SCANPROPERTY) [STAGE_GLASS_EXIST_REPLY#CURRENT_RECIPE_CHANGE_ACK#MACHINE_MODE_CHANGE_REPORT_REPLY#COMMUNICATION_ACK|O#CIM_MODE|2#RECIPE_LIST_REQ#ALIVE#ALIVE#]
2018-11-27 11:35:00.025	SYSTEM	SIMULATOR	SEND	ALIVE_REPLY#
2018-11-27 11:35:00.293	SYSTEM	SIMULATOR	RECV	ALIVE (NOT EXIST SCANPROPERTY) [STAGE_GLASS_EXIST_REPLY#CURRENT_RECIPE_CHANGE_ACK#MACHINE_MODE_CHANGE_REPORT_REPLY#COMMUNICATION_ACK|O#CIM_MODE|2#RECIPE_LIST_REQ#ALIVE#ALIVE#]
2018-11-27 11:35:00.797	SYSTEM	SIMULATOR	RECV	ALIVE (NOT EXIST SCANPROPERTY) [ALIVE#ALIVE#]
2018-11-27 11:35:01.300	SYSTEM	SIMULATOR	RECV	ALIVE (NOT EXIST SCANPROPERTY) [ALIVE#ALIVE#]
2018-11-27 11:35:01.819	SYSTEM	SIMULATOR	RECV	ALIVE (NOT EXIST SCANPROPERTY) [ALIVE#]
2018-11-27 11:35:02.322	SYSTEM	SIMULATOR	RECV	ALIVE (NOT EXIST SCANPROPERTY) [ALIVE#]
2018-11-27 11:35:02.991	SYSTEM	SIMULATOR	RECV	ALIVE (NOT EXIST SCANPROPERTY) [ALIVE#]
2018-11-27 11:35:03.992	SYSTEM	SIMULATOR	RECV	ALIVE (NOT EXIST SCANPROPERTY) [ALIVE#]
2018-11-27 11:35:04.531	SYSTEM	SIMULATOR	SEND	COMMUNICATION|O#
2018-11-27 11:35:04.532	SYSTEM	SIMULATOR	RECV	COMMUNICATION_ACK|O (NOT EXIST SCANPROPERTY) [COMMUNICATION_ACK|O#]
2018-11-27 11:35:04.784	SYSTEM	SIMULATOR	RECV	CIM_MODE|2 (NOT EXIST SCANPROPERTY) [CIM_MODE|2#RECIPE_LIST_REQ#]
2018-11-27 11:35:04.784	SYSTEM	SIMULATOR	RECV	RECIPE_LIST_REQ (NOT EXIST SCANPROPERTY) [CIM_MODE|2#RECIPE_LIST_REQ#]
2018-11-27 11:35:04.786	SYSTEM	SIMULATOR	SEND	RECIPE_LIST_REQ_REPLY|4#
2018-11-27 11:35:05.037	SYSTEM	SIMULATOR	RECV	ALIVE (NOT EXIST SCANPROPERTY) [ALIVE#]
2018-11-27 11:35:05.289	SYSTEM	SIMULATOR	SEND	ALIVE_REPLY#
2018-11-27 11:35:05.994	SYSTEM	SIMULATOR	RECV	ALIVE (NOT EXIST SCANPROPERTY) [ALIVE#]
2018-11-27 11:35:06.996	SYSTEM	SIMULATOR	RECV	ALIVE (NOT EXIST SCANPROPERTY) [ALIVE#]
2018-11-27 11:35:07.996	SYSTEM	SIMULATOR	RECV	ALIVE (NOT EXIST SCANPROPERTY) [ALIVE#]
2018-11-27 11:35:08.997	SYSTEM	SIMULATOR	RECV	ALIVE (NOT EXIST SCANPROPERTY) [ALIVE#]
2018-11-27 11:35:09.999	SYSTEM	SIMULATOR	RECV	ALIVE (NOT EXIST SCANPROPERTY) [ALIVE#]
2018-11-27 11:35:11.000	SYSTEM	SIMULATOR	RECV	ALIVE (NOT EXIST SCANPROPERTY) [ALIVE#]
2018-11-27 11:35:12.002	SYSTEM	SIMULATOR	RECV	ALIVE (NOT EXIST SCANPROPERTY) [ALIVE#]
2018-11-27 11:35:13.003	SYSTEM	SIMULATOR	RECV	ALIVE (NOT EXIST SCANPROPERTY) [ALIVE#]
2018-11-27 11:35:14.004	SYSTEM	SIMULATOR	RECV	ALIVE (NOT EXIST SCANPROPERTY) [ALIVE#]
2018-11-27 11:35:15.005	SYSTEM	SIMULATOR	RECV	ALIVE (NOT EXIST SCANPROPERTY) [ALIVE#]
2018-11-27 11:35:16.006	SYSTEM	SIMULATOR	RECV	ALIVE (NOT EXIST SCANPROPERTY) [ALIVE#]
2018-11-27 11:35:17.006	SYSTEM	SIMULATOR	RECV	ALIVE (NOT EXIST SCANPROPERTY) [ALIVE#]
2018-11-27 11:35:17.011	SYSTEM	SIMULATOR	SEND	STATE_CHANGE_EVENT|1|0#
2018-11-27 11:35:55.942	SYSTEM	SIMULATOR	SEND	ALIVE_REPLY#
2018-11-27 11:36:07.281	SYSTEM	SIMULATOR	RECV	STATE_CHANGE_EVENT_REPLY (NOT EXIST SCANPROPERTY) [STATE_CHANGE_EVENT_REPLY#ALIVE#]
2018-11-27 11:36:07.882	SYSTEM	SIMULATOR	RECV	ALIVE (NOT EXIST SCANPROPERTY) [STATE_CHANGE_EVENT_REPLY#ALIVE#]
2018-11-27 11:36:12.362	SYSTEM	SIMULATOR	RECV	ALIVE (NOT EXIST SCANPROPERTY) [ALIVE#]
2018-11-27 11:36:13.933	SYSTEM	SIMULATOR	RECV	ALIVE (NOT EXIST SCANPROPERTY) [ALIVE#]
2018-11-27 11:36:14.936	SYSTEM	SIMULATOR	RECV	ALIVE (NOT EXIST SCANPROPERTY) [ALIVE#]
2018-11-27 11:36:15.936	SYSTEM	SIMULATOR	RECV	ALIVE (NOT EXIST SCANPROPERTY) [ALIVE#]
2018-11-27 11:36:16.937	SYSTEM	SIMULATOR	RECV	ALIVE (NOT EXIST SCANPROPERTY) [ALIVE#]
2018-11-27 11:36:17.954	SYSTEM	SIMULATOR	RECV	ALIVE (NOT EXIST SCANPROPERTY) [ALIVE#]
2018-11-27 11:36:18.955	SYSTEM	SIMULATOR	RECV	ALIVE (NOT EXIST SCANPROPERTY) [ALIVE#]
2018-11-27 11:36:19.956	SYSTEM	SIMULATOR	RECV	ALIVE (NOT EXIST SCANPROPERTY) [ALIVE#]
2018-11-27 11:36:20.958	SYSTEM	SIMULATOR	RECV	ALIVE (NOT EXIST SCANPROPERTY) [ALIVE#]
2018-11-27 11:36:21.221	SYSTEM	SIMULATOR	SEND	COMMUNICATION|O#
2018-11-27 11:36:21.461	SYSTEM	SIMULATOR	RECV	COMMUNICATION_ACK|O (NOT EXIST SCANPROPERTY) [COMMUNICATION_ACK|O#CIM_MODE|2#RECIPE_LIST_REQ#]
2018-11-27 11:36:21.713	SYSTEM	SIMULATOR	RECV	CIM_MODE|2 (NOT EXIST SCANPROPERTY) [COMMUNICATION_ACK|O#CIM_MODE|2#RECIPE_LIST_REQ#]
2018-11-27 11:36:21.713	SYSTEM	SIMULATOR	RECV	RECIPE_LIST_REQ (NOT EXIST SCANPROPERTY) [COMMUNICATION_ACK|O#CIM_MODE|2#RECIPE_LIST_REQ#]
2018-11-27 11:36:21.715	SYSTEM	SIMULATOR	SEND	RECIPE_LIST_REQ_REPLY|4#
2018-11-27 11:36:21.967	SYSTEM	SIMULATOR	RECV	ALIVE (NOT EXIST SCANPROPERTY) [ALIVE#]
2018-11-27 11:36:22.219	SYSTEM	SIMULATOR	SEND	ALIVE_REPLY#
2018-11-27 11:36:22.373	SYSTEM	SIMULATOR	SEND	COMMUNICATION|O#
2018-11-27 11:36:22.471	SYSTEM	SIMULATOR	RECV	COMMUNICATION_ACK|O (NOT EXIST SCANPROPERTY) [COMMUNICATION_ACK|O#CIM_MODE|2#RECIPE_LIST_REQ#]
2018-11-27 11:36:22.722	SYSTEM	SIMULATOR	RECV	CIM_MODE|2 (NOT EXIST SCANPROPERTY) [COMMUNICATION_ACK|O#CIM_MODE|2#RECIPE_LIST_REQ#]
2018-11-27 11:36:22.722	SYSTEM	SIMULATOR	RECV	RECIPE_LIST_REQ (NOT EXIST SCANPROPERTY) [COMMUNICATION_ACK|O#CIM_MODE|2#RECIPE_LIST_REQ#]
2018-11-27 11:36:22.723	SYSTEM	SIMULATOR	SEND	RECIPE_LIST_REQ_REPLY|4#
2018-11-27 11:36:22.976	SYSTEM	SIMULATOR	RECV	ALIVE (NOT EXIST SCANPROPERTY) [ALIVE#]
2018-11-27 11:36:23.228	SYSTEM	SIMULATOR	SEND	ALIVE_REPLY#
2018-11-27 11:36:23.961	SYSTEM	SIMULATOR	RECV	ALIVE (NOT EXIST SCANPROPERTY) [ALIVE#]
2018-11-27 11:36:24.961	SYSTEM	SIMULATOR	RECV	ALIVE (NOT EXIST SCANPROPERTY) [ALIVE#]
2018-11-27 11:36:25.175	SYSTEM	SIMULATOR	SEND	COMMUNICATION|O#
2018-11-27 11:36:25.213	SYSTEM	SIMULATOR	SEND	ALIVE_REPLY#
2018-11-27 11:36:25.466	SYSTEM	SIMULATOR	RECV	COMMUNICATION_ACK|O (NOT EXIST SCANPROPERTY) [COMMUNICATION_ACK|O#CIM_MODE|2#RECIPE_LIST_REQ#]
2018-11-27 11:36:25.718	SYSTEM	SIMULATOR	RECV	CIM_MODE|2 (NOT EXIST SCANPROPERTY) [COMMUNICATION_ACK|O#CIM_MODE|2#RECIPE_LIST_REQ#]
2018-11-27 11:36:25.718	SYSTEM	SIMULATOR	RECV	RECIPE_LIST_REQ (NOT EXIST SCANPROPERTY) [COMMUNICATION_ACK|O#CIM_MODE|2#RECIPE_LIST_REQ#]
2018-11-27 11:36:25.720	SYSTEM	SIMULATOR	SEND	RECIPE_LIST_REQ_REPLY|4#
2018-11-27 11:36:25.973	SYSTEM	SIMULATOR	RECV	ALIVE (NOT EXIST SCANPROPERTY) [ALIVE#]
2018-11-27 11:36:26.225	SYSTEM	SIMULATOR	SEND	ALIVE_REPLY#
2018-11-27 11:36:26.964	SYSTEM	SIMULATOR	RECV	ALIVE (NOT EXIST SCANPROPERTY) [ALIVE#]
2018-11-27 11:36:27.965	SYSTEM	SIMULATOR	RECV	ALIVE (NOT EXIST SCANPROPERTY) [ALIVE#]
2018-11-27 11:36:28.967	SYSTEM	SIMULATOR	RECV	ALIVE (NOT EXIST SCANPROPERTY) [ALIVE#]
2018-11-27 11:36:29.495	SYSTEM	SIMULATOR	SEND	COMMUNICATION|O#
2018-11-27 11:36:29.497	SYSTEM	SIMULATOR	RECV	COMMUNICATION_ACK|O (NOT EXIST SCANPROPERTY) [COMMUNICATION_ACK|O#]
2018-11-27 11:36:29.749	SYSTEM	SIMULATOR	RECV	CIM_MODE|2 (NOT EXIST SCANPROPERTY) [CIM_MODE|2#RECIPE_LIST_REQ#]
2018-11-27 11:36:29.749	SYSTEM	SIMULATOR	RECV	RECIPE_LIST_REQ (NOT EXIST SCANPROPERTY) [CIM_MODE|2#RECIPE_LIST_REQ#]
2018-11-27 11:36:29.752	SYSTEM	SIMULATOR	SEND	RECIPE_LIST_REQ_REPLY|4#
2018-11-27 11:36:30.006	SYSTEM	SIMULATOR	RECV	ALIVE (NOT EXIST SCANPROPERTY) [ALIVE#]
2018-11-27 11:36:30.257	SYSTEM	SIMULATOR	SEND	ALIVE_REPLY#
2018-11-27 11:36:30.969	SYSTEM	SIMULATOR	RECV	ALIVE (NOT EXIST SCANPROPERTY) [ALIVE#]
2018-11-27 11:36:31.970	SYSTEM	SIMULATOR	RECV	ALIVE (NOT EXIST SCANPROPERTY) [ALIVE#]
2018-11-27 11:36:32.974	SYSTEM	SIMULATOR	RECV	ALIVE (NOT EXIST SCANPROPERTY) [ALIVE#]
2018-11-27 11:36:33.975	SYSTEM	SIMULATOR	RECV	ALIVE (NOT EXIST SCANPROPERTY) [ALIVE#]
2018-11-27 11:36:34.573	SYSTEM	SIMULATOR	SEND	STAGE_GLASS_EXIST|O#
2018-11-27 11:36:34.575	SYSTEM	SIMULATOR	RECV	STAGE_GLASS_EXIST_REPLY (NOT EXIST SCANPROPERTY) [STAGE_GLASS_EXIST_REPLY#]
2018-11-27 11:36:34.976	SYSTEM	SIMULATOR	RECV	ALIVE (NOT EXIST SCANPROPERTY) [ALIVE#]
2018-11-27 11:36:35.227	SYSTEM	SIMULATOR	SEND	ALIVE_REPLY#
2018-11-27 11:36:35.978	SYSTEM	SIMULATOR	RECV	ALIVE (NOT EXIST SCANPROPERTY) [ALIVE#]
2018-11-27 11:36:36.282	SYSTEM	SIMULATOR	SEND	STAGE_GLASS_EXIST|O#
2018-11-27 11:36:36.480	SYSTEM	SIMULATOR	RECV	STAGE_GLASS_EXIST_REPLY (NOT EXIST SCANPROPERTY) [STAGE_GLASS_EXIST_REPLY#]
2018-11-27 11:36:36.979	SYSTEM	SIMULATOR	RECV	ALIVE (NOT EXIST SCANPROPERTY) [ALIVE#]
2018-11-27 11:36:37.230	SYSTEM	SIMULATOR	SEND	ALIVE_REPLY#
2018-11-27 11:36:37.980	SYSTEM	SIMULATOR	RECV	ALIVE (NOT EXIST SCANPROPERTY) [ALIVE#]
2018-11-27 11:36:38.981	SYSTEM	SIMULATOR	RECV	ALIVE (NOT EXIST SCANPROPERTY) [ALIVE#]
2018-11-27 11:36:39.111	SYSTEM	SIMULATOR	SEND	STAGE_GLASS_EXIST|X#
2018-11-27 11:36:39.232	SYSTEM	SIMULATOR	SEND	ALIVE_REPLY#
2018-11-27 11:36:39.485	SYSTEM	SIMULATOR	RECV	STAGE_GLASS_EXIST_REPLY (NOT EXIST SCANPROPERTY) [STAGE_GLASS_EXIST_REPLY#]
2018-11-27 11:36:39.983	SYSTEM	SIMULATOR	RECV	ALIVE (NOT EXIST SCANPROPERTY) [ALIVE#]
2018-11-27 11:36:40.985	SYSTEM	SIMULATOR	RECV	ALIVE (NOT EXIST SCANPROPERTY) [ALIVE#]
2018-11-27 11:36:41.986	SYSTEM	SIMULATOR	RECV	ALIVE (NOT EXIST SCANPROPERTY) [ALIVE#]
2018-11-27 11:36:42.789	SYSTEM	SIMULATOR	SEND	STATE_CHANGE_EVENT|2|0#
2018-11-27 11:36:42.791	SYSTEM	SIMULATOR	RECV	STATE_CHANGE_EVENT_REPLY (NOT EXIST SCANPROPERTY) [STATE_CHANGE_EVENT_REPLY#]
2018-11-27 11:36:52.992	SYSTEM	SIMULATOR	RECV	ALIVE (NOT EXIST SCANPROPERTY) [ALIVE#]
2018-11-27 11:36:55.578	SYSTEM	SIMULATOR	SEND	ALIVE_REPLY#
2018-11-27 11:36:55.829	SYSTEM	SIMULATOR	RECV	ALIVE (NOT EXIST SCANPROPERTY) [ALIVE#]
2018-11-27 11:36:56.336	SYSTEM	SIMULATOR	RECV	ALIVE (NOT EXIST SCANPROPERTY) [ALIVE#]
2018-11-27 11:36:57.289	SYSTEM	SIMULATOR	RECV	ALIVE (NOT EXIST SCANPROPERTY) [ALIVE#]
2018-11-27 11:36:58.290	SYSTEM	SIMULATOR	RECV	ALIVE (NOT EXIST SCANPROPERTY) [ALIVE#]
2018-11-27 11:36:59.291	SYSTEM	SIMULATOR	RECV	ALIVE (NOT EXIST SCANPROPERTY) [ALIVE#]
2018-11-27 11:37:00.292	SYSTEM	SIMULATOR	RECV	ALIVE (NOT EXIST SCANPROPERTY) [ALIVE#]
2018-11-27 11:37:01.293	SYSTEM	SIMULATOR	RECV	ALIVE (NOT EXIST SCANPROPERTY) [ALIVE#]
2018-11-27 11:37:01.695	SYSTEM	SIMULATOR	SEND	USER_LOGIN|OperID#
2018-11-27 11:37:01.795	SYSTEM	SIMULATOR	RECV	USER_LOGIN_REPLY (NOT EXIST SCANPROPERTY) [USER_LOGIN_REPLY#]
2018-11-27 11:37:02.294	SYSTEM	SIMULATOR	RECV	ALIVE (NOT EXIST SCANPROPERTY) [ALIVE#]
2018-11-27 11:37:02.545	SYSTEM	SIMULATOR	SEND	ALIVE_REPLY#
2018-11-27 11:37:03.295	SYSTEM	SIMULATOR	RECV	ALIVE (NOT EXIST SCANPROPERTY) [ALIVE#]
2018-11-27 11:37:04.297	SYSTEM	SIMULATOR	RECV	ALIVE (NOT EXIST SCANPROPERTY) [ALIVE#]
2018-11-27 11:37:05.297	SYSTEM	SIMULATOR	RECV	ALIVE (NOT EXIST SCANPROPERTY) [ALIVE#]
2018-11-27 11:37:06.298	SYSTEM	SIMULATOR	RECV	ALIVE (NOT EXIST SCANPROPERTY) [ALIVE#]
2018-11-27 11:37:06.829	SYSTEM	SIMULATOR	SEND	USER_LOGIN_RECIPE|OperID|1111#
2018-11-27 11:37:07.299	SYSTEM	SIMULATOR	RECV	ALIVE (NOT EXIST SCANPROPERTY) [ALIVE#]
2018-11-27 11:37:07.550	SYSTEM	SIMULATOR	SEND	ALIVE_REPLY#
2018-11-27 11:37:08.300	SYSTEM	SIMULATOR	RECV	ALIVE (NOT EXIST SCANPROPERTY) [ALIVE#]
2018-11-27 11:37:09.113	SYSTEM	SIMULATOR	SEND	USER_LOGIN_RECIPE|OperID|1111#
2018-11-27 11:37:09.301	SYSTEM	SIMULATOR	RECV	ALIVE (NOT EXIST SCANPROPERTY) [ALIVE#]
2018-11-27 11:37:09.553	SYSTEM	SIMULATOR	SEND	ALIVE_REPLY#
2018-11-27 11:37:10.302	SYSTEM	SIMULATOR	RECV	ALIVE (NOT EXIST SCANPROPERTY) [ALIVE#]
2018-11-27 11:37:11.303	SYSTEM	SIMULATOR	RECV	ALIVE (NOT EXIST SCANPROPERTY) [ALIVE#]
2018-11-27 11:37:12.304	SYSTEM	SIMULATOR	RECV	ALIVE (NOT EXIST SCANPROPERTY) [ALIVE#]
2018-11-27 11:37:13.306	SYSTEM	SIMULATOR	RECV	ALIVE (NOT EXIST SCANPROPERTY) [ALIVE#]
2018-11-27 11:37:14.307	SYSTEM	SIMULATOR	RECV	ALIVE (NOT EXIST SCANPROPERTY) [ALIVE#]
2018-11-27 11:37:15.308	SYSTEM	SIMULATOR	RECV	ALIVE (NOT EXIST SCANPROPERTY) [ALIVE#]
2018-11-27 11:37:16.309	SYSTEM	SIMULATOR	RECV	ALIVE (NOT EXIST SCANPROPERTY) [ALIVE#]
2018-11-27 11:37:17.311	SYSTEM	SIMULATOR	RECV	ALIVE (NOT EXIST SCANPROPERTY) [ALIVE#]
2018-11-27 11:37:18.312	SYSTEM	SIMULATOR	RECV	ALIVE (NOT EXIST SCANPROPERTY) [ALIVE#]
2018-11-27 11:37:19.314	SYSTEM	SIMULATOR	RECV	ALIVE (NOT EXIST SCANPROPERTY) [ALIVE#]
2018-11-27 11:37:20.314	SYSTEM	SIMULATOR	RECV	ALIVE (NOT EXIST SCANPROPERTY) [ALIVE#]
2018-11-27 11:37:20.356	SYSTEM	SIMULATOR	SEND	REPLY|O#
2018-11-27 11:37:20.565	SYSTEM	SIMULATOR	SEND	ALIVE_REPLY#
2018-11-27 11:37:21.315	SYSTEM	SIMULATOR	RECV	ALIVE (NOT EXIST SCANPROPERTY) [ALIVE#]
2018-11-27 11:37:21.315	SYSTEM	SIMULATOR	SEND	REPLY|O#
2018-11-27 11:37:21.566	SYSTEM	SIMULATOR	SEND	ALIVE_REPLY#
2018-11-27 11:37:22.316	SYSTEM	SIMULATOR	RECV	ALIVE (NOT EXIST SCANPROPERTY) [ALIVE#]
2018-11-27 11:37:23.317	SYSTEM	SIMULATOR	RECV	ALIVE (NOT EXIST SCANPROPERTY) [ALIVE#]
2018-11-27 11:37:24.319	SYSTEM	SIMULATOR	RECV	ALIVE (NOT EXIST SCANPROPERTY) [ALIVE#]
2018-11-27 11:37:25.320	SYSTEM	SIMULATOR	RECV	ALIVE (NOT EXIST SCANPROPERTY) [ALIVE#]
2018-11-27 11:37:26.321	SYSTEM	SIMULATOR	RECV	ALIVE (NOT EXIST SCANPROPERTY) [ALIVE#]
2018-11-27 11:37:27.303	SYSTEM	SIMULATOR	SEND	LOAD_REQUEST#
2018-11-27 11:37:27.305	SYSTEM	SIMULATOR	RECV	LOAD_REQUEST_REPLY (NOT EXIST SCANPROPERTY) [LOAD_REQUEST_REPLY#]
2018-11-27 11:37:27.556	SYSTEM	SIMULATOR	RECV	ALIVE (NOT EXIST SCANPROPERTY) [ALIVE#]
2018-11-27 11:37:27.808	SYSTEM	SIMULATOR	SEND	ALIVE_REPLY#
2018-11-27 11:37:28.205	SYSTEM	SIMULATOR	SEND	LOAD_REQUEST#
2018-11-27 11:37:28.206	SYSTEM	SIMULATOR	RECV	LOAD_REQUEST_REPLY (NOT EXIST SCANPROPERTY) [LOAD_REQUEST_REPLY#]
2018-11-27 11:37:28.457	SYSTEM	SIMULATOR	RECV	ALIVE (NOT EXIST SCANPROPERTY) [ALIVE#]
2018-11-27 11:37:28.708	SYSTEM	SIMULATOR	SEND	ALIVE_REPLY#
2018-11-27 11:37:29.231	SYSTEM	SIMULATOR	SEND	LOAD_REQUEST#
2018-11-27 11:37:29.232	SYSTEM	SIMULATOR	RECV	LOAD_REQUEST_REPLY (NOT EXIST SCANPROPERTY) [LOAD_REQUEST_REPLY#]
2018-11-27 11:37:29.483	SYSTEM	SIMULATOR	RECV	ALIVE (NOT EXIST SCANPROPERTY) [ALIVE#]
2018-11-27 11:37:29.734	SYSTEM	SIMULATOR	SEND	ALIVE_REPLY#
2018-11-27 11:37:30.326	SYSTEM	SIMULATOR	RECV	ALIVE (NOT EXIST SCANPROPERTY) [ALIVE#]
2018-11-27 11:37:31.327	SYSTEM	SIMULATOR	RECV	ALIVE (NOT EXIST SCANPROPERTY) [ALIVE#]
2018-11-27 11:37:32.328	SYSTEM	SIMULATOR	RECV	ALIVE (NOT EXIST SCANPROPERTY) [ALIVE#]
2018-11-27 11:37:33.329	SYSTEM	SIMULATOR	RECV	ALIVE (NOT EXIST SCANPROPERTY) [ALIVE#]
2018-11-27 11:37:34.331	SYSTEM	SIMULATOR	RECV	ALIVE (NOT EXIST SCANPROPERTY) [ALIVE#]
2018-11-27 11:37:35.332	SYSTEM	SIMULATOR	RECV	ALIVE (NOT EXIST SCANPROPERTY) [ALIVE#]
2018-11-27 11:37:36.333	SYSTEM	SIMULATOR	RECV	ALIVE (NOT EXIST SCANPROPERTY) [ALIVE#]
2018-11-27 11:37:37.334	SYSTEM	SIMULATOR	RECV	ALIVE (NOT EXIST SCANPROPERTY) [ALIVE#]
2018-11-27 11:37:38.334	SYSTEM	SIMULATOR	RECV	ALIVE (NOT EXIST SCANPROPERTY) [ALIVE#]
2018-11-27 11:37:39.335	SYSTEM	SIMULATOR	RECV	ALIVE (NOT EXIST SCANPROPERTY) [ALIVE#]
2018-11-27 11:37:40.337	SYSTEM	SIMULATOR	RECV	ALIVE (NOT EXIST SCANPROPERTY) [ALIVE#]
2018-11-27 11:37:41.338	SYSTEM	SIMULATOR	RECV	ALIVE (NOT EXIST SCANPROPERTY) [ALIVE#]
2018-11-27 11:37:42.339	SYSTEM	SIMULATOR	RECV	ALIVE (NOT EXIST SCANPROPERTY) [ALIVE#]
2018-11-27 11:37:43.340	SYSTEM	SIMULATOR	RECV	ALIVE (NOT EXIST SCANPROPERTY) [ALIVE#]
2018-11-27 11:37:44.340	SYSTEM	SIMULATOR	RECV	ALIVE (NOT EXIST SCANPROPERTY) [ALIVE#]
2018-11-27 11:37:45.341	SYSTEM	SIMULATOR	RECV	ALIVE (NOT EXIST SCANPROPERTY) [ALIVE#]
