2017-03-25 00:38:36.430	SYSTEM	SIMULATOR	PROC	DriverName=SIMULATOR, Mode=Client, RemoteIP=127.0.0.1, RemotePort=7000, LocalIP=127.0.0.1, LocalPort=7000
2017-03-25 00:38:36.501	SYSTEM	SIMULATOR	PROC	START
2017-03-25 00:38:36.540	SYSTEM	SIMULATOR	PROC	DRIVER STATUS CHANGE NONE>WAITCRA
2017-03-25 00:38:36.540	SYSTEM	SIMULATOR	PROC	DRIVER STATUS CHANGE WAITCRA>CONNECTED
2017-03-25 00:38:36.781	SYSTEM	SIMULATOR	SEND	STAGE_GLASS_EXIST|X#
2017-03-25 00:38:36.785	SYSTEM	SIMULATOR	SEND	CURRENT_RECIPE_CHANGE|1|1#
2017-03-25 00:38:36.787	SYSTEM	SIMULATOR	SEND	AUTO_MODE_CHANGE_EVENT|1#
2017-03-25 00:38:36.793	SYSTEM	SIMULATOR	SEND	MACHINE_MODE_CHANGE_REPORT|1#
2017-03-25 00:38:36.793	SYSTEM	SIMULATOR	SEND	COMMUNICATION|O#
2017-03-25 00:38:37.121	SYSTEM	SIMULATOR	RECV	AUTO_MODE_CHANGE_EVENT_REPLY (NOT EXIST SCANPROPERTY) [AUTO_MODE_CHANGE_EVENT_REPLY#]
2017-03-25 00:38:37.379	SYSTEM	SIMULATOR	RECV	COMMUNICATION_ACK|O (NOT EXIST SCANPROPERTY) [COMMUNICATION_ACK|O#CIM_MODE|1#RECIPE_LIST_REQ#STAGE_GLASS_EXIST_REPLY#CURRENT_RECIPE_CHANGE_ACK#MACHINE_MODE_CHANGE_REPORT_REPLY#STATE_REQUEST#]
2017-03-25 00:38:37.632	SYSTEM	SIMULATOR	RECV	CIM_MODE|1 (NOT EXIST SCANPROPERTY) [COMMUNICATION_ACK|O#CIM_MODE|1#RECIPE_LIST_REQ#STAGE_GLASS_EXIST_REPLY#CURRENT_RECIPE_CHANGE_ACK#MACHINE_MODE_CHANGE_REPORT_REPLY#STATE_REQUEST#]
2017-03-25 00:38:37.632	SYSTEM	SIMULATOR	RECV	RECIPE_LIST_REQ (NOT EXIST SCANPROPERTY) [COMMUNICATION_ACK|O#CIM_MODE|1#RECIPE_LIST_REQ#STAGE_GLASS_EXIST_REPLY#CURRENT_RECIPE_CHANGE_ACK#MACHINE_MODE_CHANGE_REPORT_REPLY#STATE_REQUEST#]
2017-03-25 00:38:37.637	SYSTEM	SIMULATOR	SEND	RECIPE_LIST_REQ_REPLY|4#
2017-03-25 00:38:37.891	SYSTEM	SIMULATOR	RECV	STAGE_GLASS_EXIST_REPLY (NOT EXIST SCANPROPERTY) [COMMUNICATION_ACK|O#CIM_MODE|1#RECIPE_LIST_REQ#STAGE_GLASS_EXIST_REPLY#CURRENT_RECIPE_CHANGE_ACK#MACHINE_MODE_CHANGE_REPORT_REPLY#STATE_REQUEST#]
2017-03-25 00:38:38.145	SYSTEM	SIMULATOR	RECV	CURRENT_RECIPE_CHANGE_ACK (NOT EXIST SCANPROPERTY) [COMMUNICATION_ACK|O#CIM_MODE|1#RECIPE_LIST_REQ#STAGE_GLASS_EXIST_REPLY#CURRENT_RECIPE_CHANGE_ACK#MACHINE_MODE_CHANGE_REPORT_REPLY#STATE_REQUEST#]
2017-03-25 00:38:38.406	SYSTEM	SIMULATOR	RECV	MACHINE_MODE_CHANGE_REPORT_REPLY (NOT EXIST SCANPROPERTY) [COMMUNICATION_ACK|O#CIM_MODE|1#RECIPE_LIST_REQ#STAGE_GLASS_EXIST_REPLY#CURRENT_RECIPE_CHANGE_ACK#MACHINE_MODE_CHANGE_REPORT_REPLY#STATE_REQUEST#]
2017-03-25 00:38:38.662	SYSTEM	SIMULATOR	RECV	STATE_REQUEST (NOT EXIST SCANPROPERTY) [COMMUNICATION_ACK|O#CIM_MODE|1#RECIPE_LIST_REQ#STAGE_GLASS_EXIST_REPLY#CURRENT_RECIPE_CHANGE_ACK#MACHINE_MODE_CHANGE_REPORT_REPLY#STATE_REQUEST#]
2017-03-25 00:38:38.669	SYSTEM	SIMULATOR	SEND	STATE_REQUEST_ACK|1|2#
2017-03-25 00:38:38.923	SYSTEM	SIMULATOR	RECV	ALIVE (NOT EXIST SCANPROPERTY) [ALIVE#ALIVE#]
2017-03-25 00:38:39.175	SYSTEM	SIMULATOR	SEND	ALIVE_REPLY#
2017-03-25 00:38:39.428	SYSTEM	SIMULATOR	RECV	ALIVE (NOT EXIST SCANPROPERTY) [ALIVE#ALIVE#]
2017-03-25 00:38:39.940	SYSTEM	SIMULATOR	RECV	ALIVE (NOT EXIST SCANPROPERTY) [ALIVE#]
2017-03-25 00:38:40.800	SYSTEM	SIMULATOR	RECV	ALIVE (NOT EXIST SCANPROPERTY) [ALIVE#]
2017-03-25 00:38:41.801	SYSTEM	SIMULATOR	RECV	ALIVE (NOT EXIST SCANPROPERTY) [ALIVE#]
2017-03-25 00:38:42.802	SYSTEM	SIMULATOR	RECV	ALIVE (NOT EXIST SCANPROPERTY) [ALIVE#]
2017-03-25 00:38:43.804	SYSTEM	SIMULATOR	RECV	ALIVE (NOT EXIST SCANPROPERTY) [ALIVE#]
2017-03-25 00:38:44.805	SYSTEM	SIMULATOR	RECV	ALIVE (NOT EXIST SCANPROPERTY) [ALIVE#]
2017-03-25 00:38:45.807	SYSTEM	SIMULATOR	RECV	ALIVE (NOT EXIST SCANPROPERTY) [ALIVE#]
2017-03-25 00:38:46.808	SYSTEM	SIMULATOR	RECV	ALIVE (NOT EXIST SCANPROPERTY) [ALIVE#]
2017-03-25 00:38:47.809	SYSTEM	SIMULATOR	RECV	ALIVE (NOT EXIST SCANPROPERTY) [ALIVE#]
2017-03-25 00:38:48.812	SYSTEM	SIMULATOR	RECV	ALIVE (NOT EXIST SCANPROPERTY) [ALIVE#]
2017-03-25 00:38:49.813	SYSTEM	SIMULATOR	RECV	ALIVE (NOT EXIST SCANPROPERTY) [ALIVE#]
2017-03-25 00:38:50.814	SYSTEM	SIMULATOR	RECV	ALIVE (NOT EXIST SCANPROPERTY) [ALIVE#]
2017-03-25 00:38:51.815	SYSTEM	SIMULATOR	RECV	ALIVE (NOT EXIST SCANPROPERTY) [ALIVE#]
2017-03-25 00:38:52.817	SYSTEM	SIMULATOR	RECV	ALIVE (NOT EXIST SCANPROPERTY) [ALIVE#]
2017-03-25 00:38:53.818	SYSTEM	SIMULATOR	RECV	ALIVE (NOT EXIST SCANPROPERTY) [ALIVE#]
2017-03-25 00:38:54.820	SYSTEM	SIMULATOR	RECV	ALIVE (NOT EXIST SCANPROPERTY) [ALIVE#]
2017-03-25 00:38:55.821	SYSTEM	SIMULATOR	RECV	ALIVE (NOT EXIST SCANPROPERTY) [ALIVE#]
2017-03-25 00:38:56.823	SYSTEM	SIMULATOR	RECV	ALIVE (NOT EXIST SCANPROPERTY) [ALIVE#]
2017-03-25 00:38:57.824	SYSTEM	SIMULATOR	RECV	ALIVE (NOT EXIST SCANPROPERTY) [ALIVE#]
2017-03-25 00:38:58.826	SYSTEM	SIMULATOR	RECV	ALIVE (NOT EXIST SCANPROPERTY) [ALIVE#]
2017-03-25 00:38:59.827	SYSTEM	SIMULATOR	RECV	ALIVE (NOT EXIST SCANPROPERTY) [ALIVE#]
2017-03-25 00:39:00.829	SYSTEM	SIMULATOR	RECV	ALIVE (NOT EXIST SCANPROPERTY) [ALIVE#]
2017-03-25 00:39:01.830	SYSTEM	SIMULATOR	RECV	ALIVE (NOT EXIST SCANPROPERTY) [ALIVE#]
2017-03-25 00:39:02.604	SYSTEM	SIMULATOR	RECV	CIM_MESSAGE_ON|X| (NOT EXIST SCANPROPERTY) [CIM_MESSAGE_ON|X|#]
2017-03-25 00:39:02.605	SYSTEM	SIMULATOR	SEND	CIM_MESSAGE_ON_REPLY#
2017-03-25 00:39:02.861	SYSTEM	SIMULATOR	RECV	ALIVE (NOT EXIST SCANPROPERTY) [ALIVE#]
2017-03-25 00:39:03.113	SYSTEM	SIMULATOR	SEND	ALIVE_REPLY#
2017-03-25 00:39:03.832	SYSTEM	SIMULATOR	RECV	ALIVE (NOT EXIST SCANPROPERTY) [ALIVE#]
2017-03-25 00:39:04.833	SYSTEM	SIMULATOR	RECV	ALIVE (NOT EXIST SCANPROPERTY) [ALIVE#]
2017-03-25 00:39:05.833	SYSTEM	SIMULATOR	RECV	ALIVE (NOT EXIST SCANPROPERTY) [ALIVE#]
2017-03-25 00:39:06.835	SYSTEM	SIMULATOR	RECV	ALIVE (NOT EXIST SCANPROPERTY) [ALIVE#]
2017-03-25 00:39:07.836	SYSTEM	SIMULATOR	RECV	ALIVE (NOT EXIST SCANPROPERTY) [ALIVE#]
2017-03-25 00:39:08.837	SYSTEM	SIMULATOR	RECV	ALIVE (NOT EXIST SCANPROPERTY) [ALIVE#]
2017-03-25 00:39:09.839	SYSTEM	SIMULATOR	RECV	ALIVE (NOT EXIST SCANPROPERTY) [ALIVE#]
2017-03-25 00:39:10.841	SYSTEM	SIMULATOR	RECV	ALIVE (NOT EXIST SCANPROPERTY) [ALIVE#]
2017-03-25 00:39:11.842	SYSTEM	SIMULATOR	RECV	ALIVE (NOT EXIST SCANPROPERTY) [ALIVE#]
