2017-03-28 00:01:31.968	SYSTEM	SIMULATOR	PROC	DriverName=SIMULATOR, Mode=Client, RemoteIP=127.0.0.1, RemotePort=7000, LocalIP=127.0.0.1, LocalPort=7000
2017-03-28 00:01:32.050	SYSTEM	SIMULATOR	PROC	START
2017-03-28 00:01:32.060	SYSTEM	SIMULATOR	PROC	DRIVER STATUS CHANGE NONE>WAITCRA
2017-03-28 00:01:32.060	SYSTEM	SIMULATOR	PROC	DRIVER STATUS CHANGE WAITCRA>CONNECTED
2017-03-28 00:01:32.946	SYSTEM	SIMULATOR	SEND	STAGE_GLASS_EXIST|X#
2017-03-28 00:01:32.953	SYSTEM	SIMULATOR	SEND	CURRENT_RECIPE_CHANGE|1|1#
2017-03-28 00:01:32.958	SYSTEM	SIMULATOR	SEND	AUTO_MODE_CHANGE_EVENT|1#
2017-03-28 00:01:32.964	SYSTEM	SIMULATOR	SEND	MACHINE_MODE_CHANGE_REPORT|1#
2017-03-28 00:01:32.966	SYSTEM	SIMULATOR	SEND	COMMUNICATION|O#
2017-03-28 00:01:33.289	SYSTEM	SIMULATOR	RECV	AUTO_MODE_CHANGE_EVENT_REPLY (NOT EXIST SCANPROPERTY) [AUTO_MODE_CHANGE_EVENT_REPLY#]
2017-03-28 00:01:33.547	SYSTEM	SIMULATOR	RECV	COMMUNICATION_ACK|O (NOT EXIST SCANPROPERTY) [COMMUNICATION_ACK|O#COMMUNICATION_ACK|O#CIM_MODE|1#CIM_MODE|1#RECIPE_LIST_REQ#RECIPE_LIST_REQ#STAGE_GLASS_EXIST_REPLY#CURRENT_RECIPE_CHANGE_ACK#MACHINE_MODE_CHANGE_REPORT_REPLY#]
2017-03-28 00:01:33.800	SYSTEM	SIMULATOR	RECV	COMMUNICATION_ACK|O (NOT EXIST SCANPROPERTY) [COMMUNICATION_ACK|O#COMMUNICATION_ACK|O#CIM_MODE|1#CIM_MODE|1#RECIPE_LIST_REQ#RECIPE_LIST_REQ#STAGE_GLASS_EXIST_REPLY#CURRENT_RECIPE_CHANGE_ACK#MACHINE_MODE_CHANGE_REPORT_REPLY#]
2017-03-28 00:01:33.863	SYSTEM	SIMULATOR	SEND	PROCESS_STATUS_SEND|1#
2017-03-28 00:01:55.981	SYSTEM	SIMULATOR	RECV	CIM_MODE|1 (NOT EXIST SCANPROPERTY) [COMMUNICATION_ACK|O#COMMUNICATION_ACK|O#CIM_MODE|1#CIM_MODE|1#RECIPE_LIST_REQ#RECIPE_LIST_REQ#STAGE_GLASS_EXIST_REPLY#CURRENT_RECIPE_CHANGE_ACK#MACHINE_MODE_CHANGE_REPORT_REPLY#]
2017-03-28 00:01:55.982	SYSTEM	SIMULATOR	RECV	CIM_MODE|1 (NOT EXIST SCANPROPERTY) [COMMUNICATION_ACK|O#COMMUNICATION_ACK|O#CIM_MODE|1#CIM_MODE|1#RECIPE_LIST_REQ#RECIPE_LIST_REQ#STAGE_GLASS_EXIST_REPLY#CURRENT_RECIPE_CHANGE_ACK#MACHINE_MODE_CHANGE_REPORT_REPLY#]
2017-03-28 00:01:55.982	SYSTEM	SIMULATOR	RECV	RECIPE_LIST_REQ (NOT EXIST SCANPROPERTY) [COMMUNICATION_ACK|O#COMMUNICATION_ACK|O#CIM_MODE|1#CIM_MODE|1#RECIPE_LIST_REQ#RECIPE_LIST_REQ#STAGE_GLASS_EXIST_REPLY#CURRENT_RECIPE_CHANGE_ACK#MACHINE_MODE_CHANGE_REPORT_REPLY#]
2017-03-28 00:01:55.996	SYSTEM	SIMULATOR	SEND	RECIPE_LIST_REQ_REPLY|4#
2017-03-28 00:01:56.523	SYSTEM	SIMULATOR	RECV	RECIPE_LIST_REQ (NOT EXIST SCANPROPERTY) [COMMUNICATION_ACK|O#COMMUNICATION_ACK|O#CIM_MODE|1#CIM_MODE|1#RECIPE_LIST_REQ#RECIPE_LIST_REQ#STAGE_GLASS_EXIST_REPLY#CURRENT_RECIPE_CHANGE_ACK#MACHINE_MODE_CHANGE_REPORT_REPLY#]
2017-03-28 00:01:58.080	SYSTEM	SIMULATOR	RECV	STAGE_GLASS_EXIST_REPLY (NOT EXIST SCANPROPERTY) [COMMUNICATION_ACK|O#COMMUNICATION_ACK|O#CIM_MODE|1#CIM_MODE|1#RECIPE_LIST_REQ#RECIPE_LIST_REQ#STAGE_GLASS_EXIST_REPLY#CURRENT_RECIPE_CHANGE_ACK#MACHINE_MODE_CHANGE_REPORT_REPLY#]
2017-03-28 00:02:03.091	SYSTEM	SIMULATOR	RECV	CURRENT_RECIPE_CHANGE_ACK (NOT EXIST SCANPROPERTY) [COMMUNICATION_ACK|O#COMMUNICATION_ACK|O#CIM_MODE|1#CIM_MODE|1#RECIPE_LIST_REQ#RECIPE_LIST_REQ#STAGE_GLASS_EXIST_REPLY#CURRENT_RECIPE_CHANGE_ACK#MACHINE_MODE_CHANGE_REPORT_REPLY#]
2017-03-28 00:02:11.551	SYSTEM	SIMULATOR	RECV	MACHINE_MODE_CHANGE_REPORT_REPLY (NOT EXIST SCANPROPERTY) [COMMUNICATION_ACK|O#COMMUNICATION_ACK|O#CIM_MODE|1#CIM_MODE|1#RECIPE_LIST_REQ#RECIPE_LIST_REQ#STAGE_GLASS_EXIST_REPLY#CURRENT_RECIPE_CHANGE_ACK#MACHINE_MODE_CHANGE_REPORT_REPLY#]
2017-03-28 00:02:12.036	SYSTEM	SIMULATOR	RECV	ALIVE (NOT EXIST SCANPROPERTY) [ALIVE#PROCESS_STATUS_SEND_REPLY#ALIVE#ALIVE#ALIVE#ALIVE#]
2017-03-28 00:02:14.948	SYSTEM	SIMULATOR	SEND	ALIVE_REPLY#
2017-03-28 00:02:15.988	SYSTEM	SIMULATOR	RECV	PROCESS_STATUS_SEND_REPLY (NOT EXIST SCANPROPERTY) [ALIVE#PROCESS_STATUS_SEND_REPLY#ALIVE#ALIVE#ALIVE#ALIVE#]
2017-03-28 00:02:15.988	SYSTEM	SIMULATOR	RECV	ALIVE (NOT EXIST SCANPROPERTY) [ALIVE#PROCESS_STATUS_SEND_REPLY#ALIVE#ALIVE#ALIVE#ALIVE#]
2017-03-28 00:02:16.970	SYSTEM	SIMULATOR	RECV	ALIVE (NOT EXIST SCANPROPERTY) [ALIVE#PROCESS_STATUS_SEND_REPLY#ALIVE#ALIVE#ALIVE#ALIVE#]
2017-03-28 00:02:17.998	SYSTEM	SIMULATOR	RECV	ALIVE (NOT EXIST SCANPROPERTY) [ALIVE#PROCESS_STATUS_SEND_REPLY#ALIVE#ALIVE#ALIVE#ALIVE#]
2017-03-28 00:02:20.820	SYSTEM	SIMULATOR	RECV	ALIVE (NOT EXIST SCANPROPERTY) [ALIVE#PROCESS_STATUS_SEND_REPLY#ALIVE#ALIVE#ALIVE#ALIVE#]
2017-03-28 00:02:21.667	SYSTEM	SIMULATOR	RECV	ALIVE (NOT EXIST SCANPROPERTY) [ALIVE#ALIVE#]
2017-03-28 00:02:22.562	SYSTEM	SIMULATOR	RECV	ALIVE (NOT EXIST SCANPROPERTY) [ALIVE#ALIVE#]
2017-03-28 00:02:24.017	SYSTEM	SIMULATOR	RECV	ALIVE (NOT EXIST SCANPROPERTY) [ALIVE#ALIVE#]
2017-03-28 00:02:26.001	SYSTEM	SIMULATOR	RECV	ALIVE (NOT EXIST SCANPROPERTY) [ALIVE#ALIVE#]
2017-03-28 00:02:26.507	SYSTEM	SIMULATOR	RECV	ALIVE (NOT EXIST SCANPROPERTY) [ALIVE#STATE_REQUEST#]
2017-03-28 00:02:27.015	SYSTEM	SIMULATOR	RECV	STATE_REQUEST (NOT EXIST SCANPROPERTY) [ALIVE#STATE_REQUEST#]
2017-03-28 00:02:27.022	SYSTEM	SIMULATOR	SEND	STATE_REQUEST_ACK|1|2#
2017-03-28 00:02:27.282	SYSTEM	SIMULATOR	RECV	ALIVE (NOT EXIST SCANPROPERTY) [ALIVE#]
2017-03-28 00:02:27.536	SYSTEM	SIMULATOR	SEND	ALIVE_REPLY#
2017-03-28 00:02:27.790	SYSTEM	SIMULATOR	RECV	ALIVE (NOT EXIST SCANPROPERTY) [ALIVE#]
2017-03-28 00:02:28.758	SYSTEM	SIMULATOR	RECV	ALIVE (NOT EXIST SCANPROPERTY) [ALIVE#]
2017-03-28 00:02:29.759	SYSTEM	SIMULATOR	RECV	ALIVE (NOT EXIST SCANPROPERTY) [ALIVE#]
2017-03-28 00:02:30.761	SYSTEM	SIMULATOR	RECV	ALIVE (NOT EXIST SCANPROPERTY) [ALIVE#]
2017-03-28 00:02:31.763	SYSTEM	SIMULATOR	RECV	ALIVE (NOT EXIST SCANPROPERTY) [ALIVE#]
2017-03-28 00:02:32.764	SYSTEM	SIMULATOR	RECV	ALIVE (NOT EXIST SCANPROPERTY) [ALIVE#]
2017-03-28 00:02:33.766	SYSTEM	SIMULATOR	RECV	ALIVE (NOT EXIST SCANPROPERTY) [ALIVE#]
2017-03-28 00:02:34.767	SYSTEM	SIMULATOR	RECV	ALIVE (NOT EXIST SCANPROPERTY) [ALIVE#]
2017-03-28 00:02:35.768	SYSTEM	SIMULATOR	RECV	ALIVE (NOT EXIST SCANPROPERTY) [ALIVE#]
2017-03-28 00:02:36.274	SYSTEM	SIMULATOR	SEND	PROCESS_STATUS_SEND|1#
2017-03-28 00:02:36.275	SYSTEM	SIMULATOR	RECV	PROCESS_STATUS_SEND_REPLY (NOT EXIST SCANPROPERTY) [PROCESS_STATUS_SEND_REPLY#]
2017-03-28 00:02:41.525	SYSTEM	SIMULATOR	RECV	ALIVE (NOT EXIST SCANPROPERTY) [ALIVE#]
2017-03-28 00:02:42.640	SYSTEM	SIMULATOR	SEND	ALIVE_REPLY#
2017-03-28 00:02:49.708	SYSTEM	SIMULATOR	RECV	ALIVE (NOT EXIST SCANPROPERTY) [ALIVE#ALIVE#]
2017-03-28 00:02:50.833	SYSTEM	SIMULATOR	RECV	ALIVE (NOT EXIST SCANPROPERTY) [ALIVE#ALIVE#]
2017-03-28 00:02:52.349	SYSTEM	SIMULATOR	RECV	ALIVE (NOT EXIST SCANPROPERTY) [ALIVE#]
2017-03-28 00:08:17.453	SYSTEM	SIMULATOR	RECV	ALIVE (NOT EXIST SCANPROPERTY) [ALIVE#]
2017-03-28 00:08:18.474	SYSTEM	SIMULATOR	RECV	ALIVE (NOT EXIST SCANPROPERTY) [ALIVE#]
2017-03-28 00:08:19.027	SYSTEM	SIMULATOR	RECV	CIM_MESSAGE_ON|X| (NOT EXIST SCANPROPERTY) [CIM_MESSAGE_ON|X|#]
2017-03-28 00:08:19.030	SYSTEM	SIMULATOR	SEND	CIM_MESSAGE_ON_REPLY#
2017-03-28 00:08:19.475	SYSTEM	SIMULATOR	RECV	ALIVE (NOT EXIST SCANPROPERTY) [ALIVE#]
2017-03-28 00:08:19.726	SYSTEM	SIMULATOR	SEND	ALIVE_REPLY#
2017-03-28 00:08:20.476	SYSTEM	SIMULATOR	RECV	ALIVE (NOT EXIST SCANPROPERTY) [ALIVE#]
2017-03-28 00:08:21.478	SYSTEM	SIMULATOR	RECV	ALIVE (NOT EXIST SCANPROPERTY) [ALIVE#]
2017-03-28 00:08:22.478	SYSTEM	SIMULATOR	RECV	ALIVE (NOT EXIST SCANPROPERTY) [ALIVE#]
2017-03-28 00:08:23.481	SYSTEM	SIMULATOR	RECV	ALIVE (NOT EXIST SCANPROPERTY) [ALIVE#]
2017-03-28 00:08:24.482	SYSTEM	SIMULATOR	RECV	ALIVE (NOT EXIST SCANPROPERTY) [ALIVE#]
2017-03-28 00:08:25.483	SYSTEM	SIMULATOR	RECV	ALIVE (NOT EXIST SCANPROPERTY) [ALIVE#]
2017-03-28 00:08:25.987	SYSTEM	SIMULATOR	RECV	CIM_MESSAGE_ON|X| (NOT EXIST SCANPROPERTY) [CIM_MESSAGE_ON|X|#]
2017-03-28 00:08:25.988	SYSTEM	SIMULATOR	SEND	CIM_MESSAGE_ON_REPLY#
2017-03-28 00:08:26.484	SYSTEM	SIMULATOR	RECV	ALIVE (NOT EXIST SCANPROPERTY) [ALIVE#]
2017-03-28 00:08:26.734	SYSTEM	SIMULATOR	SEND	ALIVE_REPLY#
2017-03-28 00:08:27.484	SYSTEM	SIMULATOR	RECV	ALIVE (NOT EXIST SCANPROPERTY) [ALIVE#]
2017-03-28 00:09:57.156	SYSTEM	SIMULATOR	PROC	DriverName=SIMULATOR, Mode=Client, RemoteIP=127.0.0.1, RemotePort=7000, LocalIP=127.0.0.1, LocalPort=7000
2017-03-28 00:09:57.215	SYSTEM	SIMULATOR	PROC	START
2017-03-28 00:09:57.226	SYSTEM	SIMULATOR	PROC	DRIVER STATUS CHANGE NONE>WAITCRA
2017-03-28 00:09:57.226	SYSTEM	SIMULATOR	PROC	DRIVER STATUS CHANGE WAITCRA>CONNECTED
2017-03-28 00:09:58.171	SYSTEM	SIMULATOR	SEND	STAGE_GLASS_EXIST|X#
2017-03-28 00:09:58.176	SYSTEM	SIMULATOR	SEND	CURRENT_RECIPE_CHANGE|1|1#
2017-03-28 00:09:58.178	SYSTEM	SIMULATOR	SEND	AUTO_MODE_CHANGE_EVENT|1#
2017-03-28 00:09:58.183	SYSTEM	SIMULATOR	SEND	MACHINE_MODE_CHANGE_REPORT|1#
2017-03-28 00:09:58.183	SYSTEM	SIMULATOR	SEND	COMMUNICATION|O#
2017-03-28 00:09:58.538	SYSTEM	SIMULATOR	RECV	AUTO_MODE_CHANGE_EVENT_REPLY (NOT EXIST SCANPROPERTY) [AUTO_MODE_CHANGE_EVENT_REPLY#]
2017-03-28 00:09:58.795	SYSTEM	SIMULATOR	RECV	COMMUNICATION_ACK|O (NOT EXIST SCANPROPERTY) [COMMUNICATION_ACK|O#CIM_MODE|1#RECIPE_LIST_REQ#STAGE_GLASS_EXIST_REPLY#CURRENT_RECIPE_CHANGE_ACK#MACHINE_MODE_CHANGE_REPORT_REPLY#ALIVE#]
2017-03-28 00:09:59.050	SYSTEM	SIMULATOR	RECV	CIM_MODE|1 (NOT EXIST SCANPROPERTY) [COMMUNICATION_ACK|O#CIM_MODE|1#RECIPE_LIST_REQ#STAGE_GLASS_EXIST_REPLY#CURRENT_RECIPE_CHANGE_ACK#MACHINE_MODE_CHANGE_REPORT_REPLY#ALIVE#]
2017-03-28 00:09:59.050	SYSTEM	SIMULATOR	RECV	RECIPE_LIST_REQ (NOT EXIST SCANPROPERTY) [COMMUNICATION_ACK|O#CIM_MODE|1#RECIPE_LIST_REQ#STAGE_GLASS_EXIST_REPLY#CURRENT_RECIPE_CHANGE_ACK#MACHINE_MODE_CHANGE_REPORT_REPLY#ALIVE#]
2017-03-28 00:09:59.059	SYSTEM	SIMULATOR	SEND	RECIPE_LIST_REQ_REPLY|4#
2017-03-28 00:09:59.312	SYSTEM	SIMULATOR	RECV	STAGE_GLASS_EXIST_REPLY (NOT EXIST SCANPROPERTY) [COMMUNICATION_ACK|O#CIM_MODE|1#RECIPE_LIST_REQ#STAGE_GLASS_EXIST_REPLY#CURRENT_RECIPE_CHANGE_ACK#MACHINE_MODE_CHANGE_REPORT_REPLY#ALIVE#]
2017-03-28 00:09:59.734	SYSTEM	SIMULATOR	RECV	CURRENT_RECIPE_CHANGE_ACK (NOT EXIST SCANPROPERTY) [COMMUNICATION_ACK|O#CIM_MODE|1#RECIPE_LIST_REQ#STAGE_GLASS_EXIST_REPLY#CURRENT_RECIPE_CHANGE_ACK#MACHINE_MODE_CHANGE_REPORT_REPLY#ALIVE#]
2017-03-28 00:09:59.992	SYSTEM	SIMULATOR	RECV	MACHINE_MODE_CHANGE_REPORT_REPLY (NOT EXIST SCANPROPERTY) [COMMUNICATION_ACK|O#CIM_MODE|1#RECIPE_LIST_REQ#STAGE_GLASS_EXIST_REPLY#CURRENT_RECIPE_CHANGE_ACK#MACHINE_MODE_CHANGE_REPORT_REPLY#ALIVE#]
2017-03-28 00:10:00.249	SYSTEM	SIMULATOR	RECV	ALIVE (NOT EXIST SCANPROPERTY) [COMMUNICATION_ACK|O#CIM_MODE|1#RECIPE_LIST_REQ#STAGE_GLASS_EXIST_REPLY#CURRENT_RECIPE_CHANGE_ACK#MACHINE_MODE_CHANGE_REPORT_REPLY#ALIVE#]
2017-03-28 00:10:00.501	SYSTEM	SIMULATOR	SEND	ALIVE_REPLY#
2017-03-28 00:10:00.755	SYSTEM	SIMULATOR	RECV	ALIVE (NOT EXIST SCANPROPERTY) [ALIVE#ALIVE#]
2017-03-28 00:10:01.261	SYSTEM	SIMULATOR	RECV	ALIVE (NOT EXIST SCANPROPERTY) [ALIVE#ALIVE#]
2017-03-28 00:10:01.766	SYSTEM	SIMULATOR	RECV	ALIVE (NOT EXIST SCANPROPERTY) [ALIVE#]
2017-03-28 00:10:02.181	SYSTEM	SIMULATOR	SEND	PROCESS_STATUS_SEND|2#
2017-03-28 00:10:06.488	SYSTEM	SIMULATOR	RECV	PROCESS_STATUS_SEND_REPLY (NOT EXIST SCANPROPERTY) [PROCESS_STATUS_SEND_REPLY#ALIVE#]
2017-03-28 00:10:06.488	SYSTEM	SIMULATOR	RECV	ALIVE (NOT EXIST SCANPROPERTY) [PROCESS_STATUS_SEND_REPLY#ALIVE#]
2017-03-28 00:10:07.006	SYSTEM	SIMULATOR	SEND	ALIVE_REPLY#
2017-03-28 00:10:08.035	SYSTEM	SIMULATOR	RECV	ALIVE (NOT EXIST SCANPROPERTY) [ALIVE#]
2017-03-28 00:10:15.429	SYSTEM	SIMULATOR	RECV	ALIVE (NOT EXIST SCANPROPERTY) [ALIVE#]
2017-03-28 00:11:30.587	SYSTEM	SIMULATOR	PROC	DriverName=SIMULATOR, Mode=Client, RemoteIP=127.0.0.1, RemotePort=7000, LocalIP=127.0.0.1, LocalPort=7000
2017-03-28 00:11:30.648	SYSTEM	SIMULATOR	PROC	START
2017-03-28 00:11:30.681	SYSTEM	SIMULATOR	PROC	DRIVER STATUS CHANGE NONE>WAITCRA
2017-03-28 00:11:30.681	SYSTEM	SIMULATOR	PROC	DRIVER STATUS CHANGE WAITCRA>CONNECTED
2017-03-28 00:11:30.765	SYSTEM	SIMULATOR	SEND	STAGE_GLASS_EXIST|X#
2017-03-28 00:11:30.772	SYSTEM	SIMULATOR	SEND	CURRENT_RECIPE_CHANGE|1|1#
2017-03-28 00:11:30.776	SYSTEM	SIMULATOR	SEND	AUTO_MODE_CHANGE_EVENT|1#
2017-03-28 00:11:30.780	SYSTEM	SIMULATOR	SEND	MACHINE_MODE_CHANGE_REPORT|1#
2017-03-28 00:11:30.780	SYSTEM	SIMULATOR	SEND	COMMUNICATION|O#
2017-03-28 00:11:31.138	SYSTEM	SIMULATOR	RECV	AUTO_MODE_CHANGE_EVENT_REPLY (NOT EXIST SCANPROPERTY) [AUTO_MODE_CHANGE_EVENT_REPLY#]
2017-03-28 00:11:31.399	SYSTEM	SIMULATOR	RECV	COMMUNICATION_ACK|O (NOT EXIST SCANPROPERTY) [COMMUNICATION_ACK|O#CIM_MODE|1#RECIPE_LIST_REQ#STAGE_GLASS_EXIST_REPLY#CURRENT_RECIPE_CHANGE_ACK#MACHINE_MODE_CHANGE_REPORT_REPLY#]
2017-03-28 00:11:31.656	SYSTEM	SIMULATOR	RECV	CIM_MODE|1 (NOT EXIST SCANPROPERTY) [COMMUNICATION_ACK|O#CIM_MODE|1#RECIPE_LIST_REQ#STAGE_GLASS_EXIST_REPLY#CURRENT_RECIPE_CHANGE_ACK#MACHINE_MODE_CHANGE_REPORT_REPLY#]
2017-03-28 00:11:31.657	SYSTEM	SIMULATOR	RECV	RECIPE_LIST_REQ (NOT EXIST SCANPROPERTY) [COMMUNICATION_ACK|O#CIM_MODE|1#RECIPE_LIST_REQ#STAGE_GLASS_EXIST_REPLY#CURRENT_RECIPE_CHANGE_ACK#MACHINE_MODE_CHANGE_REPORT_REPLY#]
2017-03-28 00:11:31.665	SYSTEM	SIMULATOR	SEND	RECIPE_LIST_REQ_REPLY|4#
2017-03-28 00:11:31.918	SYSTEM	SIMULATOR	RECV	STAGE_GLASS_EXIST_REPLY (NOT EXIST SCANPROPERTY) [COMMUNICATION_ACK|O#CIM_MODE|1#RECIPE_LIST_REQ#STAGE_GLASS_EXIST_REPLY#CURRENT_RECIPE_CHANGE_ACK#MACHINE_MODE_CHANGE_REPORT_REPLY#]
2017-03-28 00:11:32.178	SYSTEM	SIMULATOR	RECV	CURRENT_RECIPE_CHANGE_ACK (NOT EXIST SCANPROPERTY) [COMMUNICATION_ACK|O#CIM_MODE|1#RECIPE_LIST_REQ#STAGE_GLASS_EXIST_REPLY#CURRENT_RECIPE_CHANGE_ACK#MACHINE_MODE_CHANGE_REPORT_REPLY#]
2017-03-28 00:11:32.454	SYSTEM	SIMULATOR	RECV	MACHINE_MODE_CHANGE_REPORT_REPLY (NOT EXIST SCANPROPERTY) [COMMUNICATION_ACK|O#CIM_MODE|1#RECIPE_LIST_REQ#STAGE_GLASS_EXIST_REPLY#CURRENT_RECIPE_CHANGE_ACK#MACHINE_MODE_CHANGE_REPORT_REPLY#]
2017-03-28 00:11:32.710	SYSTEM	SIMULATOR	RECV	ALIVE (NOT EXIST SCANPROPERTY) [ALIVE#ALIVE#]
2017-03-28 00:11:32.965	SYSTEM	SIMULATOR	SEND	ALIVE_REPLY#
2017-03-28 00:11:33.219	SYSTEM	SIMULATOR	RECV	ALIVE (NOT EXIST SCANPROPERTY) [ALIVE#ALIVE#]
2017-03-28 00:11:33.728	SYSTEM	SIMULATOR	RECV	ALIVE (NOT EXIST SCANPROPERTY) [ALIVE#]
2017-03-28 00:11:34.585	SYSTEM	SIMULATOR	RECV	ALIVE (NOT EXIST SCANPROPERTY) [ALIVE#]
2017-03-28 00:11:35.586	SYSTEM	SIMULATOR	RECV	ALIVE (NOT EXIST SCANPROPERTY) [ALIVE#]
2017-03-28 00:11:36.587	SYSTEM	SIMULATOR	RECV	ALIVE (NOT EXIST SCANPROPERTY) [ALIVE#]
2017-03-28 00:11:37.294	SYSTEM	SIMULATOR	SEND	PROCESS_STATUS_SEND|2#
2017-03-28 00:11:37.295	SYSTEM	SIMULATOR	RECV	PROCESS_STATUS_SEND_REPLY (NOT EXIST SCANPROPERTY) [PROCESS_STATUS_SEND_REPLY#]
2017-03-28 00:11:40.614	SYSTEM	SIMULATOR	RECV	ALIVE (NOT EXIST SCANPROPERTY) [ALIVE#]
2017-03-28 00:11:41.098	SYSTEM	SIMULATOR	SEND	ALIVE_REPLY#
2017-03-28 00:11:41.811	SYSTEM	SIMULATOR	RECV	ALIVE (NOT EXIST SCANPROPERTY) [ALIVE#]
2017-03-28 00:12:10.706	SYSTEM	SIMULATOR	RECV	ALIVE (NOT EXIST SCANPROPERTY) [ALIVE#ALIVE#]
2017-03-28 00:12:14.503	SYSTEM	SIMULATOR	RECV	ALIVE (NOT EXIST SCANPROPERTY) [ALIVE#ALIVE#]
2017-03-28 00:12:15.248	SYSTEM	SIMULATOR	RECV	ALIVE (NOT EXIST SCANPROPERTY) [ALIVE#]
2017-03-28 00:12:15.757	SYSTEM	SIMULATOR	RECV	STATE_REQUEST (NOT EXIST SCANPROPERTY) [STATE_REQUEST#]
2017-03-28 00:12:15.766	SYSTEM	SIMULATOR	SEND	STATE_REQUEST_ACK|1|2#
2017-03-28 00:12:16.308	SYSTEM	SIMULATOR	RECV	ALIVE (NOT EXIST SCANPROPERTY) [ALIVE#]
2017-03-28 00:12:16.560	SYSTEM	SIMULATOR	SEND	ALIVE_REPLY#
2017-03-28 00:22:14.347	SYSTEM	SIMULATOR	PROC	DriverName=SIMULATOR, Mode=Client, RemoteIP=127.0.0.1, RemotePort=7000, LocalIP=127.0.0.1, LocalPort=7000
2017-03-28 00:22:14.415	SYSTEM	SIMULATOR	PROC	START
2017-03-28 00:22:14.453	SYSTEM	SIMULATOR	PROC	DRIVER STATUS CHANGE NONE>WAITCRA
2017-03-28 00:22:14.453	SYSTEM	SIMULATOR	PROC	DRIVER STATUS CHANGE WAITCRA>CONNECTED
2017-03-28 00:22:14.957	SYSTEM	SIMULATOR	RECV	STATE_REQUEST (NOT EXIST SCANPROPERTY) [STATE_REQUEST#]
2017-03-28 00:22:14.967	SYSTEM	SIMULATOR	SEND	STATE_REQUEST_ACK|1|2#
2017-03-28 00:22:14.990	SYSTEM	SIMULATOR	SEND	STAGE_GLASS_EXIST|X#
2017-03-28 00:22:14.993	SYSTEM	SIMULATOR	SEND	CURRENT_RECIPE_CHANGE|1|1#
2017-03-28 00:22:14.995	SYSTEM	SIMULATOR	SEND	AUTO_MODE_CHANGE_EVENT|1#
2017-03-28 00:22:15.001	SYSTEM	SIMULATOR	SEND	MACHINE_MODE_CHANGE_REPORT|1#
2017-03-28 00:22:15.001	SYSTEM	SIMULATOR	SEND	COMMUNICATION|O#
2017-03-28 00:22:15.220	SYSTEM	SIMULATOR	RECV	STAGE_GLASS_EXIST_REPLY (NOT EXIST SCANPROPERTY) [STAGE_GLASS_EXIST_REPLY#CURRENT_RECIPE_CHANGE_ACK#AUTO_MODE_CHANGE_EVENT_REPLY#MACHINE_MODE_CHANGE_REPORT_REPLY#COMMUNICATION_ACK|O#CIM_MODE|1#RECIPE_LIST_REQ#]
2017-03-28 00:22:15.475	SYSTEM	SIMULATOR	RECV	CURRENT_RECIPE_CHANGE_ACK (NOT EXIST SCANPROPERTY) [STAGE_GLASS_EXIST_REPLY#CURRENT_RECIPE_CHANGE_ACK#AUTO_MODE_CHANGE_EVENT_REPLY#MACHINE_MODE_CHANGE_REPORT_REPLY#COMMUNICATION_ACK|O#CIM_MODE|1#RECIPE_LIST_REQ#]
2017-03-28 00:22:15.734	SYSTEM	SIMULATOR	RECV	AUTO_MODE_CHANGE_EVENT_REPLY (NOT EXIST SCANPROPERTY) [STAGE_GLASS_EXIST_REPLY#CURRENT_RECIPE_CHANGE_ACK#AUTO_MODE_CHANGE_EVENT_REPLY#MACHINE_MODE_CHANGE_REPORT_REPLY#COMMUNICATION_ACK|O#CIM_MODE|1#RECIPE_LIST_REQ#]
2017-03-28 00:22:15.988	SYSTEM	SIMULATOR	RECV	MACHINE_MODE_CHANGE_REPORT_REPLY (NOT EXIST SCANPROPERTY) [STAGE_GLASS_EXIST_REPLY#CURRENT_RECIPE_CHANGE_ACK#AUTO_MODE_CHANGE_EVENT_REPLY#MACHINE_MODE_CHANGE_REPORT_REPLY#COMMUNICATION_ACK|O#CIM_MODE|1#RECIPE_LIST_REQ#]
2017-03-28 00:22:16.243	SYSTEM	SIMULATOR	RECV	COMMUNICATION_ACK|O (NOT EXIST SCANPROPERTY) [STAGE_GLASS_EXIST_REPLY#CURRENT_RECIPE_CHANGE_ACK#AUTO_MODE_CHANGE_EVENT_REPLY#MACHINE_MODE_CHANGE_REPORT_REPLY#COMMUNICATION_ACK|O#CIM_MODE|1#RECIPE_LIST_REQ#]
2017-03-28 00:22:16.503	SYSTEM	SIMULATOR	RECV	CIM_MODE|1 (NOT EXIST SCANPROPERTY) [STAGE_GLASS_EXIST_REPLY#CURRENT_RECIPE_CHANGE_ACK#AUTO_MODE_CHANGE_EVENT_REPLY#MACHINE_MODE_CHANGE_REPORT_REPLY#COMMUNICATION_ACK|O#CIM_MODE|1#RECIPE_LIST_REQ#]
2017-03-28 00:22:16.503	SYSTEM	SIMULATOR	RECV	RECIPE_LIST_REQ (NOT EXIST SCANPROPERTY) [STAGE_GLASS_EXIST_REPLY#CURRENT_RECIPE_CHANGE_ACK#AUTO_MODE_CHANGE_EVENT_REPLY#MACHINE_MODE_CHANGE_REPORT_REPLY#COMMUNICATION_ACK|O#CIM_MODE|1#RECIPE_LIST_REQ#]
2017-03-28 00:22:16.509	SYSTEM	SIMULATOR	SEND	RECIPE_LIST_REQ_REPLY|4#
2017-03-28 00:22:16.762	SYSTEM	SIMULATOR	RECV	ALIVE (NOT EXIST SCANPROPERTY) [ALIVE#ALIVE#]
2017-03-28 00:22:17.013	SYSTEM	SIMULATOR	SEND	ALIVE_REPLY#
2017-03-28 00:22:17.269	SYSTEM	SIMULATOR	RECV	ALIVE (NOT EXIST SCANPROPERTY) [ALIVE#ALIVE#]
2017-03-28 00:22:17.778	SYSTEM	SIMULATOR	RECV	ALIVE (NOT EXIST SCANPROPERTY) [ALIVE#]
2017-03-28 00:22:18.736	SYSTEM	SIMULATOR	RECV	ALIVE (NOT EXIST SCANPROPERTY) [ALIVE#]
2017-03-28 00:22:19.738	SYSTEM	SIMULATOR	RECV	ALIVE (NOT EXIST SCANPROPERTY) [ALIVE#]
2017-03-28 00:22:20.740	SYSTEM	SIMULATOR	RECV	ALIVE (NOT EXIST SCANPROPERTY) [ALIVE#]
2017-03-28 00:22:21.269	SYSTEM	SIMULATOR	RECV	CIM_MESSAGE_ON|X| (NOT EXIST SCANPROPERTY) [CIM_MESSAGE_ON|X|#]
2017-03-28 00:22:21.271	SYSTEM	SIMULATOR	SEND	CIM_MESSAGE_ON_REPLY#
2017-03-28 00:22:21.740	SYSTEM	SIMULATOR	RECV	ALIVE (NOT EXIST SCANPROPERTY) [ALIVE#]
2017-03-28 00:22:21.991	SYSTEM	SIMULATOR	SEND	ALIVE_REPLY#
2017-03-28 00:22:22.741	SYSTEM	SIMULATOR	RECV	ALIVE (NOT EXIST SCANPROPERTY) [ALIVE#]
2017-03-28 00:22:23.743	SYSTEM	SIMULATOR	RECV	ALIVE (NOT EXIST SCANPROPERTY) [ALIVE#]
2017-03-28 00:22:24.743	SYSTEM	SIMULATOR	RECV	ALIVE (NOT EXIST SCANPROPERTY) [ALIVE#]
2017-03-28 00:22:25.746	SYSTEM	SIMULATOR	RECV	ALIVE (NOT EXIST SCANPROPERTY) [ALIVE#]
2017-03-28 00:22:26.748	SYSTEM	SIMULATOR	RECV	ALIVE (NOT EXIST SCANPROPERTY) [ALIVE#]
2017-03-28 00:22:27.750	SYSTEM	SIMULATOR	RECV	ALIVE (NOT EXIST SCANPROPERTY) [ALIVE#]
2017-03-28 00:22:28.751	SYSTEM	SIMULATOR	RECV	ALIVE (NOT EXIST SCANPROPERTY) [ALIVE#]
2017-03-28 00:22:29.753	SYSTEM	SIMULATOR	RECV	ALIVE (NOT EXIST SCANPROPERTY) [ALIVE#]
2017-03-28 00:22:30.754	SYSTEM	SIMULATOR	RECV	ALIVE (NOT EXIST SCANPROPERTY) [ALIVE#]
2017-03-28 00:22:31.756	SYSTEM	SIMULATOR	RECV	ALIVE (NOT EXIST SCANPROPERTY) [ALIVE#]
2017-03-28 00:22:32.757	SYSTEM	SIMULATOR	RECV	ALIVE (NOT EXIST SCANPROPERTY) [ALIVE#]
2017-03-28 00:22:33.758	SYSTEM	SIMULATOR	RECV	ALIVE (NOT EXIST SCANPROPERTY) [ALIVE#]
2017-03-28 00:22:34.759	SYSTEM	SIMULATOR	RECV	ALIVE (NOT EXIST SCANPROPERTY) [ALIVE#]
2017-03-28 00:22:35.761	SYSTEM	SIMULATOR	RECV	ALIVE (NOT EXIST SCANPROPERTY) [ALIVE#]
2017-03-28 00:22:36.763	SYSTEM	SIMULATOR	RECV	ALIVE (NOT EXIST SCANPROPERTY) [ALIVE#]
2017-03-28 00:22:37.763	SYSTEM	SIMULATOR	RECV	ALIVE (NOT EXIST SCANPROPERTY) [ALIVE#]
2017-03-28 00:22:38.770	SYSTEM	SIMULATOR	RECV	ALIVE (NOT EXIST SCANPROPERTY) [ALIVE#]
2017-03-28 00:22:39.767	SYSTEM	SIMULATOR	RECV	ALIVE (NOT EXIST SCANPROPERTY) [ALIVE#]
2017-03-28 00:22:40.768	SYSTEM	SIMULATOR	RECV	ALIVE (NOT EXIST SCANPROPERTY) [ALIVE#]
2017-03-28 00:22:41.770	SYSTEM	SIMULATOR	RECV	ALIVE (NOT EXIST SCANPROPERTY) [ALIVE#]
2017-03-28 00:22:42.772	SYSTEM	SIMULATOR	RECV	ALIVE (NOT EXIST SCANPROPERTY) [ALIVE#]
2017-03-28 00:22:43.773	SYSTEM	SIMULATOR	RECV	ALIVE (NOT EXIST SCANPROPERTY) [ALIVE#]
2017-03-28 00:22:44.775	SYSTEM	SIMULATOR	RECV	ALIVE (NOT EXIST SCANPROPERTY) [ALIVE#]
2017-03-28 00:22:45.777	SYSTEM	SIMULATOR	RECV	ALIVE (NOT EXIST SCANPROPERTY) [ALIVE#]
2017-03-28 00:22:46.777	SYSTEM	SIMULATOR	RECV	ALIVE (NOT EXIST SCANPROPERTY) [ALIVE#]
2017-03-28 00:22:47.778	SYSTEM	SIMULATOR	RECV	ALIVE (NOT EXIST SCANPROPERTY) [ALIVE#]
2017-03-28 00:22:48.780	SYSTEM	SIMULATOR	RECV	ALIVE (NOT EXIST SCANPROPERTY) [ALIVE#]
2017-03-28 00:22:49.781	SYSTEM	SIMULATOR	RECV	ALIVE (NOT EXIST SCANPROPERTY) [ALIVE#]
2017-03-28 00:22:50.785	SYSTEM	SIMULATOR	RECV	ALIVE (NOT EXIST SCANPROPERTY) [ALIVE#]
2017-03-28 00:22:51.785	SYSTEM	SIMULATOR	RECV	ALIVE (NOT EXIST SCANPROPERTY) [ALIVE#]
2017-03-28 00:22:52.786	SYSTEM	SIMULATOR	RECV	ALIVE (NOT EXIST SCANPROPERTY) [ALIVE#]
2017-03-28 00:22:53.792	SYSTEM	SIMULATOR	RECV	ALIVE (NOT EXIST SCANPROPERTY) [ALIVE#]
2017-03-28 00:22:54.794	SYSTEM	SIMULATOR	RECV	ALIVE (NOT EXIST SCANPROPERTY) [ALIVE#]
2017-03-28 00:22:55.796	SYSTEM	SIMULATOR	RECV	ALIVE (NOT EXIST SCANPROPERTY) [ALIVE#]
2017-03-28 00:22:56.797	SYSTEM	SIMULATOR	RECV	ALIVE (NOT EXIST SCANPROPERTY) [ALIVE#]
2017-03-28 00:22:57.803	SYSTEM	SIMULATOR	RECV	ALIVE (NOT EXIST SCANPROPERTY) [ALIVE#]
2017-03-28 00:22:58.803	SYSTEM	SIMULATOR	RECV	ALIVE (NOT EXIST SCANPROPERTY) [ALIVE#]
2017-03-28 00:22:59.804	SYSTEM	SIMULATOR	RECV	ALIVE (NOT EXIST SCANPROPERTY) [ALIVE#]
2017-03-28 00:23:00.805	SYSTEM	SIMULATOR	RECV	ALIVE (NOT EXIST SCANPROPERTY) [ALIVE#]
2017-03-28 00:23:01.805	SYSTEM	SIMULATOR	RECV	ALIVE (NOT EXIST SCANPROPERTY) [ALIVE#]
2017-03-28 00:23:02.807	SYSTEM	SIMULATOR	RECV	ALIVE (NOT EXIST SCANPROPERTY) [ALIVE#]
2017-03-28 00:23:03.807	SYSTEM	SIMULATOR	RECV	ALIVE (NOT EXIST SCANPROPERTY) [ALIVE#]
2017-03-28 00:23:04.808	SYSTEM	SIMULATOR	RECV	ALIVE (NOT EXIST SCANPROPERTY) [ALIVE#]
2017-03-28 00:23:05.810	SYSTEM	SIMULATOR	RECV	ALIVE (NOT EXIST SCANPROPERTY) [ALIVE#]
2017-03-28 00:23:06.813	SYSTEM	SIMULATOR	RECV	ALIVE (NOT EXIST SCANPROPERTY) [ALIVE#]
2017-03-28 00:23:07.815	SYSTEM	SIMULATOR	RECV	ALIVE (NOT EXIST SCANPROPERTY) [ALIVE#]
2017-03-28 00:23:08.816	SYSTEM	SIMULATOR	RECV	ALIVE (NOT EXIST SCANPROPERTY) [ALIVE#]
2017-03-28 00:23:09.817	SYSTEM	SIMULATOR	RECV	ALIVE (NOT EXIST SCANPROPERTY) [ALIVE#]
2017-03-28 00:23:10.819	SYSTEM	SIMULATOR	RECV	ALIVE (NOT EXIST SCANPROPERTY) [ALIVE#]
2017-03-28 00:23:11.820	SYSTEM	SIMULATOR	RECV	ALIVE (NOT EXIST SCANPROPERTY) [ALIVE#]
2017-03-28 00:23:12.821	SYSTEM	SIMULATOR	RECV	ALIVE (NOT EXIST SCANPROPERTY) [ALIVE#]
2017-03-28 00:23:13.823	SYSTEM	SIMULATOR	RECV	ALIVE (NOT EXIST SCANPROPERTY) [ALIVE#]
2017-03-28 00:23:14.825	SYSTEM	SIMULATOR	RECV	ALIVE (NOT EXIST SCANPROPERTY) [ALIVE#]
2017-03-28 00:23:15.825	SYSTEM	SIMULATOR	RECV	ALIVE (NOT EXIST SCANPROPERTY) [ALIVE#]
2017-03-28 00:23:16.826	SYSTEM	SIMULATOR	RECV	ALIVE (NOT EXIST SCANPROPERTY) [ALIVE#]
2017-03-28 00:23:17.828	SYSTEM	SIMULATOR	RECV	ALIVE (NOT EXIST SCANPROPERTY) [ALIVE#]
2017-03-28 00:23:18.829	SYSTEM	SIMULATOR	RECV	ALIVE (NOT EXIST SCANPROPERTY) [ALIVE#]
2017-03-28 00:23:19.831	SYSTEM	SIMULATOR	RECV	ALIVE (NOT EXIST SCANPROPERTY) [ALIVE#]
2017-03-28 00:23:20.833	SYSTEM	SIMULATOR	RECV	ALIVE (NOT EXIST SCANPROPERTY) [ALIVE#]
2017-03-28 00:23:21.835	SYSTEM	SIMULATOR	RECV	ALIVE (NOT EXIST SCANPROPERTY) [ALIVE#]
2017-03-28 00:23:22.844	SYSTEM	SIMULATOR	RECV	ALIVE (NOT EXIST SCANPROPERTY) [ALIVE#]
2017-03-28 00:23:23.837	SYSTEM	SIMULATOR	RECV	ALIVE (NOT EXIST SCANPROPERTY) [ALIVE#]
2017-03-28 00:23:24.838	SYSTEM	SIMULATOR	RECV	ALIVE (NOT EXIST SCANPROPERTY) [ALIVE#]
2017-03-28 00:23:25.840	SYSTEM	SIMULATOR	RECV	ALIVE (NOT EXIST SCANPROPERTY) [ALIVE#]
2017-03-28 00:23:26.841	SYSTEM	SIMULATOR	RECV	ALIVE (NOT EXIST SCANPROPERTY) [ALIVE#]
2017-03-28 00:23:27.842	SYSTEM	SIMULATOR	RECV	ALIVE (NOT EXIST SCANPROPERTY) [ALIVE#]
2017-03-28 00:23:28.843	SYSTEM	SIMULATOR	RECV	ALIVE (NOT EXIST SCANPROPERTY) [ALIVE#]
2017-03-28 00:23:29.844	SYSTEM	SIMULATOR	RECV	ALIVE (NOT EXIST SCANPROPERTY) [ALIVE#]
2017-03-28 00:23:30.530	SYSTEM	SIMULATOR	SEND	SVID_SEND|3|435,222,666#
2017-03-28 00:23:30.532	SYSTEM	SIMULATOR	RECV	SVID_SEND_REPLY (NOT EXIST SCANPROPERTY) [SVID_SEND_REPLY#]
2017-03-28 00:23:30.845	SYSTEM	SIMULATOR	RECV	ALIVE (NOT EXIST SCANPROPERTY) [ALIVE#]
2017-03-28 00:23:31.097	SYSTEM	SIMULATOR	SEND	ALIVE_REPLY#
2017-03-28 00:23:31.846	SYSTEM	SIMULATOR	RECV	ALIVE (NOT EXIST SCANPROPERTY) [ALIVE#]
2017-03-28 00:23:32.847	SYSTEM	SIMULATOR	RECV	ALIVE (NOT EXIST SCANPROPERTY) [ALIVE#]
2017-03-28 00:23:33.849	SYSTEM	SIMULATOR	RECV	ALIVE (NOT EXIST SCANPROPERTY) [ALIVE#]
2017-03-28 00:23:34.849	SYSTEM	SIMULATOR	RECV	ALIVE (NOT EXIST SCANPROPERTY) [ALIVE#]
2017-03-28 00:23:35.851	SYSTEM	SIMULATOR	RECV	ALIVE (NOT EXIST SCANPROPERTY) [ALIVE#]
2017-03-28 00:23:36.851	SYSTEM	SIMULATOR	RECV	ALIVE (NOT EXIST SCANPROPERTY) [ALIVE#]
2017-03-28 00:23:37.853	SYSTEM	SIMULATOR	RECV	ALIVE (NOT EXIST SCANPROPERTY) [ALIVE#]
2017-03-28 00:23:38.854	SYSTEM	SIMULATOR	RECV	ALIVE (NOT EXIST SCANPROPERTY) [ALIVE#]
2017-03-28 00:23:39.856	SYSTEM	SIMULATOR	RECV	ALIVE (NOT EXIST SCANPROPERTY) [ALIVE#]
2017-03-28 00:23:40.858	SYSTEM	SIMULATOR	RECV	ALIVE (NOT EXIST SCANPROPERTY) [ALIVE#]
2017-03-28 00:23:41.859	SYSTEM	SIMULATOR	RECV	ALIVE (NOT EXIST SCANPROPERTY) [ALIVE#]
2017-03-28 00:23:42.861	SYSTEM	SIMULATOR	RECV	ALIVE (NOT EXIST SCANPROPERTY) [ALIVE#]
2017-03-28 00:23:43.863	SYSTEM	SIMULATOR	RECV	ALIVE (NOT EXIST SCANPROPERTY) [ALIVE#]
2017-03-28 00:23:44.863	SYSTEM	SIMULATOR	RECV	ALIVE (NOT EXIST SCANPROPERTY) [ALIVE#]
2017-03-28 00:23:45.864	SYSTEM	SIMULATOR	RECV	ALIVE (NOT EXIST SCANPROPERTY) [ALIVE#]
2017-03-28 00:23:46.866	SYSTEM	SIMULATOR	RECV	ALIVE (NOT EXIST SCANPROPERTY) [ALIVE#]
2017-03-28 00:23:47.867	SYSTEM	SIMULATOR	RECV	ALIVE (NOT EXIST SCANPROPERTY) [ALIVE#]
2017-03-28 00:23:48.868	SYSTEM	SIMULATOR	RECV	ALIVE (NOT EXIST SCANPROPERTY) [ALIVE#]
2017-03-28 00:23:49.869	SYSTEM	SIMULATOR	RECV	ALIVE (NOT EXIST SCANPROPERTY) [ALIVE#]
2017-03-28 00:23:50.870	SYSTEM	SIMULATOR	RECV	ALIVE (NOT EXIST SCANPROPERTY) [ALIVE#]
2017-03-28 00:23:51.871	SYSTEM	SIMULATOR	RECV	ALIVE (NOT EXIST SCANPROPERTY) [ALIVE#]
2017-03-28 00:23:52.874	SYSTEM	SIMULATOR	RECV	ALIVE (NOT EXIST SCANPROPERTY) [ALIVE#]
2017-03-28 00:23:53.876	SYSTEM	SIMULATOR	RECV	ALIVE (NOT EXIST SCANPROPERTY) [ALIVE#]
2017-03-28 00:23:54.878	SYSTEM	SIMULATOR	RECV	ALIVE (NOT EXIST SCANPROPERTY) [ALIVE#]
2017-03-28 00:23:55.878	SYSTEM	SIMULATOR	RECV	ALIVE (NOT EXIST SCANPROPERTY) [ALIVE#]
2017-03-28 00:23:56.883	SYSTEM	SIMULATOR	RECV	ALIVE (NOT EXIST SCANPROPERTY) [ALIVE#]
2017-03-28 00:23:57.884	SYSTEM	SIMULATOR	RECV	ALIVE (NOT EXIST SCANPROPERTY) [ALIVE#]
2017-03-28 00:23:58.885	SYSTEM	SIMULATOR	RECV	ALIVE (NOT EXIST SCANPROPERTY) [ALIVE#]
2017-03-28 00:23:59.888	SYSTEM	SIMULATOR	RECV	ALIVE (NOT EXIST SCANPROPERTY) [ALIVE#]
2017-03-28 00:24:00.889	SYSTEM	SIMULATOR	RECV	ALIVE (NOT EXIST SCANPROPERTY) [ALIVE#]
2017-03-28 00:24:01.889	SYSTEM	SIMULATOR	RECV	ALIVE (NOT EXIST SCANPROPERTY) [ALIVE#]
2017-03-28 00:24:02.891	SYSTEM	SIMULATOR	RECV	ALIVE (NOT EXIST SCANPROPERTY) [ALIVE#]
2017-03-28 00:24:03.893	SYSTEM	SIMULATOR	RECV	ALIVE (NOT EXIST SCANPROPERTY) [ALIVE#]
2017-03-28 00:24:04.894	SYSTEM	SIMULATOR	RECV	ALIVE (NOT EXIST SCANPROPERTY) [ALIVE#]
2017-03-28 00:24:05.895	SYSTEM	SIMULATOR	RECV	ALIVE (NOT EXIST SCANPROPERTY) [ALIVE#]
2017-03-28 00:24:06.896	SYSTEM	SIMULATOR	RECV	ALIVE (NOT EXIST SCANPROPERTY) [ALIVE#]
2017-03-28 00:24:07.897	SYSTEM	SIMULATOR	RECV	ALIVE (NOT EXIST SCANPROPERTY) [ALIVE#]
2017-03-28 00:24:08.899	SYSTEM	SIMULATOR	RECV	ALIVE (NOT EXIST SCANPROPERTY) [ALIVE#]
2017-03-28 00:24:09.899	SYSTEM	SIMULATOR	RECV	ALIVE (NOT EXIST SCANPROPERTY) [ALIVE#]
2017-03-28 00:24:10.900	SYSTEM	SIMULATOR	RECV	ALIVE (NOT EXIST SCANPROPERTY) [ALIVE#]
2017-03-28 00:24:11.903	SYSTEM	SIMULATOR	RECV	ALIVE (NOT EXIST SCANPROPERTY) [ALIVE#]
2017-03-28 00:24:12.303	SYSTEM	SIMULATOR	SEND	SVID_SEND|3|435,222,666#
2017-03-28 00:24:17.401	SYSTEM	SIMULATOR	RECV	ALIVE (NOT EXIST SCANPROPERTY) [ALIVE#]
2017-03-28 00:24:17.652	SYSTEM	SIMULATOR	SEND	ALIVE_REPLY#
2017-03-28 00:24:17.907	SYSTEM	SIMULATOR	RECV	SVID_SEND_REPLY (NOT EXIST SCANPROPERTY) [SVID_SEND_REPLY#]
2017-03-28 00:24:18.422	SYSTEM	SIMULATOR	RECV	ALIVE (NOT EXIST SCANPROPERTY) [ALIVE#]
2017-03-28 00:24:19.423	SYSTEM	SIMULATOR	RECV	ALIVE (NOT EXIST SCANPROPERTY) [ALIVE#]
2017-03-28 00:24:20.424	SYSTEM	SIMULATOR	RECV	ALIVE (NOT EXIST SCANPROPERTY) [ALIVE#]
2017-03-28 00:24:21.425	SYSTEM	SIMULATOR	RECV	ALIVE (NOT EXIST SCANPROPERTY) [ALIVE#]
2017-03-28 00:24:22.427	SYSTEM	SIMULATOR	RECV	ALIVE (NOT EXIST SCANPROPERTY) [ALIVE#]
2017-03-28 00:24:23.427	SYSTEM	SIMULATOR	RECV	ALIVE (NOT EXIST SCANPROPERTY) [ALIVE#]
2017-03-28 00:24:24.428	SYSTEM	SIMULATOR	RECV	ALIVE (NOT EXIST SCANPROPERTY) [ALIVE#]
2017-03-28 00:24:25.430	SYSTEM	SIMULATOR	RECV	ALIVE (NOT EXIST SCANPROPERTY) [ALIVE#]
2017-03-28 00:24:26.431	SYSTEM	SIMULATOR	RECV	ALIVE (NOT EXIST SCANPROPERTY) [ALIVE#]
2017-03-28 00:24:27.433	SYSTEM	SIMULATOR	RECV	ALIVE (NOT EXIST SCANPROPERTY) [ALIVE#]
2017-03-28 00:24:28.434	SYSTEM	SIMULATOR	RECV	ALIVE (NOT EXIST SCANPROPERTY) [ALIVE#]
2017-03-28 00:24:29.435	SYSTEM	SIMULATOR	RECV	ALIVE (NOT EXIST SCANPROPERTY) [ALIVE#]
2017-03-28 00:24:30.435	SYSTEM	SIMULATOR	RECV	ALIVE (NOT EXIST SCANPROPERTY) [ALIVE#]
2017-03-28 00:24:31.436	SYSTEM	SIMULATOR	RECV	ALIVE (NOT EXIST SCANPROPERTY) [ALIVE#]
2017-03-28 00:24:32.438	SYSTEM	SIMULATOR	RECV	ALIVE (NOT EXIST SCANPROPERTY) [ALIVE#]
2017-03-28 00:24:33.440	SYSTEM	SIMULATOR	RECV	ALIVE (NOT EXIST SCANPROPERTY) [ALIVE#]
2017-03-28 00:24:34.440	SYSTEM	SIMULATOR	RECV	ALIVE (NOT EXIST SCANPROPERTY) [ALIVE#]
2017-03-28 00:24:35.442	SYSTEM	SIMULATOR	RECV	ALIVE (NOT EXIST SCANPROPERTY) [ALIVE#]
2017-03-28 00:24:36.444	SYSTEM	SIMULATOR	RECV	ALIVE (NOT EXIST SCANPROPERTY) [ALIVE#]
2017-03-28 00:24:37.446	SYSTEM	SIMULATOR	RECV	ALIVE (NOT EXIST SCANPROPERTY) [ALIVE#]
2017-03-28 00:24:38.446	SYSTEM	SIMULATOR	RECV	ALIVE (NOT EXIST SCANPROPERTY) [ALIVE#]
2017-03-28 00:24:39.448	SYSTEM	SIMULATOR	RECV	ALIVE (NOT EXIST SCANPROPERTY) [ALIVE#]
2017-03-28 00:24:40.449	SYSTEM	SIMULATOR	RECV	ALIVE (NOT EXIST SCANPROPERTY) [ALIVE#]
2017-03-28 00:24:41.450	SYSTEM	SIMULATOR	RECV	ALIVE (NOT EXIST SCANPROPERTY) [ALIVE#]
2017-03-28 00:24:42.452	SYSTEM	SIMULATOR	RECV	ALIVE (NOT EXIST SCANPROPERTY) [ALIVE#]
2017-03-28 00:24:43.459	SYSTEM	SIMULATOR	RECV	ALIVE (NOT EXIST SCANPROPERTY) [ALIVE#]
2017-03-28 00:24:44.455	SYSTEM	SIMULATOR	RECV	ALIVE (NOT EXIST SCANPROPERTY) [ALIVE#]
2017-03-28 00:24:45.457	SYSTEM	SIMULATOR	RECV	ALIVE (NOT EXIST SCANPROPERTY) [ALIVE#]
2017-03-28 00:24:46.458	SYSTEM	SIMULATOR	RECV	ALIVE (NOT EXIST SCANPROPERTY) [ALIVE#]
2017-03-28 00:24:47.460	SYSTEM	SIMULATOR	RECV	ALIVE (NOT EXIST SCANPROPERTY) [ALIVE#]
2017-03-28 00:24:48.460	SYSTEM	SIMULATOR	RECV	ALIVE (NOT EXIST SCANPROPERTY) [ALIVE#]
2017-03-28 00:24:49.461	SYSTEM	SIMULATOR	RECV	ALIVE (NOT EXIST SCANPROPERTY) [ALIVE#]
2017-03-28 00:24:50.462	SYSTEM	SIMULATOR	RECV	ALIVE (NOT EXIST SCANPROPERTY) [ALIVE#]
2017-03-28 00:24:51.464	SYSTEM	SIMULATOR	RECV	ALIVE (NOT EXIST SCANPROPERTY) [ALIVE#]
2017-03-28 00:24:52.465	SYSTEM	SIMULATOR	RECV	ALIVE (NOT EXIST SCANPROPERTY) [ALIVE#]
2017-03-28 00:24:53.466	SYSTEM	SIMULATOR	RECV	ALIVE (NOT EXIST SCANPROPERTY) [ALIVE#]
2017-03-28 00:24:54.467	SYSTEM	SIMULATOR	RECV	ALIVE (NOT EXIST SCANPROPERTY) [ALIVE#]
2017-03-28 00:24:55.468	SYSTEM	SIMULATOR	RECV	ALIVE (NOT EXIST SCANPROPERTY) [ALIVE#]
2017-03-28 00:24:56.469	SYSTEM	SIMULATOR	RECV	ALIVE (NOT EXIST SCANPROPERTY) [ALIVE#]
2017-03-28 00:24:57.470	SYSTEM	SIMULATOR	RECV	ALIVE (NOT EXIST SCANPROPERTY) [ALIVE#]
2017-03-28 00:24:58.470	SYSTEM	SIMULATOR	RECV	ALIVE (NOT EXIST SCANPROPERTY) [ALIVE#]
2017-03-28 00:24:59.472	SYSTEM	SIMULATOR	RECV	ALIVE (NOT EXIST SCANPROPERTY) [ALIVE#]
2017-03-28 00:25:00.474	SYSTEM	SIMULATOR	RECV	ALIVE (NOT EXIST SCANPROPERTY) [ALIVE#]
2017-03-28 00:25:01.474	SYSTEM	SIMULATOR	RECV	ALIVE (NOT EXIST SCANPROPERTY) [ALIVE#]
2017-03-28 00:25:02.476	SYSTEM	SIMULATOR	RECV	ALIVE (NOT EXIST SCANPROPERTY) [ALIVE#]
2017-03-28 00:25:03.477	SYSTEM	SIMULATOR	RECV	ALIVE (NOT EXIST SCANPROPERTY) [ALIVE#]
2017-03-28 00:25:04.478	SYSTEM	SIMULATOR	RECV	ALIVE (NOT EXIST SCANPROPERTY) [ALIVE#]
2017-03-28 00:25:05.481	SYSTEM	SIMULATOR	RECV	ALIVE (NOT EXIST SCANPROPERTY) [ALIVE#]
2017-03-28 00:25:06.482	SYSTEM	SIMULATOR	RECV	ALIVE (NOT EXIST SCANPROPERTY) [ALIVE#]
2017-03-28 00:25:07.483	SYSTEM	SIMULATOR	RECV	ALIVE (NOT EXIST SCANPROPERTY) [ALIVE#]
2017-03-28 00:25:08.485	SYSTEM	SIMULATOR	RECV	ALIVE (NOT EXIST SCANPROPERTY) [ALIVE#]
2017-03-28 00:25:09.487	SYSTEM	SIMULATOR	RECV	ALIVE (NOT EXIST SCANPROPERTY) [ALIVE#]
2017-03-28 00:25:10.488	SYSTEM	SIMULATOR	RECV	ALIVE (NOT EXIST SCANPROPERTY) [ALIVE#]
2017-03-28 00:25:11.490	SYSTEM	SIMULATOR	RECV	ALIVE (NOT EXIST SCANPROPERTY) [ALIVE#]
2017-03-28 00:25:12.491	SYSTEM	SIMULATOR	RECV	ALIVE (NOT EXIST SCANPROPERTY) [ALIVE#]
2017-03-28 00:25:13.493	SYSTEM	SIMULATOR	RECV	ALIVE (NOT EXIST SCANPROPERTY) [ALIVE#]
2017-03-28 00:25:14.493	SYSTEM	SIMULATOR	RECV	ALIVE (NOT EXIST SCANPROPERTY) [ALIVE#]
2017-03-28 00:25:15.495	SYSTEM	SIMULATOR	RECV	ALIVE (NOT EXIST SCANPROPERTY) [ALIVE#]
2017-03-28 00:25:16.496	SYSTEM	SIMULATOR	RECV	ALIVE (NOT EXIST SCANPROPERTY) [ALIVE#]
2017-03-28 00:25:17.497	SYSTEM	SIMULATOR	RECV	ALIVE (NOT EXIST SCANPROPERTY) [ALIVE#]
2017-03-28 00:25:18.498	SYSTEM	SIMULATOR	RECV	ALIVE (NOT EXIST SCANPROPERTY) [ALIVE#]
2017-03-28 00:25:19.499	SYSTEM	SIMULATOR	RECV	ALIVE (NOT EXIST SCANPROPERTY) [ALIVE#]
2017-03-28 00:25:20.500	SYSTEM	SIMULATOR	RECV	ALIVE (NOT EXIST SCANPROPERTY) [ALIVE#]
2017-03-28 00:25:21.501	SYSTEM	SIMULATOR	RECV	ALIVE (NOT EXIST SCANPROPERTY) [ALIVE#]
2017-03-28 00:25:22.502	SYSTEM	SIMULATOR	RECV	ALIVE (NOT EXIST SCANPROPERTY) [ALIVE#]
2017-03-28 00:25:23.504	SYSTEM	SIMULATOR	RECV	ALIVE (NOT EXIST SCANPROPERTY) [ALIVE#]
2017-03-28 00:25:24.504	SYSTEM	SIMULATOR	RECV	ALIVE (NOT EXIST SCANPROPERTY) [ALIVE#]
2017-03-28 00:25:25.505	SYSTEM	SIMULATOR	RECV	ALIVE (NOT EXIST SCANPROPERTY) [ALIVE#]
2017-03-28 00:25:26.507	SYSTEM	SIMULATOR	RECV	ALIVE (NOT EXIST SCANPROPERTY) [ALIVE#]
2017-03-28 00:25:27.509	SYSTEM	SIMULATOR	RECV	ALIVE (NOT EXIST SCANPROPERTY) [ALIVE#]
2017-03-28 00:25:28.511	SYSTEM	SIMULATOR	RECV	ALIVE (NOT EXIST SCANPROPERTY) [ALIVE#]
2017-03-28 00:25:29.512	SYSTEM	SIMULATOR	RECV	ALIVE (NOT EXIST SCANPROPERTY) [ALIVE#]
2017-03-28 00:25:30.515	SYSTEM	SIMULATOR	RECV	ALIVE (NOT EXIST SCANPROPERTY) [ALIVE#]
2017-03-28 00:25:31.517	SYSTEM	SIMULATOR	RECV	ALIVE (NOT EXIST SCANPROPERTY) [ALIVE#]
2017-03-28 00:25:32.519	SYSTEM	SIMULATOR	RECV	ALIVE (NOT EXIST SCANPROPERTY) [ALIVE#]
2017-03-28 00:25:33.520	SYSTEM	SIMULATOR	RECV	ALIVE (NOT EXIST SCANPROPERTY) [ALIVE#]
2017-03-28 00:25:34.522	SYSTEM	SIMULATOR	RECV	ALIVE (NOT EXIST SCANPROPERTY) [ALIVE#]
2017-03-28 00:25:35.523	SYSTEM	SIMULATOR	RECV	ALIVE (NOT EXIST SCANPROPERTY) [ALIVE#]
2017-03-28 00:25:36.523	SYSTEM	SIMULATOR	RECV	ALIVE (NOT EXIST SCANPROPERTY) [ALIVE#]
2017-03-28 00:25:37.525	SYSTEM	SIMULATOR	RECV	ALIVE (NOT EXIST SCANPROPERTY) [ALIVE#]
2017-03-28 00:25:38.527	SYSTEM	SIMULATOR	RECV	ALIVE (NOT EXIST SCANPROPERTY) [ALIVE#]
2017-03-28 00:25:39.528	SYSTEM	SIMULATOR	RECV	ALIVE (NOT EXIST SCANPROPERTY) [ALIVE#]
2017-03-28 00:25:40.529	SYSTEM	SIMULATOR	RECV	ALIVE (NOT EXIST SCANPROPERTY) [ALIVE#]
2017-03-28 00:25:41.531	SYSTEM	SIMULATOR	RECV	ALIVE (NOT EXIST SCANPROPERTY) [ALIVE#]
2017-03-28 00:25:42.532	SYSTEM	SIMULATOR	RECV	ALIVE (NOT EXIST SCANPROPERTY) [ALIVE#]
2017-03-28 00:25:43.534	SYSTEM	SIMULATOR	RECV	ALIVE (NOT EXIST SCANPROPERTY) [ALIVE#]
2017-03-28 00:25:44.534	SYSTEM	SIMULATOR	RECV	ALIVE (NOT EXIST SCANPROPERTY) [ALIVE#]
2017-03-28 00:25:45.535	SYSTEM	SIMULATOR	RECV	ALIVE (NOT EXIST SCANPROPERTY) [ALIVE#]
2017-03-28 00:25:46.537	SYSTEM	SIMULATOR	RECV	ALIVE (NOT EXIST SCANPROPERTY) [ALIVE#]
2017-03-28 00:25:47.538	SYSTEM	SIMULATOR	RECV	ALIVE (NOT EXIST SCANPROPERTY) [ALIVE#]
2017-03-28 00:25:48.538	SYSTEM	SIMULATOR	RECV	ALIVE (NOT EXIST SCANPROPERTY) [ALIVE#]
2017-03-28 00:25:49.540	SYSTEM	SIMULATOR	RECV	ALIVE (NOT EXIST SCANPROPERTY) [ALIVE#]
2017-03-28 00:25:50.542	SYSTEM	SIMULATOR	RECV	ALIVE (NOT EXIST SCANPROPERTY) [ALIVE#]
2017-03-28 00:25:51.546	SYSTEM	SIMULATOR	RECV	ALIVE (NOT EXIST SCANPROPERTY) [ALIVE#]
2017-03-28 00:25:52.544	SYSTEM	SIMULATOR	RECV	ALIVE (NOT EXIST SCANPROPERTY) [ALIVE#]
2017-03-28 00:25:53.546	SYSTEM	SIMULATOR	RECV	ALIVE (NOT EXIST SCANPROPERTY) [ALIVE#]
2017-03-28 00:25:54.547	SYSTEM	SIMULATOR	RECV	ALIVE (NOT EXIST SCANPROPERTY) [ALIVE#]
2017-03-28 00:25:55.549	SYSTEM	SIMULATOR	RECV	ALIVE (NOT EXIST SCANPROPERTY) [ALIVE#]
2017-03-28 00:25:56.549	SYSTEM	SIMULATOR	RECV	ALIVE (NOT EXIST SCANPROPERTY) [ALIVE#]
2017-03-28 00:25:57.550	SYSTEM	SIMULATOR	RECV	ALIVE (NOT EXIST SCANPROPERTY) [ALIVE#]
2017-03-28 00:25:58.552	SYSTEM	SIMULATOR	RECV	ALIVE (NOT EXIST SCANPROPERTY) [ALIVE#]
2017-03-28 00:25:59.553	SYSTEM	SIMULATOR	RECV	ALIVE (NOT EXIST SCANPROPERTY) [ALIVE#]
2017-03-28 00:26:00.553	SYSTEM	SIMULATOR	RECV	ALIVE (NOT EXIST SCANPROPERTY) [ALIVE#]
2017-03-28 00:26:01.554	SYSTEM	SIMULATOR	RECV	ALIVE (NOT EXIST SCANPROPERTY) [ALIVE#]
2017-03-28 00:26:02.556	SYSTEM	SIMULATOR	RECV	ALIVE (NOT EXIST SCANPROPERTY) [ALIVE#]
2017-03-28 00:26:03.558	SYSTEM	SIMULATOR	RECV	ALIVE (NOT EXIST SCANPROPERTY) [ALIVE#]
2017-03-28 00:26:04.558	SYSTEM	SIMULATOR	RECV	ALIVE (NOT EXIST SCANPROPERTY) [ALIVE#]
2017-03-28 00:26:05.559	SYSTEM	SIMULATOR	RECV	ALIVE (NOT EXIST SCANPROPERTY) [ALIVE#]
2017-03-28 00:26:06.561	SYSTEM	SIMULATOR	RECV	ALIVE (NOT EXIST SCANPROPERTY) [ALIVE#]
2017-03-28 00:26:07.563	SYSTEM	SIMULATOR	RECV	ALIVE (NOT EXIST SCANPROPERTY) [ALIVE#]
2017-03-28 00:26:08.565	SYSTEM	SIMULATOR	RECV	ALIVE (NOT EXIST SCANPROPERTY) [ALIVE#]
2017-03-28 00:26:09.566	SYSTEM	SIMULATOR	RECV	ALIVE (NOT EXIST SCANPROPERTY) [ALIVE#]
2017-03-28 00:26:10.567	SYSTEM	SIMULATOR	RECV	ALIVE (NOT EXIST SCANPROPERTY) [ALIVE#]
2017-03-28 00:26:11.569	SYSTEM	SIMULATOR	RECV	ALIVE (NOT EXIST SCANPROPERTY) [ALIVE#]
2017-03-28 00:26:12.570	SYSTEM	SIMULATOR	RECV	ALIVE (NOT EXIST SCANPROPERTY) [ALIVE#]
2017-03-28 00:26:13.571	SYSTEM	SIMULATOR	RECV	ALIVE (NOT EXIST SCANPROPERTY) [ALIVE#]
2017-03-28 00:26:14.572	SYSTEM	SIMULATOR	RECV	ALIVE (NOT EXIST SCANPROPERTY) [ALIVE#]
2017-03-28 00:26:15.574	SYSTEM	SIMULATOR	RECV	ALIVE (NOT EXIST SCANPROPERTY) [ALIVE#]
2017-03-28 00:26:16.576	SYSTEM	SIMULATOR	RECV	ALIVE (NOT EXIST SCANPROPERTY) [ALIVE#]
2017-03-28 00:26:17.576	SYSTEM	SIMULATOR	RECV	ALIVE (NOT EXIST SCANPROPERTY) [ALIVE#]
2017-03-28 00:26:18.577	SYSTEM	SIMULATOR	RECV	ALIVE (NOT EXIST SCANPROPERTY) [ALIVE#]
2017-03-28 00:26:19.578	SYSTEM	SIMULATOR	RECV	ALIVE (NOT EXIST SCANPROPERTY) [ALIVE#]
2017-03-28 00:26:20.580	SYSTEM	SIMULATOR	RECV	ALIVE (NOT EXIST SCANPROPERTY) [ALIVE#]
2017-03-28 00:26:21.581	SYSTEM	SIMULATOR	RECV	ALIVE (NOT EXIST SCANPROPERTY) [ALIVE#]
2017-03-28 00:26:22.582	SYSTEM	SIMULATOR	RECV	ALIVE (NOT EXIST SCANPROPERTY) [ALIVE#]
2017-03-28 00:26:23.584	SYSTEM	SIMULATOR	RECV	ALIVE (NOT EXIST SCANPROPERTY) [ALIVE#]
2017-03-28 00:26:24.584	SYSTEM	SIMULATOR	RECV	ALIVE (NOT EXIST SCANPROPERTY) [ALIVE#]
2017-03-28 00:26:25.587	SYSTEM	SIMULATOR	RECV	ALIVE (NOT EXIST SCANPROPERTY) [ALIVE#]
2017-03-28 00:26:26.588	SYSTEM	SIMULATOR	RECV	ALIVE (NOT EXIST SCANPROPERTY) [ALIVE#]
2017-03-28 00:26:27.591	SYSTEM	SIMULATOR	RECV	ALIVE (NOT EXIST SCANPROPERTY) [ALIVE#]
2017-03-28 00:26:28.592	SYSTEM	SIMULATOR	RECV	ALIVE (NOT EXIST SCANPROPERTY) [ALIVE#]
2017-03-28 00:26:29.594	SYSTEM	SIMULATOR	RECV	ALIVE (NOT EXIST SCANPROPERTY) [ALIVE#]
2017-03-28 00:26:30.595	SYSTEM	SIMULATOR	RECV	ALIVE (NOT EXIST SCANPROPERTY) [ALIVE#]
2017-03-28 00:26:31.596	SYSTEM	SIMULATOR	RECV	ALIVE (NOT EXIST SCANPROPERTY) [ALIVE#]
2017-03-28 00:26:32.598	SYSTEM	SIMULATOR	RECV	ALIVE (NOT EXIST SCANPROPERTY) [ALIVE#]
2017-03-28 00:26:33.600	SYSTEM	SIMULATOR	RECV	ALIVE (NOT EXIST SCANPROPERTY) [ALIVE#]
2017-03-28 00:26:34.600	SYSTEM	SIMULATOR	RECV	ALIVE (NOT EXIST SCANPROPERTY) [ALIVE#]
2017-03-28 00:26:35.602	SYSTEM	SIMULATOR	RECV	ALIVE (NOT EXIST SCANPROPERTY) [ALIVE#]
2017-03-28 00:26:36.603	SYSTEM	SIMULATOR	RECV	ALIVE (NOT EXIST SCANPROPERTY) [ALIVE#]
2017-03-28 00:26:37.605	SYSTEM	SIMULATOR	RECV	ALIVE (NOT EXIST SCANPROPERTY) [ALIVE#]
2017-03-28 00:26:38.606	SYSTEM	SIMULATOR	RECV	ALIVE (NOT EXIST SCANPROPERTY) [ALIVE#]
2017-03-28 00:26:39.608	SYSTEM	SIMULATOR	RECV	ALIVE (NOT EXIST SCANPROPERTY) [ALIVE#]
2017-03-28 00:26:40.609	SYSTEM	SIMULATOR	RECV	ALIVE (NOT EXIST SCANPROPERTY) [ALIVE#]
2017-03-28 00:26:41.611	SYSTEM	SIMULATOR	RECV	ALIVE (NOT EXIST SCANPROPERTY) [ALIVE#]
2017-03-28 00:26:42.611	SYSTEM	SIMULATOR	RECV	ALIVE (NOT EXIST SCANPROPERTY) [ALIVE#]
2017-03-28 00:26:43.613	SYSTEM	SIMULATOR	RECV	ALIVE (NOT EXIST SCANPROPERTY) [ALIVE#]
2017-03-28 00:26:44.614	SYSTEM	SIMULATOR	RECV	ALIVE (NOT EXIST SCANPROPERTY) [ALIVE#]
2017-03-28 00:26:45.616	SYSTEM	SIMULATOR	RECV	ALIVE (NOT EXIST SCANPROPERTY) [ALIVE#]
2017-03-28 00:26:46.617	SYSTEM	SIMULATOR	RECV	ALIVE (NOT EXIST SCANPROPERTY) [ALIVE#]
2017-03-28 00:26:47.617	SYSTEM	SIMULATOR	RECV	ALIVE (NOT EXIST SCANPROPERTY) [ALIVE#]
2017-03-28 00:26:48.618	SYSTEM	SIMULATOR	RECV	ALIVE (NOT EXIST SCANPROPERTY) [ALIVE#]
2017-03-28 00:26:49.619	SYSTEM	SIMULATOR	RECV	ALIVE (NOT EXIST SCANPROPERTY) [ALIVE#]
2017-03-28 00:26:50.621	SYSTEM	SIMULATOR	RECV	ALIVE (NOT EXIST SCANPROPERTY) [ALIVE#]
2017-03-28 00:26:51.622	SYSTEM	SIMULATOR	RECV	ALIVE (NOT EXIST SCANPROPERTY) [ALIVE#]
2017-03-28 00:26:52.624	SYSTEM	SIMULATOR	RECV	ALIVE (NOT EXIST SCANPROPERTY) [ALIVE#]
2017-03-28 00:26:53.625	SYSTEM	SIMULATOR	RECV	ALIVE (NOT EXIST SCANPROPERTY) [ALIVE#]
2017-03-28 00:26:54.626	SYSTEM	SIMULATOR	RECV	ALIVE (NOT EXIST SCANPROPERTY) [ALIVE#]
2017-03-28 00:26:55.627	SYSTEM	SIMULATOR	RECV	ALIVE (NOT EXIST SCANPROPERTY) [ALIVE#]
2017-03-28 00:26:56.629	SYSTEM	SIMULATOR	RECV	ALIVE (NOT EXIST SCANPROPERTY) [ALIVE#]
2017-03-28 00:26:57.630	SYSTEM	SIMULATOR	RECV	ALIVE (NOT EXIST SCANPROPERTY) [ALIVE#]
2017-03-28 00:26:58.632	SYSTEM	SIMULATOR	RECV	ALIVE (NOT EXIST SCANPROPERTY) [ALIVE#]
2017-03-28 00:26:59.633	SYSTEM	SIMULATOR	RECV	ALIVE (NOT EXIST SCANPROPERTY) [ALIVE#]
2017-03-28 00:27:00.635	SYSTEM	SIMULATOR	RECV	ALIVE (NOT EXIST SCANPROPERTY) [ALIVE#]
2017-03-28 00:27:01.636	SYSTEM	SIMULATOR	RECV	ALIVE (NOT EXIST SCANPROPERTY) [ALIVE#]
2017-03-28 00:27:02.638	SYSTEM	SIMULATOR	RECV	ALIVE (NOT EXIST SCANPROPERTY) [ALIVE#]
2017-03-28 00:27:03.640	SYSTEM	SIMULATOR	RECV	ALIVE (NOT EXIST SCANPROPERTY) [ALIVE#]
2017-03-28 00:27:04.642	SYSTEM	SIMULATOR	RECV	ALIVE (NOT EXIST SCANPROPERTY) [ALIVE#]
2017-03-28 00:27:05.642	SYSTEM	SIMULATOR	RECV	ALIVE (NOT EXIST SCANPROPERTY) [ALIVE#]
2017-03-28 00:27:06.642	SYSTEM	SIMULATOR	RECV	ALIVE (NOT EXIST SCANPROPERTY) [ALIVE#]
2017-03-28 00:27:07.645	SYSTEM	SIMULATOR	RECV	ALIVE (NOT EXIST SCANPROPERTY) [ALIVE#]
2017-03-28 00:27:08.646	SYSTEM	SIMULATOR	RECV	ALIVE (NOT EXIST SCANPROPERTY) [ALIVE#]
2017-03-28 00:27:09.647	SYSTEM	SIMULATOR	RECV	ALIVE (NOT EXIST SCANPROPERTY) [ALIVE#]
2017-03-28 00:27:10.648	SYSTEM	SIMULATOR	RECV	ALIVE (NOT EXIST SCANPROPERTY) [ALIVE#]
2017-03-28 00:27:11.650	SYSTEM	SIMULATOR	RECV	ALIVE (NOT EXIST SCANPROPERTY) [ALIVE#]
2017-03-28 00:27:12.651	SYSTEM	SIMULATOR	RECV	ALIVE (NOT EXIST SCANPROPERTY) [ALIVE#]
2017-03-28 00:27:13.654	SYSTEM	SIMULATOR	RECV	ALIVE (NOT EXIST SCANPROPERTY) [ALIVE#]
2017-03-28 00:27:14.655	SYSTEM	SIMULATOR	RECV	ALIVE (NOT EXIST SCANPROPERTY) [ALIVE#]
2017-03-28 00:27:15.656	SYSTEM	SIMULATOR	RECV	ALIVE (NOT EXIST SCANPROPERTY) [ALIVE#]
2017-03-28 00:27:16.657	SYSTEM	SIMULATOR	RECV	ALIVE (NOT EXIST SCANPROPERTY) [ALIVE#]
2017-03-28 00:27:17.658	SYSTEM	SIMULATOR	RECV	ALIVE (NOT EXIST SCANPROPERTY) [ALIVE#]
2017-03-28 00:27:18.660	SYSTEM	SIMULATOR	RECV	ALIVE (NOT EXIST SCANPROPERTY) [ALIVE#]
2017-03-28 00:27:19.662	SYSTEM	SIMULATOR	RECV	ALIVE (NOT EXIST SCANPROPERTY) [ALIVE#]
2017-03-28 00:27:20.662	SYSTEM	SIMULATOR	RECV	ALIVE (NOT EXIST SCANPROPERTY) [ALIVE#]
2017-03-28 00:27:21.676	SYSTEM	SIMULATOR	RECV	ALIVE (NOT EXIST SCANPROPERTY) [ALIVE#]
2017-03-28 00:27:22.686	SYSTEM	SIMULATOR	RECV	ALIVE (NOT EXIST SCANPROPERTY) [ALIVE#]
2017-03-28 00:27:23.682	SYSTEM	SIMULATOR	RECV	ALIVE (NOT EXIST SCANPROPERTY) [ALIVE#]
2017-03-28 00:27:24.685	SYSTEM	SIMULATOR	RECV	ALIVE (NOT EXIST SCANPROPERTY) [ALIVE#]
2017-03-28 00:27:25.685	SYSTEM	SIMULATOR	RECV	ALIVE (NOT EXIST SCANPROPERTY) [ALIVE#]
2017-03-28 00:27:26.687	SYSTEM	SIMULATOR	RECV	ALIVE (NOT EXIST SCANPROPERTY) [ALIVE#]
2017-03-28 00:27:27.688	SYSTEM	SIMULATOR	RECV	ALIVE (NOT EXIST SCANPROPERTY) [ALIVE#]
2017-03-28 00:27:28.689	SYSTEM	SIMULATOR	RECV	ALIVE (NOT EXIST SCANPROPERTY) [ALIVE#]
2017-03-28 00:27:29.691	SYSTEM	SIMULATOR	RECV	ALIVE (NOT EXIST SCANPROPERTY) [ALIVE#]
2017-03-28 00:27:30.691	SYSTEM	SIMULATOR	RECV	ALIVE (NOT EXIST SCANPROPERTY) [ALIVE#]
2017-03-28 00:27:31.695	SYSTEM	SIMULATOR	RECV	ALIVE (NOT EXIST SCANPROPERTY) [ALIVE#]
2017-03-28 00:27:32.697	SYSTEM	SIMULATOR	RECV	ALIVE (NOT EXIST SCANPROPERTY) [ALIVE#]
2017-03-28 00:27:33.698	SYSTEM	SIMULATOR	RECV	ALIVE (NOT EXIST SCANPROPERTY) [ALIVE#]
2017-03-28 00:27:34.700	SYSTEM	SIMULATOR	RECV	ALIVE (NOT EXIST SCANPROPERTY) [ALIVE#]
2017-03-28 00:27:35.701	SYSTEM	SIMULATOR	RECV	ALIVE (NOT EXIST SCANPROPERTY) [ALIVE#]
2017-03-28 00:27:36.701	SYSTEM	SIMULATOR	RECV	ALIVE (NOT EXIST SCANPROPERTY) [ALIVE#]
2017-03-28 00:27:37.704	SYSTEM	SIMULATOR	RECV	ALIVE (NOT EXIST SCANPROPERTY) [ALIVE#]
2017-03-28 00:27:38.706	SYSTEM	SIMULATOR	RECV	ALIVE (NOT EXIST SCANPROPERTY) [ALIVE#]
2017-03-28 00:27:39.706	SYSTEM	SIMULATOR	RECV	ALIVE (NOT EXIST SCANPROPERTY) [ALIVE#]
2017-03-28 00:27:40.707	SYSTEM	SIMULATOR	RECV	ALIVE (NOT EXIST SCANPROPERTY) [ALIVE#]
2017-03-28 00:27:41.710	SYSTEM	SIMULATOR	RECV	ALIVE (NOT EXIST SCANPROPERTY) [ALIVE#]
2017-03-28 00:27:42.714	SYSTEM	SIMULATOR	RECV	ALIVE (NOT EXIST SCANPROPERTY) [ALIVE#]
2017-03-28 00:27:43.717	SYSTEM	SIMULATOR	RECV	ALIVE (NOT EXIST SCANPROPERTY) [ALIVE#]
2017-03-28 00:27:44.719	SYSTEM	SIMULATOR	RECV	ALIVE (NOT EXIST SCANPROPERTY) [ALIVE#]
2017-03-28 00:27:45.722	SYSTEM	SIMULATOR	RECV	ALIVE (NOT EXIST SCANPROPERTY) [ALIVE#]
2017-03-28 00:27:46.723	SYSTEM	SIMULATOR	RECV	ALIVE (NOT EXIST SCANPROPERTY) [ALIVE#]
2017-03-28 00:27:47.725	SYSTEM	SIMULATOR	RECV	ALIVE (NOT EXIST SCANPROPERTY) [ALIVE#]
2017-03-28 00:27:48.727	SYSTEM	SIMULATOR	RECV	ALIVE (NOT EXIST SCANPROPERTY) [ALIVE#]
2017-03-28 00:27:49.728	SYSTEM	SIMULATOR	RECV	ALIVE (NOT EXIST SCANPROPERTY) [ALIVE#]
2017-03-28 00:27:50.729	SYSTEM	SIMULATOR	RECV	ALIVE (NOT EXIST SCANPROPERTY) [ALIVE#]
2017-03-28 00:27:51.731	SYSTEM	SIMULATOR	RECV	ALIVE (NOT EXIST SCANPROPERTY) [ALIVE#]
2017-03-28 00:27:52.732	SYSTEM	SIMULATOR	RECV	ALIVE (NOT EXIST SCANPROPERTY) [ALIVE#]
2017-03-28 00:27:53.750	SYSTEM	SIMULATOR	RECV	ALIVE (NOT EXIST SCANPROPERTY) [ALIVE#]
2017-03-28 00:27:54.753	SYSTEM	SIMULATOR	RECV	ALIVE (NOT EXIST SCANPROPERTY) [ALIVE#]
2017-03-28 00:27:55.754	SYSTEM	SIMULATOR	RECV	ALIVE (NOT EXIST SCANPROPERTY) [ALIVE#]
2017-03-28 00:27:56.757	SYSTEM	SIMULATOR	RECV	ALIVE (NOT EXIST SCANPROPERTY) [ALIVE#]
2017-03-28 00:27:57.758	SYSTEM	SIMULATOR	RECV	ALIVE (NOT EXIST SCANPROPERTY) [ALIVE#]
2017-03-28 00:27:58.759	SYSTEM	SIMULATOR	RECV	ALIVE (NOT EXIST SCANPROPERTY) [ALIVE#]
2017-03-28 00:27:59.763	SYSTEM	SIMULATOR	RECV	ALIVE (NOT EXIST SCANPROPERTY) [ALIVE#]
2017-03-28 00:28:00.774	SYSTEM	SIMULATOR	RECV	ALIVE (NOT EXIST SCANPROPERTY) [ALIVE#]
2017-03-28 00:28:01.775	SYSTEM	SIMULATOR	RECV	ALIVE (NOT EXIST SCANPROPERTY) [ALIVE#]
2017-03-28 00:28:02.782	SYSTEM	SIMULATOR	RECV	ALIVE (NOT EXIST SCANPROPERTY) [ALIVE#]
2017-03-28 00:28:03.784	SYSTEM	SIMULATOR	RECV	ALIVE (NOT EXIST SCANPROPERTY) [ALIVE#]
2017-03-28 00:28:04.784	SYSTEM	SIMULATOR	RECV	ALIVE (NOT EXIST SCANPROPERTY) [ALIVE#]
2017-03-28 00:28:05.785	SYSTEM	SIMULATOR	RECV	ALIVE (NOT EXIST SCANPROPERTY) [ALIVE#]
2017-03-28 00:28:06.785	SYSTEM	SIMULATOR	RECV	ALIVE (NOT EXIST SCANPROPERTY) [ALIVE#]
2017-03-28 00:28:07.786	SYSTEM	SIMULATOR	RECV	ALIVE (NOT EXIST SCANPROPERTY) [ALIVE#]
2017-03-28 00:28:08.787	SYSTEM	SIMULATOR	RECV	ALIVE (NOT EXIST SCANPROPERTY) [ALIVE#]
2017-03-28 00:28:09.788	SYSTEM	SIMULATOR	RECV	ALIVE (NOT EXIST SCANPROPERTY) [ALIVE#]
2017-03-28 00:28:10.790	SYSTEM	SIMULATOR	RECV	ALIVE (NOT EXIST SCANPROPERTY) [ALIVE#]
2017-03-28 00:28:11.798	SYSTEM	SIMULATOR	RECV	ALIVE (NOT EXIST SCANPROPERTY) [ALIVE#]
2017-03-28 00:28:12.792	SYSTEM	SIMULATOR	RECV	ALIVE (NOT EXIST SCANPROPERTY) [ALIVE#]
2017-03-28 00:28:13.793	SYSTEM	SIMULATOR	RECV	ALIVE (NOT EXIST SCANPROPERTY) [ALIVE#]
2017-03-28 00:28:14.795	SYSTEM	SIMULATOR	RECV	ALIVE (NOT EXIST SCANPROPERTY) [ALIVE#]
2017-03-28 00:59:49.259	SYSTEM	SIMULATOR	PROC	DriverName=SIMULATOR, Mode=Client, RemoteIP=127.0.0.1, RemotePort=7000, LocalIP=127.0.0.1, LocalPort=7000
2017-03-28 00:59:49.320	SYSTEM	SIMULATOR	PROC	START
2017-03-28 00:59:49.330	SYSTEM	SIMULATOR	PROC	DRIVER STATUS CHANGE NONE>WAITCRA
2017-03-28 00:59:49.330	SYSTEM	SIMULATOR	PROC	DRIVER STATUS CHANGE WAITCRA>CONNECTED
2017-03-28 00:59:49.414	SYSTEM	SIMULATOR	SEND	STAGE_GLASS_EXIST|X#
2017-03-28 00:59:49.417	SYSTEM	SIMULATOR	SEND	CURRENT_RECIPE_CHANGE|1|1#
2017-03-28 00:59:49.419	SYSTEM	SIMULATOR	SEND	AUTO_MODE_CHANGE_EVENT|1#
2017-03-28 00:59:49.424	SYSTEM	SIMULATOR	SEND	MACHINE_MODE_CHANGE_REPORT|1#
2017-03-28 00:59:49.424	SYSTEM	SIMULATOR	SEND	COMMUNICATION|O#
2017-03-28 00:59:49.750	SYSTEM	SIMULATOR	RECV	AUTO_MODE_CHANGE_EVENT_REPLY (NOT EXIST SCANPROPERTY) [AUTO_MODE_CHANGE_EVENT_REPLY#]
2017-03-28 00:59:50.007	SYSTEM	SIMULATOR	RECV	COMMUNICATION_ACK|O (NOT EXIST SCANPROPERTY) [COMMUNICATION_ACK|O#CIM_MODE|1#RECIPE_LIST_REQ#STAGE_GLASS_EXIST_REPLY#CURRENT_RECIPE_CHANGE_ACK#MACHINE_MODE_CHANGE_REPORT_REPLY#STATE_REQUEST#ALIVE#]
2017-03-28 00:59:50.262	SYSTEM	SIMULATOR	RECV	CIM_MODE|1 (NOT EXIST SCANPROPERTY) [COMMUNICATION_ACK|O#CIM_MODE|1#RECIPE_LIST_REQ#STAGE_GLASS_EXIST_REPLY#CURRENT_RECIPE_CHANGE_ACK#MACHINE_MODE_CHANGE_REPORT_REPLY#STATE_REQUEST#ALIVE#]
2017-03-28 00:59:50.262	SYSTEM	SIMULATOR	RECV	RECIPE_LIST_REQ (NOT EXIST SCANPROPERTY) [COMMUNICATION_ACK|O#CIM_MODE|1#RECIPE_LIST_REQ#STAGE_GLASS_EXIST_REPLY#CURRENT_RECIPE_CHANGE_ACK#MACHINE_MODE_CHANGE_REPORT_REPLY#STATE_REQUEST#ALIVE#]
2017-03-28 00:59:50.266	SYSTEM	SIMULATOR	SEND	RECIPE_LIST_REQ_REPLY|4#
2017-03-28 00:59:50.522	SYSTEM	SIMULATOR	RECV	STAGE_GLASS_EXIST_REPLY (NOT EXIST SCANPROPERTY) [COMMUNICATION_ACK|O#CIM_MODE|1#RECIPE_LIST_REQ#STAGE_GLASS_EXIST_REPLY#CURRENT_RECIPE_CHANGE_ACK#MACHINE_MODE_CHANGE_REPORT_REPLY#STATE_REQUEST#ALIVE#]
2017-03-28 00:59:50.780	SYSTEM	SIMULATOR	RECV	CURRENT_RECIPE_CHANGE_ACK (NOT EXIST SCANPROPERTY) [COMMUNICATION_ACK|O#CIM_MODE|1#RECIPE_LIST_REQ#STAGE_GLASS_EXIST_REPLY#CURRENT_RECIPE_CHANGE_ACK#MACHINE_MODE_CHANGE_REPORT_REPLY#STATE_REQUEST#ALIVE#]
2017-03-28 00:59:51.033	SYSTEM	SIMULATOR	RECV	MACHINE_MODE_CHANGE_REPORT_REPLY (NOT EXIST SCANPROPERTY) [COMMUNICATION_ACK|O#CIM_MODE|1#RECIPE_LIST_REQ#STAGE_GLASS_EXIST_REPLY#CURRENT_RECIPE_CHANGE_ACK#MACHINE_MODE_CHANGE_REPORT_REPLY#STATE_REQUEST#ALIVE#]
2017-03-28 00:59:51.287	SYSTEM	SIMULATOR	RECV	STATE_REQUEST (NOT EXIST SCANPROPERTY) [COMMUNICATION_ACK|O#CIM_MODE|1#RECIPE_LIST_REQ#STAGE_GLASS_EXIST_REPLY#CURRENT_RECIPE_CHANGE_ACK#MACHINE_MODE_CHANGE_REPORT_REPLY#STATE_REQUEST#ALIVE#]
2017-03-28 00:59:51.289	SYSTEM	SIMULATOR	SEND	STATE_REQUEST_ACK|1|2#
2017-03-28 00:59:51.544	SYSTEM	SIMULATOR	RECV	ALIVE (NOT EXIST SCANPROPERTY) [COMMUNICATION_ACK|O#CIM_MODE|1#RECIPE_LIST_REQ#STAGE_GLASS_EXIST_REPLY#CURRENT_RECIPE_CHANGE_ACK#MACHINE_MODE_CHANGE_REPORT_REPLY#STATE_REQUEST#ALIVE#]
2017-03-28 00:59:51.797	SYSTEM	SIMULATOR	SEND	ALIVE_REPLY#
2017-03-28 00:59:52.050	SYSTEM	SIMULATOR	RECV	ALIVE (NOT EXIST SCANPROPERTY) [ALIVE#ALIVE#]
2017-03-28 00:59:52.553	SYSTEM	SIMULATOR	RECV	ALIVE (NOT EXIST SCANPROPERTY) [ALIVE#ALIVE#]
2017-03-28 00:59:53.056	SYSTEM	SIMULATOR	RECV	ALIVE (NOT EXIST SCANPROPERTY) [ALIVE#]
2017-03-28 00:59:53.872	SYSTEM	SIMULATOR	RECV	ALIVE (NOT EXIST SCANPROPERTY) [ALIVE#]
2017-03-28 00:59:54.873	SYSTEM	SIMULATOR	RECV	ALIVE (NOT EXIST SCANPROPERTY) [ALIVE#]
2017-03-28 00:59:55.874	SYSTEM	SIMULATOR	RECV	ALIVE (NOT EXIST SCANPROPERTY) [ALIVE#]
2017-03-28 00:59:56.875	SYSTEM	SIMULATOR	RECV	ALIVE (NOT EXIST SCANPROPERTY) [ALIVE#]
2017-03-28 00:59:57.876	SYSTEM	SIMULATOR	RECV	ALIVE (NOT EXIST SCANPROPERTY) [ALIVE#]
2017-03-28 00:59:58.886	SYSTEM	SIMULATOR	RECV	ALIVE (NOT EXIST SCANPROPERTY) [ALIVE#]
2017-03-28 00:59:59.887	SYSTEM	SIMULATOR	RECV	ALIVE (NOT EXIST SCANPROPERTY) [ALIVE#]
2017-03-28 01:00:00.892	SYSTEM	SIMULATOR	RECV	ALIVE (NOT EXIST SCANPROPERTY) [ALIVE#]
2017-03-28 01:00:01.889	SYSTEM	SIMULATOR	RECV	ALIVE (NOT EXIST SCANPROPERTY) [ALIVE#]
2017-03-28 01:00:02.890	SYSTEM	SIMULATOR	RECV	ALIVE (NOT EXIST SCANPROPERTY) [ALIVE#]
2017-03-28 01:00:03.891	SYSTEM	SIMULATOR	RECV	ALIVE (NOT EXIST SCANPROPERTY) [ALIVE#]
2017-03-28 01:00:04.891	SYSTEM	SIMULATOR	RECV	ALIVE (NOT EXIST SCANPROPERTY) [ALIVE#]
2017-03-28 01:00:05.892	SYSTEM	SIMULATOR	RECV	ALIVE (NOT EXIST SCANPROPERTY) [ALIVE#]
2017-03-28 01:00:06.894	SYSTEM	SIMULATOR	RECV	ALIVE (NOT EXIST SCANPROPERTY) [ALIVE#]
2017-03-28 01:00:07.895	SYSTEM	SIMULATOR	RECV	ALIVE (NOT EXIST SCANPROPERTY) [ALIVE#]
2017-03-28 01:00:08.896	SYSTEM	SIMULATOR	RECV	ALIVE (NOT EXIST SCANPROPERTY) [ALIVE#]
2017-03-28 01:00:09.897	SYSTEM	SIMULATOR	RECV	ALIVE (NOT EXIST SCANPROPERTY) [ALIVE#]
2017-03-28 01:00:10.898	SYSTEM	SIMULATOR	RECV	ALIVE (NOT EXIST SCANPROPERTY) [ALIVE#]
2017-03-28 01:00:10.920	SYSTEM	SIMULATOR	SEND	SVID_SEND|3|11,22,33#
2017-03-28 01:00:15.714	SYSTEM	SIMULATOR	SEND	ALIVE_REPLY#
2017-03-28 01:00:16.092	SYSTEM	SIMULATOR	RECV	SVID_SEND_REPLY (NOT EXIST SCANPROPERTY) [SVID_SEND_REPLY#ALIVE#]
2017-03-28 01:00:16.534	SYSTEM	SIMULATOR	RECV	ALIVE (NOT EXIST SCANPROPERTY) [SVID_SEND_REPLY#ALIVE#]
2017-03-28 01:00:21.609	SYSTEM	SIMULATOR	RECV	ALIVE (NOT EXIST SCANPROPERTY) [ALIVE#]
2017-03-28 01:00:38.385	SYSTEM	SIMULATOR	RECV	ALIVE (NOT EXIST SCANPROPERTY) [ALIVE#]
2017-03-28 01:00:39.462	SYSTEM	SIMULATOR	RECV	ALIVE (NOT EXIST SCANPROPERTY) [ALIVE#]
2017-03-28 01:00:54.366	SYSTEM	SIMULATOR	RECV	ALIVE (NOT EXIST SCANPROPERTY) [ALIVE#]
2017-03-28 01:00:55.410	SYSTEM	SIMULATOR	RECV	ALIVE (NOT EXIST SCANPROPERTY) [ALIVE#]
2017-03-28 01:00:57.067	SYSTEM	SIMULATOR	RECV	ALIVE (NOT EXIST SCANPROPERTY) [ALIVE#]
2017-03-28 01:01:01.742	SYSTEM	SIMULATOR	RECV	ALIVE (NOT EXIST SCANPROPERTY) [ALIVE#]
2017-03-28 01:01:04.460	SYSTEM	SIMULATOR	RECV	ALIVE (NOT EXIST SCANPROPERTY) [ALIVE#]
2017-03-28 01:01:06.451	SYSTEM	SIMULATOR	RECV	ALIVE (NOT EXIST SCANPROPERTY) [ALIVE#]
2017-03-28 01:02:29.175	SYSTEM	SIMULATOR	RECV	ALIVE (NOT EXIST SCANPROPERTY) [ALIVE#]
2017-03-28 01:03:12.426	SYSTEM	SIMULATOR	RECV	ALIVE (NOT EXIST SCANPROPERTY) [ALIVE#]
2017-03-28 01:03:13.449	SYSTEM	SIMULATOR	RECV	ALIVE (NOT EXIST SCANPROPERTY) [ALIVE#]
2017-03-28 01:03:14.455	SYSTEM	SIMULATOR	RECV	ALIVE (NOT EXIST SCANPROPERTY) [ALIVE#]
2017-03-28 01:03:14.962	SYSTEM	SIMULATOR	RECV	CIM_MESSAGE_ON|X| (NOT EXIST SCANPROPERTY) [CIM_MESSAGE_ON|X|#]
2017-03-28 01:03:14.968	SYSTEM	SIMULATOR	SEND	CIM_MESSAGE_ON_REPLY#
2017-03-28 01:03:15.457	SYSTEM	SIMULATOR	RECV	ALIVE (NOT EXIST SCANPROPERTY) [ALIVE#]
2017-03-28 01:03:15.709	SYSTEM	SIMULATOR	SEND	ALIVE_REPLY#
2017-03-28 01:03:16.458	SYSTEM	SIMULATOR	RECV	ALIVE (NOT EXIST SCANPROPERTY) [ALIVE#]
2017-03-28 01:03:17.460	SYSTEM	SIMULATOR	RECV	ALIVE (NOT EXIST SCANPROPERTY) [ALIVE#]
2017-03-28 01:03:18.461	SYSTEM	SIMULATOR	RECV	ALIVE (NOT EXIST SCANPROPERTY) [ALIVE#]
2017-03-28 01:03:19.462	SYSTEM	SIMULATOR	RECV	ALIVE (NOT EXIST SCANPROPERTY) [ALIVE#]
2017-03-28 01:03:20.463	SYSTEM	SIMULATOR	RECV	ALIVE (NOT EXIST SCANPROPERTY) [ALIVE#]
2017-03-28 01:03:21.464	SYSTEM	SIMULATOR	RECV	ALIVE (NOT EXIST SCANPROPERTY) [ALIVE#]
2017-03-28 01:03:22.466	SYSTEM	SIMULATOR	RECV	ALIVE (NOT EXIST SCANPROPERTY) [ALIVE#]
2017-03-28 01:03:23.466	SYSTEM	SIMULATOR	RECV	ALIVE (NOT EXIST SCANPROPERTY) [ALIVE#]
2017-03-28 01:03:24.474	SYSTEM	SIMULATOR	RECV	ALIVE (NOT EXIST SCANPROPERTY) [ALIVE#]
2017-03-28 01:03:25.468	SYSTEM	SIMULATOR	RECV	ALIVE (NOT EXIST SCANPROPERTY) [ALIVE#]
2017-03-28 01:03:26.470	SYSTEM	SIMULATOR	RECV	ALIVE (NOT EXIST SCANPROPERTY) [ALIVE#]
2017-03-28 01:03:27.471	SYSTEM	SIMULATOR	RECV	ALIVE (NOT EXIST SCANPROPERTY) [ALIVE#]
2017-03-28 01:03:28.472	SYSTEM	SIMULATOR	RECV	ALIVE (NOT EXIST SCANPROPERTY) [ALIVE#]
2017-03-28 01:03:29.473	SYSTEM	SIMULATOR	RECV	ALIVE (NOT EXIST SCANPROPERTY) [ALIVE#]
2017-03-28 01:03:30.474	SYSTEM	SIMULATOR	RECV	ALIVE (NOT EXIST SCANPROPERTY) [ALIVE#]
2017-03-28 01:03:31.475	SYSTEM	SIMULATOR	RECV	ALIVE (NOT EXIST SCANPROPERTY) [ALIVE#]
2017-03-28 01:03:32.475	SYSTEM	SIMULATOR	RECV	ALIVE (NOT EXIST SCANPROPERTY) [ALIVE#]
2017-03-28 01:03:33.475	SYSTEM	SIMULATOR	RECV	ALIVE (NOT EXIST SCANPROPERTY) [ALIVE#]
2017-03-28 01:03:34.477	SYSTEM	SIMULATOR	RECV	ALIVE (NOT EXIST SCANPROPERTY) [ALIVE#]
2017-03-28 01:03:35.478	SYSTEM	SIMULATOR	RECV	ALIVE (NOT EXIST SCANPROPERTY) [ALIVE#]
2017-03-28 01:03:36.478	SYSTEM	SIMULATOR	RECV	ALIVE (NOT EXIST SCANPROPERTY) [ALIVE#]
2017-03-28 01:03:37.479	SYSTEM	SIMULATOR	RECV	ALIVE (NOT EXIST SCANPROPERTY) [ALIVE#]
2017-03-28 01:03:38.480	SYSTEM	SIMULATOR	RECV	ALIVE (NOT EXIST SCANPROPERTY) [ALIVE#]
2017-03-28 01:03:39.482	SYSTEM	SIMULATOR	RECV	ALIVE (NOT EXIST SCANPROPERTY) [ALIVE#]
2017-03-28 01:03:40.483	SYSTEM	SIMULATOR	RECV	ALIVE (NOT EXIST SCANPROPERTY) [ALIVE#]
2017-03-28 01:03:41.484	SYSTEM	SIMULATOR	RECV	ALIVE (NOT EXIST SCANPROPERTY) [ALIVE#]
2017-03-28 01:03:42.485	SYSTEM	SIMULATOR	RECV	ALIVE (NOT EXIST SCANPROPERTY) [ALIVE#]
2017-03-28 01:03:43.486	SYSTEM	SIMULATOR	RECV	ALIVE (NOT EXIST SCANPROPERTY) [ALIVE#]
2017-03-28 01:03:44.486	SYSTEM	SIMULATOR	RECV	ALIVE (NOT EXIST SCANPROPERTY) [ALIVE#]
2017-03-28 01:03:45.487	SYSTEM	SIMULATOR	RECV	ALIVE (NOT EXIST SCANPROPERTY) [ALIVE#]
2017-03-28 01:03:46.489	SYSTEM	SIMULATOR	RECV	ALIVE (NOT EXIST SCANPROPERTY) [ALIVE#]
2017-03-28 01:03:47.490	SYSTEM	SIMULATOR	RECV	ALIVE (NOT EXIST SCANPROPERTY) [ALIVE#]
2017-03-28 01:03:48.491	SYSTEM	SIMULATOR	RECV	ALIVE (NOT EXIST SCANPROPERTY) [ALIVE#]
2017-03-28 01:03:49.492	SYSTEM	SIMULATOR	RECV	ALIVE (NOT EXIST SCANPROPERTY) [ALIVE#]
2017-03-28 01:03:50.492	SYSTEM	SIMULATOR	RECV	ALIVE (NOT EXIST SCANPROPERTY) [ALIVE#]
2017-03-28 01:03:51.494	SYSTEM	SIMULATOR	RECV	ALIVE (NOT EXIST SCANPROPERTY) [ALIVE#]
2017-03-28 01:03:52.495	SYSTEM	SIMULATOR	RECV	ALIVE (NOT EXIST SCANPROPERTY) [ALIVE#]
2017-03-28 01:03:53.496	SYSTEM	SIMULATOR	RECV	ALIVE (NOT EXIST SCANPROPERTY) [ALIVE#]
2017-03-28 01:03:54.497	SYSTEM	SIMULATOR	RECV	ALIVE (NOT EXIST SCANPROPERTY) [ALIVE#]
2017-03-28 01:03:55.498	SYSTEM	SIMULATOR	RECV	ALIVE (NOT EXIST SCANPROPERTY) [ALIVE#]
2017-03-28 01:03:56.499	SYSTEM	SIMULATOR	RECV	ALIVE (NOT EXIST SCANPROPERTY) [ALIVE#]
2017-03-28 01:03:57.501	SYSTEM	SIMULATOR	RECV	ALIVE (NOT EXIST SCANPROPERTY) [ALIVE#]
2017-03-28 01:03:58.502	SYSTEM	SIMULATOR	RECV	ALIVE (NOT EXIST SCANPROPERTY) [ALIVE#]
2017-03-28 01:03:59.502	SYSTEM	SIMULATOR	RECV	ALIVE (NOT EXIST SCANPROPERTY) [ALIVE#]
2017-03-28 01:04:00.503	SYSTEM	SIMULATOR	RECV	ALIVE (NOT EXIST SCANPROPERTY) [ALIVE#]
2017-03-28 01:04:01.505	SYSTEM	SIMULATOR	RECV	ALIVE (NOT EXIST SCANPROPERTY) [ALIVE#]
2017-03-28 01:04:02.506	SYSTEM	SIMULATOR	RECV	ALIVE (NOT EXIST SCANPROPERTY) [ALIVE#]
2017-03-28 01:04:03.508	SYSTEM	SIMULATOR	RECV	ALIVE (NOT EXIST SCANPROPERTY) [ALIVE#]
2017-03-28 01:04:03.617	SYSTEM	SIMULATOR	SEND	SVID_SEND|3|11,22,33#
2017-03-28 01:05:19.285	SYSTEM	SIMULATOR	SEND	ALIVE_REPLY#
2017-03-28 01:05:19.545	SYSTEM	SIMULATOR	RECV	SVID_SEND_REPLY (NOT EXIST SCANPROPERTY) [SVID_SEND_REPLY#ALIVE#]
2017-03-28 01:05:19.799	SYSTEM	SIMULATOR	RECV	ALIVE (NOT EXIST SCANPROPERTY) [SVID_SEND_REPLY#ALIVE#]
2017-03-28 01:05:20.319	SYSTEM	SIMULATOR	RECV	ALIVE (NOT EXIST SCANPROPERTY) [ALIVE#]
2017-03-28 01:05:21.317	SYSTEM	SIMULATOR	RECV	ALIVE (NOT EXIST SCANPROPERTY) [ALIVE#]
2017-03-28 01:05:22.317	SYSTEM	SIMULATOR	RECV	ALIVE (NOT EXIST SCANPROPERTY) [ALIVE#]
2017-03-28 01:05:23.318	SYSTEM	SIMULATOR	RECV	ALIVE (NOT EXIST SCANPROPERTY) [ALIVE#]
2017-03-28 01:05:24.320	SYSTEM	SIMULATOR	RECV	ALIVE (NOT EXIST SCANPROPERTY) [ALIVE#]
2017-03-28 01:05:25.320	SYSTEM	SIMULATOR	RECV	ALIVE (NOT EXIST SCANPROPERTY) [ALIVE#]
2017-03-28 01:05:26.321	SYSTEM	SIMULATOR	RECV	ALIVE (NOT EXIST SCANPROPERTY) [ALIVE#]
2017-03-28 01:05:27.322	SYSTEM	SIMULATOR	RECV	ALIVE (NOT EXIST SCANPROPERTY) [ALIVE#]
2017-03-28 01:05:28.323	SYSTEM	SIMULATOR	RECV	ALIVE (NOT EXIST SCANPROPERTY) [ALIVE#]
2017-03-28 01:05:28.579	SYSTEM	SIMULATOR	SEND	SVID_SEND|3|11,22,33#
2017-03-28 01:05:30.445	SYSTEM	SIMULATOR	RECV	SVID_SEND_REPLY (NOT EXIST SCANPROPERTY) [SVID_SEND_REPLY#ALIVE#]
2017-03-28 01:05:30.871	SYSTEM	SIMULATOR	RECV	ALIVE (NOT EXIST SCANPROPERTY) [SVID_SEND_REPLY#ALIVE#]
2017-03-28 01:05:31.160	SYSTEM	SIMULATOR	SEND	ALIVE_REPLY#
2017-03-28 01:05:32.148	SYSTEM	SIMULATOR	RECV	ALIVE (NOT EXIST SCANPROPERTY) [ALIVE#]
2017-03-28 01:05:50.394	SYSTEM	SIMULATOR	RECV	ALIVE (NOT EXIST SCANPROPERTY) [ALIVE#]
2017-03-28 01:05:51.397	SYSTEM	SIMULATOR	RECV	ALIVE (NOT EXIST SCANPROPERTY) [ALIVE#]
2017-03-28 01:05:52.398	SYSTEM	SIMULATOR	RECV	ALIVE (NOT EXIST SCANPROPERTY) [ALIVE#]
2017-03-28 01:05:53.197	SYSTEM	SIMULATOR	SEND	SVID_SEND|3|11,22,33#
2017-03-28 01:05:53.197	SYSTEM	SIMULATOR	RECV	SVID_SEND_REPLY (NOT EXIST SCANPROPERTY) [SVID_SEND_REPLY#]
2017-03-28 01:05:57.794	SYSTEM	SIMULATOR	RECV	ALIVE (NOT EXIST SCANPROPERTY) [ALIVE#]
2017-03-28 01:05:58.045	SYSTEM	SIMULATOR	SEND	ALIVE_REPLY#
2017-03-28 01:05:58.814	SYSTEM	SIMULATOR	RECV	ALIVE (NOT EXIST SCANPROPERTY) [ALIVE#]
2017-03-28 01:05:59.815	SYSTEM	SIMULATOR	RECV	ALIVE (NOT EXIST SCANPROPERTY) [ALIVE#]
2017-03-28 01:06:00.815	SYSTEM	SIMULATOR	RECV	ALIVE (NOT EXIST SCANPROPERTY) [ALIVE#]
2017-03-28 01:06:01.816	SYSTEM	SIMULATOR	RECV	ALIVE (NOT EXIST SCANPROPERTY) [ALIVE#]
2017-03-28 01:06:01.998	SYSTEM	SIMULATOR	SEND	SVID_SEND|3|11,22,33#
2017-03-28 01:06:18.798	SYSTEM	SIMULATOR	SEND	ALIVE_REPLY#
2017-03-28 01:06:19.417	SYSTEM	SIMULATOR	RECV	SVID_SEND_REPLY (NOT EXIST SCANPROPERTY) [SVID_SEND_REPLY#ALIVE#]
2017-03-28 01:06:22.345	SYSTEM	SIMULATOR	RECV	ALIVE (NOT EXIST SCANPROPERTY) [SVID_SEND_REPLY#ALIVE#]
2017-03-28 01:06:23.356	SYSTEM	SIMULATOR	RECV	ALIVE (NOT EXIST SCANPROPERTY) [ALIVE#]
2017-03-28 01:07:01.686	SYSTEM	SIMULATOR	PROC	DriverName=SIMULATOR, Mode=Client, RemoteIP=127.0.0.1, RemotePort=7000, LocalIP=127.0.0.1, LocalPort=7000
2017-03-28 01:07:01.745	SYSTEM	SIMULATOR	PROC	START
2017-03-28 01:07:01.757	SYSTEM	SIMULATOR	PROC	DRIVER STATUS CHANGE NONE>WAITCRA
2017-03-28 01:07:01.757	SYSTEM	SIMULATOR	PROC	DRIVER STATUS CHANGE WAITCRA>CONNECTED
2017-03-28 01:07:02.365	SYSTEM	SIMULATOR	SEND	STAGE_GLASS_EXIST|X#
2017-03-28 01:07:02.368	SYSTEM	SIMULATOR	SEND	CURRENT_RECIPE_CHANGE|1|1#
2017-03-28 01:07:02.371	SYSTEM	SIMULATOR	SEND	AUTO_MODE_CHANGE_EVENT|1#
2017-03-28 01:07:02.376	SYSTEM	SIMULATOR	SEND	MACHINE_MODE_CHANGE_REPORT|1#
2017-03-28 01:07:02.377	SYSTEM	SIMULATOR	SEND	COMMUNICATION|O#
2017-03-28 01:07:02.498	SYSTEM	SIMULATOR	RECV	STATE_REQUEST (NOT EXIST SCANPROPERTY) [STATE_REQUEST#]
2017-03-28 01:07:02.503	SYSTEM	SIMULATOR	SEND	STATE_REQUEST_ACK|1|2#
2017-03-28 01:07:02.756	SYSTEM	SIMULATOR	RECV	AUTO_MODE_CHANGE_EVENT_REPLY (NOT EXIST SCANPROPERTY) [AUTO_MODE_CHANGE_EVENT_REPLY#STAGE_GLASS_EXIST_REPLY#CURRENT_RECIPE_CHANGE_ACK#MACHINE_MODE_CHANGE_REPORT_REPLY#COMMUNICATION_ACK|O#CIM_MODE|1#RECIPE_LIST_REQ#ALIVE#]
2017-03-28 01:07:03.016	SYSTEM	SIMULATOR	RECV	STAGE_GLASS_EXIST_REPLY (NOT EXIST SCANPROPERTY) [AUTO_MODE_CHANGE_EVENT_REPLY#STAGE_GLASS_EXIST_REPLY#CURRENT_RECIPE_CHANGE_ACK#MACHINE_MODE_CHANGE_REPORT_REPLY#COMMUNICATION_ACK|O#CIM_MODE|1#RECIPE_LIST_REQ#ALIVE#]
2017-03-28 01:07:03.269	SYSTEM	SIMULATOR	RECV	CURRENT_RECIPE_CHANGE_ACK (NOT EXIST SCANPROPERTY) [AUTO_MODE_CHANGE_EVENT_REPLY#STAGE_GLASS_EXIST_REPLY#CURRENT_RECIPE_CHANGE_ACK#MACHINE_MODE_CHANGE_REPORT_REPLY#COMMUNICATION_ACK|O#CIM_MODE|1#RECIPE_LIST_REQ#ALIVE#]
2017-03-28 01:07:03.521	SYSTEM	SIMULATOR	RECV	MACHINE_MODE_CHANGE_REPORT_REPLY (NOT EXIST SCANPROPERTY) [AUTO_MODE_CHANGE_EVENT_REPLY#STAGE_GLASS_EXIST_REPLY#CURRENT_RECIPE_CHANGE_ACK#MACHINE_MODE_CHANGE_REPORT_REPLY#COMMUNICATION_ACK|O#CIM_MODE|1#RECIPE_LIST_REQ#ALIVE#]
2017-03-28 01:07:03.777	SYSTEM	SIMULATOR	RECV	COMMUNICATION_ACK|O (NOT EXIST SCANPROPERTY) [AUTO_MODE_CHANGE_EVENT_REPLY#STAGE_GLASS_EXIST_REPLY#CURRENT_RECIPE_CHANGE_ACK#MACHINE_MODE_CHANGE_REPORT_REPLY#COMMUNICATION_ACK|O#CIM_MODE|1#RECIPE_LIST_REQ#ALIVE#]
2017-03-28 01:07:04.030	SYSTEM	SIMULATOR	RECV	CIM_MODE|1 (NOT EXIST SCANPROPERTY) [AUTO_MODE_CHANGE_EVENT_REPLY#STAGE_GLASS_EXIST_REPLY#CURRENT_RECIPE_CHANGE_ACK#MACHINE_MODE_CHANGE_REPORT_REPLY#COMMUNICATION_ACK|O#CIM_MODE|1#RECIPE_LIST_REQ#ALIVE#]
2017-03-28 01:07:04.031	SYSTEM	SIMULATOR	RECV	RECIPE_LIST_REQ (NOT EXIST SCANPROPERTY) [AUTO_MODE_CHANGE_EVENT_REPLY#STAGE_GLASS_EXIST_REPLY#CURRENT_RECIPE_CHANGE_ACK#MACHINE_MODE_CHANGE_REPORT_REPLY#COMMUNICATION_ACK|O#CIM_MODE|1#RECIPE_LIST_REQ#ALIVE#]
2017-03-28 01:07:04.036	SYSTEM	SIMULATOR	SEND	RECIPE_LIST_REQ_REPLY|4#
2017-03-28 01:07:04.290	SYSTEM	SIMULATOR	RECV	ALIVE (NOT EXIST SCANPROPERTY) [AUTO_MODE_CHANGE_EVENT_REPLY#STAGE_GLASS_EXIST_REPLY#CURRENT_RECIPE_CHANGE_ACK#MACHINE_MODE_CHANGE_REPORT_REPLY#COMMUNICATION_ACK|O#CIM_MODE|1#RECIPE_LIST_REQ#ALIVE#]
2017-03-28 01:07:04.541	SYSTEM	SIMULATOR	SEND	ALIVE_REPLY#
2017-03-28 01:07:04.795	SYSTEM	SIMULATOR	RECV	ALIVE (NOT EXIST SCANPROPERTY) [ALIVE#ALIVE#]
2017-03-28 01:07:05.298	SYSTEM	SIMULATOR	RECV	ALIVE (NOT EXIST SCANPROPERTY) [ALIVE#ALIVE#]
2017-03-28 01:07:05.803	SYSTEM	SIMULATOR	RECV	ALIVE (NOT EXIST SCANPROPERTY) [ALIVE#]
2017-03-28 01:07:06.456	SYSTEM	SIMULATOR	SEND	SVID_SEND|3|11,22,33#
2017-03-28 01:07:06.457	SYSTEM	SIMULATOR	RECV	SVID_SEND_REPLY (NOT EXIST SCANPROPERTY) [SVID_SEND_REPLY#]
2017-03-28 01:07:08.012	SYSTEM	SIMULATOR	RECV	ALIVE (NOT EXIST SCANPROPERTY) [ALIVE#]
2017-03-28 01:07:08.348	SYSTEM	SIMULATOR	SEND	ALIVE_REPLY#
2017-03-28 01:07:16.239	SYSTEM	SIMULATOR	RECV	ALIVE (NOT EXIST SCANPROPERTY) [ALIVE#]
2017-03-28 01:07:17.240	SYSTEM	SIMULATOR	RECV	ALIVE (NOT EXIST SCANPROPERTY) [ALIVE#]
2017-03-28 01:07:18.242	SYSTEM	SIMULATOR	RECV	ALIVE (NOT EXIST SCANPROPERTY) [ALIVE#]
2017-03-28 01:07:19.242	SYSTEM	SIMULATOR	RECV	ALIVE (NOT EXIST SCANPROPERTY) [ALIVE#]
2017-03-28 01:07:19.897	SYSTEM	SIMULATOR	RECV	CIM_MESSAGE_ON|X| (NOT EXIST SCANPROPERTY) [CIM_MESSAGE_ON|X|#]
2017-03-28 01:07:19.900	SYSTEM	SIMULATOR	SEND	CIM_MESSAGE_ON_REPLY#
2017-03-28 01:07:20.243	SYSTEM	SIMULATOR	RECV	ALIVE (NOT EXIST SCANPROPERTY) [ALIVE#]
2017-03-28 01:07:20.494	SYSTEM	SIMULATOR	SEND	ALIVE_REPLY#
2017-03-28 01:07:21.244	SYSTEM	SIMULATOR	RECV	ALIVE (NOT EXIST SCANPROPERTY) [ALIVE#]
2017-03-28 01:07:22.245	SYSTEM	SIMULATOR	RECV	ALIVE (NOT EXIST SCANPROPERTY) [ALIVE#]
2017-03-28 01:07:23.247	SYSTEM	SIMULATOR	RECV	ALIVE (NOT EXIST SCANPROPERTY) [ALIVE#]
2017-03-28 01:07:24.248	SYSTEM	SIMULATOR	RECV	ALIVE (NOT EXIST SCANPROPERTY) [ALIVE#]
2017-03-28 01:07:25.249	SYSTEM	SIMULATOR	RECV	ALIVE (NOT EXIST SCANPROPERTY) [ALIVE#]
2017-03-28 01:07:26.249	SYSTEM	SIMULATOR	RECV	ALIVE (NOT EXIST SCANPROPERTY) [ALIVE#]
2017-03-28 01:07:27.250	SYSTEM	SIMULATOR	RECV	ALIVE (NOT EXIST SCANPROPERTY) [ALIVE#]
2017-03-28 01:07:28.251	SYSTEM	SIMULATOR	RECV	ALIVE (NOT EXIST SCANPROPERTY) [ALIVE#]
2017-03-28 01:07:29.252	SYSTEM	SIMULATOR	RECV	ALIVE (NOT EXIST SCANPROPERTY) [ALIVE#]
2017-03-28 01:07:30.253	SYSTEM	SIMULATOR	RECV	ALIVE (NOT EXIST SCANPROPERTY) [ALIVE#]
2017-03-28 01:07:31.254	SYSTEM	SIMULATOR	RECV	ALIVE (NOT EXIST SCANPROPERTY) [ALIVE#]
2017-03-28 01:07:32.255	SYSTEM	SIMULATOR	RECV	ALIVE (NOT EXIST SCANPROPERTY) [ALIVE#]
2017-03-28 01:07:33.256	SYSTEM	SIMULATOR	RECV	ALIVE (NOT EXIST SCANPROPERTY) [ALIVE#]
2017-03-28 01:07:34.257	SYSTEM	SIMULATOR	RECV	ALIVE (NOT EXIST SCANPROPERTY) [ALIVE#]
2017-03-28 01:07:35.258	SYSTEM	SIMULATOR	RECV	ALIVE (NOT EXIST SCANPROPERTY) [ALIVE#]
2017-03-28 01:07:36.259	SYSTEM	SIMULATOR	RECV	ALIVE (NOT EXIST SCANPROPERTY) [ALIVE#]
2017-03-28 01:07:37.260	SYSTEM	SIMULATOR	RECV	ALIVE (NOT EXIST SCANPROPERTY) [ALIVE#]
2017-03-28 01:07:38.261	SYSTEM	SIMULATOR	RECV	ALIVE (NOT EXIST SCANPROPERTY) [ALIVE#]
2017-03-28 01:07:39.262	SYSTEM	SIMULATOR	RECV	ALIVE (NOT EXIST SCANPROPERTY) [ALIVE#]
2017-03-28 01:07:39.450	SYSTEM	SIMULATOR	SEND	SVID_SEND|3|11,22,33#
2017-03-28 01:08:27.820	SYSTEM	SIMULATOR	SEND	ALIVE_REPLY#
2017-03-28 01:08:36.510	SYSTEM	SIMULATOR	RECV	SVID_SEND_REPLY (NOT EXIST SCANPROPERTY) [SVID_SEND_REPLY#ALIVE#ALIVE#]
2017-03-28 01:08:36.763	SYSTEM	SIMULATOR	RECV	ALIVE (NOT EXIST SCANPROPERTY) [SVID_SEND_REPLY#ALIVE#ALIVE#]
2017-03-28 01:08:37.267	SYSTEM	SIMULATOR	RECV	ALIVE (NOT EXIST SCANPROPERTY) [SVID_SEND_REPLY#ALIVE#ALIVE#]
2017-03-28 01:08:37.771	SYSTEM	SIMULATOR	RECV	ALIVE (NOT EXIST SCANPROPERTY) [ALIVE#]
2017-03-28 01:08:38.507	SYSTEM	SIMULATOR	RECV	ALIVE (NOT EXIST SCANPROPERTY) [ALIVE#]
2017-03-28 01:08:39.509	SYSTEM	SIMULATOR	RECV	ALIVE (NOT EXIST SCANPROPERTY) [ALIVE#]
2017-03-28 01:08:40.510	SYSTEM	SIMULATOR	RECV	ALIVE (NOT EXIST SCANPROPERTY) [ALIVE#]
2017-03-28 01:08:41.512	SYSTEM	SIMULATOR	RECV	ALIVE (NOT EXIST SCANPROPERTY) [ALIVE#]
2017-03-28 01:08:42.512	SYSTEM	SIMULATOR	RECV	ALIVE (NOT EXIST SCANPROPERTY) [ALIVE#]
2017-03-28 01:08:43.513	SYSTEM	SIMULATOR	RECV	ALIVE (NOT EXIST SCANPROPERTY) [ALIVE#]
2017-03-28 01:08:44.514	SYSTEM	SIMULATOR	RECV	ALIVE (NOT EXIST SCANPROPERTY) [ALIVE#]
2017-03-28 01:08:45.515	SYSTEM	SIMULATOR	RECV	ALIVE (NOT EXIST SCANPROPERTY) [ALIVE#]
2017-03-28 01:08:46.516	SYSTEM	SIMULATOR	RECV	ALIVE (NOT EXIST SCANPROPERTY) [ALIVE#]
2017-03-28 01:08:47.516	SYSTEM	SIMULATOR	RECV	ALIVE (NOT EXIST SCANPROPERTY) [ALIVE#]
2017-03-28 01:08:48.517	SYSTEM	SIMULATOR	RECV	ALIVE (NOT EXIST SCANPROPERTY) [ALIVE#]
2017-03-28 01:08:49.517	SYSTEM	SIMULATOR	RECV	ALIVE (NOT EXIST SCANPROPERTY) [ALIVE#]
2017-03-28 01:08:50.518	SYSTEM	SIMULATOR	RECV	ALIVE (NOT EXIST SCANPROPERTY) [ALIVE#]
2017-03-28 01:08:51.519	SYSTEM	SIMULATOR	RECV	ALIVE (NOT EXIST SCANPROPERTY) [ALIVE#]
2017-03-28 01:08:52.520	SYSTEM	SIMULATOR	RECV	ALIVE (NOT EXIST SCANPROPERTY) [ALIVE#]
2017-03-28 01:08:53.520	SYSTEM	SIMULATOR	RECV	ALIVE (NOT EXIST SCANPROPERTY) [ALIVE#]
2017-03-28 01:08:54.521	SYSTEM	SIMULATOR	RECV	ALIVE (NOT EXIST SCANPROPERTY) [ALIVE#]
2017-03-28 01:08:55.523	SYSTEM	SIMULATOR	RECV	ALIVE (NOT EXIST SCANPROPERTY) [ALIVE#]
2017-03-28 01:08:56.524	SYSTEM	SIMULATOR	RECV	ALIVE (NOT EXIST SCANPROPERTY) [ALIVE#]
2017-03-28 01:08:57.525	SYSTEM	SIMULATOR	RECV	ALIVE (NOT EXIST SCANPROPERTY) [ALIVE#]
2017-03-28 01:08:58.526	SYSTEM	SIMULATOR	RECV	ALIVE (NOT EXIST SCANPROPERTY) [ALIVE#]
2017-03-28 01:08:59.529	SYSTEM	SIMULATOR	RECV	ALIVE (NOT EXIST SCANPROPERTY) [ALIVE#]
2017-03-28 01:09:00.531	SYSTEM	SIMULATOR	RECV	ALIVE (NOT EXIST SCANPROPERTY) [ALIVE#]
2017-03-28 01:09:01.534	SYSTEM	SIMULATOR	RECV	ALIVE (NOT EXIST SCANPROPERTY) [ALIVE#]
2017-03-28 01:09:02.535	SYSTEM	SIMULATOR	RECV	ALIVE (NOT EXIST SCANPROPERTY) [ALIVE#]
2017-03-28 01:09:03.536	SYSTEM	SIMULATOR	RECV	ALIVE (NOT EXIST SCANPROPERTY) [ALIVE#]
2017-03-28 01:09:04.536	SYSTEM	SIMULATOR	RECV	ALIVE (NOT EXIST SCANPROPERTY) [ALIVE#]
2017-03-28 01:09:05.538	SYSTEM	SIMULATOR	RECV	ALIVE (NOT EXIST SCANPROPERTY) [ALIVE#]
2017-03-28 01:09:06.539	SYSTEM	SIMULATOR	RECV	ALIVE (NOT EXIST SCANPROPERTY) [ALIVE#]
2017-03-28 01:09:07.540	SYSTEM	SIMULATOR	RECV	ALIVE (NOT EXIST SCANPROPERTY) [ALIVE#]
2017-03-28 01:09:08.541	SYSTEM	SIMULATOR	RECV	ALIVE (NOT EXIST SCANPROPERTY) [ALIVE#]
2017-03-28 01:09:09.541	SYSTEM	SIMULATOR	RECV	ALIVE (NOT EXIST SCANPROPERTY) [ALIVE#]
2017-03-28 01:09:10.546	SYSTEM	SIMULATOR	RECV	ALIVE (NOT EXIST SCANPROPERTY) [ALIVE#]
2017-03-28 01:09:11.544	SYSTEM	SIMULATOR	RECV	ALIVE (NOT EXIST SCANPROPERTY) [ALIVE#]
2017-03-28 01:09:12.545	SYSTEM	SIMULATOR	RECV	ALIVE (NOT EXIST SCANPROPERTY) [ALIVE#]
2017-03-28 01:09:13.546	SYSTEM	SIMULATOR	RECV	ALIVE (NOT EXIST SCANPROPERTY) [ALIVE#]
2017-03-28 01:09:14.547	SYSTEM	SIMULATOR	RECV	ALIVE (NOT EXIST SCANPROPERTY) [ALIVE#]
2017-03-28 01:09:15.548	SYSTEM	SIMULATOR	RECV	ALIVE (NOT EXIST SCANPROPERTY) [ALIVE#]
2017-03-28 01:09:16.549	SYSTEM	SIMULATOR	RECV	ALIVE (NOT EXIST SCANPROPERTY) [ALIVE#]
2017-03-28 01:09:17.550	SYSTEM	SIMULATOR	RECV	ALIVE (NOT EXIST SCANPROPERTY) [ALIVE#]
2017-03-28 01:09:18.551	SYSTEM	SIMULATOR	RECV	ALIVE (NOT EXIST SCANPROPERTY) [ALIVE#]
2017-03-28 01:09:19.552	SYSTEM	SIMULATOR	RECV	ALIVE (NOT EXIST SCANPROPERTY) [ALIVE#]
2017-03-28 01:09:20.553	SYSTEM	SIMULATOR	RECV	ALIVE (NOT EXIST SCANPROPERTY) [ALIVE#]
2017-03-28 01:09:21.554	SYSTEM	SIMULATOR	RECV	ALIVE (NOT EXIST SCANPROPERTY) [ALIVE#]
2017-03-28 01:09:22.555	SYSTEM	SIMULATOR	RECV	ALIVE (NOT EXIST SCANPROPERTY) [ALIVE#]
2017-03-28 01:09:23.555	SYSTEM	SIMULATOR	RECV	ALIVE (NOT EXIST SCANPROPERTY) [ALIVE#]
2017-03-28 01:09:24.557	SYSTEM	SIMULATOR	RECV	ALIVE (NOT EXIST SCANPROPERTY) [ALIVE#]
2017-03-28 01:09:25.558	SYSTEM	SIMULATOR	RECV	ALIVE (NOT EXIST SCANPROPERTY) [ALIVE#]
2017-03-28 01:09:26.560	SYSTEM	SIMULATOR	RECV	ALIVE (NOT EXIST SCANPROPERTY) [ALIVE#]
2017-03-28 01:09:27.572	SYSTEM	SIMULATOR	RECV	ALIVE (NOT EXIST SCANPROPERTY) [ALIVE#]
2017-03-28 01:09:28.574	SYSTEM	SIMULATOR	RECV	ALIVE (NOT EXIST SCANPROPERTY) [ALIVE#]
2017-03-28 01:09:29.575	SYSTEM	SIMULATOR	RECV	ALIVE (NOT EXIST SCANPROPERTY) [ALIVE#]
2017-03-28 01:09:30.576	SYSTEM	SIMULATOR	RECV	ALIVE (NOT EXIST SCANPROPERTY) [ALIVE#]
2017-03-28 01:09:31.577	SYSTEM	SIMULATOR	RECV	ALIVE (NOT EXIST SCANPROPERTY) [ALIVE#]
2017-03-28 01:09:32.579	SYSTEM	SIMULATOR	RECV	ALIVE (NOT EXIST SCANPROPERTY) [ALIVE#]
2017-03-28 01:09:33.580	SYSTEM	SIMULATOR	RECV	ALIVE (NOT EXIST SCANPROPERTY) [ALIVE#]
2017-03-28 01:09:34.581	SYSTEM	SIMULATOR	RECV	ALIVE (NOT EXIST SCANPROPERTY) [ALIVE#]
2017-03-28 01:09:35.582	SYSTEM	SIMULATOR	RECV	ALIVE (NOT EXIST SCANPROPERTY) [ALIVE#]
2017-03-28 01:09:36.584	SYSTEM	SIMULATOR	RECV	ALIVE (NOT EXIST SCANPROPERTY) [ALIVE#]
2017-03-28 01:09:37.585	SYSTEM	SIMULATOR	RECV	ALIVE (NOT EXIST SCANPROPERTY) [ALIVE#]
2017-03-28 01:09:38.585	SYSTEM	SIMULATOR	RECV	ALIVE (NOT EXIST SCANPROPERTY) [ALIVE#]
2017-03-28 01:09:39.586	SYSTEM	SIMULATOR	RECV	ALIVE (NOT EXIST SCANPROPERTY) [ALIVE#]
2017-03-28 01:09:40.587	SYSTEM	SIMULATOR	RECV	ALIVE (NOT EXIST SCANPROPERTY) [ALIVE#]
2017-03-28 01:09:41.588	SYSTEM	SIMULATOR	RECV	ALIVE (NOT EXIST SCANPROPERTY) [ALIVE#]
2017-03-28 01:09:42.588	SYSTEM	SIMULATOR	RECV	ALIVE (NOT EXIST SCANPROPERTY) [ALIVE#]
2017-03-28 01:09:43.589	SYSTEM	SIMULATOR	RECV	ALIVE (NOT EXIST SCANPROPERTY) [ALIVE#]
2017-03-28 01:09:44.590	SYSTEM	SIMULATOR	RECV	ALIVE (NOT EXIST SCANPROPERTY) [ALIVE#]
2017-03-28 01:09:45.591	SYSTEM	SIMULATOR	RECV	ALIVE (NOT EXIST SCANPROPERTY) [ALIVE#]
2017-03-28 01:09:46.593	SYSTEM	SIMULATOR	RECV	ALIVE (NOT EXIST SCANPROPERTY) [ALIVE#]
2017-03-28 01:09:47.594	SYSTEM	SIMULATOR	RECV	ALIVE (NOT EXIST SCANPROPERTY) [ALIVE#]
2017-03-28 01:09:48.595	SYSTEM	SIMULATOR	RECV	ALIVE (NOT EXIST SCANPROPERTY) [ALIVE#]
2017-03-28 01:09:49.596	SYSTEM	SIMULATOR	RECV	ALIVE (NOT EXIST SCANPROPERTY) [ALIVE#]
2017-03-28 01:09:50.598	SYSTEM	SIMULATOR	RECV	ALIVE (NOT EXIST SCANPROPERTY) [ALIVE#]
2017-03-28 01:09:51.598	SYSTEM	SIMULATOR	RECV	ALIVE (NOT EXIST SCANPROPERTY) [ALIVE#]
2017-03-28 01:09:52.599	SYSTEM	SIMULATOR	RECV	ALIVE (NOT EXIST SCANPROPERTY) [ALIVE#]
2017-03-28 01:09:53.599	SYSTEM	SIMULATOR	RECV	ALIVE (NOT EXIST SCANPROPERTY) [ALIVE#]
2017-03-28 01:09:54.600	SYSTEM	SIMULATOR	RECV	ALIVE (NOT EXIST SCANPROPERTY) [ALIVE#]
2017-03-28 01:09:55.602	SYSTEM	SIMULATOR	RECV	ALIVE (NOT EXIST SCANPROPERTY) [ALIVE#]
2017-03-28 01:09:55.802	SYSTEM	SIMULATOR	SEND	SVID_SEND|3|11,22,33#
2017-03-28 01:12:09.288	SYSTEM	SIMULATOR	SEND	ALIVE_REPLY#
2017-03-28 01:12:10.791	SYSTEM	SIMULATOR	RECV	SVID_SEND_REPLY (NOT EXIST SCANPROPERTY) [SVID_SEND_REPLY#ALIVE#ALIVE#]
2017-03-28 01:12:11.043	SYSTEM	SIMULATOR	RECV	ALIVE (NOT EXIST SCANPROPERTY) [SVID_SEND_REPLY#ALIVE#ALIVE#]
2017-03-28 01:12:11.548	SYSTEM	SIMULATOR	RECV	ALIVE (NOT EXIST SCANPROPERTY) [SVID_SEND_REPLY#ALIVE#ALIVE#]
2017-03-28 01:12:12.058	SYSTEM	SIMULATOR	RECV	ALIVE (NOT EXIST SCANPROPERTY) [ALIVE#]
2017-03-28 01:12:12.565	SYSTEM	SIMULATOR	RECV	ALIVE (NOT EXIST SCANPROPERTY) [ALIVE#]
2017-03-28 01:12:13.436	SYSTEM	SIMULATOR	RECV	ALIVE (NOT EXIST SCANPROPERTY) [ALIVE#]
2017-03-28 01:12:14.437	SYSTEM	SIMULATOR	RECV	ALIVE (NOT EXIST SCANPROPERTY) [ALIVE#]
2017-03-28 01:12:15.437	SYSTEM	SIMULATOR	RECV	ALIVE (NOT EXIST SCANPROPERTY) [ALIVE#]
2017-03-28 01:12:16.438	SYSTEM	SIMULATOR	RECV	ALIVE (NOT EXIST SCANPROPERTY) [ALIVE#]
2017-03-28 01:12:17.439	SYSTEM	SIMULATOR	RECV	ALIVE (NOT EXIST SCANPROPERTY) [ALIVE#]
2017-03-28 01:12:18.440	SYSTEM	SIMULATOR	RECV	ALIVE (NOT EXIST SCANPROPERTY) [ALIVE#]
2017-03-28 01:12:19.441	SYSTEM	SIMULATOR	RECV	ALIVE (NOT EXIST SCANPROPERTY) [ALIVE#]
2017-03-28 01:12:20.442	SYSTEM	SIMULATOR	RECV	ALIVE (NOT EXIST SCANPROPERTY) [ALIVE#]
2017-03-28 01:12:21.443	SYSTEM	SIMULATOR	RECV	ALIVE (NOT EXIST SCANPROPERTY) [ALIVE#]
2017-03-28 01:12:22.446	SYSTEM	SIMULATOR	RECV	ALIVE (NOT EXIST SCANPROPERTY) [ALIVE#]
2017-03-28 01:12:23.445	SYSTEM	SIMULATOR	RECV	ALIVE (NOT EXIST SCANPROPERTY) [ALIVE#]
2017-03-28 01:12:24.445	SYSTEM	SIMULATOR	RECV	ALIVE (NOT EXIST SCANPROPERTY) [ALIVE#]
2017-03-28 01:12:25.447	SYSTEM	SIMULATOR	RECV	ALIVE (NOT EXIST SCANPROPERTY) [ALIVE#]
2017-03-28 01:12:26.447	SYSTEM	SIMULATOR	RECV	ALIVE (NOT EXIST SCANPROPERTY) [ALIVE#]
2017-03-28 01:12:27.448	SYSTEM	SIMULATOR	RECV	ALIVE (NOT EXIST SCANPROPERTY) [ALIVE#]
2017-03-28 01:12:28.449	SYSTEM	SIMULATOR	RECV	ALIVE (NOT EXIST SCANPROPERTY) [ALIVE#]
2017-03-28 01:12:29.450	SYSTEM	SIMULATOR	RECV	ALIVE (NOT EXIST SCANPROPERTY) [ALIVE#]
2017-03-28 01:12:30.451	SYSTEM	SIMULATOR	RECV	ALIVE (NOT EXIST SCANPROPERTY) [ALIVE#]
2017-03-28 01:12:30.580	SYSTEM	SIMULATOR	SEND	SVID_SEND|3|11,22,33770#
2017-03-28 01:12:33.482	SYSTEM	SIMULATOR	SEND	ALIVE_REPLY#
2017-03-28 01:12:33.777	SYSTEM	SIMULATOR	RECV	SVID_SEND_REPLY (NOT EXIST SCANPROPERTY) [SVID_SEND_REPLY#ALIVE#]
2017-03-28 01:12:34.091	SYSTEM	SIMULATOR	RECV	ALIVE (NOT EXIST SCANPROPERTY) [SVID_SEND_REPLY#ALIVE#]
2017-03-28 01:12:34.987	SYSTEM	SIMULATOR	RECV	ALIVE (NOT EXIST SCANPROPERTY) [ALIVE#]
2017-03-28 01:12:36.988	SYSTEM	SIMULATOR	RECV	ALIVE (NOT EXIST SCANPROPERTY) [ALIVE#]
2017-03-28 01:12:39.798	SYSTEM	SIMULATOR	RECV	ALIVE (NOT EXIST SCANPROPERTY) [ALIVE#]
2017-03-28 01:12:42.242	SYSTEM	SIMULATOR	RECV	ALIVE (NOT EXIST SCANPROPERTY) [ALIVE#]
2017-03-28 01:12:59.120	SYSTEM	SIMULATOR	RECV	ALIVE (NOT EXIST SCANPROPERTY) [ALIVE#]
2017-03-28 01:13:00.955	SYSTEM	SIMULATOR	RECV	ALIVE (NOT EXIST SCANPROPERTY) [ALIVE#]
2017-03-28 01:13:01.954	SYSTEM	SIMULATOR	RECV	ALIVE (NOT EXIST SCANPROPERTY) [ALIVE#]
2017-03-28 01:13:02.955	SYSTEM	SIMULATOR	RECV	ALIVE (NOT EXIST SCANPROPERTY) [ALIVE#]
2017-03-28 01:13:03.955	SYSTEM	SIMULATOR	RECV	ALIVE (NOT EXIST SCANPROPERTY) [ALIVE#]
2017-03-28 01:13:04.956	SYSTEM	SIMULATOR	RECV	ALIVE (NOT EXIST SCANPROPERTY) [ALIVE#]
2017-03-28 01:13:05.957	SYSTEM	SIMULATOR	RECV	ALIVE (NOT EXIST SCANPROPERTY) [ALIVE#]
2017-03-28 01:13:06.958	SYSTEM	SIMULATOR	RECV	ALIVE (NOT EXIST SCANPROPERTY) [ALIVE#]
2017-03-28 01:13:07.959	SYSTEM	SIMULATOR	RECV	ALIVE (NOT EXIST SCANPROPERTY) [ALIVE#]
2017-03-28 01:13:08.960	SYSTEM	SIMULATOR	RECV	ALIVE (NOT EXIST SCANPROPERTY) [ALIVE#]
2017-03-28 01:13:09.960	SYSTEM	SIMULATOR	RECV	ALIVE (NOT EXIST SCANPROPERTY) [ALIVE#]
2017-03-28 01:13:10.961	SYSTEM	SIMULATOR	RECV	ALIVE (NOT EXIST SCANPROPERTY) [ALIVE#]
2017-03-28 01:13:11.962	SYSTEM	SIMULATOR	RECV	ALIVE (NOT EXIST SCANPROPERTY) [ALIVE#]
2017-03-28 01:13:12.963	SYSTEM	SIMULATOR	RECV	ALIVE (NOT EXIST SCANPROPERTY) [ALIVE#]
2017-03-28 01:13:13.964	SYSTEM	SIMULATOR	RECV	ALIVE (NOT EXIST SCANPROPERTY) [ALIVE#]
2017-03-28 01:13:14.965	SYSTEM	SIMULATOR	RECV	ALIVE (NOT EXIST SCANPROPERTY) [ALIVE#]
2017-03-28 01:13:15.966	SYSTEM	SIMULATOR	RECV	ALIVE (NOT EXIST SCANPROPERTY) [ALIVE#]
2017-03-28 01:13:16.966	SYSTEM	SIMULATOR	RECV	ALIVE (NOT EXIST SCANPROPERTY) [ALIVE#]
2017-03-28 01:13:17.969	SYSTEM	SIMULATOR	RECV	ALIVE (NOT EXIST SCANPROPERTY) [ALIVE#]
2017-03-28 01:13:18.970	SYSTEM	SIMULATOR	RECV	ALIVE (NOT EXIST SCANPROPERTY) [ALIVE#]
2017-03-28 01:13:19.972	SYSTEM	SIMULATOR	RECV	ALIVE (NOT EXIST SCANPROPERTY) [ALIVE#]
2017-03-28 01:13:20.972	SYSTEM	SIMULATOR	RECV	ALIVE (NOT EXIST SCANPROPERTY) [ALIVE#]
2017-03-28 01:13:21.973	SYSTEM	SIMULATOR	RECV	ALIVE (NOT EXIST SCANPROPERTY) [ALIVE#]
2017-03-28 01:13:22.974	SYSTEM	SIMULATOR	RECV	ALIVE (NOT EXIST SCANPROPERTY) [ALIVE#]
2017-03-28 01:13:23.974	SYSTEM	SIMULATOR	RECV	ALIVE (NOT EXIST SCANPROPERTY) [ALIVE#]
2017-03-28 01:13:24.976	SYSTEM	SIMULATOR	RECV	ALIVE (NOT EXIST SCANPROPERTY) [ALIVE#]
2017-03-28 01:13:25.982	SYSTEM	SIMULATOR	RECV	ALIVE (NOT EXIST SCANPROPERTY) [ALIVE#]
2017-03-28 01:13:26.995	SYSTEM	SIMULATOR	RECV	ALIVE (NOT EXIST SCANPROPERTY) [ALIVE#]
2017-03-28 01:13:27.996	SYSTEM	SIMULATOR	RECV	ALIVE (NOT EXIST SCANPROPERTY) [ALIVE#]
2017-03-28 01:13:39.120	SYSTEM	SIMULATOR	RECV	ALIVE (NOT EXIST SCANPROPERTY) [ALIVE#]
2017-03-28 01:13:40.121	SYSTEM	SIMULATOR	RECV	ALIVE (NOT EXIST SCANPROPERTY) [ALIVE#]
2017-03-28 01:13:41.123	SYSTEM	SIMULATOR	RECV	ALIVE (NOT EXIST SCANPROPERTY) [ALIVE#]
2017-03-28 01:13:42.125	SYSTEM	SIMULATOR	RECV	ALIVE (NOT EXIST SCANPROPERTY) [ALIVE#]
2017-03-28 01:13:43.127	SYSTEM	SIMULATOR	RECV	ALIVE (NOT EXIST SCANPROPERTY) [ALIVE#]
2017-03-28 01:13:44.128	SYSTEM	SIMULATOR	RECV	ALIVE (NOT EXIST SCANPROPERTY) [ALIVE#]
2017-03-28 01:13:45.129	SYSTEM	SIMULATOR	RECV	ALIVE (NOT EXIST SCANPROPERTY) [ALIVE#]
2017-03-28 01:13:46.129	SYSTEM	SIMULATOR	RECV	ALIVE (NOT EXIST SCANPROPERTY) [ALIVE#]
2017-03-28 01:13:47.130	SYSTEM	SIMULATOR	RECV	ALIVE (NOT EXIST SCANPROPERTY) [ALIVE#]
2017-03-28 01:13:48.131	SYSTEM	SIMULATOR	RECV	ALIVE (NOT EXIST SCANPROPERTY) [ALIVE#]
2017-03-28 01:13:49.132	SYSTEM	SIMULATOR	RECV	ALIVE (NOT EXIST SCANPROPERTY) [ALIVE#]
2017-03-28 01:13:49.426	SYSTEM	SIMULATOR	SEND	SVID_SEND|3|11,22,65537#
2017-03-28 01:13:51.919	SYSTEM	SIMULATOR	RECV	SVID_SEND_REPLY (NOT EXIST SCANPROPERTY) [SVID_SEND_REPLY#ALIVE#]
2017-03-28 01:13:52.200	SYSTEM	SIMULATOR	RECV	ALIVE (NOT EXIST SCANPROPERTY) [SVID_SEND_REPLY#ALIVE#]
2017-03-28 01:13:52.498	SYSTEM	SIMULATOR	SEND	ALIVE_REPLY#
2017-03-28 01:13:53.410	SYSTEM	SIMULATOR	RECV	ALIVE (NOT EXIST SCANPROPERTY) [ALIVE#]
2017-03-28 01:13:55.419	SYSTEM	SIMULATOR	RECV	ALIVE (NOT EXIST SCANPROPERTY) [ALIVE#]
2017-03-28 01:13:56.925	SYSTEM	SIMULATOR	RECV	ALIVE (NOT EXIST SCANPROPERTY) [ALIVE#]
2017-03-28 01:13:58.661	SYSTEM	SIMULATOR	RECV	ALIVE (NOT EXIST SCANPROPERTY) [ALIVE#]
2017-03-28 01:14:00.503	SYSTEM	SIMULATOR	RECV	ALIVE (NOT EXIST SCANPROPERTY) [ALIVE#]
2017-03-28 01:14:06.477	SYSTEM	SIMULATOR	RECV	ALIVE (NOT EXIST SCANPROPERTY) [ALIVE#]
2017-03-28 01:14:07.479	SYSTEM	SIMULATOR	RECV	ALIVE (NOT EXIST SCANPROPERTY) [ALIVE#]
2017-03-28 01:14:08.480	SYSTEM	SIMULATOR	RECV	ALIVE (NOT EXIST SCANPROPERTY) [ALIVE#]
2017-03-28 01:14:09.480	SYSTEM	SIMULATOR	RECV	ALIVE (NOT EXIST SCANPROPERTY) [ALIVE#]
2017-03-28 01:14:10.481	SYSTEM	SIMULATOR	RECV	ALIVE (NOT EXIST SCANPROPERTY) [ALIVE#]
2017-03-28 01:14:11.482	SYSTEM	SIMULATOR	RECV	ALIVE (NOT EXIST SCANPROPERTY) [ALIVE#]
2017-03-28 01:14:12.483	SYSTEM	SIMULATOR	RECV	ALIVE (NOT EXIST SCANPROPERTY) [ALIVE#]
2017-03-28 01:14:13.485	SYSTEM	SIMULATOR	RECV	ALIVE (NOT EXIST SCANPROPERTY) [ALIVE#]
2017-03-28 01:14:14.484	SYSTEM	SIMULATOR	RECV	ALIVE (NOT EXIST SCANPROPERTY) [ALIVE#]
2017-03-28 01:14:15.486	SYSTEM	SIMULATOR	RECV	ALIVE (NOT EXIST SCANPROPERTY) [ALIVE#]
2017-03-28 01:14:16.487	SYSTEM	SIMULATOR	RECV	ALIVE (NOT EXIST SCANPROPERTY) [ALIVE#]
2017-03-28 01:14:17.488	SYSTEM	SIMULATOR	RECV	ALIVE (NOT EXIST SCANPROPERTY) [ALIVE#]
2017-03-28 01:14:18.489	SYSTEM	SIMULATOR	RECV	ALIVE (NOT EXIST SCANPROPERTY) [ALIVE#]
2017-03-28 01:14:19.490	SYSTEM	SIMULATOR	RECV	ALIVE (NOT EXIST SCANPROPERTY) [ALIVE#]
2017-03-28 01:14:20.490	SYSTEM	SIMULATOR	RECV	ALIVE (NOT EXIST SCANPROPERTY) [ALIVE#]
2017-03-28 01:14:21.491	SYSTEM	SIMULATOR	RECV	ALIVE (NOT EXIST SCANPROPERTY) [ALIVE#]
2017-03-28 01:14:22.492	SYSTEM	SIMULATOR	RECV	ALIVE (NOT EXIST SCANPROPERTY) [ALIVE#]
