2018-10-17 08:22:48.958	SYSTEM	SIMULATOR	PROC	DriverName=SIMULATOR, Mode=Client, RemoteIP=127.0.0.1, RemotePort=7000, LocalIP=127.0.0.1, LocalPort=7000
2018-10-17 08:22:48.978	SYSTEM	SIMULATOR	PROC	START
2018-10-17 08:22:48.991	SYSTEM	SIMULATOR	PROC	DRIVER STATUS CHANGE NONE>WAITCRA
2018-10-17 08:22:48.991	SYSTEM	SIMULATOR	PROC	DRIVER STATUS CHANGE WAITCRA>CONNECTED
2018-10-17 08:22:49.457	SYSTEM	SIMULATOR	SEND	STAGE_GLASS_EXIST|X#
2018-10-17 08:22:49.462	SYSTEM	SIMULATOR	SEND	CURRENT_RECIPE_CHANGE|1|1#
2018-10-17 08:22:49.464	SYSTEM	SIMULATOR	SEND	AUTO_MODE_CHANGE_EVENT|1#
2018-10-17 08:22:49.468	SYSTEM	SIMULATOR	SEND	MACHINE_MODE_CHANGE_REPORT|1#
2018-10-17 08:22:49.469	SYSTEM	SIMULATOR	SEND	COMMUNICATION|O#
2018-10-17 08:22:49.799	SYSTEM	SIMULATOR	RECV	AUTO_MODE_CHANGE_EVENT_REPLY (NOT EXIST SCANPROPERTY) [AUTO_MODE_CHANGE_EVENT_REPLY#]
2018-10-17 08:22:50.058	SYSTEM	SIMULATOR	RECV	COMMUNICATION_ACK|O (NOT EXIST SCANPROPERTY) [COMMUNICATION_ACK|O#STAGE_GLASS_EXIST_REPLY#CIM_MODE|1#RECIPE_LIST_REQ#CURRENT_RECIPE_CHANGE_ACK#MACHINE_MODE_CHANGE_REPORT_REPLY#ALIVE#]
2018-10-17 08:22:50.310	SYSTEM	SIMULATOR	RECV	STAGE_GLASS_EXIST_REPLY (NOT EXIST SCANPROPERTY) [COMMUNICATION_ACK|O#STAGE_GLASS_EXIST_REPLY#CIM_MODE|1#RECIPE_LIST_REQ#CURRENT_RECIPE_CHANGE_ACK#MACHINE_MODE_CHANGE_REPORT_REPLY#ALIVE#]
2018-10-17 08:22:50.566	SYSTEM	SIMULATOR	RECV	CIM_MODE|1 (NOT EXIST SCANPROPERTY) [COMMUNICATION_ACK|O#STAGE_GLASS_EXIST_REPLY#CIM_MODE|1#RECIPE_LIST_REQ#CURRENT_RECIPE_CHANGE_ACK#MACHINE_MODE_CHANGE_REPORT_REPLY#ALIVE#]
2018-10-17 08:22:50.566	SYSTEM	SIMULATOR	RECV	RECIPE_LIST_REQ (NOT EXIST SCANPROPERTY) [COMMUNICATION_ACK|O#STAGE_GLASS_EXIST_REPLY#CIM_MODE|1#RECIPE_LIST_REQ#CURRENT_RECIPE_CHANGE_ACK#MACHINE_MODE_CHANGE_REPORT_REPLY#ALIVE#]
2018-10-17 08:22:50.571	SYSTEM	SIMULATOR	SEND	RECIPE_LIST_REQ_REPLY|4#
2018-10-17 08:22:50.824	SYSTEM	SIMULATOR	RECV	CURRENT_RECIPE_CHANGE_ACK (NOT EXIST SCANPROPERTY) [COMMUNICATION_ACK|O#STAGE_GLASS_EXIST_REPLY#CIM_MODE|1#RECIPE_LIST_REQ#CURRENT_RECIPE_CHANGE_ACK#MACHINE_MODE_CHANGE_REPORT_REPLY#ALIVE#]
2018-10-17 08:22:51.079	SYSTEM	SIMULATOR	RECV	MACHINE_MODE_CHANGE_REPORT_REPLY (NOT EXIST SCANPROPERTY) [COMMUNICATION_ACK|O#STAGE_GLASS_EXIST_REPLY#CIM_MODE|1#RECIPE_LIST_REQ#CURRENT_RECIPE_CHANGE_ACK#MACHINE_MODE_CHANGE_REPORT_REPLY#ALIVE#]
2018-10-17 08:22:51.335	SYSTEM	SIMULATOR	RECV	ALIVE (NOT EXIST SCANPROPERTY) [COMMUNICATION_ACK|O#STAGE_GLASS_EXIST_REPLY#CIM_MODE|1#RECIPE_LIST_REQ#CURRENT_RECIPE_CHANGE_ACK#MACHINE_MODE_CHANGE_REPORT_REPLY#ALIVE#]
2018-10-17 08:22:51.587	SYSTEM	SIMULATOR	SEND	ALIVE_REPLY#
2018-10-17 08:22:51.599	SYSTEM	SIMULATOR	SEND	COMMUNICATION|O#
2018-10-17 08:22:51.839	SYSTEM	SIMULATOR	RECV	ALIVE (NOT EXIST SCANPROPERTY) [ALIVE#COMMUNICATION_ACK|O#CIM_MODE|1#RECIPE_LIST_REQ#]
2018-10-17 08:22:52.091	SYSTEM	SIMULATOR	SEND	ALIVE_REPLY#
2018-10-17 08:22:52.344	SYSTEM	SIMULATOR	RECV	COMMUNICATION_ACK|O (NOT EXIST SCANPROPERTY) [ALIVE#COMMUNICATION_ACK|O#CIM_MODE|1#RECIPE_LIST_REQ#]
2018-10-17 08:22:52.595	SYSTEM	SIMULATOR	RECV	CIM_MODE|1 (NOT EXIST SCANPROPERTY) [ALIVE#COMMUNICATION_ACK|O#CIM_MODE|1#RECIPE_LIST_REQ#]
2018-10-17 08:22:52.595	SYSTEM	SIMULATOR	RECV	RECIPE_LIST_REQ (NOT EXIST SCANPROPERTY) [ALIVE#COMMUNICATION_ACK|O#CIM_MODE|1#RECIPE_LIST_REQ#]
2018-10-17 08:22:52.598	SYSTEM	SIMULATOR	SEND	RECIPE_LIST_REQ_REPLY|4#
2018-10-17 08:22:52.852	SYSTEM	SIMULATOR	RECV	ALIVE (NOT EXIST SCANPROPERTY) [ALIVE#]
2018-10-17 08:22:53.103	SYSTEM	SIMULATOR	SEND	ALIVE_REPLY#
2018-10-17 08:22:53.367	SYSTEM	SIMULATOR	RECV	ALIVE (NOT EXIST SCANPROPERTY) [ALIVE#]
2018-10-17 08:22:54.053	SYSTEM	SIMULATOR	RECV	ALIVE (NOT EXIST SCANPROPERTY) [ALIVE#]
2018-10-17 08:22:55.054	SYSTEM	SIMULATOR	RECV	ALIVE (NOT EXIST SCANPROPERTY) [ALIVE#]
2018-10-17 08:22:56.056	SYSTEM	SIMULATOR	RECV	ALIVE (NOT EXIST SCANPROPERTY) [ALIVE#]
2018-10-17 08:22:57.061	SYSTEM	SIMULATOR	RECV	ALIVE (NOT EXIST SCANPROPERTY) [ALIVE#]
2018-10-17 08:22:58.062	SYSTEM	SIMULATOR	RECV	ALIVE (NOT EXIST SCANPROPERTY) [ALIVE#]
2018-10-17 08:22:58.565	SYSTEM	SIMULATOR	RECV	STATE_REQUEST (NOT EXIST SCANPROPERTY) [STATE_REQUEST#]
2018-10-17 08:22:58.568	SYSTEM	SIMULATOR	SEND	STATE_REQUEST_ACK|1|2#
2018-10-17 08:22:59.064	SYSTEM	SIMULATOR	RECV	ALIVE (NOT EXIST SCANPROPERTY) [ALIVE#]
2018-10-17 08:22:59.315	SYSTEM	SIMULATOR	SEND	ALIVE_REPLY#
2018-10-17 08:23:00.066	SYSTEM	SIMULATOR	RECV	ALIVE (NOT EXIST SCANPROPERTY) [ALIVE#]
2018-10-17 08:23:01.068	SYSTEM	SIMULATOR	RECV	ALIVE (NOT EXIST SCANPROPERTY) [ALIVE#]
2018-10-17 08:23:02.070	SYSTEM	SIMULATOR	RECV	ALIVE (NOT EXIST SCANPROPERTY) [ALIVE#]
2018-10-17 08:23:03.070	SYSTEM	SIMULATOR	RECV	ALIVE (NOT EXIST SCANPROPERTY) [ALIVE#]
2018-10-17 08:23:04.074	SYSTEM	SIMULATOR	RECV	ALIVE (NOT EXIST SCANPROPERTY) [ALIVE#]
2018-10-17 08:23:05.078	SYSTEM	SIMULATOR	RECV	ALIVE (NOT EXIST SCANPROPERTY) [ALIVE#]
2018-10-17 08:23:06.079	SYSTEM	SIMULATOR	RECV	ALIVE (NOT EXIST SCANPROPERTY) [ALIVE#]
2018-10-17 08:23:07.081	SYSTEM	SIMULATOR	RECV	ALIVE (NOT EXIST SCANPROPERTY) [ALIVE#]
2018-10-17 08:23:08.086	SYSTEM	SIMULATOR	RECV	ALIVE (NOT EXIST SCANPROPERTY) [ALIVE#]
2018-10-17 08:23:09.086	SYSTEM	SIMULATOR	RECV	ALIVE (NOT EXIST SCANPROPERTY) [ALIVE#]
2018-10-17 08:23:10.088	SYSTEM	SIMULATOR	RECV	ALIVE (NOT EXIST SCANPROPERTY) [ALIVE#]
2018-10-17 08:23:11.092	SYSTEM	SIMULATOR	RECV	ALIVE (NOT EXIST SCANPROPERTY) [ALIVE#]
2018-10-17 08:23:12.094	SYSTEM	SIMULATOR	RECV	ALIVE (NOT EXIST SCANPROPERTY) [ALIVE#]
2018-10-17 08:23:13.096	SYSTEM	SIMULATOR	RECV	ALIVE (NOT EXIST SCANPROPERTY) [ALIVE#]
2018-10-17 08:23:14.096	SYSTEM	SIMULATOR	RECV	ALIVE (NOT EXIST SCANPROPERTY) [ALIVE#]
2018-10-17 08:23:15.098	SYSTEM	SIMULATOR	RECV	ALIVE (NOT EXIST SCANPROPERTY) [ALIVE#]
2018-10-17 08:23:16.099	SYSTEM	SIMULATOR	RECV	ALIVE (NOT EXIST SCANPROPERTY) [ALIVE#]
2018-10-17 08:23:17.100	SYSTEM	SIMULATOR	RECV	ALIVE (NOT EXIST SCANPROPERTY) [ALIVE#]
2018-10-17 08:23:18.102	SYSTEM	SIMULATOR	RECV	ALIVE (NOT EXIST SCANPROPERTY) [ALIVE#]
2018-10-17 08:23:19.103	SYSTEM	SIMULATOR	RECV	ALIVE (NOT EXIST SCANPROPERTY) [ALIVE#]
2018-10-17 08:23:20.104	SYSTEM	SIMULATOR	RECV	ALIVE (NOT EXIST SCANPROPERTY) [ALIVE#]
2018-10-17 08:23:21.116	SYSTEM	SIMULATOR	RECV	ALIVE (NOT EXIST SCANPROPERTY) [ALIVE#]
2018-10-17 08:23:22.117	SYSTEM	SIMULATOR	RECV	ALIVE (NOT EXIST SCANPROPERTY) [ALIVE#]
2018-10-17 08:23:23.118	SYSTEM	SIMULATOR	RECV	ALIVE (NOT EXIST SCANPROPERTY) [ALIVE#]
2018-10-17 08:23:23.763	SYSTEM	SIMULATOR	SEND	STATE_CHANGE_EVENT|1|0#
2018-10-17 08:23:23.766	SYSTEM	SIMULATOR	RECV	STATE_CHANGE_EVENT_REPLY (NOT EXIST SCANPROPERTY) [STATE_CHANGE_EVENT_REPLY#]
2018-10-17 08:23:42.070	SYSTEM	SIMULATOR	RECV	ALIVE (NOT EXIST SCANPROPERTY) [ALIVE#]
2018-10-17 08:23:42.322	SYSTEM	SIMULATOR	SEND	ALIVE_REPLY#
2018-10-17 08:23:43.091	SYSTEM	SIMULATOR	RECV	ALIVE (NOT EXIST SCANPROPERTY) [ALIVE#]
2018-10-17 08:23:44.093	SYSTEM	SIMULATOR	RECV	ALIVE (NOT EXIST SCANPROPERTY) [ALIVE#]
2018-10-17 08:23:45.095	SYSTEM	SIMULATOR	RECV	ALIVE (NOT EXIST SCANPROPERTY) [ALIVE#]
2018-10-17 08:23:46.096	SYSTEM	SIMULATOR	RECV	ALIVE (NOT EXIST SCANPROPERTY) [ALIVE#]
2018-10-17 08:23:47.097	SYSTEM	SIMULATOR	RECV	ALIVE (NOT EXIST SCANPROPERTY) [ALIVE#]
2018-10-17 08:23:48.098	SYSTEM	SIMULATOR	RECV	ALIVE (NOT EXIST SCANPROPERTY) [ALIVE#]
2018-10-17 08:23:48.481	SYSTEM	SIMULATOR	SEND	STAGE_GLASS_EXIST|O#
2018-10-17 08:23:48.606	SYSTEM	SIMULATOR	RECV	STAGE_GLASS_EXIST_REPLY (NOT EXIST SCANPROPERTY) [STAGE_GLASS_EXIST_REPLY#]
2018-10-17 08:23:49.100	SYSTEM	SIMULATOR	RECV	ALIVE (NOT EXIST SCANPROPERTY) [ALIVE#]
2018-10-17 08:23:49.352	SYSTEM	SIMULATOR	SEND	ALIVE_REPLY#
2018-10-17 08:23:50.103	SYSTEM	SIMULATOR	RECV	ALIVE (NOT EXIST SCANPROPERTY) [ALIVE#]
2018-10-17 08:23:50.998	SYSTEM	SIMULATOR	SEND	STAGE_GLASS_EXIST|X#
2018-10-17 08:23:51.001	SYSTEM	SIMULATOR	RECV	STAGE_GLASS_EXIST_REPLY (NOT EXIST SCANPROPERTY) [STAGE_GLASS_EXIST_REPLY#]
2018-10-17 08:23:51.256	SYSTEM	SIMULATOR	RECV	ALIVE (NOT EXIST SCANPROPERTY) [ALIVE#]
2018-10-17 08:23:51.509	SYSTEM	SIMULATOR	SEND	ALIVE_REPLY#
2018-10-17 08:23:52.106	SYSTEM	SIMULATOR	RECV	ALIVE (NOT EXIST SCANPROPERTY) [ALIVE#]
2018-10-17 08:23:53.109	SYSTEM	SIMULATOR	RECV	ALIVE (NOT EXIST SCANPROPERTY) [ALIVE#]
2018-10-17 08:23:54.109	SYSTEM	SIMULATOR	RECV	ALIVE (NOT EXIST SCANPROPERTY) [ALIVE#]
2018-10-17 08:23:55.112	SYSTEM	SIMULATOR	RECV	ALIVE (NOT EXIST SCANPROPERTY) [ALIVE#]
2018-10-17 08:23:56.113	SYSTEM	SIMULATOR	RECV	ALIVE (NOT EXIST SCANPROPERTY) [ALIVE#]
2018-10-17 08:23:57.115	SYSTEM	SIMULATOR	RECV	ALIVE (NOT EXIST SCANPROPERTY) [ALIVE#]
2018-10-17 08:23:58.117	SYSTEM	SIMULATOR	RECV	ALIVE (NOT EXIST SCANPROPERTY) [ALIVE#]
2018-10-17 08:23:59.118	SYSTEM	SIMULATOR	RECV	ALIVE (NOT EXIST SCANPROPERTY) [ALIVE#]
2018-10-17 08:24:00.120	SYSTEM	SIMULATOR	RECV	ALIVE (NOT EXIST SCANPROPERTY) [ALIVE#]
2018-10-17 08:24:01.125	SYSTEM	SIMULATOR	RECV	ALIVE (NOT EXIST SCANPROPERTY) [ALIVE#]
2018-10-17 08:24:02.127	SYSTEM	SIMULATOR	RECV	ALIVE (NOT EXIST SCANPROPERTY) [ALIVE#]
2018-10-17 08:24:03.128	SYSTEM	SIMULATOR	RECV	ALIVE (NOT EXIST SCANPROPERTY) [ALIVE#]
2018-10-17 08:24:04.129	SYSTEM	SIMULATOR	RECV	ALIVE (NOT EXIST SCANPROPERTY) [ALIVE#]
2018-10-17 08:24:05.131	SYSTEM	SIMULATOR	RECV	ALIVE (NOT EXIST SCANPROPERTY) [ALIVE#]
2018-10-17 08:24:06.132	SYSTEM	SIMULATOR	RECV	ALIVE (NOT EXIST SCANPROPERTY) [ALIVE#]
2018-10-17 08:24:07.137	SYSTEM	SIMULATOR	RECV	ALIVE (NOT EXIST SCANPROPERTY) [ALIVE#]
2018-10-17 08:24:08.143	SYSTEM	SIMULATOR	RECV	ALIVE (NOT EXIST SCANPROPERTY) [ALIVE#]
2018-10-17 08:24:09.144	SYSTEM	SIMULATOR	RECV	ALIVE (NOT EXIST SCANPROPERTY) [ALIVE#]
2018-10-17 08:24:10.145	SYSTEM	SIMULATOR	RECV	ALIVE (NOT EXIST SCANPROPERTY) [ALIVE#]
2018-10-17 08:24:11.147	SYSTEM	SIMULATOR	RECV	ALIVE (NOT EXIST SCANPROPERTY) [ALIVE#]
2018-10-17 08:24:12.147	SYSTEM	SIMULATOR	RECV	ALIVE (NOT EXIST SCANPROPERTY) [ALIVE#]
2018-10-17 08:24:13.150	SYSTEM	SIMULATOR	RECV	ALIVE (NOT EXIST SCANPROPERTY) [ALIVE#]
2018-10-17 08:24:14.150	SYSTEM	SIMULATOR	RECV	ALIVE (NOT EXIST SCANPROPERTY) [ALIVE#]
2018-10-17 08:24:15.151	SYSTEM	SIMULATOR	RECV	ALIVE (NOT EXIST SCANPROPERTY) [ALIVE#]
2018-10-17 08:24:16.153	SYSTEM	SIMULATOR	RECV	ALIVE (NOT EXIST SCANPROPERTY) [ALIVE#]
2018-10-17 08:24:17.159	SYSTEM	SIMULATOR	RECV	ALIVE (NOT EXIST SCANPROPERTY) [ALIVE#]
2018-10-17 08:24:18.156	SYSTEM	SIMULATOR	RECV	ALIVE (NOT EXIST SCANPROPERTY) [ALIVE#]
2018-10-17 08:24:19.158	SYSTEM	SIMULATOR	RECV	ALIVE (NOT EXIST SCANPROPERTY) [ALIVE#]
2018-10-17 08:24:20.159	SYSTEM	SIMULATOR	RECV	ALIVE (NOT EXIST SCANPROPERTY) [ALIVE#]
2018-10-17 08:24:21.162	SYSTEM	SIMULATOR	RECV	ALIVE (NOT EXIST SCANPROPERTY) [ALIVE#]
2018-10-17 08:24:22.163	SYSTEM	SIMULATOR	RECV	ALIVE (NOT EXIST SCANPROPERTY) [ALIVE#]
2018-10-17 08:24:23.164	SYSTEM	SIMULATOR	RECV	ALIVE (NOT EXIST SCANPROPERTY) [ALIVE#]
2018-10-17 08:24:24.175	SYSTEM	SIMULATOR	RECV	ALIVE (NOT EXIST SCANPROPERTY) [ALIVE#]
2018-10-17 08:24:25.176	SYSTEM	SIMULATOR	RECV	ALIVE (NOT EXIST SCANPROPERTY) [ALIVE#]
2018-10-17 08:24:26.177	SYSTEM	SIMULATOR	RECV	ALIVE (NOT EXIST SCANPROPERTY) [ALIVE#]
2018-10-17 08:24:27.179	SYSTEM	SIMULATOR	RECV	ALIVE (NOT EXIST SCANPROPERTY) [ALIVE#]
2018-10-17 08:24:28.181	SYSTEM	SIMULATOR	RECV	ALIVE (NOT EXIST SCANPROPERTY) [ALIVE#]
2018-10-17 08:24:29.183	SYSTEM	SIMULATOR	RECV	ALIVE (NOT EXIST SCANPROPERTY) [ALIVE#]
2018-10-17 08:24:30.184	SYSTEM	SIMULATOR	RECV	ALIVE (NOT EXIST SCANPROPERTY) [ALIVE#]
2018-10-17 08:24:31.186	SYSTEM	SIMULATOR	RECV	ALIVE (NOT EXIST SCANPROPERTY) [ALIVE#]
2018-10-17 08:24:32.187	SYSTEM	SIMULATOR	RECV	ALIVE (NOT EXIST SCANPROPERTY) [ALIVE#]
2018-10-17 08:24:38.844	SYSTEM	SIMULATOR	RECV	ALIVE (NOT EXIST SCANPROPERTY) [ALIVE#]
2018-10-17 08:24:39.845	SYSTEM	SIMULATOR	RECV	ALIVE (NOT EXIST SCANPROPERTY) [ALIVE#]
2018-10-17 08:24:40.858	SYSTEM	SIMULATOR	RECV	ALIVE (NOT EXIST SCANPROPERTY) [ALIVE#]
2018-10-17 08:24:41.857	SYSTEM	SIMULATOR	RECV	ALIVE (NOT EXIST SCANPROPERTY) [ALIVE#]
2018-10-17 08:24:42.860	SYSTEM	SIMULATOR	RECV	ALIVE (NOT EXIST SCANPROPERTY) [ALIVE#]
2018-10-17 08:24:43.080	SYSTEM	SIMULATOR	SEND	RECIPE_REPORT|M|1,1,VersionNo(20161007)#
2018-10-17 08:24:43.111	SYSTEM	SIMULATOR	SEND	ALIVE_REPLY#
2018-10-17 08:24:43.364	SYSTEM	SIMULATOR	RECV	RECIPE_REPORT_ACK|O (NOT EXIST SCANPROPERTY) [RECIPE_REPORT_ACK|O#]
2018-10-17 08:24:53.757	SYSTEM	SIMULATOR	RECV	RECIPE_REPORT_ACK|O (NOT EXIST SCANPROPERTY) [RECIPE_REPORT_ACK|O#ALIVE#]
2018-10-17 08:24:55.917	SYSTEM	SIMULATOR	SEND	RECIPE_REPORT|M|1,1,VersionNo(20161007)#
2018-10-17 08:24:56.882	SYSTEM	SIMULATOR	RECV	RECIPE_REPORT_ACK|O (NOT EXIST SCANPROPERTY) [RECIPE_REPORT_ACK|O#ALIVE#ALIVE#]
2018-10-17 08:24:58.132	SYSTEM	SIMULATOR	RECV	RECIPE_REPORT_ACK|O (NOT EXIST SCANPROPERTY) [RECIPE_REPORT_ACK|O#ALIVE#ALIVE#ALIVE#]
2018-10-17 08:24:59.116	SYSTEM	SIMULATOR	RECV	RECIPE_REPORT_ACK|O (NOT EXIST SCANPROPERTY) [RECIPE_REPORT_ACK|O#ALIVE#ALIVE#ALIVE#ALIVE#]
2018-10-17 08:25:00.257	SYSTEM	SIMULATOR	RECV	RECIPE_REPORT_ACK|O (NOT EXIST SCANPROPERTY) [RECIPE_REPORT_ACK|O#ALIVE#ALIVE#ALIVE#ALIVE#ALIVE#]
2018-10-17 08:25:01.229	SYSTEM	SIMULATOR	RECV	RECIPE_REPORT_ACK|O (NOT EXIST SCANPROPERTY) [RECIPE_REPORT_ACK|O#ALIVE#ALIVE#ALIVE#ALIVE#ALIVE#ALIVE#]
2018-10-17 08:25:02.230	SYSTEM	SIMULATOR	RECV	RECIPE_REPORT_ACK|O (NOT EXIST SCANPROPERTY) [RECIPE_REPORT_ACK|O#ALIVE#ALIVE#ALIVE#ALIVE#ALIVE#ALIVE#ALIVE#]
2018-10-17 08:25:03.232	SYSTEM	SIMULATOR	RECV	RECIPE_REPORT_ACK|O (NOT EXIST SCANPROPERTY) [RECIPE_REPORT_ACK|O#ALIVE#ALIVE#ALIVE#ALIVE#ALIVE#ALIVE#ALIVE#ALIVE#]
2018-10-17 08:25:04.293	SYSTEM	SIMULATOR	RECV	RECIPE_REPORT_ACK|O (NOT EXIST SCANPROPERTY) [RECIPE_REPORT_ACK|O#ALIVE#ALIVE#ALIVE#ALIVE#ALIVE#ALIVE#ALIVE#ALIVE#ALIVE#]
2018-10-17 08:25:05.305	SYSTEM	SIMULATOR	RECV	RECIPE_REPORT_ACK|O (NOT EXIST SCANPROPERTY) [RECIPE_REPORT_ACK|O#ALIVE#ALIVE#ALIVE#ALIVE#ALIVE#ALIVE#ALIVE#ALIVE#ALIVE#ALIVE#]
2018-10-17 08:25:06.306	SYSTEM	SIMULATOR	RECV	RECIPE_REPORT_ACK|O (NOT EXIST SCANPROPERTY) [RECIPE_REPORT_ACK|O#ALIVE#ALIVE#ALIVE#ALIVE#ALIVE#ALIVE#ALIVE#ALIVE#ALIVE#ALIVE#ALIVE#]
2018-10-17 08:25:13.550	SYSTEM	SIMULATOR	RECV	RECIPE_REPORT_ACK|O (NOT EXIST SCANPROPERTY) [RECIPE_REPORT_ACK|O#ALIVE#ALIVE#ALIVE#ALIVE#ALIVE#ALIVE#ALIVE#ALIVE#ALIVE#ALIVE#ALIVE#ALIVE#]
2018-10-17 08:25:14.564	SYSTEM	SIMULATOR	RECV	RECIPE_REPORT_ACK|O (NOT EXIST SCANPROPERTY) [RECIPE_REPORT_ACK|O#ALIVE#ALIVE#ALIVE#ALIVE#ALIVE#ALIVE#ALIVE#ALIVE#ALIVE#ALIVE#ALIVE#ALIVE#ALIVE#]
2018-10-17 08:25:15.562	SYSTEM	SIMULATOR	RECV	RECIPE_REPORT_ACK|O (NOT EXIST SCANPROPERTY) [RECIPE_REPORT_ACK|O#ALIVE#ALIVE#ALIVE#ALIVE#ALIVE#ALIVE#ALIVE#ALIVE#ALIVE#ALIVE#ALIVE#ALIVE#ALIVE#ALIVE#]
2018-10-17 08:25:16.564	SYSTEM	SIMULATOR	RECV	RECIPE_REPORT_ACK|O (NOT EXIST SCANPROPERTY) [RECIPE_REPORT_ACK|O#ALIVE#ALIVE#ALIVE#ALIVE#ALIVE#ALIVE#ALIVE#ALIVE#ALIVE#ALIVE#ALIVE#ALIVE#ALIVE#ALIVE#ALIVE#]
2018-10-17 08:25:17.565	SYSTEM	SIMULATOR	RECV	RECIPE_REPORT_ACK|O (NOT EXIST SCANPROPERTY) [RECIPE_REPORT_ACK|O#ALIVE#ALIVE#ALIVE#ALIVE#ALIVE#ALIVE#ALIVE#ALIVE#ALIVE#ALIVE#ALIVE#ALIVE#ALIVE#ALIVE#ALIVE#ALIVE#]
2018-10-17 08:25:18.567	SYSTEM	SIMULATOR	RECV	RECIPE_REPORT_ACK|O (NOT EXIST SCANPROPERTY) [RECIPE_REPORT_ACK|O#ALIVE#ALIVE#ALIVE#ALIVE#ALIVE#ALIVE#ALIVE#ALIVE#ALIVE#ALIVE#ALIVE#ALIVE#ALIVE#ALIVE#ALIVE#ALIVE#ALIVE#]
2018-10-17 08:25:19.569	SYSTEM	SIMULATOR	RECV	RECIPE_REPORT_ACK|O (NOT EXIST SCANPROPERTY) [RECIPE_REPORT_ACK|O#ALIVE#ALIVE#ALIVE#ALIVE#ALIVE#ALIVE#ALIVE#ALIVE#ALIVE#ALIVE#ALIVE#ALIVE#ALIVE#ALIVE#ALIVE#ALIVE#ALIVE#ALIVE#]
2018-10-17 08:25:20.570	SYSTEM	SIMULATOR	RECV	RECIPE_REPORT_ACK|O (NOT EXIST SCANPROPERTY) [RECIPE_REPORT_ACK|O#ALIVE#ALIVE#ALIVE#ALIVE#ALIVE#ALIVE#ALIVE#ALIVE#ALIVE#ALIVE#ALIVE#ALIVE#ALIVE#ALIVE#ALIVE#ALIVE#ALIVE#ALIVE#ALIVE#]
2018-10-17 08:25:21.572	SYSTEM	SIMULATOR	RECV	RECIPE_REPORT_ACK|O (NOT EXIST SCANPROPERTY) [RECIPE_REPORT_ACK|O#ALIVE#ALIVE#ALIVE#ALIVE#ALIVE#ALIVE#ALIVE#ALIVE#ALIVE#ALIVE#ALIVE#ALIVE#ALIVE#ALIVE#ALIVE#ALIVE#ALIVE#ALIVE#ALIVE#ALIVE#]
2018-10-17 08:25:22.572	SYSTEM	SIMULATOR	RECV	RECIPE_REPORT_ACK|O (NOT EXIST SCANPROPERTY) [RECIPE_REPORT_ACK|O#ALIVE#ALIVE#ALIVE#ALIVE#ALIVE#ALIVE#ALIVE#ALIVE#ALIVE#ALIVE#ALIVE#ALIVE#ALIVE#ALIVE#ALIVE#ALIVE#ALIVE#ALIVE#ALIVE#ALIVE#ALIVE#]
2018-10-17 08:25:23.573	SYSTEM	SIMULATOR	RECV	RECIPE_REPORT_ACK|O (NOT EXIST SCANPROPERTY) [RECIPE_REPORT_ACK|O#ALIVE#ALIVE#ALIVE#ALIVE#ALIVE#ALIVE#ALIVE#ALIVE#ALIVE#ALIVE#ALIVE#ALIVE#ALIVE#ALIVE#ALIVE#ALIVE#ALIVE#ALIVE#ALIVE#ALIVE#ALIVE#ALIVE#]
2018-10-17 08:25:24.575	SYSTEM	SIMULATOR	RECV	RECIPE_REPORT_ACK|O (NOT EXIST SCANPROPERTY) [RECIPE_REPORT_ACK|O#ALIVE#ALIVE#ALIVE#ALIVE#ALIVE#ALIVE#ALIVE#ALIVE#ALIVE#ALIVE#ALIVE#ALIVE#ALIVE#ALIVE#ALIVE#ALIVE#ALIVE#ALIVE#ALIVE#ALIVE#ALIVE#ALIVE#ALIVE#]
2018-10-17 08:25:25.578	SYSTEM	SIMULATOR	RECV	RECIPE_REPORT_ACK|O (NOT EXIST SCANPROPERTY) [RECIPE_REPORT_ACK|O#ALIVE#ALIVE#ALIVE#ALIVE#ALIVE#ALIVE#ALIVE#ALIVE#ALIVE#ALIVE#ALIVE#ALIVE#ALIVE#ALIVE#ALIVE#ALIVE#ALIVE#ALIVE#ALIVE#ALIVE#ALIVE#ALIVE#ALIVE#ALIVE#]
2018-10-17 08:25:26.580	SYSTEM	SIMULATOR	RECV	RECIPE_REPORT_ACK|O (NOT EXIST SCANPROPERTY) [RECIPE_REPORT_ACK|O#ALIVE#ALIVE#ALIVE#ALIVE#ALIVE#ALIVE#ALIVE#ALIVE#ALIVE#ALIVE#ALIVE#ALIVE#ALIVE#ALIVE#ALIVE#ALIVE#ALIVE#ALIVE#ALIVE#ALIVE#ALIVE#ALIVE#ALIVE#ALIVE#ALIVE#]
2018-10-17 08:25:27.581	SYSTEM	SIMULATOR	RECV	RECIPE_REPORT_ACK|O (NOT EXIST SCANPROPERTY) [RECIPE_REPORT_ACK|O#ALIVE#ALIVE#ALIVE#ALIVE#ALIVE#ALIVE#ALIVE#ALIVE#ALIVE#ALIVE#ALIVE#ALIVE#ALIVE#ALIVE#ALIVE#ALIVE#ALIVE#ALIVE#ALIVE#ALIVE#ALIVE#ALIVE#ALIVE#ALIVE#ALIVE#ALIVE#]
2018-10-17 08:25:31.595	SYSTEM	SIMULATOR	RECV	RECIPE_REPORT_ACK|O (NOT EXIST SCANPROPERTY) [RECIPE_REPORT_ACK|O#ALIVE#ALIVE#ALIVE#ALIVE#ALIVE#ALIVE#ALIVE#ALIVE#ALIVE#ALIVE#ALIVE#ALIVE#ALIVE#ALIVE#ALIVE#ALIVE#ALIVE#ALIVE#ALIVE#ALIVE#ALIVE#ALIVE#ALIVE#ALIVE#ALIVE#ALIVE#ALIVE#]
2018-10-17 08:25:35.072	SYSTEM	SIMULATOR	RECV	ALIVE (NOT EXIST SCANPROPERTY) [RECIPE_REPORT_ACK|O#ALIVE#ALIVE#ALIVE#ALIVE#ALIVE#ALIVE#ALIVE#ALIVE#ALIVE#ALIVE#ALIVE#ALIVE#ALIVE#ALIVE#ALIVE#ALIVE#ALIVE#ALIVE#ALIVE#ALIVE#ALIVE#ALIVE#ALIVE#ALIVE#ALIVE#ALIVE#ALIVE#]
2018-10-17 08:25:35.325	SYSTEM	SIMULATOR	SEND	ALIVE_REPLY#
2018-10-17 08:25:35.581	SYSTEM	SIMULATOR	RECV	ALIVE (NOT EXIST SCANPROPERTY) [RECIPE_REPORT_ACK|O#ALIVE#ALIVE#ALIVE#ALIVE#ALIVE#ALIVE#ALIVE#ALIVE#ALIVE#ALIVE#ALIVE#ALIVE#ALIVE#ALIVE#ALIVE#ALIVE#ALIVE#ALIVE#ALIVE#ALIVE#ALIVE#ALIVE#ALIVE#ALIVE#ALIVE#ALIVE#ALIVE#]
2018-10-17 08:25:36.094	SYSTEM	SIMULATOR	RECV	ALIVE (NOT EXIST SCANPROPERTY) [RECIPE_REPORT_ACK|O#ALIVE#ALIVE#ALIVE#ALIVE#ALIVE#ALIVE#ALIVE#ALIVE#ALIVE#ALIVE#ALIVE#ALIVE#ALIVE#ALIVE#ALIVE#ALIVE#ALIVE#ALIVE#ALIVE#ALIVE#ALIVE#ALIVE#ALIVE#ALIVE#ALIVE#ALIVE#ALIVE#]
2018-10-17 08:25:36.609	SYSTEM	SIMULATOR	RECV	ALIVE (NOT EXIST SCANPROPERTY) [RECIPE_REPORT_ACK|O#ALIVE#ALIVE#ALIVE#ALIVE#ALIVE#ALIVE#ALIVE#ALIVE#ALIVE#ALIVE#ALIVE#ALIVE#ALIVE#ALIVE#ALIVE#ALIVE#ALIVE#ALIVE#ALIVE#ALIVE#ALIVE#ALIVE#ALIVE#ALIVE#ALIVE#ALIVE#ALIVE#]
2018-10-17 08:25:37.114	SYSTEM	SIMULATOR	RECV	ALIVE (NOT EXIST SCANPROPERTY) [RECIPE_REPORT_ACK|O#ALIVE#ALIVE#ALIVE#ALIVE#ALIVE#ALIVE#ALIVE#ALIVE#ALIVE#ALIVE#ALIVE#ALIVE#ALIVE#ALIVE#ALIVE#ALIVE#ALIVE#ALIVE#ALIVE#ALIVE#ALIVE#ALIVE#ALIVE#ALIVE#ALIVE#ALIVE#ALIVE#]
2018-10-17 08:25:37.617	SYSTEM	SIMULATOR	RECV	ALIVE (NOT EXIST SCANPROPERTY) [RECIPE_REPORT_ACK|O#ALIVE#ALIVE#ALIVE#ALIVE#ALIVE#ALIVE#ALIVE#ALIVE#ALIVE#ALIVE#ALIVE#ALIVE#ALIVE#ALIVE#ALIVE#ALIVE#ALIVE#ALIVE#ALIVE#ALIVE#ALIVE#ALIVE#ALIVE#ALIVE#ALIVE#ALIVE#ALIVE#]
2018-10-17 08:25:38.122	SYSTEM	SIMULATOR	RECV	ALIVE (NOT EXIST SCANPROPERTY) [RECIPE_REPORT_ACK|O#ALIVE#ALIVE#ALIVE#ALIVE#ALIVE#ALIVE#ALIVE#ALIVE#ALIVE#ALIVE#ALIVE#ALIVE#ALIVE#ALIVE#ALIVE#ALIVE#ALIVE#ALIVE#ALIVE#ALIVE#ALIVE#ALIVE#ALIVE#ALIVE#ALIVE#ALIVE#ALIVE#]
2018-10-17 08:25:38.626	SYSTEM	SIMULATOR	RECV	ALIVE (NOT EXIST SCANPROPERTY) [RECIPE_REPORT_ACK|O#ALIVE#ALIVE#ALIVE#ALIVE#ALIVE#ALIVE#ALIVE#ALIVE#ALIVE#ALIVE#ALIVE#ALIVE#ALIVE#ALIVE#ALIVE#ALIVE#ALIVE#ALIVE#ALIVE#ALIVE#ALIVE#ALIVE#ALIVE#ALIVE#ALIVE#ALIVE#ALIVE#]
2018-10-17 08:25:39.133	SYSTEM	SIMULATOR	RECV	ALIVE (NOT EXIST SCANPROPERTY) [RECIPE_REPORT_ACK|O#ALIVE#ALIVE#ALIVE#ALIVE#ALIVE#ALIVE#ALIVE#ALIVE#ALIVE#ALIVE#ALIVE#ALIVE#ALIVE#ALIVE#ALIVE#ALIVE#ALIVE#ALIVE#ALIVE#ALIVE#ALIVE#ALIVE#ALIVE#ALIVE#ALIVE#ALIVE#ALIVE#]
2018-10-17 08:25:39.640	SYSTEM	SIMULATOR	RECV	ALIVE (NOT EXIST SCANPROPERTY) [RECIPE_REPORT_ACK|O#ALIVE#ALIVE#ALIVE#ALIVE#ALIVE#ALIVE#ALIVE#ALIVE#ALIVE#ALIVE#ALIVE#ALIVE#ALIVE#ALIVE#ALIVE#ALIVE#ALIVE#ALIVE#ALIVE#ALIVE#ALIVE#ALIVE#ALIVE#ALIVE#ALIVE#ALIVE#ALIVE#]
2018-10-17 08:25:40.146	SYSTEM	SIMULATOR	RECV	ALIVE (NOT EXIST SCANPROPERTY) [RECIPE_REPORT_ACK|O#ALIVE#ALIVE#ALIVE#ALIVE#ALIVE#ALIVE#ALIVE#ALIVE#ALIVE#ALIVE#ALIVE#ALIVE#ALIVE#ALIVE#ALIVE#ALIVE#ALIVE#ALIVE#ALIVE#ALIVE#ALIVE#ALIVE#ALIVE#ALIVE#ALIVE#ALIVE#ALIVE#]
2018-10-17 08:25:40.657	SYSTEM	SIMULATOR	RECV	ALIVE (NOT EXIST SCANPROPERTY) [RECIPE_REPORT_ACK|O#ALIVE#ALIVE#ALIVE#ALIVE#ALIVE#ALIVE#ALIVE#ALIVE#ALIVE#ALIVE#ALIVE#ALIVE#ALIVE#ALIVE#ALIVE#ALIVE#ALIVE#ALIVE#ALIVE#ALIVE#ALIVE#ALIVE#ALIVE#ALIVE#ALIVE#ALIVE#ALIVE#]
2018-10-17 08:25:41.163	SYSTEM	SIMULATOR	RECV	ALIVE (NOT EXIST SCANPROPERTY) [RECIPE_REPORT_ACK|O#ALIVE#ALIVE#ALIVE#ALIVE#ALIVE#ALIVE#ALIVE#ALIVE#ALIVE#ALIVE#ALIVE#ALIVE#ALIVE#ALIVE#ALIVE#ALIVE#ALIVE#ALIVE#ALIVE#ALIVE#ALIVE#ALIVE#ALIVE#ALIVE#ALIVE#ALIVE#ALIVE#]
2018-10-17 08:25:41.668	SYSTEM	SIMULATOR	RECV	ALIVE (NOT EXIST SCANPROPERTY) [RECIPE_REPORT_ACK|O#ALIVE#ALIVE#ALIVE#ALIVE#ALIVE#ALIVE#ALIVE#ALIVE#ALIVE#ALIVE#ALIVE#ALIVE#ALIVE#ALIVE#ALIVE#ALIVE#ALIVE#ALIVE#ALIVE#ALIVE#ALIVE#ALIVE#ALIVE#ALIVE#ALIVE#ALIVE#ALIVE#]
2018-10-17 08:25:42.176	SYSTEM	SIMULATOR	RECV	ALIVE (NOT EXIST SCANPROPERTY) [RECIPE_REPORT_ACK|O#ALIVE#ALIVE#ALIVE#ALIVE#ALIVE#ALIVE#ALIVE#ALIVE#ALIVE#ALIVE#ALIVE#ALIVE#ALIVE#ALIVE#ALIVE#ALIVE#ALIVE#ALIVE#ALIVE#ALIVE#ALIVE#ALIVE#ALIVE#ALIVE#ALIVE#ALIVE#ALIVE#]
2018-10-17 08:25:42.683	SYSTEM	SIMULATOR	RECV	ALIVE (NOT EXIST SCANPROPERTY) [RECIPE_REPORT_ACK|O#ALIVE#ALIVE#ALIVE#ALIVE#ALIVE#ALIVE#ALIVE#ALIVE#ALIVE#ALIVE#ALIVE#ALIVE#ALIVE#ALIVE#ALIVE#ALIVE#ALIVE#ALIVE#ALIVE#ALIVE#ALIVE#ALIVE#ALIVE#ALIVE#ALIVE#ALIVE#ALIVE#]
2018-10-17 08:25:43.189	SYSTEM	SIMULATOR	RECV	ALIVE (NOT EXIST SCANPROPERTY) [RECIPE_REPORT_ACK|O#ALIVE#ALIVE#ALIVE#ALIVE#ALIVE#ALIVE#ALIVE#ALIVE#ALIVE#ALIVE#ALIVE#ALIVE#ALIVE#ALIVE#ALIVE#ALIVE#ALIVE#ALIVE#ALIVE#ALIVE#ALIVE#ALIVE#ALIVE#ALIVE#ALIVE#ALIVE#ALIVE#]
2018-10-17 08:25:43.694	SYSTEM	SIMULATOR	RECV	ALIVE (NOT EXIST SCANPROPERTY) [RECIPE_REPORT_ACK|O#ALIVE#ALIVE#ALIVE#ALIVE#ALIVE#ALIVE#ALIVE#ALIVE#ALIVE#ALIVE#ALIVE#ALIVE#ALIVE#ALIVE#ALIVE#ALIVE#ALIVE#ALIVE#ALIVE#ALIVE#ALIVE#ALIVE#ALIVE#ALIVE#ALIVE#ALIVE#ALIVE#]
2018-10-17 08:25:44.199	SYSTEM	SIMULATOR	RECV	ALIVE (NOT EXIST SCANPROPERTY) [RECIPE_REPORT_ACK|O#ALIVE#ALIVE#ALIVE#ALIVE#ALIVE#ALIVE#ALIVE#ALIVE#ALIVE#ALIVE#ALIVE#ALIVE#ALIVE#ALIVE#ALIVE#ALIVE#ALIVE#ALIVE#ALIVE#ALIVE#ALIVE#ALIVE#ALIVE#ALIVE#ALIVE#ALIVE#ALIVE#]
2018-10-17 08:25:44.707	SYSTEM	SIMULATOR	RECV	ALIVE (NOT EXIST SCANPROPERTY) [RECIPE_REPORT_ACK|O#ALIVE#ALIVE#ALIVE#ALIVE#ALIVE#ALIVE#ALIVE#ALIVE#ALIVE#ALIVE#ALIVE#ALIVE#ALIVE#ALIVE#ALIVE#ALIVE#ALIVE#ALIVE#ALIVE#ALIVE#ALIVE#ALIVE#ALIVE#ALIVE#ALIVE#ALIVE#ALIVE#]
2018-10-17 08:25:45.215	SYSTEM	SIMULATOR	RECV	ALIVE (NOT EXIST SCANPROPERTY) [RECIPE_REPORT_ACK|O#ALIVE#ALIVE#ALIVE#ALIVE#ALIVE#ALIVE#ALIVE#ALIVE#ALIVE#ALIVE#ALIVE#ALIVE#ALIVE#ALIVE#ALIVE#ALIVE#ALIVE#ALIVE#ALIVE#ALIVE#ALIVE#ALIVE#ALIVE#ALIVE#ALIVE#ALIVE#ALIVE#]
2018-10-17 08:25:45.724	SYSTEM	SIMULATOR	RECV	ALIVE (NOT EXIST SCANPROPERTY) [RECIPE_REPORT_ACK|O#ALIVE#ALIVE#ALIVE#ALIVE#ALIVE#ALIVE#ALIVE#ALIVE#ALIVE#ALIVE#ALIVE#ALIVE#ALIVE#ALIVE#ALIVE#ALIVE#ALIVE#ALIVE#ALIVE#ALIVE#ALIVE#ALIVE#ALIVE#ALIVE#ALIVE#ALIVE#ALIVE#]
2018-10-17 08:25:46.232	SYSTEM	SIMULATOR	RECV	ALIVE (NOT EXIST SCANPROPERTY) [RECIPE_REPORT_ACK|O#ALIVE#ALIVE#ALIVE#ALIVE#ALIVE#ALIVE#ALIVE#ALIVE#ALIVE#ALIVE#ALIVE#ALIVE#ALIVE#ALIVE#ALIVE#ALIVE#ALIVE#ALIVE#ALIVE#ALIVE#ALIVE#ALIVE#ALIVE#ALIVE#ALIVE#ALIVE#ALIVE#]
2018-10-17 08:25:46.749	SYSTEM	SIMULATOR	RECV	ALIVE (NOT EXIST SCANPROPERTY) [RECIPE_REPORT_ACK|O#ALIVE#ALIVE#ALIVE#ALIVE#ALIVE#ALIVE#ALIVE#ALIVE#ALIVE#ALIVE#ALIVE#ALIVE#ALIVE#ALIVE#ALIVE#ALIVE#ALIVE#ALIVE#ALIVE#ALIVE#ALIVE#ALIVE#ALIVE#ALIVE#ALIVE#ALIVE#ALIVE#]
2018-10-17 08:25:47.257	SYSTEM	SIMULATOR	RECV	ALIVE (NOT EXIST SCANPROPERTY) [RECIPE_REPORT_ACK|O#ALIVE#ALIVE#ALIVE#ALIVE#ALIVE#ALIVE#ALIVE#ALIVE#ALIVE#ALIVE#ALIVE#ALIVE#ALIVE#ALIVE#ALIVE#ALIVE#ALIVE#ALIVE#ALIVE#ALIVE#ALIVE#ALIVE#ALIVE#ALIVE#ALIVE#ALIVE#ALIVE#]
2018-10-17 08:25:47.764	SYSTEM	SIMULATOR	RECV	ALIVE (NOT EXIST SCANPROPERTY) [RECIPE_REPORT_ACK|O#ALIVE#ALIVE#ALIVE#ALIVE#ALIVE#ALIVE#ALIVE#ALIVE#ALIVE#ALIVE#ALIVE#ALIVE#ALIVE#ALIVE#ALIVE#ALIVE#ALIVE#ALIVE#ALIVE#ALIVE#ALIVE#ALIVE#ALIVE#ALIVE#ALIVE#ALIVE#ALIVE#]
2018-10-17 08:25:48.272	SYSTEM	SIMULATOR	RECV	ALIVE (NOT EXIST SCANPROPERTY) [RECIPE_REPORT_ACK|O#ALIVE#ALIVE#ALIVE#ALIVE#ALIVE#ALIVE#ALIVE#ALIVE#ALIVE#ALIVE#ALIVE#ALIVE#ALIVE#ALIVE#ALIVE#ALIVE#ALIVE#ALIVE#ALIVE#ALIVE#ALIVE#ALIVE#ALIVE#ALIVE#ALIVE#ALIVE#ALIVE#]
2018-10-17 08:25:48.781	SYSTEM	SIMULATOR	RECV	ALIVE (NOT EXIST SCANPROPERTY) [ALIVE#RECIPE_REPORT_ACK|O#ALIVE#ALIVE#ALIVE#ALIVE#ALIVE#ALIVE#ALIVE#ALIVE#ALIVE#ALIVE#ALIVE#ALIVE#ALIVE#]
2018-10-17 08:25:49.288	SYSTEM	SIMULATOR	RECV	RECIPE_REPORT_ACK|O (NOT EXIST SCANPROPERTY) [ALIVE#RECIPE_REPORT_ACK|O#ALIVE#ALIVE#ALIVE#ALIVE#ALIVE#ALIVE#ALIVE#ALIVE#ALIVE#ALIVE#ALIVE#ALIVE#ALIVE#]
2018-10-17 08:25:53.965	SYSTEM	SIMULATOR	RECV	ALIVE (NOT EXIST SCANPROPERTY) [ALIVE#RECIPE_REPORT_ACK|O#ALIVE#ALIVE#ALIVE#ALIVE#ALIVE#ALIVE#ALIVE#ALIVE#ALIVE#ALIVE#ALIVE#ALIVE#ALIVE#ALIVE#ALIVE#]
2018-10-17 08:25:54.470	SYSTEM	SIMULATOR	RECV	RECIPE_REPORT_ACK|O (NOT EXIST SCANPROPERTY) [ALIVE#RECIPE_REPORT_ACK|O#ALIVE#ALIVE#ALIVE#ALIVE#ALIVE#ALIVE#ALIVE#ALIVE#ALIVE#ALIVE#ALIVE#ALIVE#ALIVE#ALIVE#ALIVE#]
2018-10-17 08:25:56.867	SYSTEM	SIMULATOR	RECV	ALIVE (NOT EXIST SCANPROPERTY) [ALIVE#RECIPE_REPORT_ACK|O#ALIVE#ALIVE#ALIVE#ALIVE#ALIVE#ALIVE#ALIVE#ALIVE#ALIVE#ALIVE#ALIVE#ALIVE#ALIVE#ALIVE#ALIVE#]
2018-10-17 08:25:57.372	SYSTEM	SIMULATOR	RECV	ALIVE (NOT EXIST SCANPROPERTY) [ALIVE#RECIPE_REPORT_ACK|O#ALIVE#ALIVE#ALIVE#ALIVE#ALIVE#ALIVE#ALIVE#ALIVE#ALIVE#ALIVE#ALIVE#ALIVE#ALIVE#ALIVE#ALIVE#]
2018-10-17 08:25:57.875	SYSTEM	SIMULATOR	RECV	ALIVE (NOT EXIST SCANPROPERTY) [ALIVE#RECIPE_REPORT_ACK|O#ALIVE#ALIVE#ALIVE#ALIVE#ALIVE#ALIVE#ALIVE#ALIVE#ALIVE#ALIVE#ALIVE#ALIVE#ALIVE#ALIVE#ALIVE#]
2018-10-17 08:25:58.382	SYSTEM	SIMULATOR	RECV	ALIVE (NOT EXIST SCANPROPERTY) [ALIVE#RECIPE_REPORT_ACK|O#ALIVE#ALIVE#ALIVE#ALIVE#ALIVE#ALIVE#ALIVE#ALIVE#ALIVE#ALIVE#ALIVE#ALIVE#ALIVE#ALIVE#ALIVE#]
2018-10-17 08:25:58.887	SYSTEM	SIMULATOR	RECV	ALIVE (NOT EXIST SCANPROPERTY) [ALIVE#RECIPE_REPORT_ACK|O#ALIVE#ALIVE#ALIVE#ALIVE#ALIVE#ALIVE#ALIVE#ALIVE#ALIVE#ALIVE#ALIVE#ALIVE#ALIVE#ALIVE#ALIVE#]
2018-10-17 08:25:59.403	SYSTEM	SIMULATOR	RECV	ALIVE (NOT EXIST SCANPROPERTY) [ALIVE#RECIPE_REPORT_ACK|O#ALIVE#ALIVE#ALIVE#ALIVE#ALIVE#ALIVE#ALIVE#ALIVE#ALIVE#ALIVE#ALIVE#ALIVE#ALIVE#ALIVE#ALIVE#]
2018-10-17 08:25:59.918	SYSTEM	SIMULATOR	RECV	ALIVE (NOT EXIST SCANPROPERTY) [ALIVE#RECIPE_REPORT_ACK|O#ALIVE#ALIVE#ALIVE#ALIVE#ALIVE#ALIVE#ALIVE#ALIVE#ALIVE#ALIVE#ALIVE#ALIVE#ALIVE#ALIVE#ALIVE#]
2018-10-17 08:26:00.423	SYSTEM	SIMULATOR	RECV	ALIVE (NOT EXIST SCANPROPERTY) [ALIVE#RECIPE_REPORT_ACK|O#ALIVE#ALIVE#ALIVE#ALIVE#ALIVE#ALIVE#ALIVE#ALIVE#ALIVE#ALIVE#ALIVE#ALIVE#ALIVE#ALIVE#ALIVE#]
2018-10-17 08:26:00.928	SYSTEM	SIMULATOR	RECV	ALIVE (NOT EXIST SCANPROPERTY) [ALIVE#RECIPE_REPORT_ACK|O#ALIVE#ALIVE#ALIVE#ALIVE#ALIVE#ALIVE#ALIVE#ALIVE#ALIVE#ALIVE#ALIVE#ALIVE#ALIVE#ALIVE#ALIVE#]
2018-10-17 08:26:01.433	SYSTEM	SIMULATOR	RECV	ALIVE (NOT EXIST SCANPROPERTY) [ALIVE#RECIPE_REPORT_ACK|O#ALIVE#ALIVE#ALIVE#ALIVE#ALIVE#ALIVE#ALIVE#ALIVE#ALIVE#ALIVE#ALIVE#ALIVE#ALIVE#ALIVE#ALIVE#]
2018-10-17 08:26:01.940	SYSTEM	SIMULATOR	RECV	ALIVE (NOT EXIST SCANPROPERTY) [ALIVE#RECIPE_REPORT_ACK|O#ALIVE#ALIVE#ALIVE#ALIVE#ALIVE#ALIVE#ALIVE#ALIVE#ALIVE#ALIVE#ALIVE#ALIVE#ALIVE#ALIVE#ALIVE#]
2018-10-17 08:26:02.447	SYSTEM	SIMULATOR	RECV	ALIVE (NOT EXIST SCANPROPERTY) [ALIVE#RECIPE_REPORT_ACK|O#ALIVE#ALIVE#ALIVE#ALIVE#ALIVE#ALIVE#ALIVE#ALIVE#ALIVE#ALIVE#ALIVE#ALIVE#ALIVE#ALIVE#ALIVE#]
2018-10-17 08:26:02.954	SYSTEM	SIMULATOR	RECV	ALIVE (NOT EXIST SCANPROPERTY) [ALIVE#RECIPE_REPORT_ACK|O#ALIVE#ALIVE#ALIVE#ALIVE#ALIVE#ALIVE#ALIVE#ALIVE#ALIVE#ALIVE#ALIVE#ALIVE#ALIVE#ALIVE#ALIVE#]
2018-10-17 08:26:03.464	SYSTEM	SIMULATOR	RECV	ALIVE (NOT EXIST SCANPROPERTY) [ALIVE#RECIPE_REPORT_ACK|O#ALIVE#ALIVE#ALIVE#ALIVE#ALIVE#ALIVE#ALIVE#ALIVE#ALIVE#ALIVE#ALIVE#ALIVE#ALIVE#ALIVE#ALIVE#]
2018-10-17 08:26:03.976	SYSTEM	SIMULATOR	RECV	ALIVE (NOT EXIST SCANPROPERTY) [ALIVE#RECIPE_REPORT_ACK|O#ALIVE#ALIVE#ALIVE#ALIVE#ALIVE#ALIVE#ALIVE#ALIVE#ALIVE#ALIVE#ALIVE#ALIVE#ALIVE#ALIVE#ALIVE#]
2018-10-17 08:26:04.485	SYSTEM	SIMULATOR	RECV	ALIVE (NOT EXIST SCANPROPERTY) [ALIVE#ALIVE#ALIVE#ALIVE#ALIVE#ALIVE#ALIVE#ALIVE#]
2018-10-17 08:26:04.990	SYSTEM	SIMULATOR	RECV	ALIVE (NOT EXIST SCANPROPERTY) [ALIVE#ALIVE#ALIVE#ALIVE#ALIVE#ALIVE#ALIVE#ALIVE#]
2018-10-17 08:26:05.494	SYSTEM	SIMULATOR	RECV	ALIVE (NOT EXIST SCANPROPERTY) [ALIVE#ALIVE#ALIVE#ALIVE#ALIVE#ALIVE#ALIVE#ALIVE#]
2018-10-17 08:26:05.998	SYSTEM	SIMULATOR	RECV	ALIVE (NOT EXIST SCANPROPERTY) [ALIVE#ALIVE#ALIVE#ALIVE#ALIVE#ALIVE#ALIVE#ALIVE#]
2018-10-17 08:26:06.500	SYSTEM	SIMULATOR	RECV	ALIVE (NOT EXIST SCANPROPERTY) [ALIVE#ALIVE#ALIVE#ALIVE#ALIVE#ALIVE#ALIVE#ALIVE#]
2018-10-17 08:26:07.005	SYSTEM	SIMULATOR	RECV	ALIVE (NOT EXIST SCANPROPERTY) [ALIVE#ALIVE#ALIVE#ALIVE#ALIVE#ALIVE#ALIVE#ALIVE#]
2018-10-17 08:26:07.507	SYSTEM	SIMULATOR	RECV	ALIVE (NOT EXIST SCANPROPERTY) [ALIVE#ALIVE#ALIVE#ALIVE#ALIVE#ALIVE#ALIVE#ALIVE#]
2018-10-17 08:26:08.015	SYSTEM	SIMULATOR	RECV	ALIVE (NOT EXIST SCANPROPERTY) [ALIVE#ALIVE#ALIVE#ALIVE#ALIVE#ALIVE#ALIVE#ALIVE#]
2018-10-17 08:26:08.522	SYSTEM	SIMULATOR	RECV	ALIVE (NOT EXIST SCANPROPERTY) [ALIVE#ALIVE#ALIVE#ALIVE#]
2018-10-17 08:26:09.028	SYSTEM	SIMULATOR	RECV	ALIVE (NOT EXIST SCANPROPERTY) [ALIVE#ALIVE#ALIVE#ALIVE#]
2018-10-17 08:26:09.531	SYSTEM	SIMULATOR	RECV	ALIVE (NOT EXIST SCANPROPERTY) [ALIVE#ALIVE#ALIVE#ALIVE#]
2018-10-17 08:26:10.036	SYSTEM	SIMULATOR	RECV	ALIVE (NOT EXIST SCANPROPERTY) [ALIVE#ALIVE#ALIVE#ALIVE#]
2018-10-17 08:26:10.539	SYSTEM	SIMULATOR	RECV	ALIVE (NOT EXIST SCANPROPERTY) [ALIVE#ALIVE#]
2018-10-17 08:26:11.044	SYSTEM	SIMULATOR	RECV	ALIVE (NOT EXIST SCANPROPERTY) [ALIVE#ALIVE#]
2018-10-17 08:26:11.549	SYSTEM	SIMULATOR	RECV	ALIVE (NOT EXIST SCANPROPERTY) [ALIVE#]
2018-10-17 08:26:12.051	SYSTEM	SIMULATOR	RECV	ALIVE (NOT EXIST SCANPROPERTY) [ALIVE#]
2018-10-17 08:26:12.904	SYSTEM	SIMULATOR	RECV	ALIVE (NOT EXIST SCANPROPERTY) [ALIVE#]
2018-10-17 08:26:13.905	SYSTEM	SIMULATOR	RECV	ALIVE (NOT EXIST SCANPROPERTY) [ALIVE#]
2018-10-17 08:26:14.907	SYSTEM	SIMULATOR	RECV	ALIVE (NOT EXIST SCANPROPERTY) [ALIVE#]
2018-10-17 08:26:15.910	SYSTEM	SIMULATOR	RECV	ALIVE (NOT EXIST SCANPROPERTY) [ALIVE#]
2018-10-17 08:26:16.911	SYSTEM	SIMULATOR	RECV	ALIVE (NOT EXIST SCANPROPERTY) [ALIVE#]
2018-10-17 08:26:17.913	SYSTEM	SIMULATOR	RECV	ALIVE (NOT EXIST SCANPROPERTY) [ALIVE#]
2018-10-17 08:26:18.920	SYSTEM	SIMULATOR	RECV	ALIVE (NOT EXIST SCANPROPERTY) [ALIVE#]
2018-10-17 08:26:19.921	SYSTEM	SIMULATOR	RECV	ALIVE (NOT EXIST SCANPROPERTY) [ALIVE#]
2018-10-17 08:26:20.926	SYSTEM	SIMULATOR	RECV	ALIVE (NOT EXIST SCANPROPERTY) [ALIVE#]
2018-10-17 08:26:21.926	SYSTEM	SIMULATOR	RECV	ALIVE (NOT EXIST SCANPROPERTY) [ALIVE#]
2018-10-17 08:26:22.928	SYSTEM	SIMULATOR	RECV	ALIVE (NOT EXIST SCANPROPERTY) [ALIVE#]
2018-10-17 08:26:23.929	SYSTEM	SIMULATOR	RECV	ALIVE (NOT EXIST SCANPROPERTY) [ALIVE#]
2018-10-17 08:26:24.930	SYSTEM	SIMULATOR	RECV	ALIVE (NOT EXIST SCANPROPERTY) [ALIVE#]
2018-10-17 08:26:25.932	SYSTEM	SIMULATOR	RECV	ALIVE (NOT EXIST SCANPROPERTY) [ALIVE#]
2018-10-17 08:26:26.933	SYSTEM	SIMULATOR	RECV	ALIVE (NOT EXIST SCANPROPERTY) [ALIVE#]
2018-10-17 08:26:27.935	SYSTEM	SIMULATOR	RECV	ALIVE (NOT EXIST SCANPROPERTY) [ALIVE#]
2018-10-17 08:26:28.937	SYSTEM	SIMULATOR	RECV	ALIVE (NOT EXIST SCANPROPERTY) [ALIVE#]
2018-10-17 08:26:29.939	SYSTEM	SIMULATOR	RECV	ALIVE (NOT EXIST SCANPROPERTY) [ALIVE#]
2018-10-17 08:26:30.941	SYSTEM	SIMULATOR	RECV	ALIVE (NOT EXIST SCANPROPERTY) [ALIVE#]
2018-10-17 08:26:31.942	SYSTEM	SIMULATOR	RECV	ALIVE (NOT EXIST SCANPROPERTY) [ALIVE#]
2018-10-17 08:26:32.944	SYSTEM	SIMULATOR	RECV	ALIVE (NOT EXIST SCANPROPERTY) [ALIVE#]
2018-10-17 08:26:33.954	SYSTEM	SIMULATOR	RECV	ALIVE (NOT EXIST SCANPROPERTY) [ALIVE#]
2018-10-17 08:26:34.954	SYSTEM	SIMULATOR	RECV	ALIVE (NOT EXIST SCANPROPERTY) [ALIVE#]
2018-10-17 08:26:35.956	SYSTEM	SIMULATOR	RECV	ALIVE (NOT EXIST SCANPROPERTY) [ALIVE#]
2018-10-17 08:26:36.957	SYSTEM	SIMULATOR	RECV	ALIVE (NOT EXIST SCANPROPERTY) [ALIVE#]
2018-10-17 08:26:37.960	SYSTEM	SIMULATOR	RECV	ALIVE (NOT EXIST SCANPROPERTY) [ALIVE#]
2018-10-17 08:26:38.968	SYSTEM	SIMULATOR	RECV	ALIVE (NOT EXIST SCANPROPERTY) [ALIVE#]
2018-10-17 08:26:39.970	SYSTEM	SIMULATOR	RECV	ALIVE (NOT EXIST SCANPROPERTY) [ALIVE#]
2018-10-17 08:26:40.972	SYSTEM	SIMULATOR	RECV	ALIVE (NOT EXIST SCANPROPERTY) [ALIVE#]
2018-10-17 08:26:41.974	SYSTEM	SIMULATOR	RECV	ALIVE (NOT EXIST SCANPROPERTY) [ALIVE#]
2018-10-17 08:26:42.980	SYSTEM	SIMULATOR	RECV	ALIVE (NOT EXIST SCANPROPERTY) [ALIVE#]
2018-10-17 08:30:23.838	SYSTEM	SIMULATOR	PROC	DriverName=SIMULATOR, Mode=Client, RemoteIP=127.0.0.1, RemotePort=7000, LocalIP=127.0.0.1, LocalPort=7000
2018-10-17 08:30:23.859	SYSTEM	SIMULATOR	PROC	START
2018-10-17 08:30:23.873	SYSTEM	SIMULATOR	PROC	DRIVER STATUS CHANGE NONE>WAITCRA
2018-10-17 08:30:23.873	SYSTEM	SIMULATOR	PROC	DRIVER STATUS CHANGE WAITCRA>CONNECTED
2018-10-17 08:30:24.413	SYSTEM	SIMULATOR	RECV	CIM_MODE|1 (NOT EXIST SCANPROPERTY) [CIM_MODE|1#]
2018-10-17 08:30:24.860	SYSTEM	SIMULATOR	SEND	STAGE_GLASS_EXIST|X#
2018-10-17 08:30:24.867	SYSTEM	SIMULATOR	SEND	CURRENT_RECIPE_CHANGE|1|1#
2018-10-17 08:30:24.871	SYSTEM	SIMULATOR	SEND	AUTO_MODE_CHANGE_EVENT|1#
2018-10-17 08:30:24.876	SYSTEM	SIMULATOR	SEND	MACHINE_MODE_CHANGE_REPORT|1#
2018-10-17 08:30:24.878	SYSTEM	SIMULATOR	SEND	COMMUNICATION|O#
2018-10-17 08:30:24.895	SYSTEM	SIMULATOR	RECV	AUTO_MODE_CHANGE_EVENT_REPLY (NOT EXIST SCANPROPERTY) [AUTO_MODE_CHANGE_EVENT_REPLY#]
2018-10-17 08:30:25.148	SYSTEM	SIMULATOR	RECV	STAGE_GLASS_EXIST_REPLY (NOT EXIST SCANPROPERTY) [STAGE_GLASS_EXIST_REPLY#CURRENT_RECIPE_CHANGE_ACK#MACHINE_MODE_CHANGE_REPORT_REPLY#COMMUNICATION_ACK|O#CIM_MODE|1#RECIPE_LIST_REQ#]
2018-10-17 08:30:25.402	SYSTEM	SIMULATOR	RECV	CURRENT_RECIPE_CHANGE_ACK (NOT EXIST SCANPROPERTY) [STAGE_GLASS_EXIST_REPLY#CURRENT_RECIPE_CHANGE_ACK#MACHINE_MODE_CHANGE_REPORT_REPLY#COMMUNICATION_ACK|O#CIM_MODE|1#RECIPE_LIST_REQ#]
2018-10-17 08:30:25.657	SYSTEM	SIMULATOR	RECV	MACHINE_MODE_CHANGE_REPORT_REPLY (NOT EXIST SCANPROPERTY) [STAGE_GLASS_EXIST_REPLY#CURRENT_RECIPE_CHANGE_ACK#MACHINE_MODE_CHANGE_REPORT_REPLY#COMMUNICATION_ACK|O#CIM_MODE|1#RECIPE_LIST_REQ#]
2018-10-17 08:30:25.911	SYSTEM	SIMULATOR	RECV	COMMUNICATION_ACK|O (NOT EXIST SCANPROPERTY) [STAGE_GLASS_EXIST_REPLY#CURRENT_RECIPE_CHANGE_ACK#MACHINE_MODE_CHANGE_REPORT_REPLY#COMMUNICATION_ACK|O#CIM_MODE|1#RECIPE_LIST_REQ#]
2018-10-17 08:30:26.164	SYSTEM	SIMULATOR	RECV	CIM_MODE|1 (NOT EXIST SCANPROPERTY) [STAGE_GLASS_EXIST_REPLY#CURRENT_RECIPE_CHANGE_ACK#MACHINE_MODE_CHANGE_REPORT_REPLY#COMMUNICATION_ACK|O#CIM_MODE|1#RECIPE_LIST_REQ#]
2018-10-17 08:30:26.164	SYSTEM	SIMULATOR	RECV	RECIPE_LIST_REQ (NOT EXIST SCANPROPERTY) [STAGE_GLASS_EXIST_REPLY#CURRENT_RECIPE_CHANGE_ACK#MACHINE_MODE_CHANGE_REPORT_REPLY#COMMUNICATION_ACK|O#CIM_MODE|1#RECIPE_LIST_REQ#]
2018-10-17 08:30:26.166	SYSTEM	SIMULATOR	SEND	RECIPE_LIST_REQ_REPLY|4#
2018-10-17 08:30:26.421	SYSTEM	SIMULATOR	RECV	ALIVE (NOT EXIST SCANPROPERTY) [ALIVE#]
2018-10-17 08:30:26.672	SYSTEM	SIMULATOR	SEND	ALIVE_REPLY#
2018-10-17 08:30:26.926	SYSTEM	SIMULATOR	RECV	ALIVE (NOT EXIST SCANPROPERTY) [ALIVE#]
2018-10-17 08:30:27.864	SYSTEM	SIMULATOR	RECV	ALIVE (NOT EXIST SCANPROPERTY) [ALIVE#]
2018-10-17 08:30:28.597	SYSTEM	SIMULATOR	SEND	COMMUNICATION|O#
2018-10-17 08:30:28.599	SYSTEM	SIMULATOR	RECV	COMMUNICATION_ACK|O (NOT EXIST SCANPROPERTY) [COMMUNICATION_ACK|O#]
2018-10-17 08:30:28.852	SYSTEM	SIMULATOR	RECV	CIM_MODE|1 (NOT EXIST SCANPROPERTY) [CIM_MODE|1#RECIPE_LIST_REQ#]
2018-10-17 08:30:28.852	SYSTEM	SIMULATOR	RECV	RECIPE_LIST_REQ (NOT EXIST SCANPROPERTY) [CIM_MODE|1#RECIPE_LIST_REQ#]
2018-10-17 08:30:28.857	SYSTEM	SIMULATOR	SEND	RECIPE_LIST_REQ_REPLY|4#
2018-10-17 08:30:29.112	SYSTEM	SIMULATOR	RECV	ALIVE (NOT EXIST SCANPROPERTY) [ALIVE#]
2018-10-17 08:30:29.364	SYSTEM	SIMULATOR	SEND	ALIVE_REPLY#
2018-10-17 08:30:29.868	SYSTEM	SIMULATOR	RECV	ALIVE (NOT EXIST SCANPROPERTY) [ALIVE#]
2018-10-17 08:30:30.869	SYSTEM	SIMULATOR	RECV	ALIVE (NOT EXIST SCANPROPERTY) [ALIVE#]
2018-10-17 08:30:31.870	SYSTEM	SIMULATOR	RECV	ALIVE (NOT EXIST SCANPROPERTY) [ALIVE#]
2018-10-17 08:30:32.877	SYSTEM	SIMULATOR	RECV	ALIVE (NOT EXIST SCANPROPERTY) [ALIVE#]
2018-10-17 08:30:33.880	SYSTEM	SIMULATOR	RECV	ALIVE (NOT EXIST SCANPROPERTY) [ALIVE#]
2018-10-17 08:30:34.880	SYSTEM	SIMULATOR	RECV	ALIVE (NOT EXIST SCANPROPERTY) [ALIVE#]
2018-10-17 08:30:35.384	SYSTEM	SIMULATOR	RECV	STATE_REQUEST (NOT EXIST SCANPROPERTY) [STATE_REQUEST#]
2018-10-17 08:30:35.385	SYSTEM	SIMULATOR	SEND	STATE_REQUEST_ACK|1|2#
2018-10-17 08:30:35.882	SYSTEM	SIMULATOR	RECV	ALIVE (NOT EXIST SCANPROPERTY) [ALIVE#]
2018-10-17 08:30:36.134	SYSTEM	SIMULATOR	SEND	ALIVE_REPLY#
2018-10-17 08:30:36.885	SYSTEM	SIMULATOR	RECV	ALIVE (NOT EXIST SCANPROPERTY) [ALIVE#]
2018-10-17 08:30:37.887	SYSTEM	SIMULATOR	RECV	ALIVE (NOT EXIST SCANPROPERTY) [ALIVE#]
2018-10-17 08:30:38.890	SYSTEM	SIMULATOR	RECV	ALIVE (NOT EXIST SCANPROPERTY) [ALIVE#]
2018-10-17 08:30:39.891	SYSTEM	SIMULATOR	RECV	ALIVE (NOT EXIST SCANPROPERTY) [ALIVE#]
2018-10-17 08:30:40.893	SYSTEM	SIMULATOR	RECV	ALIVE (NOT EXIST SCANPROPERTY) [ALIVE#]
2018-10-17 08:30:41.894	SYSTEM	SIMULATOR	RECV	ALIVE (NOT EXIST SCANPROPERTY) [ALIVE#]
2018-10-17 08:30:42.897	SYSTEM	SIMULATOR	RECV	ALIVE (NOT EXIST SCANPROPERTY) [ALIVE#]
2018-10-17 08:30:43.898	SYSTEM	SIMULATOR	RECV	ALIVE (NOT EXIST SCANPROPERTY) [ALIVE#]
2018-10-17 08:30:44.899	SYSTEM	SIMULATOR	RECV	ALIVE (NOT EXIST SCANPROPERTY) [ALIVE#]
2018-10-17 08:30:45.900	SYSTEM	SIMULATOR	RECV	ALIVE (NOT EXIST SCANPROPERTY) [ALIVE#]
2018-10-17 08:30:46.910	SYSTEM	SIMULATOR	RECV	ALIVE (NOT EXIST SCANPROPERTY) [ALIVE#]
2018-10-17 08:30:47.912	SYSTEM	SIMULATOR	RECV	ALIVE (NOT EXIST SCANPROPERTY) [ALIVE#]
2018-10-17 08:30:48.914	SYSTEM	SIMULATOR	RECV	ALIVE (NOT EXIST SCANPROPERTY) [ALIVE#]
2018-10-17 08:30:49.915	SYSTEM	SIMULATOR	RECV	ALIVE (NOT EXIST SCANPROPERTY) [ALIVE#]
2018-10-17 08:30:50.920	SYSTEM	SIMULATOR	RECV	ALIVE (NOT EXIST SCANPROPERTY) [ALIVE#]
2018-10-17 08:30:51.924	SYSTEM	SIMULATOR	RECV	ALIVE (NOT EXIST SCANPROPERTY) [ALIVE#]
2018-10-17 08:30:52.926	SYSTEM	SIMULATOR	RECV	ALIVE (NOT EXIST SCANPROPERTY) [ALIVE#]
2018-10-17 08:30:53.928	SYSTEM	SIMULATOR	RECV	ALIVE (NOT EXIST SCANPROPERTY) [ALIVE#]
2018-10-17 08:30:54.928	SYSTEM	SIMULATOR	RECV	ALIVE (NOT EXIST SCANPROPERTY) [ALIVE#]
2018-10-17 08:30:55.933	SYSTEM	SIMULATOR	RECV	ALIVE (NOT EXIST SCANPROPERTY) [ALIVE#]
2018-10-17 08:30:56.937	SYSTEM	SIMULATOR	RECV	ALIVE (NOT EXIST SCANPROPERTY) [ALIVE#]
2018-10-17 08:30:57.935	SYSTEM	SIMULATOR	RECV	ALIVE (NOT EXIST SCANPROPERTY) [ALIVE#]
2018-10-17 08:30:58.936	SYSTEM	SIMULATOR	RECV	ALIVE (NOT EXIST SCANPROPERTY) [ALIVE#]
2018-10-17 08:30:59.937	SYSTEM	SIMULATOR	RECV	ALIVE (NOT EXIST SCANPROPERTY) [ALIVE#]
2018-10-17 08:31:00.940	SYSTEM	SIMULATOR	RECV	ALIVE (NOT EXIST SCANPROPERTY) [ALIVE#]
2018-10-17 08:31:01.942	SYSTEM	SIMULATOR	RECV	ALIVE (NOT EXIST SCANPROPERTY) [ALIVE#]
2018-10-17 08:31:02.944	SYSTEM	SIMULATOR	RECV	ALIVE (NOT EXIST SCANPROPERTY) [ALIVE#]
2018-10-17 08:31:03.947	SYSTEM	SIMULATOR	RECV	ALIVE (NOT EXIST SCANPROPERTY) [ALIVE#]
2018-10-17 08:31:04.949	SYSTEM	SIMULATOR	RECV	ALIVE (NOT EXIST SCANPROPERTY) [ALIVE#]
2018-10-17 08:31:05.950	SYSTEM	SIMULATOR	RECV	ALIVE (NOT EXIST SCANPROPERTY) [ALIVE#]
2018-10-17 08:31:06.952	SYSTEM	SIMULATOR	RECV	ALIVE (NOT EXIST SCANPROPERTY) [ALIVE#]
2018-10-17 08:31:07.956	SYSTEM	SIMULATOR	RECV	ALIVE (NOT EXIST SCANPROPERTY) [ALIVE#]
2018-10-17 08:31:08.957	SYSTEM	SIMULATOR	RECV	ALIVE (NOT EXIST SCANPROPERTY) [ALIVE#]
2018-10-17 08:31:09.396	SYSTEM	SIMULATOR	SEND	RECIPE_CHANGE_REPORT|1|190,admin,181015173813,42,1,3,5,24,22,20,PAD1,2,4,6,23,21,19,PAD1,11,9,7,26,28,30,PAD1,12,10,8,25,27,29,PAD1,13,15,17,36,34,32,PAD1,14,16,18,35,33,31,PAD1#
2018-10-17 08:31:13.424	SYSTEM	SIMULATOR	RECV	ALIVE (NOT EXIST SCANPROPERTY) [ALIVE#RECIPE_CHANGE_REPORT_ACK|O#]
2018-10-17 08:31:15.359	SYSTEM	SIMULATOR	SEND	ALIVE_REPLY#
2018-10-17 08:31:16.496	SYSTEM	SIMULATOR	RECV	RECIPE_CHANGE_REPORT_ACK|O (NOT EXIST SCANPROPERTY) [ALIVE#RECIPE_CHANGE_REPORT_ACK|O#]
2018-10-17 08:31:16.496	SYSTEM	SIMULATOR	RECV	RECIPE_LIST_REQ (NOT EXIST SCANPROPERTY) [RECIPE_LIST_REQ#ALIVE#]
2018-10-17 08:31:16.501	SYSTEM	SIMULATOR	SEND	RECIPE_LIST_REQ_REPLY|4#
2018-10-17 08:31:16.996	SYSTEM	SIMULATOR	RECV	ALIVE (NOT EXIST SCANPROPERTY) [RECIPE_LIST_REQ#ALIVE#]
2018-10-17 08:31:42.306	SYSTEM	SIMULATOR	SEND	ALIVE_REPLY#
2018-10-17 08:31:42.928	SYSTEM	SIMULATOR	RECV	ALIVE (NOT EXIST SCANPROPERTY) [ALIVE#]
2018-10-17 08:31:45.195	SYSTEM	SIMULATOR	RECV	ALIVE (NOT EXIST SCANPROPERTY) [ALIVE#]
2018-10-17 08:33:50.214	SYSTEM	SIMULATOR	RECV	ALIVE (NOT EXIST SCANPROPERTY) [ALIVE#]
2018-10-17 08:33:51.216	SYSTEM	SIMULATOR	RECV	ALIVE (NOT EXIST SCANPROPERTY) [ALIVE#]
2018-10-17 08:33:55.992	SYSTEM	SIMULATOR	RECV	ALIVE (NOT EXIST SCANPROPERTY) [ALIVE#]
2018-10-17 08:33:56.766	SYSTEM	SIMULATOR	RECV	ALIVE (NOT EXIST SCANPROPERTY) [ALIVE#]
2018-10-17 08:33:57.766	SYSTEM	SIMULATOR	RECV	ALIVE (NOT EXIST SCANPROPERTY) [ALIVE#]
2018-10-17 08:33:58.768	SYSTEM	SIMULATOR	RECV	ALIVE (NOT EXIST SCANPROPERTY) [ALIVE#]
2018-10-17 08:33:59.770	SYSTEM	SIMULATOR	RECV	ALIVE (NOT EXIST SCANPROPERTY) [ALIVE#]
2018-10-17 08:34:00.771	SYSTEM	SIMULATOR	RECV	ALIVE (NOT EXIST SCANPROPERTY) [ALIVE#]
2018-10-17 08:34:01.773	SYSTEM	SIMULATOR	RECV	ALIVE (NOT EXIST SCANPROPERTY) [ALIVE#]
2018-10-17 08:34:02.775	SYSTEM	SIMULATOR	RECV	ALIVE (NOT EXIST SCANPROPERTY) [ALIVE#]
2018-10-17 08:34:55.369	SYSTEM	SIMULATOR	RECV	ALIVE (NOT EXIST SCANPROPERTY) [ALIVE#]
2018-10-17 08:34:55.874	SYSTEM	SIMULATOR	RECV	ALIVE (NOT EXIST SCANPROPERTY) [ALIVE#]
2018-10-17 08:34:56.396	SYSTEM	SIMULATOR	RECV	ALIVE (NOT EXIST SCANPROPERTY) [ALIVE#]
2018-10-17 08:34:57.400	SYSTEM	SIMULATOR	RECV	ALIVE (NOT EXIST SCANPROPERTY) [ALIVE#]
2018-10-17 08:34:58.402	SYSTEM	SIMULATOR	RECV	ALIVE (NOT EXIST SCANPROPERTY) [ALIVE#]
2018-10-17 08:34:59.404	SYSTEM	SIMULATOR	RECV	ALIVE (NOT EXIST SCANPROPERTY) [ALIVE#]
2018-10-17 08:35:00.207	SYSTEM	SIMULATOR	SEND	RECIPE_CHANGE_REPORT|1|190,admin,181015173813,42,1,3,5,24,22,20,PAD1,2,4,6,23,21,19,PAD1,11,9,7,26,28,30,PAD1,12,10,8,25,27,29,PAD1,13,15,17,36,34,32,PAD1,14,16,18,35,33,31,PAD1#
2018-10-17 08:35:02.550	SYSTEM	SIMULATOR	RECV	ALIVE (NOT EXIST SCANPROPERTY) [ALIVE#]
2018-10-17 08:35:11.176	SYSTEM	SIMULATOR	SEND	ALIVE_REPLY#
2018-10-17 08:35:15.359	SYSTEM	SIMULATOR	RECV	RECIPE_CHANGE_REPORT_ACK|O (NOT EXIST SCANPROPERTY) [RECIPE_CHANGE_REPORT_ACK|O#RECIPE_LIST_REQ#ALIVE#]
2018-10-17 08:35:15.360	SYSTEM	SIMULATOR	RECV	RECIPE_LIST_REQ (NOT EXIST SCANPROPERTY) [RECIPE_CHANGE_REPORT_ACK|O#RECIPE_LIST_REQ#ALIVE#]
2018-10-17 08:35:16.072	SYSTEM	SIMULATOR	SEND	RECIPE_LIST_REQ_REPLY|4#
2018-10-17 08:35:18.491	SYSTEM	SIMULATOR	RECV	ALIVE (NOT EXIST SCANPROPERTY) [RECIPE_CHANGE_REPORT_ACK|O#RECIPE_LIST_REQ#ALIVE#]
2018-10-17 08:35:45.650	SYSTEM	SIMULATOR	SEND	ALIVE_REPLY#
2018-10-17 08:35:46.461	SYSTEM	SIMULATOR	RECV	ALIVE (NOT EXIST SCANPROPERTY) [ALIVE#ALIVE#]
2018-10-17 08:35:49.587	SYSTEM	SIMULATOR	RECV	ALIVE (NOT EXIST SCANPROPERTY) [ALIVE#ALIVE#]
2018-10-17 08:35:51.557	SYSTEM	SIMULATOR	RECV	ALIVE (NOT EXIST SCANPROPERTY) [ALIVE#ALIVE#]
2018-10-17 08:35:52.123	SYSTEM	SIMULATOR	RECV	ALIVE (NOT EXIST SCANPROPERTY) [ALIVE#ALIVE#]
2018-10-17 08:35:52.630	SYSTEM	SIMULATOR	RECV	ALIVE (NOT EXIST SCANPROPERTY) [ALIVE#]
2018-10-17 08:35:53.586	SYSTEM	SIMULATOR	RECV	ALIVE (NOT EXIST SCANPROPERTY) [ALIVE#]
2018-10-17 08:35:54.587	SYSTEM	SIMULATOR	RECV	ALIVE (NOT EXIST SCANPROPERTY) [ALIVE#]
2018-10-17 08:36:13.029	SYSTEM	SIMULATOR	RECV	ALIVE (NOT EXIST SCANPROPERTY) [ALIVE#]
2018-10-17 08:36:13.776	SYSTEM	SIMULATOR	RECV	ALIVE (NOT EXIST SCANPROPERTY) [ALIVE#]
2018-10-17 08:36:14.779	SYSTEM	SIMULATOR	RECV	ALIVE (NOT EXIST SCANPROPERTY) [ALIVE#]
2018-10-17 08:36:15.904	SYSTEM	SIMULATOR	RECV	ALIVE (NOT EXIST SCANPROPERTY) [ALIVE#]
2018-10-17 08:36:16.905	SYSTEM	SIMULATOR	RECV	ALIVE (NOT EXIST SCANPROPERTY) [ALIVE#]
2018-10-17 08:36:17.906	SYSTEM	SIMULATOR	RECV	ALIVE (NOT EXIST SCANPROPERTY) [ALIVE#]
2018-10-17 08:36:18.908	SYSTEM	SIMULATOR	RECV	ALIVE (NOT EXIST SCANPROPERTY) [ALIVE#]
2018-10-17 08:36:19.679	SYSTEM	SIMULATOR	SEND	RECIPE_CHANGE_REPORT|1|190,admin,181015173813,42,1,3,5,24,22,20,PAD1,2,4,6,23,21,19,PAD1,11,9,7,26,28,30,PAD1,12,10,8,25,27,29,PAD1,13,15,17,36,34,32,PAD1,14,16,18,35,33,31,PAD1#
2018-10-17 08:36:21.137	SYSTEM	SIMULATOR	RECV	ALIVE (NOT EXIST SCANPROPERTY) [ALIVE#]
2018-10-17 08:36:24.399	SYSTEM	SIMULATOR	SEND	ALIVE_REPLY#
2018-10-17 08:36:28.464	SYSTEM	SIMULATOR	RECV	RECIPE_CHANGE_REPORT_ACK|O (NOT EXIST SCANPROPERTY) [RECIPE_CHANGE_REPORT_ACK|O#RECIPE_LIST_REQ#ALIVE#]
2018-10-17 08:36:28.465	SYSTEM	SIMULATOR	RECV	RECIPE_LIST_REQ (NOT EXIST SCANPROPERTY) [RECIPE_CHANGE_REPORT_ACK|O#RECIPE_LIST_REQ#ALIVE#]
2018-10-17 08:36:28.467	SYSTEM	SIMULATOR	SEND	RECIPE_LIST_REQ_REPLY|4#
2018-10-17 08:36:29.091	SYSTEM	SIMULATOR	RECV	ALIVE (NOT EXIST SCANPROPERTY) [RECIPE_CHANGE_REPORT_ACK|O#RECIPE_LIST_REQ#ALIVE#]
2018-10-17 08:36:29.574	SYSTEM	SIMULATOR	SEND	ALIVE_REPLY#
2018-10-17 08:36:31.168	SYSTEM	SIMULATOR	RECV	ALIVE (NOT EXIST SCANPROPERTY) [ALIVE#]
2018-10-17 08:36:46.552	SYSTEM	SIMULATOR	RECV	ALIVE (NOT EXIST SCANPROPERTY) [ALIVE#]
2018-10-17 08:36:47.557	SYSTEM	SIMULATOR	RECV	ALIVE (NOT EXIST SCANPROPERTY) [ALIVE#]
2018-10-17 08:36:48.561	SYSTEM	SIMULATOR	RECV	ALIVE (NOT EXIST SCANPROPERTY) [ALIVE#]
2018-10-17 08:36:49.562	SYSTEM	SIMULATOR	RECV	ALIVE (NOT EXIST SCANPROPERTY) [ALIVE#]
2018-10-17 08:36:50.563	SYSTEM	SIMULATOR	RECV	ALIVE (NOT EXIST SCANPROPERTY) [ALIVE#]
2018-10-17 08:36:51.572	SYSTEM	SIMULATOR	RECV	ALIVE (NOT EXIST SCANPROPERTY) [ALIVE#]
2018-10-17 08:36:52.574	SYSTEM	SIMULATOR	RECV	ALIVE (NOT EXIST SCANPROPERTY) [ALIVE#]
2018-10-17 08:36:53.574	SYSTEM	SIMULATOR	RECV	ALIVE (NOT EXIST SCANPROPERTY) [ALIVE#]
2018-10-17 08:36:54.577	SYSTEM	SIMULATOR	RECV	ALIVE (NOT EXIST SCANPROPERTY) [ALIVE#]
2018-10-17 08:36:55.578	SYSTEM	SIMULATOR	RECV	ALIVE (NOT EXIST SCANPROPERTY) [ALIVE#]
2018-10-17 08:37:22.433	SYSTEM	SIMULATOR	RECV	ALIVE (NOT EXIST SCANPROPERTY) [ALIVE#]
2018-10-17 08:37:22.941	SYSTEM	SIMULATOR	RECV	ALIVE (NOT EXIST SCANPROPERTY) [ALIVE#]
2018-10-17 08:37:23.461	SYSTEM	SIMULATOR	RECV	ALIVE (NOT EXIST SCANPROPERTY) [ALIVE#]
2018-10-17 08:37:24.464	SYSTEM	SIMULATOR	RECV	ALIVE (NOT EXIST SCANPROPERTY) [ALIVE#]
2018-10-17 08:37:25.466	SYSTEM	SIMULATOR	RECV	ALIVE (NOT EXIST SCANPROPERTY) [ALIVE#]
2018-10-17 08:37:26.467	SYSTEM	SIMULATOR	RECV	ALIVE (NOT EXIST SCANPROPERTY) [ALIVE#]
2018-10-17 08:37:27.469	SYSTEM	SIMULATOR	RECV	ALIVE (NOT EXIST SCANPROPERTY) [ALIVE#]
2018-10-17 08:37:28.470	SYSTEM	SIMULATOR	RECV	ALIVE (NOT EXIST SCANPROPERTY) [ALIVE#]
2018-10-17 08:37:29.472	SYSTEM	SIMULATOR	RECV	ALIVE (NOT EXIST SCANPROPERTY) [ALIVE#]
2018-10-17 08:37:30.474	SYSTEM	SIMULATOR	RECV	ALIVE (NOT EXIST SCANPROPERTY) [ALIVE#]
2018-10-17 08:37:31.475	SYSTEM	SIMULATOR	RECV	ALIVE (NOT EXIST SCANPROPERTY) [ALIVE#]
2018-10-17 08:37:32.477	SYSTEM	SIMULATOR	RECV	ALIVE (NOT EXIST SCANPROPERTY) [ALIVE#]
2018-10-17 08:37:33.478	SYSTEM	SIMULATOR	RECV	ALIVE (NOT EXIST SCANPROPERTY) [ALIVE#]
2018-10-17 08:37:34.481	SYSTEM	SIMULATOR	RECV	ALIVE (NOT EXIST SCANPROPERTY) [ALIVE#]
2018-10-17 08:37:35.482	SYSTEM	SIMULATOR	RECV	ALIVE (NOT EXIST SCANPROPERTY) [ALIVE#]
2018-10-17 08:37:36.490	SYSTEM	SIMULATOR	RECV	ALIVE (NOT EXIST SCANPROPERTY) [ALIVE#]
2018-10-17 08:37:37.491	SYSTEM	SIMULATOR	RECV	ALIVE (NOT EXIST SCANPROPERTY) [ALIVE#]
2018-10-17 08:37:38.491	SYSTEM	SIMULATOR	RECV	ALIVE (NOT EXIST SCANPROPERTY) [ALIVE#]
2018-10-17 08:37:39.494	SYSTEM	SIMULATOR	RECV	ALIVE (NOT EXIST SCANPROPERTY) [ALIVE#]
2018-10-17 08:37:40.495	SYSTEM	SIMULATOR	RECV	ALIVE (NOT EXIST SCANPROPERTY) [ALIVE#]
2018-10-17 08:37:41.499	SYSTEM	SIMULATOR	RECV	ALIVE (NOT EXIST SCANPROPERTY) [ALIVE#]
2018-10-17 08:37:42.500	SYSTEM	SIMULATOR	RECV	ALIVE (NOT EXIST SCANPROPERTY) [ALIVE#]
2018-10-17 08:37:43.502	SYSTEM	SIMULATOR	RECV	ALIVE (NOT EXIST SCANPROPERTY) [ALIVE#]
2018-10-17 08:37:44.504	SYSTEM	SIMULATOR	RECV	ALIVE (NOT EXIST SCANPROPERTY) [ALIVE#]
2018-10-17 08:37:45.504	SYSTEM	SIMULATOR	RECV	ALIVE (NOT EXIST SCANPROPERTY) [ALIVE#]
2018-10-17 08:37:46.506	SYSTEM	SIMULATOR	RECV	ALIVE (NOT EXIST SCANPROPERTY) [ALIVE#]
