2018-10-22 09:39:32.056	SYSTEM	SIMULATOR	PROC	DriverName=SIMULATOR, Mode=Client, RemoteIP=127.0.0.1, RemotePort=7000, LocalIP=127.0.0.1, LocalPort=7000
2018-10-22 09:39:32.078	SYSTEM	SIMULATOR	PROC	START
2018-10-22 09:39:32.113	SYSTEM	SIMULATOR	PROC	DRIVER STATUS CHANGE NONE>WAITCRA
2018-10-22 09:39:32.114	SYSTEM	SIMULATOR	PROC	DRIVER STATUS CHANGE WAITCRA>CONNECTED
2018-10-22 09:39:32.545	SYSTEM	SIMULATOR	SEND	STAGE_GLASS_EXIST|X#
2018-10-22 09:39:32.550	SYSTEM	SIMULATOR	SEND	CURRENT_RECIPE_CHANGE|1|1#
2018-10-22 09:39:32.553	SYSTEM	SIMULATOR	SEND	AUTO_MODE_CHANGE_EVENT|1#
2018-10-22 09:39:32.558	SYSTEM	SIMULATOR	SEND	MACHINE_MODE_CHANGE_REPORT|1#
2018-10-22 09:39:32.558	SYSTEM	SIMULATOR	SEND	COMMUNICATION|O#
2018-10-22 09:39:32.868	SYSTEM	SIMULATOR	RECV	AUTO_MODE_CHANGE_EVENT_REPLY (NOT EXIST SCANPROPERTY) [AUTO_MODE_CHANGE_EVENT_REPLY#]
2018-10-22 09:39:33.124	SYSTEM	SIMULATOR	RECV	COMMUNICATION_ACK|O (NOT EXIST SCANPROPERTY) [COMMUNICATION_ACK|O#STAGE_GLASS_EXIST_REPLY#CIM_MODE|1#RECIPE_LIST_REQ#CURRENT_RECIPE_CHANGE_ACK#MACHINE_MODE_CHANGE_REPORT_REPLY#]
2018-10-22 09:39:33.376	SYSTEM	SIMULATOR	RECV	STAGE_GLASS_EXIST_REPLY (NOT EXIST SCANPROPERTY) [COMMUNICATION_ACK|O#STAGE_GLASS_EXIST_REPLY#CIM_MODE|1#RECIPE_LIST_REQ#CURRENT_RECIPE_CHANGE_ACK#MACHINE_MODE_CHANGE_REPORT_REPLY#]
2018-10-22 09:39:33.631	SYSTEM	SIMULATOR	RECV	CIM_MODE|1 (NOT EXIST SCANPROPERTY) [COMMUNICATION_ACK|O#STAGE_GLASS_EXIST_REPLY#CIM_MODE|1#RECIPE_LIST_REQ#CURRENT_RECIPE_CHANGE_ACK#MACHINE_MODE_CHANGE_REPORT_REPLY#]
2018-10-22 09:39:33.631	SYSTEM	SIMULATOR	RECV	RECIPE_LIST_REQ (NOT EXIST SCANPROPERTY) [COMMUNICATION_ACK|O#STAGE_GLASS_EXIST_REPLY#CIM_MODE|1#RECIPE_LIST_REQ#CURRENT_RECIPE_CHANGE_ACK#MACHINE_MODE_CHANGE_REPORT_REPLY#]
2018-10-22 09:39:33.636	SYSTEM	SIMULATOR	SEND	RECIPE_LIST_REQ_REPLY|4#
2018-10-22 09:39:33.686	SYSTEM	SIMULATOR	SEND	COMMUNICATION|O#
2018-10-22 09:39:33.889	SYSTEM	SIMULATOR	RECV	CURRENT_RECIPE_CHANGE_ACK (NOT EXIST SCANPROPERTY) [COMMUNICATION_ACK|O#STAGE_GLASS_EXIST_REPLY#CIM_MODE|1#RECIPE_LIST_REQ#CURRENT_RECIPE_CHANGE_ACK#MACHINE_MODE_CHANGE_REPORT_REPLY#]
2018-10-22 09:39:34.144	SYSTEM	SIMULATOR	RECV	MACHINE_MODE_CHANGE_REPORT_REPLY (NOT EXIST SCANPROPERTY) [COMMUNICATION_ACK|O#STAGE_GLASS_EXIST_REPLY#CIM_MODE|1#RECIPE_LIST_REQ#CURRENT_RECIPE_CHANGE_ACK#MACHINE_MODE_CHANGE_REPORT_REPLY#]
2018-10-22 09:39:34.398	SYSTEM	SIMULATOR	RECV	ALIVE (NOT EXIST SCANPROPERTY) [ALIVE#COMMUNICATION_ACK|O#CIM_MODE|1#RECIPE_LIST_REQ#ALIVE#]
2018-10-22 09:39:34.650	SYSTEM	SIMULATOR	SEND	ALIVE_REPLY#
2018-10-22 09:39:34.902	SYSTEM	SIMULATOR	RECV	COMMUNICATION_ACK|O (NOT EXIST SCANPROPERTY) [ALIVE#COMMUNICATION_ACK|O#CIM_MODE|1#RECIPE_LIST_REQ#ALIVE#]
2018-10-22 09:39:35.155	SYSTEM	SIMULATOR	RECV	CIM_MODE|1 (NOT EXIST SCANPROPERTY) [ALIVE#COMMUNICATION_ACK|O#CIM_MODE|1#RECIPE_LIST_REQ#ALIVE#]
2018-10-22 09:39:35.156	SYSTEM	SIMULATOR	RECV	RECIPE_LIST_REQ (NOT EXIST SCANPROPERTY) [ALIVE#COMMUNICATION_ACK|O#CIM_MODE|1#RECIPE_LIST_REQ#ALIVE#]
2018-10-22 09:39:35.162	SYSTEM	SIMULATOR	SEND	RECIPE_LIST_REQ_REPLY|4#
2018-10-22 09:39:35.417	SYSTEM	SIMULATOR	RECV	ALIVE (NOT EXIST SCANPROPERTY) [ALIVE#COMMUNICATION_ACK|O#CIM_MODE|1#RECIPE_LIST_REQ#ALIVE#]
2018-10-22 09:39:35.670	SYSTEM	SIMULATOR	SEND	ALIVE_REPLY#
2018-10-22 09:39:35.923	SYSTEM	SIMULATOR	RECV	ALIVE (NOT EXIST SCANPROPERTY) [ALIVE#]
2018-10-22 09:39:36.427	SYSTEM	SIMULATOR	RECV	ALIVE (NOT EXIST SCANPROPERTY) [ALIVE#]
2018-10-22 09:39:37.337	SYSTEM	SIMULATOR	RECV	ALIVE (NOT EXIST SCANPROPERTY) [ALIVE#]
2018-10-22 09:39:38.338	SYSTEM	SIMULATOR	RECV	ALIVE (NOT EXIST SCANPROPERTY) [ALIVE#]
2018-10-22 09:39:39.334	SYSTEM	SIMULATOR	SEND	RECIPE_CHANGE_REPORT|1|141,admin,181020183910,42,1,3,5,24,22,20,PAD1,2,4,6,23,21,19,PAD1,11,9,7,26,28,30,PAD1,12,10,8,25,27,29,PAD1,13,15,17,36,34,32,PAD1,14,16,18,35,33,31,PAD1#
2018-10-22 09:39:39.338	SYSTEM	SIMULATOR	RECV	RECIPE_CHANGE_REPORT_ACK|O (NOT EXIST SCANPROPERTY) [RECIPE_CHANGE_REPORT_ACK|O#]
2018-10-22 09:39:39.338	SYSTEM	SIMULATOR	RECV	RECIPE_LIST_REQ (NOT EXIST SCANPROPERTY) [RECIPE_LIST_REQ#]
2018-10-22 09:39:39.340	SYSTEM	SIMULATOR	SEND	RECIPE_LIST_REQ_REPLY|4#
2018-10-22 09:39:42.378	SYSTEM	SIMULATOR	RECV	ALIVE (NOT EXIST SCANPROPERTY) [ALIVE#ALIVE#]
2018-10-22 09:39:50.904	SYSTEM	SIMULATOR	SEND	ALIVE_REPLY#
2018-10-22 09:39:51.164	SYSTEM	SIMULATOR	RECV	ALIVE (NOT EXIST SCANPROPERTY) [ALIVE#ALIVE#]
2018-10-22 09:39:51.666	SYSTEM	SIMULATOR	RECV	ALIVE (NOT EXIST SCANPROPERTY) [ALIVE#]
2018-10-22 09:39:52.173	SYSTEM	SIMULATOR	RECV	ALIVE (NOT EXIST SCANPROPERTY) [ALIVE#]
2018-10-22 09:39:52.939	SYSTEM	SIMULATOR	RECV	ALIVE (NOT EXIST SCANPROPERTY) [ALIVE#]
2018-10-22 09:39:53.445	SYSTEM	SIMULATOR	RECV	STATE_REQUEST (NOT EXIST SCANPROPERTY) [STATE_REQUEST#]
2018-10-22 09:39:53.451	SYSTEM	SIMULATOR	SEND	STATE_REQUEST_ACK|1|2#
2018-10-22 09:39:53.944	SYSTEM	SIMULATOR	RECV	ALIVE (NOT EXIST SCANPROPERTY) [ALIVE#]
2018-10-22 09:39:54.195	SYSTEM	SIMULATOR	SEND	ALIVE_REPLY#
2018-10-22 09:39:54.946	SYSTEM	SIMULATOR	RECV	ALIVE (NOT EXIST SCANPROPERTY) [ALIVE#]
2018-10-22 09:39:55.949	SYSTEM	SIMULATOR	RECV	ALIVE (NOT EXIST SCANPROPERTY) [ALIVE#]
2018-10-22 09:39:56.951	SYSTEM	SIMULATOR	RECV	ALIVE (NOT EXIST SCANPROPERTY) [ALIVE#]
2018-10-22 09:39:57.956	SYSTEM	SIMULATOR	RECV	ALIVE (NOT EXIST SCANPROPERTY) [ALIVE#]
2018-10-22 09:39:58.620	SYSTEM	SIMULATOR	SEND	RECIPE_CHANGE_REPORT|1|141,admin,181020183910,42,1,3,5,24,22,20,PAD1,2,4,6,23,21,19,PAD1,11,9,7,26,28,30,PAD1,12,10,8,25,27,29,PAD1,13,15,17,36,34,32,PAD1,14,16,18,35,33,31,PAD1#
2018-10-22 09:39:58.623	SYSTEM	SIMULATOR	RECV	RECIPE_CHANGE_REPORT_ACK|O (NOT EXIST SCANPROPERTY) [RECIPE_CHANGE_REPORT_ACK|O#]
2018-10-22 09:39:58.623	SYSTEM	SIMULATOR	RECV	RECIPE_LIST_REQ (NOT EXIST SCANPROPERTY) [RECIPE_LIST_REQ#]
2018-10-22 09:39:58.625	SYSTEM	SIMULATOR	SEND	RECIPE_LIST_REQ_REPLY|4#
2018-10-22 09:39:58.958	SYSTEM	SIMULATOR	RECV	ALIVE (NOT EXIST SCANPROPERTY) [ALIVE#]
2018-10-22 09:39:59.209	SYSTEM	SIMULATOR	SEND	ALIVE_REPLY#
2018-10-22 09:39:59.960	SYSTEM	SIMULATOR	RECV	ALIVE (NOT EXIST SCANPROPERTY) [ALIVE#]
2018-10-22 09:40:00.962	SYSTEM	SIMULATOR	RECV	ALIVE (NOT EXIST SCANPROPERTY) [ALIVE#]
2018-10-22 09:40:01.724	SYSTEM	SIMULATOR	SEND	RECIPE_CHANGE_REPORT|1|141,admin,181020183910,42,1,3,5,24,22,20,PAD1,2,4,6,23,21,19,PAD1,11,9,7,26,28,30,PAD1,12,10,8,25,27,29,PAD1,13,15,17,36,34,32,PAD1,14,16,18,35,33,31,PAD1#
2018-10-22 09:40:01.728	SYSTEM	SIMULATOR	RECV	RECIPE_CHANGE_REPORT_ACK|O (NOT EXIST SCANPROPERTY) [RECIPE_CHANGE_REPORT_ACK|O#]
2018-10-22 09:40:01.729	SYSTEM	SIMULATOR	RECV	RECIPE_LIST_REQ (NOT EXIST SCANPROPERTY) [RECIPE_LIST_REQ#]
2018-10-22 09:40:01.732	SYSTEM	SIMULATOR	SEND	RECIPE_LIST_REQ_REPLY|4#
2018-10-22 09:40:01.984	SYSTEM	SIMULATOR	RECV	ALIVE (NOT EXIST SCANPROPERTY) [ALIVE#]
2018-10-22 09:40:02.236	SYSTEM	SIMULATOR	SEND	ALIVE_REPLY#
2018-10-22 09:40:02.965	SYSTEM	SIMULATOR	RECV	ALIVE (NOT EXIST SCANPROPERTY) [ALIVE#]
2018-10-22 09:40:03.172	SYSTEM	SIMULATOR	SEND	RECIPE_CHANGE_REPORT|1|141,admin,181020183910,42,1,3,5,24,22,20,PAD1,2,4,6,23,21,19,PAD1,11,9,7,26,28,30,PAD1,12,10,8,25,27,29,PAD1,13,15,17,36,34,32,PAD1,14,16,18,35,33,31,PAD1#
2018-10-22 09:40:03.218	SYSTEM	SIMULATOR	SEND	ALIVE_REPLY#
2018-10-22 09:40:03.470	SYSTEM	SIMULATOR	RECV	RECIPE_CHANGE_REPORT_ACK|O (NOT EXIST SCANPROPERTY) [RECIPE_CHANGE_REPORT_ACK|O#RECIPE_LIST_REQ#]
2018-10-22 09:40:03.470	SYSTEM	SIMULATOR	RECV	RECIPE_LIST_REQ (NOT EXIST SCANPROPERTY) [RECIPE_CHANGE_REPORT_ACK|O#RECIPE_LIST_REQ#]
2018-10-22 09:40:03.472	SYSTEM	SIMULATOR	SEND	RECIPE_LIST_REQ_REPLY|4#
2018-10-22 09:40:03.971	SYSTEM	SIMULATOR	RECV	ALIVE (NOT EXIST SCANPROPERTY) [ALIVE#]
2018-10-22 09:40:04.225	SYSTEM	SIMULATOR	SEND	ALIVE_REPLY#
2018-10-22 09:40:04.977	SYSTEM	SIMULATOR	RECV	ALIVE (NOT EXIST SCANPROPERTY) [ALIVE#]
2018-10-22 09:40:05.978	SYSTEM	SIMULATOR	RECV	ALIVE (NOT EXIST SCANPROPERTY) [ALIVE#]
2018-10-22 09:40:06.979	SYSTEM	SIMULATOR	RECV	ALIVE (NOT EXIST SCANPROPERTY) [ALIVE#]
2018-10-22 09:40:07.980	SYSTEM	SIMULATOR	RECV	ALIVE (NOT EXIST SCANPROPERTY) [ALIVE#]
2018-10-22 09:40:08.983	SYSTEM	SIMULATOR	RECV	ALIVE (NOT EXIST SCANPROPERTY) [ALIVE#]
2018-10-22 09:40:09.987	SYSTEM	SIMULATOR	RECV	ALIVE (NOT EXIST SCANPROPERTY) [ALIVE#]
2018-10-22 09:40:10.493	SYSTEM	SIMULATOR	RECV	CIM_MESSAGE_ON|X| (NOT EXIST SCANPROPERTY) [CIM_MESSAGE_ON|X|#]
2018-10-22 09:40:10.496	SYSTEM	SIMULATOR	SEND	CIM_MESSAGE_ON_REPLY#
2018-10-22 09:40:10.988	SYSTEM	SIMULATOR	RECV	ALIVE (NOT EXIST SCANPROPERTY) [ALIVE#]
2018-10-22 09:40:11.239	SYSTEM	SIMULATOR	SEND	ALIVE_REPLY#
2018-10-22 09:40:11.767	SYSTEM	SIMULATOR	SEND	RECIPE_CHANGE_REPORT|1|141,admin,181020183910,42,1,3,5,24,22,20,PAD1,2,4,6,23,21,19,PAD1,11,9,7,26,28,30,PAD1,12,10,8,25,27,29,PAD1,13,15,17,36,34,32,PAD1,14,16,18,35,33,31,PAD1#
2018-10-22 09:40:11.771	SYSTEM	SIMULATOR	RECV	RECIPE_CHANGE_REPORT_ACK|O (NOT EXIST SCANPROPERTY) [RECIPE_CHANGE_REPORT_ACK|O#]
2018-10-22 09:40:11.771	SYSTEM	SIMULATOR	RECV	RECIPE_LIST_REQ (NOT EXIST SCANPROPERTY) [RECIPE_LIST_REQ#]
2018-10-22 09:40:11.773	SYSTEM	SIMULATOR	SEND	RECIPE_LIST_REQ_REPLY|4#
2018-10-22 09:40:12.025	SYSTEM	SIMULATOR	RECV	ALIVE (NOT EXIST SCANPROPERTY) [ALIVE#]
2018-10-22 09:40:12.276	SYSTEM	SIMULATOR	SEND	ALIVE_REPLY#
2018-10-22 09:40:12.991	SYSTEM	SIMULATOR	RECV	ALIVE (NOT EXIST SCANPROPERTY) [ALIVE#]
2018-10-22 09:40:13.993	SYSTEM	SIMULATOR	RECV	ALIVE (NOT EXIST SCANPROPERTY) [ALIVE#]
2018-10-22 09:40:14.995	SYSTEM	SIMULATOR	RECV	ALIVE (NOT EXIST SCANPROPERTY) [ALIVE#]
2018-10-22 09:40:15.999	SYSTEM	SIMULATOR	RECV	ALIVE (NOT EXIST SCANPROPERTY) [ALIVE#]
2018-10-22 09:40:16.724	SYSTEM	SIMULATOR	SEND	RECIPE_CHANGE_REPORT|1|141,admin,181020183910,42,1,3,5,24,22,20,PAD1,2,4,6,23,21,19,PAD1,11,9,7,26,28,30,PAD1,12,10,8,25,27,29,PAD1,13,15,17,36,34,32,PAD1,14,16,18,35,33,31,PAD1#
2018-10-22 09:40:16.727	SYSTEM	SIMULATOR	RECV	RECIPE_CHANGE_REPORT_ACK|O (NOT EXIST SCANPROPERTY) [RECIPE_CHANGE_REPORT_ACK|O#]
2018-10-22 09:40:16.727	SYSTEM	SIMULATOR	RECV	RECIPE_LIST_REQ (NOT EXIST SCANPROPERTY) [RECIPE_LIST_REQ#]
2018-10-22 09:40:16.730	SYSTEM	SIMULATOR	SEND	RECIPE_LIST_REQ_REPLY|4#
2018-10-22 09:40:17.000	SYSTEM	SIMULATOR	RECV	ALIVE (NOT EXIST SCANPROPERTY) [ALIVE#]
2018-10-22 09:40:17.252	SYSTEM	SIMULATOR	SEND	ALIVE_REPLY#
2018-10-22 09:40:18.003	SYSTEM	SIMULATOR	RECV	ALIVE (NOT EXIST SCANPROPERTY) [ALIVE#]
2018-10-22 09:40:37.363	SYSTEM	SIMULATOR	RECV	ALIVE (NOT EXIST SCANPROPERTY) [ALIVE#]
2018-10-22 09:40:38.300	SYSTEM	SIMULATOR	RECV	ALIVE (NOT EXIST SCANPROPERTY) [ALIVE#]
2018-10-22 09:40:39.310	SYSTEM	SIMULATOR	RECV	ALIVE (NOT EXIST SCANPROPERTY) [ALIVE#]
2018-10-22 09:40:40.311	SYSTEM	SIMULATOR	RECV	ALIVE (NOT EXIST SCANPROPERTY) [ALIVE#]
2018-10-22 09:40:41.316	SYSTEM	SIMULATOR	RECV	ALIVE (NOT EXIST SCANPROPERTY) [ALIVE#]
2018-10-22 09:40:41.586	SYSTEM	SIMULATOR	SEND	RECIPE_CHANGE_REPORT|1|141,admin,181020183910,42,1,3,5,24,22,20,PAD1,2,4,6,23,21,19,PAD1,11,9,7,26,28,30,PAD1,12,10,8,25,27,29,PAD1,13,15,17,36,34,32,PAD1,14,16,18,35,33,31,PAD1#
2018-10-22 09:40:43.879	SYSTEM	SIMULATOR	RECV	RECIPE_CHANGE_REPORT_ACK|O (NOT EXIST SCANPROPERTY) [RECIPE_CHANGE_REPORT_ACK|O#RECIPE_LIST_REQ#ALIVE#]
2018-10-22 09:40:43.879	SYSTEM	SIMULATOR	RECV	RECIPE_LIST_REQ (NOT EXIST SCANPROPERTY) [RECIPE_CHANGE_REPORT_ACK|O#RECIPE_LIST_REQ#ALIVE#]
2018-10-22 09:40:43.884	SYSTEM	SIMULATOR	SEND	RECIPE_LIST_REQ_REPLY|4#
2018-10-22 09:40:44.601	SYSTEM	SIMULATOR	RECV	ALIVE (NOT EXIST SCANPROPERTY) [RECIPE_CHANGE_REPORT_ACK|O#RECIPE_LIST_REQ#ALIVE#]
2018-10-22 09:40:45.748	SYSTEM	SIMULATOR	SEND	ALIVE_REPLY#
2018-10-22 09:40:46.002	SYSTEM	SIMULATOR	RECV	ALIVE (NOT EXIST SCANPROPERTY) [ALIVE#]
2018-10-22 09:40:46.801	SYSTEM	SIMULATOR	RECV	ALIVE (NOT EXIST SCANPROPERTY) [ALIVE#]
2018-10-22 09:40:47.802	SYSTEM	SIMULATOR	RECV	ALIVE (NOT EXIST SCANPROPERTY) [ALIVE#]
2018-10-22 09:40:48.803	SYSTEM	SIMULATOR	RECV	ALIVE (NOT EXIST SCANPROPERTY) [ALIVE#]
2018-10-22 09:40:49.805	SYSTEM	SIMULATOR	RECV	ALIVE (NOT EXIST SCANPROPERTY) [ALIVE#]
2018-10-22 09:40:50.807	SYSTEM	SIMULATOR	RECV	ALIVE (NOT EXIST SCANPROPERTY) [ALIVE#]
2018-10-22 09:40:51.808	SYSTEM	SIMULATOR	RECV	ALIVE (NOT EXIST SCANPROPERTY) [ALIVE#]
2018-10-22 09:40:52.811	SYSTEM	SIMULATOR	RECV	ALIVE (NOT EXIST SCANPROPERTY) [ALIVE#]
2018-10-22 09:40:53.814	SYSTEM	SIMULATOR	RECV	ALIVE (NOT EXIST SCANPROPERTY) [ALIVE#]
2018-10-22 09:40:54.815	SYSTEM	SIMULATOR	RECV	ALIVE (NOT EXIST SCANPROPERTY) [ALIVE#]
2018-10-22 09:40:55.819	SYSTEM	SIMULATOR	RECV	ALIVE (NOT EXIST SCANPROPERTY) [ALIVE#]
2018-10-22 09:40:56.820	SYSTEM	SIMULATOR	RECV	ALIVE (NOT EXIST SCANPROPERTY) [ALIVE#]
2018-10-22 09:40:57.821	SYSTEM	SIMULATOR	RECV	ALIVE (NOT EXIST SCANPROPERTY) [ALIVE#]
2018-10-22 09:41:02.917	SYSTEM	SIMULATOR	RECV	ALIVE (NOT EXIST SCANPROPERTY) [ALIVE#]
2018-10-22 09:41:03.671	SYSTEM	SIMULATOR	RECV	ALIVE (NOT EXIST SCANPROPERTY) [ALIVE#]
2018-10-22 09:41:04.682	SYSTEM	SIMULATOR	RECV	ALIVE (NOT EXIST SCANPROPERTY) [ALIVE#]
2018-10-22 09:41:05.683	SYSTEM	SIMULATOR	RECV	ALIVE (NOT EXIST SCANPROPERTY) [ALIVE#]
2018-10-22 09:41:06.689	SYSTEM	SIMULATOR	RECV	ALIVE (NOT EXIST SCANPROPERTY) [ALIVE#]
2018-10-22 09:41:07.693	SYSTEM	SIMULATOR	RECV	ALIVE (NOT EXIST SCANPROPERTY) [ALIVE#]
2018-10-22 09:41:08.694	SYSTEM	SIMULATOR	RECV	ALIVE (NOT EXIST SCANPROPERTY) [ALIVE#]
2018-10-22 09:41:08.967	SYSTEM	SIMULATOR	SEND	RECIPE_CHANGE_REPORT|1|141,admin,181020183910,42,1,3,5,24,22,20,PAD1,2,4,6,23,21,19,PAD1,11,9,7,26,28,30,PAD1,12,10,8,25,27,29,PAD1,13,15,17,36,34,32,PAD1,14,16,18,35,33,31,PAD1#
2018-10-22 09:41:55.702	SYSTEM	SIMULATOR	RECV	RECIPE_CHANGE_REPORT_ACK|O (NOT EXIST SCANPROPERTY) [RECIPE_CHANGE_REPORT_ACK|O#RECIPE_LIST_REQ#ALIVE#ALIVE#]
2018-10-22 09:41:55.702	SYSTEM	SIMULATOR	RECV	RECIPE_LIST_REQ (NOT EXIST SCANPROPERTY) [RECIPE_CHANGE_REPORT_ACK|O#RECIPE_LIST_REQ#ALIVE#ALIVE#]
2018-10-22 09:41:56.295	SYSTEM	SIMULATOR	SEND	RECIPE_LIST_REQ_REPLY|4#
2018-10-22 09:41:56.771	SYSTEM	SIMULATOR	RECV	ALIVE (NOT EXIST SCANPROPERTY) [RECIPE_CHANGE_REPORT_ACK|O#RECIPE_LIST_REQ#ALIVE#ALIVE#]
2018-10-22 09:41:57.354	SYSTEM	SIMULATOR	SEND	ALIVE_REPLY#
2018-10-22 09:41:57.878	SYSTEM	SIMULATOR	RECV	ALIVE (NOT EXIST SCANPROPERTY) [RECIPE_CHANGE_REPORT_ACK|O#RECIPE_LIST_REQ#ALIVE#ALIVE#]
2018-10-22 09:41:59.821	SYSTEM	SIMULATOR	RECV	ALIVE (NOT EXIST SCANPROPERTY) [ALIVE#ALIVE#ALIVE#]
2018-10-22 09:42:02.394	SYSTEM	SIMULATOR	RECV	ALIVE (NOT EXIST SCANPROPERTY) [ALIVE#ALIVE#ALIVE#]
2018-10-22 09:43:51.784	SYSTEM	SIMULATOR	PROC	DriverName=SIMULATOR, Mode=Client, RemoteIP=127.0.0.1, RemotePort=7000, LocalIP=127.0.0.1, LocalPort=7000
2018-10-22 09:43:51.806	SYSTEM	SIMULATOR	PROC	START
2018-10-22 09:43:51.841	SYSTEM	SIMULATOR	PROC	DRIVER STATUS CHANGE NONE>WAITCRA
2018-10-22 09:43:51.842	SYSTEM	SIMULATOR	PROC	DRIVER STATUS CHANGE WAITCRA>CONNECTED
2018-10-22 09:43:52.526	SYSTEM	SIMULATOR	SEND	STAGE_GLASS_EXIST|X#
2018-10-22 09:43:52.537	SYSTEM	SIMULATOR	SEND	CURRENT_RECIPE_CHANGE|1|1#
2018-10-22 09:43:52.543	SYSTEM	SIMULATOR	SEND	AUTO_MODE_CHANGE_EVENT|1#
2018-10-22 09:43:52.553	SYSTEM	SIMULATOR	SEND	MACHINE_MODE_CHANGE_REPORT|1#
2018-10-22 09:43:52.554	SYSTEM	SIMULATOR	SEND	COMMUNICATION|O#
2018-10-22 09:43:52.598	SYSTEM	SIMULATOR	RECV	CIM_MODE|1 (NOT EXIST SCANPROPERTY) [CIM_MODE|1#]
2018-10-22 09:43:52.603	SYSTEM	SIMULATOR	RECV	AUTO_MODE_CHANGE_EVENT_REPLY (NOT EXIST SCANPROPERTY) [AUTO_MODE_CHANGE_EVENT_REPLY#COMMUNICATION_ACK|O#STAGE_GLASS_EXIST_REPLY#CIM_MODE|1#RECIPE_LIST_REQ#CURRENT_RECIPE_CHANGE_ACK#MACHINE_MODE_CHANGE_REPORT_REPLY#]
2018-10-22 09:43:52.856	SYSTEM	SIMULATOR	RECV	COMMUNICATION_ACK|O (NOT EXIST SCANPROPERTY) [AUTO_MODE_CHANGE_EVENT_REPLY#COMMUNICATION_ACK|O#STAGE_GLASS_EXIST_REPLY#CIM_MODE|1#RECIPE_LIST_REQ#CURRENT_RECIPE_CHANGE_ACK#MACHINE_MODE_CHANGE_REPORT_REPLY#]
2018-10-22 09:43:53.109	SYSTEM	SIMULATOR	RECV	STAGE_GLASS_EXIST_REPLY (NOT EXIST SCANPROPERTY) [AUTO_MODE_CHANGE_EVENT_REPLY#COMMUNICATION_ACK|O#STAGE_GLASS_EXIST_REPLY#CIM_MODE|1#RECIPE_LIST_REQ#CURRENT_RECIPE_CHANGE_ACK#MACHINE_MODE_CHANGE_REPORT_REPLY#]
2018-10-22 09:43:53.364	SYSTEM	SIMULATOR	RECV	CIM_MODE|1 (NOT EXIST SCANPROPERTY) [AUTO_MODE_CHANGE_EVENT_REPLY#COMMUNICATION_ACK|O#STAGE_GLASS_EXIST_REPLY#CIM_MODE|1#RECIPE_LIST_REQ#CURRENT_RECIPE_CHANGE_ACK#MACHINE_MODE_CHANGE_REPORT_REPLY#]
2018-10-22 09:43:53.364	SYSTEM	SIMULATOR	RECV	RECIPE_LIST_REQ (NOT EXIST SCANPROPERTY) [AUTO_MODE_CHANGE_EVENT_REPLY#COMMUNICATION_ACK|O#STAGE_GLASS_EXIST_REPLY#CIM_MODE|1#RECIPE_LIST_REQ#CURRENT_RECIPE_CHANGE_ACK#MACHINE_MODE_CHANGE_REPORT_REPLY#]
2018-10-22 09:43:53.367	SYSTEM	SIMULATOR	SEND	RECIPE_LIST_REQ_REPLY|4#
2018-10-22 09:43:53.619	SYSTEM	SIMULATOR	RECV	CURRENT_RECIPE_CHANGE_ACK (NOT EXIST SCANPROPERTY) [AUTO_MODE_CHANGE_EVENT_REPLY#COMMUNICATION_ACK|O#STAGE_GLASS_EXIST_REPLY#CIM_MODE|1#RECIPE_LIST_REQ#CURRENT_RECIPE_CHANGE_ACK#MACHINE_MODE_CHANGE_REPORT_REPLY#]
2018-10-22 09:43:53.871	SYSTEM	SIMULATOR	RECV	MACHINE_MODE_CHANGE_REPORT_REPLY (NOT EXIST SCANPROPERTY) [AUTO_MODE_CHANGE_EVENT_REPLY#COMMUNICATION_ACK|O#STAGE_GLASS_EXIST_REPLY#CIM_MODE|1#RECIPE_LIST_REQ#CURRENT_RECIPE_CHANGE_ACK#MACHINE_MODE_CHANGE_REPORT_REPLY#]
2018-10-22 09:43:54.124	SYSTEM	SIMULATOR	RECV	ALIVE (NOT EXIST SCANPROPERTY) [ALIVE#COMMUNICATION_ACK|O#CIM_MODE|1#RECIPE_LIST_REQ#ALIVE#]
2018-10-22 09:43:54.377	SYSTEM	SIMULATOR	SEND	ALIVE_REPLY#
2018-10-22 09:43:54.632	SYSTEM	SIMULATOR	RECV	COMMUNICATION_ACK|O (NOT EXIST SCANPROPERTY) [ALIVE#COMMUNICATION_ACK|O#CIM_MODE|1#RECIPE_LIST_REQ#ALIVE#]
2018-10-22 09:43:54.886	SYSTEM	SIMULATOR	RECV	CIM_MODE|1 (NOT EXIST SCANPROPERTY) [ALIVE#COMMUNICATION_ACK|O#CIM_MODE|1#RECIPE_LIST_REQ#ALIVE#]
2018-10-22 09:43:54.886	SYSTEM	SIMULATOR	RECV	RECIPE_LIST_REQ (NOT EXIST SCANPROPERTY) [ALIVE#COMMUNICATION_ACK|O#CIM_MODE|1#RECIPE_LIST_REQ#ALIVE#]
2018-10-22 09:43:54.888	SYSTEM	SIMULATOR	SEND	RECIPE_LIST_REQ_REPLY|4#
2018-10-22 09:43:55.141	SYSTEM	SIMULATOR	RECV	ALIVE (NOT EXIST SCANPROPERTY) [ALIVE#COMMUNICATION_ACK|O#CIM_MODE|1#RECIPE_LIST_REQ#ALIVE#]
2018-10-22 09:43:55.392	SYSTEM	SIMULATOR	SEND	ALIVE_REPLY#
2018-10-22 09:43:55.648	SYSTEM	SIMULATOR	RECV	ALIVE (NOT EXIST SCANPROPERTY) [ALIVE#]
2018-10-22 09:43:56.152	SYSTEM	SIMULATOR	RECV	ALIVE (NOT EXIST SCANPROPERTY) [ALIVE#]
2018-10-22 09:43:57.113	SYSTEM	SIMULATOR	RECV	ALIVE (NOT EXIST SCANPROPERTY) [ALIVE#]
2018-10-22 09:43:58.114	SYSTEM	SIMULATOR	RECV	ALIVE (NOT EXIST SCANPROPERTY) [ALIVE#]
2018-10-22 09:43:59.114	SYSTEM	SIMULATOR	RECV	ALIVE (NOT EXIST SCANPROPERTY) [ALIVE#]
2018-10-22 09:44:00.115	SYSTEM	SIMULATOR	RECV	ALIVE (NOT EXIST SCANPROPERTY) [ALIVE#]
2018-10-22 09:44:01.116	SYSTEM	SIMULATOR	RECV	ALIVE (NOT EXIST SCANPROPERTY) [ALIVE#]
2018-10-22 09:44:02.118	SYSTEM	SIMULATOR	RECV	ALIVE (NOT EXIST SCANPROPERTY) [ALIVE#]
2018-10-22 09:44:03.119	SYSTEM	SIMULATOR	RECV	ALIVE (NOT EXIST SCANPROPERTY) [ALIVE#]
2018-10-22 09:44:03.669	SYSTEM	SIMULATOR	RECV	STATE_REQUEST (NOT EXIST SCANPROPERTY) [STATE_REQUEST#]
2018-10-22 09:44:03.671	SYSTEM	SIMULATOR	SEND	STATE_REQUEST_ACK|1|2#
2018-10-22 09:44:04.121	SYSTEM	SIMULATOR	RECV	ALIVE (NOT EXIST SCANPROPERTY) [ALIVE#]
2018-10-22 09:44:04.373	SYSTEM	SIMULATOR	SEND	ALIVE_REPLY#
2018-10-22 09:44:05.123	SYSTEM	SIMULATOR	RECV	ALIVE (NOT EXIST SCANPROPERTY) [ALIVE#]
2018-10-22 09:44:06.125	SYSTEM	SIMULATOR	RECV	ALIVE (NOT EXIST SCANPROPERTY) [ALIVE#]
2018-10-22 09:44:07.138	SYSTEM	SIMULATOR	RECV	ALIVE (NOT EXIST SCANPROPERTY) [ALIVE#]
2018-10-22 09:44:08.140	SYSTEM	SIMULATOR	RECV	ALIVE (NOT EXIST SCANPROPERTY) [ALIVE#]
2018-10-22 09:44:09.142	SYSTEM	SIMULATOR	RECV	ALIVE (NOT EXIST SCANPROPERTY) [ALIVE#]
2018-10-22 09:44:09.246	SYSTEM	SIMULATOR	SEND	RECIPE_CHANGE_REPORT|1|141,admin,181020183910,42,1,3,5,24,22,20,PAD1,2,4,6,23,21,19,PAD1,11,9,7,26,28,30,PAD1,12,10,8,25,27,29,PAD1,13,15,17,36,34,32,PAD1,14,16,18,35,33,31,PAD1#
2018-10-22 09:44:11.401	SYSTEM	SIMULATOR	SEND	ALIVE_REPLY#
2018-10-22 09:44:11.946	SYSTEM	SIMULATOR	RECV	RECIPE_CHANGE_REPORT_ACK|O (NOT EXIST SCANPROPERTY) [RECIPE_CHANGE_REPORT_ACK|O#RECIPE_LIST_REQ#ALIVE#]
2018-10-22 09:44:11.947	SYSTEM	SIMULATOR	RECV	RECIPE_LIST_REQ (NOT EXIST SCANPROPERTY) [RECIPE_CHANGE_REPORT_ACK|O#RECIPE_LIST_REQ#ALIVE#]
2018-10-22 09:44:12.927	SYSTEM	SIMULATOR	SEND	RECIPE_LIST_REQ_REPLY|4#
2018-10-22 09:44:51.576	SYSTEM	SIMULATOR	RECV	ALIVE (NOT EXIST SCANPROPERTY) [RECIPE_CHANGE_REPORT_ACK|O#RECIPE_LIST_REQ#ALIVE#]
2018-10-22 09:45:20.651	SYSTEM	SIMULATOR	SEND	ALIVE_REPLY#
2018-10-22 09:45:44.677	SYSTEM	SIMULATOR	RECV	ALIVE (NOT EXIST SCANPROPERTY) [ALIVE#ALIVE#]
2018-10-22 09:45:45.182	SYSTEM	SIMULATOR	RECV	ALIVE (NOT EXIST SCANPROPERTY) [ALIVE#ALIVE#]
2018-10-22 09:45:45.793	SYSTEM	SIMULATOR	RECV	ALIVE (NOT EXIST SCANPROPERTY) [ALIVE#]
2018-10-22 09:45:46.798	SYSTEM	SIMULATOR	RECV	ALIVE (NOT EXIST SCANPROPERTY) [ALIVE#]
2018-10-22 09:45:47.799	SYSTEM	SIMULATOR	RECV	ALIVE (NOT EXIST SCANPROPERTY) [ALIVE#]
2018-10-22 09:45:48.624	SYSTEM	SIMULATOR	SEND	RECIPE_CHANGE_REPORT|1|141,admin,181020183910,42,1,3,5,24,22,20,PAD1,2,4,6,23,21,19,PAD1,11,9,7,26,28,30,PAD1,12,10,8,25,27,29,PAD1,13,15,17,36,34,32,PAD1,14,16,18,35,33,31,PAD1#
2018-10-22 09:45:48.628	SYSTEM	SIMULATOR	RECV	RECIPE_CHANGE_REPORT_ACK|O (NOT EXIST SCANPROPERTY) [RECIPE_CHANGE_REPORT_ACK|O#]
2018-10-22 09:45:48.629	SYSTEM	SIMULATOR	RECV	RECIPE_LIST_REQ (NOT EXIST SCANPROPERTY) [RECIPE_LIST_REQ#]
2018-10-22 09:45:48.630	SYSTEM	SIMULATOR	SEND	RECIPE_LIST_REQ_REPLY|4#
2018-10-22 09:45:55.165	SYSTEM	SIMULATOR	RECV	ALIVE (NOT EXIST SCANPROPERTY) [ALIVE#ALIVE#]
2018-10-22 09:45:59.229	SYSTEM	SIMULATOR	SEND	ALIVE_REPLY#
2018-10-22 09:46:35.661	SYSTEM	SIMULATOR	RECV	ALIVE (NOT EXIST SCANPROPERTY) [ALIVE#ALIVE#]
2018-10-22 09:46:36.775	SYSTEM	SIMULATOR	RECV	ALIVE (NOT EXIST SCANPROPERTY) [ALIVE#ALIVE#ALIVE#ALIVE#]
2018-10-22 09:46:40.396	SYSTEM	SIMULATOR	RECV	ALIVE (NOT EXIST SCANPROPERTY) [ALIVE#ALIVE#ALIVE#ALIVE#]
2018-10-22 09:47:42.060	SYSTEM	SIMULATOR	RECV	ALIVE (NOT EXIST SCANPROPERTY) [ALIVE#ALIVE#ALIVE#ALIVE#]
2018-10-22 09:47:42.566	SYSTEM	SIMULATOR	RECV	ALIVE (NOT EXIST SCANPROPERTY) [ALIVE#ALIVE#ALIVE#ALIVE#]
2018-10-22 09:47:43.073	SYSTEM	SIMULATOR	RECV	ALIVE (NOT EXIST SCANPROPERTY) [ALIVE#ALIVE#]
2018-10-22 09:47:43.577	SYSTEM	SIMULATOR	RECV	ALIVE (NOT EXIST SCANPROPERTY) [ALIVE#ALIVE#]
2018-10-22 09:47:44.085	SYSTEM	SIMULATOR	RECV	ALIVE (NOT EXIST SCANPROPERTY) [ALIVE#]
2018-10-22 09:47:44.594	SYSTEM	SIMULATOR	RECV	CIM_MESSAGE_ON|X| (NOT EXIST SCANPROPERTY) [CIM_MESSAGE_ON|X|#]
2018-10-22 09:47:44.598	SYSTEM	SIMULATOR	SEND	CIM_MESSAGE_ON_REPLY#
2018-10-22 09:47:44.953	SYSTEM	SIMULATOR	RECV	ALIVE (NOT EXIST SCANPROPERTY) [ALIVE#]
2018-10-22 09:47:45.204	SYSTEM	SIMULATOR	SEND	ALIVE_REPLY#
2018-10-22 09:47:45.955	SYSTEM	SIMULATOR	RECV	ALIVE (NOT EXIST SCANPROPERTY) [ALIVE#]
2018-10-22 09:47:46.956	SYSTEM	SIMULATOR	RECV	ALIVE (NOT EXIST SCANPROPERTY) [ALIVE#]
2018-10-22 09:47:47.957	SYSTEM	SIMULATOR	RECV	ALIVE (NOT EXIST SCANPROPERTY) [ALIVE#]
2018-10-22 09:47:48.961	SYSTEM	SIMULATOR	RECV	ALIVE (NOT EXIST SCANPROPERTY) [ALIVE#]
2018-10-22 09:47:49.962	SYSTEM	SIMULATOR	RECV	ALIVE (NOT EXIST SCANPROPERTY) [ALIVE#]
2018-10-22 09:47:50.963	SYSTEM	SIMULATOR	RECV	ALIVE (NOT EXIST SCANPROPERTY) [ALIVE#]
2018-10-22 09:47:51.965	SYSTEM	SIMULATOR	RECV	ALIVE (NOT EXIST SCANPROPERTY) [ALIVE#]
2018-10-22 09:47:52.966	SYSTEM	SIMULATOR	RECV	ALIVE (NOT EXIST SCANPROPERTY) [ALIVE#]
2018-10-22 09:47:53.968	SYSTEM	SIMULATOR	RECV	ALIVE (NOT EXIST SCANPROPERTY) [ALIVE#]
2018-10-22 09:47:54.969	SYSTEM	SIMULATOR	RECV	ALIVE (NOT EXIST SCANPROPERTY) [ALIVE#]
2018-10-22 09:47:55.971	SYSTEM	SIMULATOR	RECV	ALIVE (NOT EXIST SCANPROPERTY) [ALIVE#]
2018-10-22 09:47:56.973	SYSTEM	SIMULATOR	RECV	ALIVE (NOT EXIST SCANPROPERTY) [ALIVE#]
2018-10-22 09:47:57.975	SYSTEM	SIMULATOR	RECV	ALIVE (NOT EXIST SCANPROPERTY) [ALIVE#]
2018-10-22 09:47:58.977	SYSTEM	SIMULATOR	RECV	ALIVE (NOT EXIST SCANPROPERTY) [ALIVE#]
2018-10-22 09:47:59.978	SYSTEM	SIMULATOR	RECV	ALIVE (NOT EXIST SCANPROPERTY) [ALIVE#]
2018-10-22 09:48:00.981	SYSTEM	SIMULATOR	RECV	ALIVE (NOT EXIST SCANPROPERTY) [ALIVE#]
2018-10-22 09:48:01.982	SYSTEM	SIMULATOR	RECV	ALIVE (NOT EXIST SCANPROPERTY) [ALIVE#]
2018-10-22 09:48:02.725	SYSTEM	SIMULATOR	SEND	RECIPE_CHANGE_REPORT|1|141,admin,181020183910,42,,3,5,24,22,20,PAD1,2,4,6,23,21,19,PAD1,11,9,7,26,28,30,PAD1,12,10,8,25,27,29,PAD1,13,15,17,36,34,32,PAD1,14,16,18,35,33,31,PAD1#
2018-10-22 09:48:02.728	SYSTEM	SIMULATOR	RECV	RECIPE_CHANGE_REPORT_ACK|O (NOT EXIST SCANPROPERTY) [RECIPE_CHANGE_REPORT_ACK|O#]
2018-10-22 09:48:02.728	SYSTEM	SIMULATOR	RECV	RECIPE_LIST_REQ (NOT EXIST SCANPROPERTY) [RECIPE_LIST_REQ#]
2018-10-22 09:48:02.730	SYSTEM	SIMULATOR	SEND	RECIPE_LIST_REQ_REPLY|4#
2018-10-22 09:48:05.630	SYSTEM	SIMULATOR	RECV	ALIVE (NOT EXIST SCANPROPERTY) [ALIVE#]
2018-10-22 09:48:06.197	SYSTEM	SIMULATOR	SEND	ALIVE_REPLY#
2018-10-22 09:48:06.807	SYSTEM	SIMULATOR	RECV	ALIVE (NOT EXIST SCANPROPERTY) [ALIVE#]
2018-10-22 09:48:11.620	SYSTEM	SIMULATOR	RECV	ALIVE (NOT EXIST SCANPROPERTY) [ALIVE#]
2018-10-22 09:48:14.273	SYSTEM	SIMULATOR	RECV	ALIVE (NOT EXIST SCANPROPERTY) [ALIVE#]
2018-10-22 09:48:21.411	SYSTEM	SIMULATOR	RECV	ALIVE (NOT EXIST SCANPROPERTY) [ALIVE#]
2018-10-22 09:48:33.507	SYSTEM	SIMULATOR	RECV	ALIVE (NOT EXIST SCANPROPERTY) [ALIVE#]
2018-10-22 09:48:40.539	SYSTEM	SIMULATOR	RECV	ALIVE (NOT EXIST SCANPROPERTY) [ALIVE#]
2018-10-22 09:48:49.056	SYSTEM	SIMULATOR	RECV	ALIVE (NOT EXIST SCANPROPERTY) [ALIVE#]
2018-10-22 09:48:55.827	SYSTEM	SIMULATOR	RECV	ALIVE (NOT EXIST SCANPROPERTY) [ALIVE#]
2018-10-22 09:49:05.629	SYSTEM	SIMULATOR	RECV	ALIVE (NOT EXIST SCANPROPERTY) [ALIVE#]
2018-10-22 09:49:07.848	SYSTEM	SIMULATOR	RECV	ALIVE (NOT EXIST SCANPROPERTY) [ALIVE#]
2018-10-22 09:49:09.308	SYSTEM	SIMULATOR	RECV	ALIVE (NOT EXIST SCANPROPERTY) [ALIVE#]
2018-10-22 09:49:31.685	SYSTEM	SIMULATOR	RECV	ALIVE (NOT EXIST SCANPROPERTY) [ALIVE#]
2018-10-22 09:49:34.777	SYSTEM	SIMULATOR	RECV	ALIVE (NOT EXIST SCANPROPERTY) [ALIVE#]
2018-10-22 09:49:36.042	SYSTEM	SIMULATOR	RECV	ALIVE (NOT EXIST SCANPROPERTY) [ALIVE#]
2018-10-22 09:49:37.954	SYSTEM	SIMULATOR	RECV	ALIVE (NOT EXIST SCANPROPERTY) [ALIVE#]
2018-10-22 09:49:44.745	SYSTEM	SIMULATOR	RECV	ALIVE (NOT EXIST SCANPROPERTY) [ALIVE#]
2018-10-22 09:49:45.463	SYSTEM	SIMULATOR	RECV	ALIVE (NOT EXIST SCANPROPERTY) [ALIVE#]
2018-10-22 09:49:47.704	SYSTEM	SIMULATOR	RECV	ALIVE (NOT EXIST SCANPROPERTY) [ALIVE#]
2018-10-22 09:49:50.319	SYSTEM	SIMULATOR	RECV	ALIVE (NOT EXIST SCANPROPERTY) [ALIVE#]
2018-10-22 09:49:51.526	SYSTEM	SIMULATOR	RECV	ALIVE (NOT EXIST SCANPROPERTY) [ALIVE#]
2018-10-22 09:49:52.711	SYSTEM	SIMULATOR	RECV	ALIVE (NOT EXIST SCANPROPERTY) [ALIVE#]
2018-10-22 09:49:54.229	SYSTEM	SIMULATOR	RECV	ALIVE (NOT EXIST SCANPROPERTY) [ALIVE#]
2018-10-22 09:49:55.377	SYSTEM	SIMULATOR	RECV	ALIVE (NOT EXIST SCANPROPERTY) [ALIVE#]
2018-10-22 09:49:56.386	SYSTEM	SIMULATOR	RECV	ALIVE (NOT EXIST SCANPROPERTY) [ALIVE#]
2018-10-22 09:51:35.321	SYSTEM	SIMULATOR	RECV	ALIVE (NOT EXIST SCANPROPERTY) [ALIVE#]
2018-10-22 09:51:50.619	SYSTEM	SIMULATOR	RECV	ALIVE (NOT EXIST SCANPROPERTY) [ALIVE#]
2018-10-22 09:51:55.655	SYSTEM	SIMULATOR	RECV	ALIVE (NOT EXIST SCANPROPERTY) [ALIVE#]
2018-10-22 09:51:56.925	SYSTEM	SIMULATOR	RECV	ALIVE (NOT EXIST SCANPROPERTY) [ALIVE#]
2018-10-22 09:53:23.648	SYSTEM	SIMULATOR	RECV	ALIVE (NOT EXIST SCANPROPERTY) [ALIVE#]
2018-10-22 09:53:44.072	SYSTEM	SIMULATOR	RECV	ALIVE (NOT EXIST SCANPROPERTY) [ALIVE#]
2018-10-22 10:01:02.476	SYSTEM	SIMULATOR	PROC	DriverName=SIMULATOR, Mode=Client, RemoteIP=127.0.0.1, RemotePort=7000, LocalIP=127.0.0.1, LocalPort=7000
2018-10-22 10:01:02.500	SYSTEM	SIMULATOR	PROC	START
2018-10-22 10:01:02.535	SYSTEM	SIMULATOR	PROC	DRIVER STATUS CHANGE NONE>WAITCRA
2018-10-22 10:01:02.536	SYSTEM	SIMULATOR	PROC	DRIVER STATUS CHANGE WAITCRA>CONNECTED
2018-10-22 10:01:02.906	SYSTEM	SIMULATOR	SEND	STAGE_GLASS_EXIST|X#
2018-10-22 10:01:02.912	SYSTEM	SIMULATOR	SEND	CURRENT_RECIPE_CHANGE|1|1#
2018-10-22 10:01:02.915	SYSTEM	SIMULATOR	SEND	AUTO_MODE_CHANGE_EVENT|1#
2018-10-22 10:01:02.919	SYSTEM	SIMULATOR	SEND	MACHINE_MODE_CHANGE_REPORT|1#
2018-10-22 10:01:02.920	SYSTEM	SIMULATOR	SEND	COMMUNICATION|O#
2018-10-22 10:01:03.274	SYSTEM	SIMULATOR	RECV	AUTO_MODE_CHANGE_EVENT_REPLY (NOT EXIST SCANPROPERTY) [AUTO_MODE_CHANGE_EVENT_REPLY#]
2018-10-22 10:01:03.536	SYSTEM	SIMULATOR	RECV	COMMUNICATION_ACK|O (NOT EXIST SCANPROPERTY) [COMMUNICATION_ACK|O#CIM_MODE|1#STAGE_GLASS_EXIST_REPLY#RECIPE_LIST_REQ#CURRENT_RECIPE_CHANGE_ACK#MACHINE_MODE_CHANGE_REPORT_REPLY#ALIVE#]
2018-10-22 10:01:03.789	SYSTEM	SIMULATOR	RECV	CIM_MODE|1 (NOT EXIST SCANPROPERTY) [COMMUNICATION_ACK|O#CIM_MODE|1#STAGE_GLASS_EXIST_REPLY#RECIPE_LIST_REQ#CURRENT_RECIPE_CHANGE_ACK#MACHINE_MODE_CHANGE_REPORT_REPLY#ALIVE#]
2018-10-22 10:01:03.789	SYSTEM	SIMULATOR	RECV	STAGE_GLASS_EXIST_REPLY (NOT EXIST SCANPROPERTY) [COMMUNICATION_ACK|O#CIM_MODE|1#STAGE_GLASS_EXIST_REPLY#RECIPE_LIST_REQ#CURRENT_RECIPE_CHANGE_ACK#MACHINE_MODE_CHANGE_REPORT_REPLY#ALIVE#]
2018-10-22 10:01:04.046	SYSTEM	SIMULATOR	RECV	RECIPE_LIST_REQ (NOT EXIST SCANPROPERTY) [COMMUNICATION_ACK|O#CIM_MODE|1#STAGE_GLASS_EXIST_REPLY#RECIPE_LIST_REQ#CURRENT_RECIPE_CHANGE_ACK#MACHINE_MODE_CHANGE_REPORT_REPLY#ALIVE#]
2018-10-22 10:01:04.053	SYSTEM	SIMULATOR	SEND	RECIPE_LIST_REQ_REPLY|4#
2018-10-22 10:01:04.313	SYSTEM	SIMULATOR	RECV	CURRENT_RECIPE_CHANGE_ACK (NOT EXIST SCANPROPERTY) [COMMUNICATION_ACK|O#CIM_MODE|1#STAGE_GLASS_EXIST_REPLY#RECIPE_LIST_REQ#CURRENT_RECIPE_CHANGE_ACK#MACHINE_MODE_CHANGE_REPORT_REPLY#ALIVE#]
2018-10-22 10:01:04.566	SYSTEM	SIMULATOR	RECV	MACHINE_MODE_CHANGE_REPORT_REPLY (NOT EXIST SCANPROPERTY) [COMMUNICATION_ACK|O#CIM_MODE|1#STAGE_GLASS_EXIST_REPLY#RECIPE_LIST_REQ#CURRENT_RECIPE_CHANGE_ACK#MACHINE_MODE_CHANGE_REPORT_REPLY#ALIVE#]
2018-10-22 10:01:04.822	SYSTEM	SIMULATOR	RECV	ALIVE (NOT EXIST SCANPROPERTY) [COMMUNICATION_ACK|O#CIM_MODE|1#STAGE_GLASS_EXIST_REPLY#RECIPE_LIST_REQ#CURRENT_RECIPE_CHANGE_ACK#MACHINE_MODE_CHANGE_REPORT_REPLY#ALIVE#]
2018-10-22 10:01:05.074	SYSTEM	SIMULATOR	SEND	ALIVE_REPLY#
2018-10-22 10:01:05.328	SYSTEM	SIMULATOR	RECV	COMMUNICATION_ACK|O (NOT EXIST SCANPROPERTY) [COMMUNICATION_ACK|O#CIM_MODE|1#RECIPE_LIST_REQ#ALIVE#ALIVE#]
2018-10-22 10:01:05.582	SYSTEM	SIMULATOR	RECV	CIM_MODE|1 (NOT EXIST SCANPROPERTY) [COMMUNICATION_ACK|O#CIM_MODE|1#RECIPE_LIST_REQ#ALIVE#ALIVE#]
2018-10-22 10:01:05.582	SYSTEM	SIMULATOR	RECV	RECIPE_LIST_REQ (NOT EXIST SCANPROPERTY) [COMMUNICATION_ACK|O#CIM_MODE|1#RECIPE_LIST_REQ#ALIVE#ALIVE#]
2018-10-22 10:01:05.585	SYSTEM	SIMULATOR	SEND	RECIPE_LIST_REQ_REPLY|4#
2018-10-22 10:01:05.841	SYSTEM	SIMULATOR	RECV	ALIVE (NOT EXIST SCANPROPERTY) [COMMUNICATION_ACK|O#CIM_MODE|1#RECIPE_LIST_REQ#ALIVE#ALIVE#]
2018-10-22 10:01:06.095	SYSTEM	SIMULATOR	SEND	ALIVE_REPLY#
2018-10-22 10:01:06.350	SYSTEM	SIMULATOR	RECV	ALIVE (NOT EXIST SCANPROPERTY) [COMMUNICATION_ACK|O#CIM_MODE|1#RECIPE_LIST_REQ#ALIVE#ALIVE#]
2018-10-22 10:01:06.775	SYSTEM	SIMULATOR	SEND	RECIPE_CHANGE_REPORT|1|141,admin,181020183910,35,1,3,5,24,22,20,PAD1,2,4,6,23,21,19,PAD1,11,9,7,26,28,30,PAD1,12,10,8,25,27,29,PAD1,13,15,17,36,34,32,PAD1,14,16,18,35,33,31,PAD1#
2018-10-22 10:01:08.763	SYSTEM	SIMULATOR	RECV	ALIVE (NOT EXIST SCANPROPERTY) [ALIVE#RECIPE_CHANGE_REPORT_ACK|O#RECIPE_LIST_REQ#ALIVE#]
2018-10-22 10:01:09.667	SYSTEM	SIMULATOR	SEND	ALIVE_REPLY#
2018-10-22 10:01:13.811	SYSTEM	SIMULATOR	RECV	RECIPE_CHANGE_REPORT_ACK|O (NOT EXIST SCANPROPERTY) [ALIVE#RECIPE_CHANGE_REPORT_ACK|O#RECIPE_LIST_REQ#ALIVE#]
2018-10-22 10:01:13.811	SYSTEM	SIMULATOR	RECV	RECIPE_LIST_REQ (NOT EXIST SCANPROPERTY) [ALIVE#RECIPE_CHANGE_REPORT_ACK|O#RECIPE_LIST_REQ#ALIVE#]
2018-10-22 10:01:13.815	SYSTEM	SIMULATOR	SEND	RECIPE_LIST_REQ_REPLY|4#
2018-10-22 10:01:14.069	SYSTEM	SIMULATOR	RECV	ALIVE (NOT EXIST SCANPROPERTY) [ALIVE#RECIPE_CHANGE_REPORT_ACK|O#RECIPE_LIST_REQ#ALIVE#]
2018-10-22 10:01:14.320	SYSTEM	SIMULATOR	SEND	ALIVE_REPLY#
2018-10-22 10:01:14.574	SYSTEM	SIMULATOR	RECV	ALIVE (NOT EXIST SCANPROPERTY) [ALIVE#]
2018-10-22 10:01:15.080	SYSTEM	SIMULATOR	RECV	ALIVE (NOT EXIST SCANPROPERTY) [ALIVE#]
2018-10-22 10:01:15.819	SYSTEM	SIMULATOR	RECV	ALIVE (NOT EXIST SCANPROPERTY) [ALIVE#]
2018-10-22 10:01:16.820	SYSTEM	SIMULATOR	RECV	ALIVE (NOT EXIST SCANPROPERTY) [ALIVE#]
2018-10-22 10:01:17.821	SYSTEM	SIMULATOR	RECV	ALIVE (NOT EXIST SCANPROPERTY) [ALIVE#]
2018-10-22 10:01:18.822	SYSTEM	SIMULATOR	RECV	ALIVE (NOT EXIST SCANPROPERTY) [ALIVE#]
2018-10-22 10:01:19.827	SYSTEM	SIMULATOR	RECV	ALIVE (NOT EXIST SCANPROPERTY) [ALIVE#]
2018-10-22 10:01:20.333	SYSTEM	SIMULATOR	RECV	STATE_REQUEST (NOT EXIST SCANPROPERTY) [STATE_REQUEST#]
2018-10-22 10:01:20.337	SYSTEM	SIMULATOR	SEND	STATE_REQUEST_ACK|1|2#
2018-10-22 10:01:20.834	SYSTEM	SIMULATOR	RECV	ALIVE (NOT EXIST SCANPROPERTY) [ALIVE#]
2018-10-22 10:01:21.086	SYSTEM	SIMULATOR	SEND	ALIVE_REPLY#
2018-10-22 10:01:21.838	SYSTEM	SIMULATOR	RECV	ALIVE (NOT EXIST SCANPROPERTY) [ALIVE#]
2018-10-22 10:01:22.839	SYSTEM	SIMULATOR	RECV	ALIVE (NOT EXIST SCANPROPERTY) [ALIVE#]
2018-10-22 10:01:23.842	SYSTEM	SIMULATOR	RECV	ALIVE (NOT EXIST SCANPROPERTY) [ALIVE#]
2018-10-22 10:01:24.847	SYSTEM	SIMULATOR	RECV	ALIVE (NOT EXIST SCANPROPERTY) [ALIVE#]
2018-10-22 10:01:25.848	SYSTEM	SIMULATOR	RECV	ALIVE (NOT EXIST SCANPROPERTY) [ALIVE#]
2018-10-22 10:01:26.849	SYSTEM	SIMULATOR	RECV	ALIVE (NOT EXIST SCANPROPERTY) [ALIVE#]
2018-10-22 10:01:27.852	SYSTEM	SIMULATOR	RECV	ALIVE (NOT EXIST SCANPROPERTY) [ALIVE#]
2018-10-22 10:01:28.859	SYSTEM	SIMULATOR	RECV	ALIVE (NOT EXIST SCANPROPERTY) [ALIVE#]
2018-10-22 10:01:29.854	SYSTEM	SIMULATOR	RECV	ALIVE (NOT EXIST SCANPROPERTY) [ALIVE#]
2018-10-22 10:01:30.859	SYSTEM	SIMULATOR	RECV	ALIVE (NOT EXIST SCANPROPERTY) [ALIVE#]
2018-10-22 10:01:31.860	SYSTEM	SIMULATOR	RECV	ALIVE (NOT EXIST SCANPROPERTY) [ALIVE#]
2018-10-22 10:01:32.861	SYSTEM	SIMULATOR	RECV	ALIVE (NOT EXIST SCANPROPERTY) [ALIVE#]
2018-10-22 10:01:33.863	SYSTEM	SIMULATOR	RECV	ALIVE (NOT EXIST SCANPROPERTY) [ALIVE#]
2018-10-22 10:01:34.866	SYSTEM	SIMULATOR	RECV	ALIVE (NOT EXIST SCANPROPERTY) [ALIVE#]
2018-10-22 10:01:35.868	SYSTEM	SIMULATOR	RECV	ALIVE (NOT EXIST SCANPROPERTY) [ALIVE#]
2018-10-22 10:01:36.868	SYSTEM	SIMULATOR	RECV	ALIVE (NOT EXIST SCANPROPERTY) [ALIVE#]
2018-10-22 10:01:37.870	SYSTEM	SIMULATOR	RECV	ALIVE (NOT EXIST SCANPROPERTY) [ALIVE#]
2018-10-22 10:01:38.871	SYSTEM	SIMULATOR	RECV	ALIVE (NOT EXIST SCANPROPERTY) [ALIVE#]
2018-10-22 10:01:39.872	SYSTEM	SIMULATOR	RECV	ALIVE (NOT EXIST SCANPROPERTY) [ALIVE#]
2018-10-22 10:01:40.874	SYSTEM	SIMULATOR	RECV	ALIVE (NOT EXIST SCANPROPERTY) [ALIVE#]
2018-10-22 10:01:41.875	SYSTEM	SIMULATOR	RECV	ALIVE (NOT EXIST SCANPROPERTY) [ALIVE#]
2018-10-22 10:01:42.879	SYSTEM	SIMULATOR	RECV	ALIVE (NOT EXIST SCANPROPERTY) [ALIVE#]
2018-10-22 10:01:43.880	SYSTEM	SIMULATOR	RECV	ALIVE (NOT EXIST SCANPROPERTY) [ALIVE#]
2018-10-22 10:01:44.887	SYSTEM	SIMULATOR	RECV	ALIVE (NOT EXIST SCANPROPERTY) [ALIVE#]
2018-10-22 10:01:45.893	SYSTEM	SIMULATOR	RECV	ALIVE (NOT EXIST SCANPROPERTY) [ALIVE#]
2018-10-22 10:01:46.895	SYSTEM	SIMULATOR	RECV	ALIVE (NOT EXIST SCANPROPERTY) [ALIVE#]
2018-10-22 10:01:47.896	SYSTEM	SIMULATOR	RECV	ALIVE (NOT EXIST SCANPROPERTY) [ALIVE#]
2018-10-22 10:01:48.897	SYSTEM	SIMULATOR	RECV	ALIVE (NOT EXIST SCANPROPERTY) [ALIVE#]
2018-10-22 10:01:49.898	SYSTEM	SIMULATOR	RECV	ALIVE (NOT EXIST SCANPROPERTY) [ALIVE#]
2018-10-22 10:01:50.573	SYSTEM	SIMULATOR	RECV	CIM_MESSAGE_ON|X| (NOT EXIST SCANPROPERTY) [CIM_MESSAGE_ON|X|#]
2018-10-22 10:01:50.576	SYSTEM	SIMULATOR	SEND	CIM_MESSAGE_ON_REPLY#
2018-10-22 10:01:50.900	SYSTEM	SIMULATOR	RECV	ALIVE (NOT EXIST SCANPROPERTY) [ALIVE#]
2018-10-22 10:01:51.154	SYSTEM	SIMULATOR	SEND	ALIVE_REPLY#
2018-10-22 10:01:51.903	SYSTEM	SIMULATOR	RECV	ALIVE (NOT EXIST SCANPROPERTY) [ALIVE#]
2018-10-22 10:01:52.906	SYSTEM	SIMULATOR	RECV	ALIVE (NOT EXIST SCANPROPERTY) [ALIVE#]
2018-10-22 10:01:53.907	SYSTEM	SIMULATOR	RECV	ALIVE (NOT EXIST SCANPROPERTY) [ALIVE#]
2018-10-22 10:01:54.910	SYSTEM	SIMULATOR	RECV	ALIVE (NOT EXIST SCANPROPERTY) [ALIVE#]
2018-10-22 10:01:55.105	SYSTEM	SIMULATOR	SEND	RECIPE_CHANGE_REPORT|1|141,admin,181020183910,35,1,3,5,24,22,20,PAD1,2,4,6,23,21,19,PAD1,11,9,7,26,28,30,PAD1,12,10,8,25,27,29,PAD1,13,15,17,36,34,32,PAD1,14,16,18,35,33,31,PAD1#
2018-10-22 10:02:02.689	SYSTEM	SIMULATOR	SEND	ALIVE_REPLY#
2018-10-22 10:02:06.869	SYSTEM	SIMULATOR	RECV	RECIPE_CHANGE_REPORT_ACK|O (NOT EXIST SCANPROPERTY) [RECIPE_CHANGE_REPORT_ACK|O#RECIPE_LIST_REQ#ALIVE#]
2018-10-22 10:02:06.869	SYSTEM	SIMULATOR	RECV	RECIPE_LIST_REQ (NOT EXIST SCANPROPERTY) [RECIPE_CHANGE_REPORT_ACK|O#RECIPE_LIST_REQ#ALIVE#]
2018-10-22 10:02:07.575	SYSTEM	SIMULATOR	SEND	RECIPE_LIST_REQ_REPLY|4#
2018-10-22 10:02:15.694	SYSTEM	SIMULATOR	RECV	ALIVE (NOT EXIST SCANPROPERTY) [RECIPE_CHANGE_REPORT_ACK|O#RECIPE_LIST_REQ#ALIVE#]
2018-10-22 10:02:33.875	SYSTEM	SIMULATOR	SEND	ALIVE_REPLY#
2018-10-22 10:02:40.201	SYSTEM	SIMULATOR	RECV	ALIVE (NOT EXIST SCANPROPERTY) [ALIVE#]
