2016-11-25 08:45:55.116	SYSTEM	DriverStatusChange	YANGSYS.CommDrv	DRIVER STATUS CHANGE None	Listen
2016-11-25 08:45:59.967	SYSTEM	DriverStatusChange	YANGSYS.CommDrv	DRIVER STATUS CHANGE Listen	Connected
2016-11-25 09:38:09.979	SYSTEM	DriverStatusChange	YANGSYS.CommDrv	DRIVER STATUS CHANGE None	Listen
2016-11-25 09:38:12.142	SYSTEM	DriverStatusChange	YANGSYS.CommDrv	DRIVER STATUS CHANGE Listen	Connected
2016-11-25 09:44:04.840	SYSTEM	DriverStatusChange	YANGSYS.CommDrv	DRIVER STATUS CHANGE None	Listen
2016-11-25 09:44:05.775	SYSTEM	DriverStatusChange	YANGSYS.CommDrv	DRIVER STATUS CHANGE Listen	Connected
2016-11-25 13:05:16.583	SYSTEM	DriverStatusChange	YANGSYS.CommDrv	DRIVER STATUS CHANGE None	Listen
2016-11-25 13:05:21.166	SYSTEM	DriverStatusChange	YANGSYS.CommDrv	DRIVER STATUS CHANGE Listen	Connected
2016-11-25 13:05:25.325	SYSTEM	DriverStatusChange	YANGSYS.CommDrv	DRIVER STATUS CHANGE Connected	Closed
2016-11-25 13:05:29.994	SYSTEM	DriverStatusChange	YANGSYS.CommDrv	DRIVER STATUS CHANGE Closed	Closed
2016-11-25 13:05:29.997	SYSTEM	DriverStatusChange	YANGSYS.CommDrv	DRIVER STATUS CHANGE None	WaitCRA
2016-11-25 13:08:01.034	SYSTEM	DriverStatusChange	YANGSYS.CommDrv	DRIVER STATUS CHANGE None	WaitCRA
2016-11-25 13:08:08.784	SYSTEM	DriverStatusChange	YANGSYS.CommDrv	DRIVER STATUS CHANGE WaitCRA	Closed
2016-11-25 13:08:08.786	SYSTEM	DriverStatusChange	YANGSYS.CommDrv	DRIVER STATUS CHANGE None	Listen
2016-11-25 13:08:13.213	SYSTEM	DriverStatusChange	YANGSYS.CommDrv	DRIVER STATUS CHANGE Listen	Connected
2016-11-25 13:47:38.693	SYSTEM	DriverStatusChange	YANGSYS.CommDrv	DRIVER STATUS CHANGE None	Listen
2016-11-25 13:48:00.537	SYSTEM	DriverStatusChange	YANGSYS.CommDrv	DRIVER STATUS CHANGE Listen	Connected
2016-11-25 15:36:45.510	SYSTEM	DriverStatusChange	YANGSYS.CommDrv	DRIVER STATUS CHANGE None	Listen
2016-11-25 15:36:46.490	SYSTEM	DriverStatusChange	YANGSYS.CommDrv	DRIVER STATUS CHANGE Listen	Connected
2016-11-25 15:52:24.656	SYSTEM	DriverStatusChange	YANGSYS.CommDrv	DRIVER STATUS CHANGE None	Listen
2016-11-25 15:52:30.351	SYSTEM	DriverStatusChange	YANGSYS.CommDrv	DRIVER STATUS CHANGE Listen	Connected
2016-11-25 16:01:31.690	SYSTEM	DriverStatusChange	YANGSYS.CommDrv	DRIVER STATUS CHANGE None	Listen
2016-11-25 16:01:37.270	SYSTEM	DriverStatusChange	YANGSYS.CommDrv	DRIVER STATUS CHANGE Listen	Connected
2016-11-25 16:15:06.877	SYSTEM	DriverStatusChange	YANGSYS.CommDrv	DRIVER STATUS CHANGE None	Listen
2016-11-25 16:15:13.014	SYSTEM	DriverStatusChange	YANGSYS.CommDrv	DRIVER STATUS CHANGE Listen	Connected
2016-11-25 16:21:32.278	SYSTEM	DriverStatusChange	YANGSYS.CommDrv	DRIVER STATUS CHANGE None	Listen
2016-11-25 16:21:37.992	SYSTEM	DriverStatusChange	YANGSYS.CommDrv	DRIVER STATUS CHANGE Listen	Connected
2016-11-25 17:22:02.399	SYSTEM	DriverStatusChange	YANGSYS.CommDrv	DRIVER STATUS CHANGE None	Listen
2016-11-25 17:22:08.197	SYSTEM	DriverStatusChange	YANGSYS.CommDrv	DRIVER STATUS CHANGE Listen	Connected
2016-11-25 17:22:28.060	SYSTEM	DriverStatusChange	YANGSYS.CommDrv	DRIVER STATUS CHANGE None	Listen
2016-11-25 17:22:33.840	SYSTEM	DriverStatusChange	YANGSYS.CommDrv	DRIVER STATUS CHANGE Listen	Connected
2016-11-25 17:27:03.520	SYSTEM	DriverStatusChange	YANGSYS.CommDrv	DRIVER STATUS CHANGE None	Listen
2016-11-25 17:27:09.284	SYSTEM	DriverStatusChange	YANGSYS.CommDrv	DRIVER STATUS CHANGE Listen	Connected
2016-11-25 17:33:46.779	SYSTEM	DriverStatusChange	YANGSYS.CommDrv	DRIVER STATUS CHANGE None	Listen
2016-11-25 17:33:53.212	SYSTEM	DriverStatusChange	YANGSYS.CommDrv	DRIVER STATUS CHANGE Listen	Connected
2016-11-25 17:37:23.398	SYSTEM	DriverStatusChange	YANGSYS.CommDrv	DRIVER STATUS CHANGE None	Listen
2016-11-25 17:37:29.061	SYSTEM	DriverStatusChange	YANGSYS.CommDrv	DRIVER STATUS CHANGE Listen	Connected
2016-11-25 18:00:18.065	SYSTEM	DriverStatusChange	YANGSYS.CommDrv	DRIVER STATUS CHANGE None	Listen
2016-11-25 18:00:25.428	SYSTEM	DriverStatusChange	YANGSYS.CommDrv	DRIVER STATUS CHANGE Listen	Connected
2016-11-25 18:09:16.480	SYSTEM	DriverStatusChange	YANGSYS.CommDrv	DRIVER STATUS CHANGE None	Listen
2016-11-25 18:10:50.029	SYSTEM	DriverStatusChange	YANGSYS.CommDrv	DRIVER STATUS CHANGE None	Listen
2016-11-25 18:10:58.349	SYSTEM	DriverStatusChange	YANGSYS.CommDrv	DRIVER STATUS CHANGE Listen	Connected
2016-11-25 18:12:05.963	SYSTEM	DriverStatusChange	YANGSYS.CommDrv	DRIVER STATUS CHANGE None	Listen
2016-11-25 18:12:12.485	SYSTEM	DriverStatusChange	YANGSYS.CommDrv	DRIVER STATUS CHANGE Listen	Connected
