2016-11-24 16:29:12.070	SYSTEM	DriverStatusChange	YANGSYS.CommDrv	DRIVER STATUS CHANGE None	WaitCRA
2016-11-24 16:29:36.238	SYSTEM	DriverStatusChange	YANGSYS.CommDrv	DRIVER STATUS CHANGE WaitCRA	Connected
2016-11-24 16:56:54.241	SYSTEM	DriverStatusChange	YANGSYS.CommDrv	DRIVER STATUS CHANGE None	WaitCRA
2016-11-24 17:11:29.907	SYSTEM	DriverStatusChange	YANGSYS.CommDrv	DRIVER STATUS CHANGE None	WaitCRA
2016-11-24 17:12:05.411	SYSTEM	DriverStatusChange	YANGSYS.CommDrv	DRIVER STATUS CHANGE WaitCRA	Closed
2016-11-24 17:12:05.413	SYSTEM	DriverStatusChange	YANGSYS.CommDrv	DRIVER STATUS CHANGE None	Listen
2016-11-24 17:12:42.504	SYSTEM	DriverStatusChange	YANGSYS.CommDrv	DRIVER STATUS CHANGE Listen	Closed
2016-11-24 17:13:03.372	SYSTEM	DriverStatusChange	YANGSYS.CommDrv	DRIVER STATUS CHANGE None	Listen
2016-11-24 17:14:06.339	SYSTEM	DriverStatusChange	YANGSYS.CommDrv	DRIVER STATUS CHANGE None	Listen
2016-11-24 17:14:12.658	SYSTEM	DriverStatusChange	YANGSYS.CommDrv	DRIVER STATUS CHANGE Listen	Connected
2016-11-24 18:10:49.962	SYSTEM	DriverStatusChange	YANGSYS.CommDrv	DRIVER STATUS CHANGE None	Listen
2016-11-24 18:10:59.035	SYSTEM	DriverStatusChange	YANGSYS.CommDrv	DRIVER STATUS CHANGE Listen	Connected
2016-11-24 18:11:58.862	SYSTEM	DriverStatusChange	YANGSYS.CommDrv	DRIVER STATUS CHANGE None	Listen
2016-11-24 18:13:15.417	SYSTEM	DriverStatusChange	YANGSYS.CommDrv	DRIVER STATUS CHANGE None	Listen
2016-11-24 18:25:50.804	SYSTEM	DriverStatusChange	YANGSYS.CommDrv	DRIVER STATUS CHANGE None	Listen
2016-11-24 18:25:56.201	SYSTEM	DriverStatusChange	YANGSYS.CommDrv	DRIVER STATUS CHANGE Listen	Connected
2016-11-24 18:29:20.704	SYSTEM	DriverStatusChange	YANGSYS.CommDrv	DRIVER STATUS CHANGE None	Listen
2016-11-24 18:29:24.961	SYSTEM	DriverStatusChange	YANGSYS.CommDrv	DRIVER STATUS CHANGE Listen	Connected
2016-11-24 18:30:31.503	SYSTEM	DriverStatusChange	YANGSYS.CommDrv	DRIVER STATUS CHANGE None	Listen
2016-11-24 18:30:35.610	SYSTEM	DriverStatusChange	YANGSYS.CommDrv	DRIVER STATUS CHANGE Listen	Connected
2016-11-24 18:59:42.836	SYSTEM	DriverStatusChange	YANGSYS.CommDrv	DRIVER STATUS CHANGE None	Listen
2016-11-24 18:59:46.964	SYSTEM	DriverStatusChange	YANGSYS.CommDrv	DRIVER STATUS CHANGE Listen	Connected
2016-11-24 19:01:16.176	SYSTEM	DriverStatusChange	YANGSYS.CommDrv	DRIVER STATUS CHANGE None	Listen
2016-11-24 19:01:20.314	SYSTEM	DriverStatusChange	YANGSYS.CommDrv	DRIVER STATUS CHANGE Listen	Connected
2016-11-24 19:01:48.347	SYSTEM	DriverStatusChange	YANGSYS.CommDrv	DRIVER STATUS CHANGE None	Listen
2016-11-24 19:01:52.782	SYSTEM	DriverStatusChange	YANGSYS.CommDrv	DRIVER STATUS CHANGE Listen	Connected
2016-11-24 19:02:17.615	SYSTEM	DriverStatusChange	YANGSYS.CommDrv	DRIVER STATUS CHANGE None	Listen
2016-11-24 19:02:21.923	SYSTEM	DriverStatusChange	YANGSYS.CommDrv	DRIVER STATUS CHANGE Listen	Connected
2016-11-24 19:05:23.136	SYSTEM	DriverStatusChange	YANGSYS.CommDrv	DRIVER STATUS CHANGE None	Listen
2016-11-24 19:05:27.696	SYSTEM	DriverStatusChange	YANGSYS.CommDrv	DRIVER STATUS CHANGE Listen	Connected
