2016-11-28 09:56:45.104	SYSTEM	DriverStatusChange	YANGSYS.CommDrv	DRIVER STATUS CHANGE None	Listen
2016-11-28 09:57:13.881	SYSTEM	DriverStatusChange	YANGSYS.CommDrv	DRIVER STATUS CHANGE None	Listen
2016-11-28 09:57:18.922	SYSTEM	DriverStatusChange	YANGSYS.CommDrv	DRIVER STATUS CHANGE Listen	Connected
2016-11-28 09:58:16.171	SYSTEM	DriverStatusChange	YANGSYS.CommDrv	DRIVER STATUS CHANGE None	Listen
2016-11-28 09:58:21.845	SYSTEM	DriverStatusChange	YANGSYS.CommDrv	DRIVER STATUS CHANGE Listen	Connected
2016-11-28 12:51:32.128	SYSTEM	DriverStatusChange	YANGSYS.CommDrv	DRIVER STATUS CHANGE None	Listen
2016-11-28 12:51:37.518	SYSTEM	DriverStatusChange	YANGSYS.CommDrv	DRIVER STATUS CHANGE Listen	Connected
2016-11-28 13:25:13.883	SYSTEM	DriverStatusChange	YANGSYS.CommDrv	DRIVER STATUS CHANGE None	Listen
2016-11-28 13:25:19.165	SYSTEM	DriverStatusChange	YANGSYS.CommDrv	DRIVER STATUS CHANGE Listen	Connected
2016-11-28 13:39:35.139	SYSTEM	DriverStatusChange	YANGSYS.CommDrv	DRIVER STATUS CHANGE None	Listen
2016-11-28 13:39:40.684	SYSTEM	DriverStatusChange	YANGSYS.CommDrv	DRIVER STATUS CHANGE Listen	Connected
2016-11-28 14:03:16.055	SYSTEM	DriverStatusChange	YANGSYS.CommDrv	DRIVER STATUS CHANGE None	Listen
2016-11-28 14:03:22.336	SYSTEM	DriverStatusChange	YANGSYS.CommDrv	DRIVER STATUS CHANGE Listen	Connected
2016-11-28 14:47:52.275	SYSTEM	DriverStatusChange	YANGSYS.CommDrv	DRIVER STATUS CHANGE None	Listen
2016-11-28 14:47:57.901	SYSTEM	DriverStatusChange	YANGSYS.CommDrv	DRIVER STATUS CHANGE Listen	Connected
2016-11-28 14:48:27.759	SYSTEM	DriverStatusChange	YANGSYS.CommDrv	DRIVER STATUS CHANGE None	Listen
2016-11-28 14:49:00.164	SYSTEM	DriverStatusChange	YANGSYS.CommDrv	DRIVER STATUS CHANGE Listen	Closed
2016-11-28 14:49:02.620	SYSTEM	DriverStatusChange	YANGSYS.CommDrv	DRIVER STATUS CHANGE Closed	Closed
2016-11-28 14:49:02.621	SYSTEM	DriverStatusChange	YANGSYS.CommDrv	DRIVER STATUS CHANGE None	WaitCRA
2016-11-28 14:49:23.043	SYSTEM	DriverStatusChange	YANGSYS.CommDrv	DRIVER STATUS CHANGE None	WaitCRA
2016-11-28 14:49:29.076	SYSTEM	DriverStatusChange	YANGSYS.CommDrv	DRIVER STATUS CHANGE WaitCRA	Connected
2016-11-28 14:57:26.757	SYSTEM	DriverStatusChange	YANGSYS.CommDrv	DRIVER STATUS CHANGE None	WaitCRA
2016-11-28 14:57:32.801	SYSTEM	DriverStatusChange	YANGSYS.CommDrv	DRIVER STATUS CHANGE WaitCRA	Connected
