2017-09-21 21:20:08.441	SYSTEM	SIMULATOR	PROC	DriverName=SIMULATOR, Mode=Client, RemoteIP=127.0.0.1, RemotePort=7000, LocalIP=127.0.0.1, LocalPort=7000
2017-09-21 21:20:08.464	SYSTEM	SIMULATOR	PROC	START
2017-09-21 21:20:08.481	SYSTEM	SIMULATOR	PROC	DRIVER STATUS CHANGE NONE>WAITCRA
2017-09-21 21:20:08.482	SYSTEM	SIMULATOR	PROC	DRIVER STATUS CHANGE WAITCRA>CONNECTED
2017-09-21 21:20:09.019	SYSTEM	SIMULATOR	SEND	STAGE_GLASS_EXIST|X#
2017-09-21 21:20:09.023	SYSTEM	SIMULATOR	RECV	STATE_REQUEST (NOT EXIST SCANPROPERTY) [STATE_REQUEST#]
2017-09-21 21:20:09.026	SYSTEM	SIMULATOR	SEND	CURRENT_RECIPE_CHANGE|1|1#
2017-09-21 21:20:09.029	SYSTEM	SIMULATOR	SEND	AUTO_MODE_CHANGE_EVENT|1#
2017-09-21 21:20:09.033	SYSTEM	SIMULATOR	SEND	MACHINE_MODE_CHANGE_REPORT|1#
2017-09-21 21:20:09.033	SYSTEM	SIMULATOR	SEND	COMMUNICATION|O#
2017-09-21 21:20:09.033	SYSTEM	SIMULATOR	SEND	STATE_REQUEST_ACK|1|2#
2017-09-21 21:20:09.286	SYSTEM	SIMULATOR	RECV	AUTO_MODE_CHANGE_EVENT_REPLY (NOT EXIST SCANPROPERTY) [AUTO_MODE_CHANGE_EVENT_REPLY#STAGE_GLASS_EXIST_REPLY#CURRENT_RECIPE_CHANGE_ACK#MACHINE_MODE_CHANGE_REPORT_REPLY#COMMUNICATION_ACK|O#CIM_MODE|1#RECIPE_LIST_REQ#ALIVE#]
2017-09-21 21:20:09.537	SYSTEM	SIMULATOR	RECV	STAGE_GLASS_EXIST_REPLY (NOT EXIST SCANPROPERTY) [AUTO_MODE_CHANGE_EVENT_REPLY#STAGE_GLASS_EXIST_REPLY#CURRENT_RECIPE_CHANGE_ACK#MACHINE_MODE_CHANGE_REPORT_REPLY#COMMUNICATION_ACK|O#CIM_MODE|1#RECIPE_LIST_REQ#ALIVE#]
2017-09-21 21:20:09.790	SYSTEM	SIMULATOR	RECV	CURRENT_RECIPE_CHANGE_ACK (NOT EXIST SCANPROPERTY) [AUTO_MODE_CHANGE_EVENT_REPLY#STAGE_GLASS_EXIST_REPLY#CURRENT_RECIPE_CHANGE_ACK#MACHINE_MODE_CHANGE_REPORT_REPLY#COMMUNICATION_ACK|O#CIM_MODE|1#RECIPE_LIST_REQ#ALIVE#]
2017-09-21 21:20:10.042	SYSTEM	SIMULATOR	RECV	MACHINE_MODE_CHANGE_REPORT_REPLY (NOT EXIST SCANPROPERTY) [AUTO_MODE_CHANGE_EVENT_REPLY#STAGE_GLASS_EXIST_REPLY#CURRENT_RECIPE_CHANGE_ACK#MACHINE_MODE_CHANGE_REPORT_REPLY#COMMUNICATION_ACK|O#CIM_MODE|1#RECIPE_LIST_REQ#ALIVE#]
2017-09-21 21:20:10.294	SYSTEM	SIMULATOR	RECV	COMMUNICATION_ACK|O (NOT EXIST SCANPROPERTY) [AUTO_MODE_CHANGE_EVENT_REPLY#STAGE_GLASS_EXIST_REPLY#CURRENT_RECIPE_CHANGE_ACK#MACHINE_MODE_CHANGE_REPORT_REPLY#COMMUNICATION_ACK|O#CIM_MODE|1#RECIPE_LIST_REQ#ALIVE#]
2017-09-21 21:20:10.546	SYSTEM	SIMULATOR	RECV	CIM_MODE|1 (NOT EXIST SCANPROPERTY) [AUTO_MODE_CHANGE_EVENT_REPLY#STAGE_GLASS_EXIST_REPLY#CURRENT_RECIPE_CHANGE_ACK#MACHINE_MODE_CHANGE_REPORT_REPLY#COMMUNICATION_ACK|O#CIM_MODE|1#RECIPE_LIST_REQ#ALIVE#]
2017-09-21 21:20:10.546	SYSTEM	SIMULATOR	RECV	RECIPE_LIST_REQ (NOT EXIST SCANPROPERTY) [AUTO_MODE_CHANGE_EVENT_REPLY#STAGE_GLASS_EXIST_REPLY#CURRENT_RECIPE_CHANGE_ACK#MACHINE_MODE_CHANGE_REPORT_REPLY#COMMUNICATION_ACK|O#CIM_MODE|1#RECIPE_LIST_REQ#ALIVE#]
2017-09-21 21:20:10.548	SYSTEM	SIMULATOR	SEND	RECIPE_LIST_REQ_REPLY|4#
2017-09-21 21:20:10.800	SYSTEM	SIMULATOR	RECV	ALIVE (NOT EXIST SCANPROPERTY) [AUTO_MODE_CHANGE_EVENT_REPLY#STAGE_GLASS_EXIST_REPLY#CURRENT_RECIPE_CHANGE_ACK#MACHINE_MODE_CHANGE_REPORT_REPLY#COMMUNICATION_ACK|O#CIM_MODE|1#RECIPE_LIST_REQ#ALIVE#]
2017-09-21 21:20:11.051	SYSTEM	SIMULATOR	SEND	ALIVE_REPLY#
2017-09-21 21:20:11.304	SYSTEM	SIMULATOR	RECV	ALIVE (NOT EXIST SCANPROPERTY) [ALIVE#ALIVE#]
2017-09-21 21:20:11.808	SYSTEM	SIMULATOR	RECV	ALIVE (NOT EXIST SCANPROPERTY) [ALIVE#ALIVE#]
2017-09-21 21:20:12.311	SYSTEM	SIMULATOR	RECV	ALIVE (NOT EXIST SCANPROPERTY) [ALIVE#]
2017-09-21 21:20:13.218	SYSTEM	SIMULATOR	RECV	ALIVE (NOT EXIST SCANPROPERTY) [ALIVE#]
2017-09-21 21:20:14.240	SYSTEM	SIMULATOR	RECV	ALIVE (NOT EXIST SCANPROPERTY) [ALIVE#]
2017-09-21 21:20:15.241	SYSTEM	SIMULATOR	RECV	ALIVE (NOT EXIST SCANPROPERTY) [ALIVE#]
2017-09-21 21:20:16.241	SYSTEM	SIMULATOR	RECV	ALIVE (NOT EXIST SCANPROPERTY) [ALIVE#]
2017-09-21 21:20:17.243	SYSTEM	SIMULATOR	RECV	ALIVE (NOT EXIST SCANPROPERTY) [ALIVE#]
2017-09-21 21:20:18.243	SYSTEM	SIMULATOR	RECV	ALIVE (NOT EXIST SCANPROPERTY) [ALIVE#]
2017-09-21 21:20:19.245	SYSTEM	SIMULATOR	RECV	ALIVE (NOT EXIST SCANPROPERTY) [ALIVE#]
2017-09-21 21:20:20.246	SYSTEM	SIMULATOR	RECV	ALIVE (NOT EXIST SCANPROPERTY) [ALIVE#]
2017-09-21 21:20:21.246	SYSTEM	SIMULATOR	RECV	ALIVE (NOT EXIST SCANPROPERTY) [ALIVE#]
2017-09-21 21:20:22.247	SYSTEM	SIMULATOR	RECV	ALIVE (NOT EXIST SCANPROPERTY) [ALIVE#]
2017-09-21 21:20:23.249	SYSTEM	SIMULATOR	RECV	ALIVE (NOT EXIST SCANPROPERTY) [ALIVE#]
2017-09-21 21:20:24.249	SYSTEM	SIMULATOR	RECV	ALIVE (NOT EXIST SCANPROPERTY) [ALIVE#]
2017-09-21 21:20:25.251	SYSTEM	SIMULATOR	RECV	ALIVE (NOT EXIST SCANPROPERTY) [ALIVE#]
2017-09-21 21:20:26.251	SYSTEM	SIMULATOR	RECV	ALIVE (NOT EXIST SCANPROPERTY) [ALIVE#]
2017-09-21 21:20:27.252	SYSTEM	SIMULATOR	RECV	ALIVE (NOT EXIST SCANPROPERTY) [ALIVE#]
2017-09-21 21:20:28.253	SYSTEM	SIMULATOR	RECV	ALIVE (NOT EXIST SCANPROPERTY) [ALIVE#]
2017-09-21 21:20:29.253	SYSTEM	SIMULATOR	RECV	ALIVE (NOT EXIST SCANPROPERTY) [ALIVE#]
2017-09-21 21:20:30.254	SYSTEM	SIMULATOR	RECV	ALIVE (NOT EXIST SCANPROPERTY) [ALIVE#]
2017-09-21 21:20:31.255	SYSTEM	SIMULATOR	RECV	ALIVE (NOT EXIST SCANPROPERTY) [ALIVE#]
2017-09-21 21:20:32.256	SYSTEM	SIMULATOR	RECV	ALIVE (NOT EXIST SCANPROPERTY) [ALIVE#]
2017-09-21 21:20:33.257	SYSTEM	SIMULATOR	RECV	ALIVE (NOT EXIST SCANPROPERTY) [ALIVE#]
2017-09-21 21:20:34.258	SYSTEM	SIMULATOR	RECV	ALIVE (NOT EXIST SCANPROPERTY) [ALIVE#]
2017-09-21 21:20:35.258	SYSTEM	SIMULATOR	RECV	ALIVE (NOT EXIST SCANPROPERTY) [ALIVE#]
2017-09-21 21:20:36.259	SYSTEM	SIMULATOR	RECV	ALIVE (NOT EXIST SCANPROPERTY) [ALIVE#]
2017-09-21 21:20:37.260	SYSTEM	SIMULATOR	RECV	ALIVE (NOT EXIST SCANPROPERTY) [ALIVE#]
2017-09-21 21:20:38.260	SYSTEM	SIMULATOR	RECV	ALIVE (NOT EXIST SCANPROPERTY) [ALIVE#]
2017-09-21 21:20:39.261	SYSTEM	SIMULATOR	RECV	ALIVE (NOT EXIST SCANPROPERTY) [ALIVE#]
2017-09-21 21:20:39.985	SYSTEM	SIMULATOR	SEND	PROCESS_STATUS_SEND|1#
2017-09-21 21:20:39.989	SYSTEM	SIMULATOR	RECV	PROCESS_STATUS_SEND_REPLY (NOT EXIST SCANPROPERTY) [PROCESS_STATUS_SEND_REPLY#]
2017-09-21 21:20:40.262	SYSTEM	SIMULATOR	RECV	ALIVE (NOT EXIST SCANPROPERTY) [ALIVE#]
2017-09-21 21:20:40.512	SYSTEM	SIMULATOR	SEND	ALIVE_REPLY#
2017-09-21 21:20:41.263	SYSTEM	SIMULATOR	RECV	ALIVE (NOT EXIST SCANPROPERTY) [ALIVE#]
2017-09-21 21:20:42.266	SYSTEM	SIMULATOR	RECV	ALIVE (NOT EXIST SCANPROPERTY) [ALIVE#]
2017-09-21 21:20:43.226	SYSTEM	SIMULATOR	SEND	PROCESS_STATUS_SEND|1#
2017-09-21 21:20:43.230	SYSTEM	SIMULATOR	RECV	PROCESS_STATUS_SEND_REPLY (NOT EXIST SCANPROPERTY) [PROCESS_STATUS_SEND_REPLY#]
2017-09-21 21:20:43.267	SYSTEM	SIMULATOR	RECV	ALIVE (NOT EXIST SCANPROPERTY) [ALIVE#]
2017-09-21 21:20:43.518	SYSTEM	SIMULATOR	SEND	ALIVE_REPLY#
2017-09-21 21:20:44.267	SYSTEM	SIMULATOR	RECV	ALIVE (NOT EXIST SCANPROPERTY) [ALIVE#]
2017-09-21 21:20:45.268	SYSTEM	SIMULATOR	RECV	ALIVE (NOT EXIST SCANPROPERTY) [ALIVE#]
2017-09-21 21:20:46.270	SYSTEM	SIMULATOR	RECV	ALIVE (NOT EXIST SCANPROPERTY) [ALIVE#]
2017-09-21 21:20:47.270	SYSTEM	SIMULATOR	RECV	ALIVE (NOT EXIST SCANPROPERTY) [ALIVE#]
2017-09-21 21:20:48.271	SYSTEM	SIMULATOR	RECV	ALIVE (NOT EXIST SCANPROPERTY) [ALIVE#]
2017-09-21 21:20:49.272	SYSTEM	SIMULATOR	RECV	ALIVE (NOT EXIST SCANPROPERTY) [ALIVE#]
2017-09-21 21:20:50.272	SYSTEM	SIMULATOR	RECV	ALIVE (NOT EXIST SCANPROPERTY) [ALIVE#]
2017-09-21 21:20:51.273	SYSTEM	SIMULATOR	RECV	ALIVE (NOT EXIST SCANPROPERTY) [ALIVE#]
2017-09-21 21:20:52.274	SYSTEM	SIMULATOR	RECV	ALIVE (NOT EXIST SCANPROPERTY) [ALIVE#]
2017-09-21 21:20:52.693	SYSTEM	SIMULATOR	SEND	PROCESS_STATUS_SEND|1#
2017-09-21 21:20:52.777	SYSTEM	SIMULATOR	RECV	PROCESS_STATUS_SEND_REPLY (NOT EXIST SCANPROPERTY) [PROCESS_STATUS_SEND_REPLY#]
2017-09-21 21:20:53.274	SYSTEM	SIMULATOR	RECV	ALIVE (NOT EXIST SCANPROPERTY) [ALIVE#]
2017-09-21 21:20:53.526	SYSTEM	SIMULATOR	SEND	ALIVE_REPLY#
2017-09-21 21:20:54.276	SYSTEM	SIMULATOR	RECV	ALIVE (NOT EXIST SCANPROPERTY) [ALIVE#]
2017-09-21 21:20:55.277	SYSTEM	SIMULATOR	RECV	ALIVE (NOT EXIST SCANPROPERTY) [ALIVE#]
2017-09-21 21:20:56.277	SYSTEM	SIMULATOR	RECV	ALIVE (NOT EXIST SCANPROPERTY) [ALIVE#]
2017-09-21 21:20:57.278	SYSTEM	SIMULATOR	RECV	ALIVE (NOT EXIST SCANPROPERTY) [ALIVE#]
2017-09-21 21:20:58.279	SYSTEM	SIMULATOR	RECV	ALIVE (NOT EXIST SCANPROPERTY) [ALIVE#]
2017-09-21 21:20:58.433	SYSTEM	SIMULATOR	SEND	PROCESS_STATUS_SEND|1#
2017-09-21 21:20:58.530	SYSTEM	SIMULATOR	SEND	ALIVE_REPLY#
2017-09-21 21:20:58.782	SYSTEM	SIMULATOR	RECV	PROCESS_STATUS_SEND_REPLY (NOT EXIST SCANPROPERTY) [PROCESS_STATUS_SEND_REPLY#]
2017-09-21 21:20:59.279	SYSTEM	SIMULATOR	RECV	ALIVE (NOT EXIST SCANPROPERTY) [ALIVE#]
2017-09-21 21:21:00.281	SYSTEM	SIMULATOR	RECV	ALIVE (NOT EXIST SCANPROPERTY) [ALIVE#]
2017-09-21 21:21:01.282	SYSTEM	SIMULATOR	RECV	ALIVE (NOT EXIST SCANPROPERTY) [ALIVE#]
2017-09-21 21:21:02.282	SYSTEM	SIMULATOR	RECV	ALIVE (NOT EXIST SCANPROPERTY) [ALIVE#]
2017-09-21 21:21:03.283	SYSTEM	SIMULATOR	RECV	ALIVE (NOT EXIST SCANPROPERTY) [ALIVE#]
2017-09-21 21:21:04.284	SYSTEM	SIMULATOR	RECV	ALIVE (NOT EXIST SCANPROPERTY) [ALIVE#]
2017-09-21 21:21:05.284	SYSTEM	SIMULATOR	RECV	ALIVE (NOT EXIST SCANPROPERTY) [ALIVE#]
2017-09-21 21:21:06.285	SYSTEM	SIMULATOR	RECV	ALIVE (NOT EXIST SCANPROPERTY) [ALIVE#]
2017-09-21 21:21:07.286	SYSTEM	SIMULATOR	RECV	ALIVE (NOT EXIST SCANPROPERTY) [ALIVE#]
2017-09-21 21:21:07.497	SYSTEM	SIMULATOR	SEND	PROCESS_STATUS_SEND|1#
2017-09-21 21:21:07.538	SYSTEM	SIMULATOR	SEND	ALIVE_REPLY#
2017-09-21 21:21:07.790	SYSTEM	SIMULATOR	RECV	PROCESS_STATUS_SEND_REPLY (NOT EXIST SCANPROPERTY) [PROCESS_STATUS_SEND_REPLY#]
2017-09-21 21:21:08.225	SYSTEM	SIMULATOR	SEND	PROCESS_STATUS_SEND|1#
2017-09-21 21:21:08.229	SYSTEM	SIMULATOR	RECV	PROCESS_STATUS_SEND_REPLY (NOT EXIST SCANPROPERTY) [PROCESS_STATUS_SEND_REPLY#]
2017-09-21 21:21:08.287	SYSTEM	SIMULATOR	RECV	ALIVE (NOT EXIST SCANPROPERTY) [ALIVE#]
2017-09-21 21:21:08.539	SYSTEM	SIMULATOR	SEND	ALIVE_REPLY#
2017-09-21 21:21:09.288	SYSTEM	SIMULATOR	RECV	ALIVE (NOT EXIST SCANPROPERTY) [ALIVE#]
2017-09-21 21:21:10.291	SYSTEM	SIMULATOR	RECV	ALIVE (NOT EXIST SCANPROPERTY) [ALIVE#]
2017-09-21 21:21:11.292	SYSTEM	SIMULATOR	RECV	ALIVE (NOT EXIST SCANPROPERTY) [ALIVE#]
2017-09-21 21:21:12.293	SYSTEM	SIMULATOR	RECV	ALIVE (NOT EXIST SCANPROPERTY) [ALIVE#]
2017-09-21 21:21:13.294	SYSTEM	SIMULATOR	RECV	ALIVE (NOT EXIST SCANPROPERTY) [ALIVE#]
2017-09-21 21:21:14.294	SYSTEM	SIMULATOR	RECV	ALIVE (NOT EXIST SCANPROPERTY) [ALIVE#]
2017-09-21 21:21:15.296	SYSTEM	SIMULATOR	RECV	ALIVE (NOT EXIST SCANPROPERTY) [ALIVE#]
2017-09-21 21:21:16.298	SYSTEM	SIMULATOR	RECV	ALIVE (NOT EXIST SCANPROPERTY) [ALIVE#]
2017-09-21 21:21:17.298	SYSTEM	SIMULATOR	RECV	ALIVE (NOT EXIST SCANPROPERTY) [ALIVE#]
2017-09-21 21:21:18.300	SYSTEM	SIMULATOR	RECV	ALIVE (NOT EXIST SCANPROPERTY) [ALIVE#]
2017-09-21 21:21:19.301	SYSTEM	SIMULATOR	RECV	ALIVE (NOT EXIST SCANPROPERTY) [ALIVE#]
2017-09-21 21:21:20.301	SYSTEM	SIMULATOR	RECV	ALIVE (NOT EXIST SCANPROPERTY) [ALIVE#]
2017-09-21 21:21:21.304	SYSTEM	SIMULATOR	RECV	ALIVE (NOT EXIST SCANPROPERTY) [ALIVE#]
2017-09-21 21:21:22.303	SYSTEM	SIMULATOR	RECV	ALIVE (NOT EXIST SCANPROPERTY) [ALIVE#]
2017-09-21 21:21:23.303	SYSTEM	SIMULATOR	RECV	ALIVE (NOT EXIST SCANPROPERTY) [ALIVE#]
2017-09-21 21:21:24.306	SYSTEM	SIMULATOR	RECV	ALIVE (NOT EXIST SCANPROPERTY) [ALIVE#]
2017-09-21 21:21:25.306	SYSTEM	SIMULATOR	RECV	ALIVE (NOT EXIST SCANPROPERTY) [ALIVE#]
2017-09-21 21:21:26.306	SYSTEM	SIMULATOR	RECV	ALIVE (NOT EXIST SCANPROPERTY) [ALIVE#]
2017-09-21 21:21:27.307	SYSTEM	SIMULATOR	RECV	ALIVE (NOT EXIST SCANPROPERTY) [ALIVE#]
2017-09-21 21:21:28.308	SYSTEM	SIMULATOR	RECV	ALIVE (NOT EXIST SCANPROPERTY) [ALIVE#]
2017-09-21 21:21:29.308	SYSTEM	SIMULATOR	RECV	ALIVE (NOT EXIST SCANPROPERTY) [ALIVE#]
2017-09-21 21:21:30.309	SYSTEM	SIMULATOR	RECV	ALIVE (NOT EXIST SCANPROPERTY) [ALIVE#]
2017-09-21 21:21:31.310	SYSTEM	SIMULATOR	RECV	ALIVE (NOT EXIST SCANPROPERTY) [ALIVE#]
2017-09-21 21:21:32.311	SYSTEM	SIMULATOR	RECV	ALIVE (NOT EXIST SCANPROPERTY) [ALIVE#]
2017-09-21 21:21:33.312	SYSTEM	SIMULATOR	RECV	ALIVE (NOT EXIST SCANPROPERTY) [ALIVE#]
2017-09-21 21:21:34.313	SYSTEM	SIMULATOR	RECV	ALIVE (NOT EXIST SCANPROPERTY) [ALIVE#]
2017-09-21 21:21:35.313	SYSTEM	SIMULATOR	RECV	ALIVE (NOT EXIST SCANPROPERTY) [ALIVE#]
2017-09-21 21:21:36.314	SYSTEM	SIMULATOR	RECV	ALIVE (NOT EXIST SCANPROPERTY) [ALIVE#]
2017-09-21 21:21:37.315	SYSTEM	SIMULATOR	RECV	ALIVE (NOT EXIST SCANPROPERTY) [ALIVE#]
2017-09-21 21:21:38.315	SYSTEM	SIMULATOR	RECV	ALIVE (NOT EXIST SCANPROPERTY) [ALIVE#]
2017-09-21 21:21:39.317	SYSTEM	SIMULATOR	RECV	ALIVE (NOT EXIST SCANPROPERTY) [ALIVE#]
2017-09-21 21:21:40.317	SYSTEM	SIMULATOR	RECV	ALIVE (NOT EXIST SCANPROPERTY) [ALIVE#]
2017-09-21 21:21:41.319	SYSTEM	SIMULATOR	RECV	ALIVE (NOT EXIST SCANPROPERTY) [ALIVE#]
2017-09-21 21:21:42.320	SYSTEM	SIMULATOR	RECV	ALIVE (NOT EXIST SCANPROPERTY) [ALIVE#]
2017-09-21 21:21:43.320	SYSTEM	SIMULATOR	RECV	ALIVE (NOT EXIST SCANPROPERTY) [ALIVE#]
2017-09-21 21:21:44.322	SYSTEM	SIMULATOR	RECV	ALIVE (NOT EXIST SCANPROPERTY) [ALIVE#]
2017-09-21 21:21:45.323	SYSTEM	SIMULATOR	RECV	ALIVE (NOT EXIST SCANPROPERTY) [ALIVE#]
2017-09-21 21:21:45.365	SYSTEM	SIMULATOR	SEND	PROCESS_STATUS_SEND|1#
2017-09-21 21:21:52.509	SYSTEM	SIMULATOR	SEND	ALIVE_REPLY#
2017-09-21 21:21:55.133	SYSTEM	SIMULATOR	RECV	ALIVE (NOT EXIST SCANPROPERTY) [ALIVE#]
2017-09-21 21:21:56.740	SYSTEM	SIMULATOR	RECV	PROCESS_STATUS_SEND_REPLY (NOT EXIST SCANPROPERTY) [PROCESS_STATUS_SEND_REPLY#]
2017-09-21 21:21:56.742	SYSTEM	SIMULATOR	RECV	ALIVE (NOT EXIST SCANPROPERTY) [ALIVE#]
2017-09-21 21:21:58.767	SYSTEM	SIMULATOR	RECV	ALIVE (NOT EXIST SCANPROPERTY) [ALIVE#]
2017-09-21 21:22:10.589	SYSTEM	SIMULATOR	RECV	ALIVE (NOT EXIST SCANPROPERTY) [ALIVE#]
2017-09-21 21:22:12.638	SYSTEM	SIMULATOR	RECV	ALIVE (NOT EXIST SCANPROPERTY) [ALIVE#]
2017-09-21 21:22:30.863	SYSTEM	SIMULATOR	RECV	ALIVE (NOT EXIST SCANPROPERTY) [ALIVE#]
2017-09-21 21:22:33.864	SYSTEM	SIMULATOR	RECV	ALIVE (NOT EXIST SCANPROPERTY) [ALIVE#]
2017-09-21 21:22:34.880	SYSTEM	SIMULATOR	RECV	ALIVE (NOT EXIST SCANPROPERTY) [ALIVE#]
2017-09-21 21:22:35.913	SYSTEM	SIMULATOR	RECV	ALIVE (NOT EXIST SCANPROPERTY) [ALIVE#]
2017-09-21 21:22:37.630	SYSTEM	SIMULATOR	RECV	ALIVE (NOT EXIST SCANPROPERTY) [ALIVE#]
2017-09-21 21:22:38.758	SYSTEM	SIMULATOR	RECV	ALIVE (NOT EXIST SCANPROPERTY) [ALIVE#]
2017-09-21 21:22:44.316	SYSTEM	SIMULATOR	RECV	ALIVE (NOT EXIST SCANPROPERTY) [ALIVE#]
2017-09-21 21:22:47.976	SYSTEM	SIMULATOR	RECV	ALIVE (NOT EXIST SCANPROPERTY) [ALIVE#]
2017-09-21 21:22:49.035	SYSTEM	SIMULATOR	RECV	ALIVE (NOT EXIST SCANPROPERTY) [ALIVE#]
2017-09-21 21:22:50.156	SYSTEM	SIMULATOR	RECV	ALIVE (NOT EXIST SCANPROPERTY) [ALIVE#]
2017-09-21 21:22:51.560	SYSTEM	SIMULATOR	RECV	ALIVE (NOT EXIST SCANPROPERTY) [ALIVE#]
2017-09-21 21:22:56.609	SYSTEM	SIMULATOR	RECV	ALIVE (NOT EXIST SCANPROPERTY) [ALIVE#ALIVE#]
2017-09-21 21:23:08.021	SYSTEM	SIMULATOR	RECV	ALIVE (NOT EXIST SCANPROPERTY) [ALIVE#ALIVE#]
2017-09-21 21:23:10.544	SYSTEM	SIMULATOR	RECV	ALIVE (NOT EXIST SCANPROPERTY) [ALIVE#ALIVE#ALIVE#]
2017-09-21 21:25:08.770	SYSTEM	SIMULATOR	PROC	DriverName=SIMULATOR, Mode=Client, RemoteIP=127.0.0.1, RemotePort=7000, LocalIP=127.0.0.1, LocalPort=7000
2017-09-21 21:25:08.793	SYSTEM	SIMULATOR	PROC	START
2017-09-21 21:25:08.830	SYSTEM	SIMULATOR	PROC	DRIVER STATUS CHANGE NONE>WAITCRA
2017-09-21 21:25:08.831	SYSTEM	SIMULATOR	PROC	DRIVER STATUS CHANGE WAITCRA>CONNECTED
2017-09-21 21:25:09.286	SYSTEM	SIMULATOR	SEND	STAGE_GLASS_EXIST|X#
2017-09-21 21:25:09.289	SYSTEM	SIMULATOR	SEND	CURRENT_RECIPE_CHANGE|1|1#
2017-09-21 21:25:09.291	SYSTEM	SIMULATOR	SEND	AUTO_MODE_CHANGE_EVENT|1#
2017-09-21 21:25:09.293	SYSTEM	SIMULATOR	SEND	MACHINE_MODE_CHANGE_REPORT|1#
2017-09-21 21:25:09.294	SYSTEM	SIMULATOR	SEND	COMMUNICATION|O#
2017-09-21 21:25:09.679	SYSTEM	SIMULATOR	RECV	AUTO_MODE_CHANGE_EVENT_REPLY (NOT EXIST SCANPROPERTY) [AUTO_MODE_CHANGE_EVENT_REPLY#]
2017-09-21 21:25:09.938	SYSTEM	SIMULATOR	RECV	STAGE_GLASS_EXIST_REPLY (NOT EXIST SCANPROPERTY) [STAGE_GLASS_EXIST_REPLY#COMMUNICATION_ACK|O#CIM_MODE|1#CURRENT_RECIPE_CHANGE_ACK#MACHINE_MODE_CHANGE_REPORT_REPLY#RECIPE_LIST_REQ#STATE_REQUEST#]
2017-09-21 21:25:10.192	SYSTEM	SIMULATOR	RECV	COMMUNICATION_ACK|O (NOT EXIST SCANPROPERTY) [STAGE_GLASS_EXIST_REPLY#COMMUNICATION_ACK|O#CIM_MODE|1#CURRENT_RECIPE_CHANGE_ACK#MACHINE_MODE_CHANGE_REPORT_REPLY#RECIPE_LIST_REQ#STATE_REQUEST#]
2017-09-21 21:25:10.446	SYSTEM	SIMULATOR	RECV	CIM_MODE|1 (NOT EXIST SCANPROPERTY) [STAGE_GLASS_EXIST_REPLY#COMMUNICATION_ACK|O#CIM_MODE|1#CURRENT_RECIPE_CHANGE_ACK#MACHINE_MODE_CHANGE_REPORT_REPLY#RECIPE_LIST_REQ#STATE_REQUEST#]
2017-09-21 21:25:10.446	SYSTEM	SIMULATOR	RECV	CURRENT_RECIPE_CHANGE_ACK (NOT EXIST SCANPROPERTY) [STAGE_GLASS_EXIST_REPLY#COMMUNICATION_ACK|O#CIM_MODE|1#CURRENT_RECIPE_CHANGE_ACK#MACHINE_MODE_CHANGE_REPORT_REPLY#RECIPE_LIST_REQ#STATE_REQUEST#]
2017-09-21 21:25:10.699	SYSTEM	SIMULATOR	RECV	MACHINE_MODE_CHANGE_REPORT_REPLY (NOT EXIST SCANPROPERTY) [STAGE_GLASS_EXIST_REPLY#COMMUNICATION_ACK|O#CIM_MODE|1#CURRENT_RECIPE_CHANGE_ACK#MACHINE_MODE_CHANGE_REPORT_REPLY#RECIPE_LIST_REQ#STATE_REQUEST#]
2017-09-21 21:25:10.953	SYSTEM	SIMULATOR	RECV	RECIPE_LIST_REQ (NOT EXIST SCANPROPERTY) [STAGE_GLASS_EXIST_REPLY#COMMUNICATION_ACK|O#CIM_MODE|1#CURRENT_RECIPE_CHANGE_ACK#MACHINE_MODE_CHANGE_REPORT_REPLY#RECIPE_LIST_REQ#STATE_REQUEST#]
2017-09-21 21:25:10.955	SYSTEM	SIMULATOR	SEND	RECIPE_LIST_REQ_REPLY|4#
2017-09-21 21:25:11.208	SYSTEM	SIMULATOR	RECV	STATE_REQUEST (NOT EXIST SCANPROPERTY) [STAGE_GLASS_EXIST_REPLY#COMMUNICATION_ACK|O#CIM_MODE|1#CURRENT_RECIPE_CHANGE_ACK#MACHINE_MODE_CHANGE_REPORT_REPLY#RECIPE_LIST_REQ#STATE_REQUEST#]
2017-09-21 21:25:11.215	SYSTEM	SIMULATOR	SEND	STATE_REQUEST_ACK|1|2#
2017-09-21 21:25:11.467	SYSTEM	SIMULATOR	RECV	ALIVE (NOT EXIST SCANPROPERTY) [ALIVE#ALIVE#]
2017-09-21 21:25:11.718	SYSTEM	SIMULATOR	SEND	ALIVE_REPLY#
2017-09-21 21:25:11.802	SYSTEM	SIMULATOR	SEND	PROCESS_STATUS_SEND|1#
2017-09-21 21:25:15.309	SYSTEM	SIMULATOR	RECV	ALIVE (NOT EXIST SCANPROPERTY) [ALIVE#ALIVE#]
2017-09-21 21:25:17.770	SYSTEM	SIMULATOR	SEND	ALIVE_REPLY#
2017-09-21 21:25:18.552	SYSTEM	SIMULATOR	RECV	ALIVE (NOT EXIST SCANPROPERTY) [ALIVE#ALIVE#PROCESS_STATUS_SEND_REPLY#]
2017-09-21 21:25:19.421	SYSTEM	SIMULATOR	RECV	ALIVE (NOT EXIST SCANPROPERTY) [ALIVE#ALIVE#PROCESS_STATUS_SEND_REPLY#]
2017-09-21 21:25:20.383	SYSTEM	SIMULATOR	RECV	PROCESS_STATUS_SEND_REPLY (NOT EXIST SCANPROPERTY) [ALIVE#ALIVE#PROCESS_STATUS_SEND_REPLY#]
2017-09-21 21:25:20.385	SYSTEM	SIMULATOR	RECV	ALIVE (NOT EXIST SCANPROPERTY) [ALIVE#]
2017-09-21 21:29:15.763	SYSTEM	SIMULATOR	PROC	DriverName=SIMULATOR, Mode=Client, RemoteIP=127.0.0.1, RemotePort=7000, LocalIP=127.0.0.1, LocalPort=7000
2017-09-21 21:29:15.785	SYSTEM	SIMULATOR	PROC	START
2017-09-21 21:29:15.799	SYSTEM	SIMULATOR	PROC	DRIVER STATUS CHANGE NONE>WAITCRA
2017-09-21 21:29:15.800	SYSTEM	SIMULATOR	PROC	DRIVER STATUS CHANGE WAITCRA>CONNECTED
2017-09-21 21:29:15.865	SYSTEM	SIMULATOR	SEND	STAGE_GLASS_EXIST|X#
2017-09-21 21:29:15.868	SYSTEM	SIMULATOR	SEND	CURRENT_RECIPE_CHANGE|1|1#
2017-09-21 21:29:15.869	SYSTEM	SIMULATOR	SEND	AUTO_MODE_CHANGE_EVENT|1#
2017-09-21 21:29:15.872	SYSTEM	SIMULATOR	SEND	MACHINE_MODE_CHANGE_REPORT|1#
2017-09-21 21:29:15.873	SYSTEM	SIMULATOR	SEND	COMMUNICATION|O#
2017-09-21 21:29:16.207	SYSTEM	SIMULATOR	RECV	AUTO_MODE_CHANGE_EVENT_REPLY (NOT EXIST SCANPROPERTY) [AUTO_MODE_CHANGE_EVENT_REPLY#]
2017-09-21 21:29:16.465	SYSTEM	SIMULATOR	RECV	COMMUNICATION_ACK|O (NOT EXIST SCANPROPERTY) [COMMUNICATION_ACK|O#STAGE_GLASS_EXIST_REPLY#CIM_MODE|1#RECIPE_LIST_REQ#CURRENT_RECIPE_CHANGE_ACK#MACHINE_MODE_CHANGE_REPORT_REPLY#ALIVE#STATE_REQUEST#]
2017-09-21 21:29:16.715	SYSTEM	SIMULATOR	RECV	STAGE_GLASS_EXIST_REPLY (NOT EXIST SCANPROPERTY) [COMMUNICATION_ACK|O#STAGE_GLASS_EXIST_REPLY#CIM_MODE|1#RECIPE_LIST_REQ#CURRENT_RECIPE_CHANGE_ACK#MACHINE_MODE_CHANGE_REPORT_REPLY#ALIVE#STATE_REQUEST#]
2017-09-21 21:29:16.967	SYSTEM	SIMULATOR	RECV	CIM_MODE|1 (NOT EXIST SCANPROPERTY) [COMMUNICATION_ACK|O#STAGE_GLASS_EXIST_REPLY#CIM_MODE|1#RECIPE_LIST_REQ#CURRENT_RECIPE_CHANGE_ACK#MACHINE_MODE_CHANGE_REPORT_REPLY#ALIVE#STATE_REQUEST#]
2017-09-21 21:29:16.968	SYSTEM	SIMULATOR	RECV	RECIPE_LIST_REQ (NOT EXIST SCANPROPERTY) [COMMUNICATION_ACK|O#STAGE_GLASS_EXIST_REPLY#CIM_MODE|1#RECIPE_LIST_REQ#CURRENT_RECIPE_CHANGE_ACK#MACHINE_MODE_CHANGE_REPORT_REPLY#ALIVE#STATE_REQUEST#]
2017-09-21 21:29:16.969	SYSTEM	SIMULATOR	SEND	RECIPE_LIST_REQ_REPLY|4#
2017-09-21 21:29:17.222	SYSTEM	SIMULATOR	RECV	CURRENT_RECIPE_CHANGE_ACK (NOT EXIST SCANPROPERTY) [COMMUNICATION_ACK|O#STAGE_GLASS_EXIST_REPLY#CIM_MODE|1#RECIPE_LIST_REQ#CURRENT_RECIPE_CHANGE_ACK#MACHINE_MODE_CHANGE_REPORT_REPLY#ALIVE#STATE_REQUEST#]
2017-09-21 21:29:17.475	SYSTEM	SIMULATOR	RECV	MACHINE_MODE_CHANGE_REPORT_REPLY (NOT EXIST SCANPROPERTY) [COMMUNICATION_ACK|O#STAGE_GLASS_EXIST_REPLY#CIM_MODE|1#RECIPE_LIST_REQ#CURRENT_RECIPE_CHANGE_ACK#MACHINE_MODE_CHANGE_REPORT_REPLY#ALIVE#STATE_REQUEST#]
2017-09-21 21:29:17.730	SYSTEM	SIMULATOR	RECV	ALIVE (NOT EXIST SCANPROPERTY) [COMMUNICATION_ACK|O#STAGE_GLASS_EXIST_REPLY#CIM_MODE|1#RECIPE_LIST_REQ#CURRENT_RECIPE_CHANGE_ACK#MACHINE_MODE_CHANGE_REPORT_REPLY#ALIVE#STATE_REQUEST#]
2017-09-21 21:29:17.984	SYSTEM	SIMULATOR	SEND	ALIVE_REPLY#
2017-09-21 21:29:18.236	SYSTEM	SIMULATOR	RECV	STATE_REQUEST (NOT EXIST SCANPROPERTY) [COMMUNICATION_ACK|O#STAGE_GLASS_EXIST_REPLY#CIM_MODE|1#RECIPE_LIST_REQ#CURRENT_RECIPE_CHANGE_ACK#MACHINE_MODE_CHANGE_REPORT_REPLY#ALIVE#STATE_REQUEST#]
2017-09-21 21:29:18.240	SYSTEM	SIMULATOR	SEND	STATE_REQUEST_ACK|1|2#
2017-09-21 21:29:18.494	SYSTEM	SIMULATOR	RECV	ALIVE (NOT EXIST SCANPROPERTY) [ALIVE#ALIVE#]
2017-09-21 21:29:18.747	SYSTEM	SIMULATOR	SEND	ALIVE_REPLY#
2017-09-21 21:29:18.898	SYSTEM	SIMULATOR	SEND	PROCESS_STATUS_SEND|1#
2017-09-21 21:29:24.313	SYSTEM	SIMULATOR	RECV	ALIVE (NOT EXIST SCANPROPERTY) [ALIVE#ALIVE#]
2017-09-21 21:29:24.990	SYSTEM	SIMULATOR	SEND	ALIVE_REPLY#
2017-09-21 21:29:25.570	SYSTEM	SIMULATOR	RECV	ALIVE (NOT EXIST SCANPROPERTY) [ALIVE#PROCESS_STATUS_SEND_REPLY#]
2017-09-21 21:29:26.522	SYSTEM	SIMULATOR	RECV	PROCESS_STATUS_SEND_REPLY (NOT EXIST SCANPROPERTY) [ALIVE#PROCESS_STATUS_SEND_REPLY#]
2017-09-21 21:29:26.522	SYSTEM	SIMULATOR	RECV	ALIVE (NOT EXIST SCANPROPERTY) [ALIVE#]
2017-09-21 21:29:27.662	SYSTEM	SIMULATOR	RECV	ALIVE (NOT EXIST SCANPROPERTY) [ALIVE#]
2017-09-21 21:29:58.443	SYSTEM	SIMULATOR	RECV	ALIVE (NOT EXIST SCANPROPERTY) [ALIVE#]
2017-09-21 21:30:04.077	SYSTEM	SIMULATOR	RECV	ALIVE (NOT EXIST SCANPROPERTY) [ALIVE#]
2017-09-21 21:30:04.983	SYSTEM	SIMULATOR	RECV	ALIVE (NOT EXIST SCANPROPERTY) [ALIVE#]
2017-09-21 21:37:05.114	SYSTEM	SIMULATOR	PROC	DriverName=SIMULATOR, Mode=Client, RemoteIP=127.0.0.1, RemotePort=7000, LocalIP=127.0.0.1, LocalPort=7000
2017-09-21 21:37:05.147	SYSTEM	SIMULATOR	PROC	START
2017-09-21 21:37:05.188	SYSTEM	SIMULATOR	PROC	DRIVER STATUS CHANGE NONE>WAITCRA
2017-09-21 21:37:05.189	SYSTEM	SIMULATOR	PROC	DRIVER STATUS CHANGE WAITCRA>CONNECTED
2017-09-21 21:37:05.644	SYSTEM	SIMULATOR	SEND	STAGE_GLASS_EXIST|X#
2017-09-21 21:37:05.647	SYSTEM	SIMULATOR	SEND	CURRENT_RECIPE_CHANGE|1|1#
2017-09-21 21:37:05.648	SYSTEM	SIMULATOR	SEND	AUTO_MODE_CHANGE_EVENT|1#
2017-09-21 21:37:05.651	SYSTEM	SIMULATOR	SEND	MACHINE_MODE_CHANGE_REPORT|1#
2017-09-21 21:37:05.652	SYSTEM	SIMULATOR	SEND	COMMUNICATION|O#
2017-09-21 21:37:06.018	SYSTEM	SIMULATOR	RECV	AUTO_MODE_CHANGE_EVENT_REPLY (NOT EXIST SCANPROPERTY) [AUTO_MODE_CHANGE_EVENT_REPLY#]
2017-09-21 21:37:06.277	SYSTEM	SIMULATOR	RECV	STAGE_GLASS_EXIST_REPLY (NOT EXIST SCANPROPERTY) [STAGE_GLASS_EXIST_REPLY#CURRENT_RECIPE_CHANGE_ACK#MACHINE_MODE_CHANGE_REPORT_REPLY#COMMUNICATION_ACK|O#CIM_MODE|1#RECIPE_LIST_REQ#ALIVE#]
2017-09-21 21:37:06.533	SYSTEM	SIMULATOR	RECV	CURRENT_RECIPE_CHANGE_ACK (NOT EXIST SCANPROPERTY) [STAGE_GLASS_EXIST_REPLY#CURRENT_RECIPE_CHANGE_ACK#MACHINE_MODE_CHANGE_REPORT_REPLY#COMMUNICATION_ACK|O#CIM_MODE|1#RECIPE_LIST_REQ#ALIVE#]
2017-09-21 21:37:06.791	SYSTEM	SIMULATOR	RECV	MACHINE_MODE_CHANGE_REPORT_REPLY (NOT EXIST SCANPROPERTY) [STAGE_GLASS_EXIST_REPLY#CURRENT_RECIPE_CHANGE_ACK#MACHINE_MODE_CHANGE_REPORT_REPLY#COMMUNICATION_ACK|O#CIM_MODE|1#RECIPE_LIST_REQ#ALIVE#]
2017-09-21 21:37:07.046	SYSTEM	SIMULATOR	RECV	COMMUNICATION_ACK|O (NOT EXIST SCANPROPERTY) [STAGE_GLASS_EXIST_REPLY#CURRENT_RECIPE_CHANGE_ACK#MACHINE_MODE_CHANGE_REPORT_REPLY#COMMUNICATION_ACK|O#CIM_MODE|1#RECIPE_LIST_REQ#ALIVE#]
2017-09-21 21:37:07.299	SYSTEM	SIMULATOR	RECV	CIM_MODE|1 (NOT EXIST SCANPROPERTY) [STAGE_GLASS_EXIST_REPLY#CURRENT_RECIPE_CHANGE_ACK#MACHINE_MODE_CHANGE_REPORT_REPLY#COMMUNICATION_ACK|O#CIM_MODE|1#RECIPE_LIST_REQ#ALIVE#]
2017-09-21 21:37:07.299	SYSTEM	SIMULATOR	RECV	RECIPE_LIST_REQ (NOT EXIST SCANPROPERTY) [STAGE_GLASS_EXIST_REPLY#CURRENT_RECIPE_CHANGE_ACK#MACHINE_MODE_CHANGE_REPORT_REPLY#COMMUNICATION_ACK|O#CIM_MODE|1#RECIPE_LIST_REQ#ALIVE#]
2017-09-21 21:37:07.304	SYSTEM	SIMULATOR	SEND	RECIPE_LIST_REQ_REPLY|4#
2017-09-21 21:37:07.559	SYSTEM	SIMULATOR	RECV	ALIVE (NOT EXIST SCANPROPERTY) [STAGE_GLASS_EXIST_REPLY#CURRENT_RECIPE_CHANGE_ACK#MACHINE_MODE_CHANGE_REPORT_REPLY#COMMUNICATION_ACK|O#CIM_MODE|1#RECIPE_LIST_REQ#ALIVE#]
2017-09-21 21:37:07.813	SYSTEM	SIMULATOR	SEND	ALIVE_REPLY#
2017-09-21 21:37:08.066	SYSTEM	SIMULATOR	RECV	STATE_REQUEST (NOT EXIST SCANPROPERTY) [STATE_REQUEST#ALIVE#ALIVE#]
2017-09-21 21:37:08.067	SYSTEM	SIMULATOR	SEND	STATE_REQUEST_ACK|1|2#
2017-09-21 21:37:08.322	SYSTEM	SIMULATOR	RECV	ALIVE (NOT EXIST SCANPROPERTY) [STATE_REQUEST#ALIVE#ALIVE#]
2017-09-21 21:37:08.574	SYSTEM	SIMULATOR	SEND	ALIVE_REPLY#
2017-09-21 21:37:08.825	SYSTEM	SIMULATOR	RECV	ALIVE (NOT EXIST SCANPROPERTY) [STATE_REQUEST#ALIVE#ALIVE#]
2017-09-21 21:37:13.162	SYSTEM	SIMULATOR	RECV	ALIVE (NOT EXIST SCANPROPERTY) [ALIVE#]
2017-09-21 21:37:14.369	SYSTEM	SIMULATOR	RECV	ALIVE (NOT EXIST SCANPROPERTY) [ALIVE#]
2017-09-21 21:37:43.833	SYSTEM	SIMULATOR	RECV	ALIVE (NOT EXIST SCANPROPERTY) [ALIVE#]
2017-09-21 21:37:46.270	SYSTEM	SIMULATOR	RECV	ALIVE (NOT EXIST SCANPROPERTY) [ALIVE#]
2017-09-21 21:37:47.020	SYSTEM	SIMULATOR	RECV	ALIVE (NOT EXIST SCANPROPERTY) [ALIVE#]
2017-09-21 21:37:48.083	SYSTEM	SIMULATOR	RECV	ALIVE (NOT EXIST SCANPROPERTY) [ALIVE#]
2017-09-21 21:37:49.083	SYSTEM	SIMULATOR	RECV	ALIVE (NOT EXIST SCANPROPERTY) [ALIVE#]
2017-09-21 21:37:50.084	SYSTEM	SIMULATOR	RECV	ALIVE (NOT EXIST SCANPROPERTY) [ALIVE#]
2017-09-21 21:37:51.086	SYSTEM	SIMULATOR	RECV	ALIVE (NOT EXIST SCANPROPERTY) [ALIVE#]
2017-09-21 21:37:52.086	SYSTEM	SIMULATOR	RECV	ALIVE (NOT EXIST SCANPROPERTY) [ALIVE#]
2017-09-21 21:37:53.087	SYSTEM	SIMULATOR	RECV	ALIVE (NOT EXIST SCANPROPERTY) [ALIVE#]
2017-09-21 21:37:54.089	SYSTEM	SIMULATOR	RECV	ALIVE (NOT EXIST SCANPROPERTY) [ALIVE#]
2017-09-21 21:37:55.089	SYSTEM	SIMULATOR	RECV	ALIVE (NOT EXIST SCANPROPERTY) [ALIVE#]
2017-09-21 21:37:56.090	SYSTEM	SIMULATOR	RECV	ALIVE (NOT EXIST SCANPROPERTY) [ALIVE#]
2017-09-21 21:37:57.091	SYSTEM	SIMULATOR	RECV	ALIVE (NOT EXIST SCANPROPERTY) [ALIVE#]
2017-09-21 21:37:58.091	SYSTEM	SIMULATOR	RECV	ALIVE (NOT EXIST SCANPROPERTY) [ALIVE#]
2017-09-21 21:37:59.092	SYSTEM	SIMULATOR	RECV	ALIVE (NOT EXIST SCANPROPERTY) [ALIVE#]
2017-09-21 21:37:59.539	SYSTEM	SIMULATOR	SEND	PROCESS_STATUS_SEND|1#
2017-09-21 21:38:54.663	SYSTEM	SIMULATOR	RECV	ALIVE (NOT EXIST SCANPROPERTY) [ALIVE#]
2017-09-21 21:38:55.203	SYSTEM	SIMULATOR	SEND	ALIVE_REPLY#
2017-09-21 21:38:55.733	SYSTEM	SIMULATOR	RECV	PROCESS_STATUS_SEND_REPLY (NOT EXIST SCANPROPERTY) [PROCESS_STATUS_SEND_REPLY#]
2017-09-21 21:38:55.734	SYSTEM	SIMULATOR	RECV	ALIVE (NOT EXIST SCANPROPERTY) [ALIVE#]
2017-09-21 21:38:59.967	SYSTEM	SIMULATOR	RECV	ALIVE (NOT EXIST SCANPROPERTY) [ALIVE#]
2017-09-21 21:39:05.172	SYSTEM	SIMULATOR	RECV	ALIVE (NOT EXIST SCANPROPERTY) [ALIVE#]
2017-09-21 21:39:05.679	SYSTEM	SIMULATOR	RECV	ALIVE (NOT EXIST SCANPROPERTY) [ALIVE#]
2017-09-21 21:39:06.185	SYSTEM	SIMULATOR	RECV	ALIVE (NOT EXIST SCANPROPERTY) [ALIVE#]
2017-09-21 21:39:07.172	SYSTEM	SIMULATOR	RECV	ALIVE (NOT EXIST SCANPROPERTY) [ALIVE#]
2017-09-21 21:39:08.173	SYSTEM	SIMULATOR	RECV	ALIVE (NOT EXIST SCANPROPERTY) [ALIVE#]
2017-09-21 21:39:09.173	SYSTEM	SIMULATOR	RECV	ALIVE (NOT EXIST SCANPROPERTY) [ALIVE#]
2017-09-21 21:39:10.174	SYSTEM	SIMULATOR	RECV	ALIVE (NOT EXIST SCANPROPERTY) [ALIVE#]
2017-09-21 21:39:11.176	SYSTEM	SIMULATOR	RECV	ALIVE (NOT EXIST SCANPROPERTY) [ALIVE#]
2017-09-21 21:39:19.269	SYSTEM	SIMULATOR	RECV	ALIVE (NOT EXIST SCANPROPERTY) [ALIVE#]
2017-09-21 21:39:20.375	SYSTEM	SIMULATOR	RECV	ALIVE (NOT EXIST SCANPROPERTY) [ALIVE#]
2017-09-21 21:39:29.997	SYSTEM	SIMULATOR	RECV	ALIVE (NOT EXIST SCANPROPERTY) [ALIVE#]
2017-09-21 21:39:33.902	SYSTEM	SIMULATOR	RECV	ALIVE (NOT EXIST SCANPROPERTY) [ALIVE#]
2017-09-21 21:39:38.727	SYSTEM	SIMULATOR	RECV	ALIVE (NOT EXIST SCANPROPERTY) [ALIVE#]
2017-09-21 21:39:42.234	SYSTEM	SIMULATOR	RECV	ALIVE (NOT EXIST SCANPROPERTY) [ALIVE#ALIVE#]
2017-09-21 21:42:49.743	SYSTEM	SIMULATOR	RECV	ALIVE (NOT EXIST SCANPROPERTY) [ALIVE#ALIVE#]
2017-09-21 21:42:56.489	SYSTEM	SIMULATOR	RECV	ALIVE (NOT EXIST SCANPROPERTY) [ALIVE#ALIVE#ALIVE#ALIVE#]
2017-09-21 21:43:24.671	SYSTEM	SIMULATOR	RECV	ALIVE (NOT EXIST SCANPROPERTY) [ALIVE#ALIVE#ALIVE#ALIVE#]
2017-09-21 21:43:25.501	SYSTEM	SIMULATOR	RECV	ALIVE (NOT EXIST SCANPROPERTY) [ALIVE#ALIVE#ALIVE#ALIVE#]
2017-09-21 21:43:26.888	SYSTEM	SIMULATOR	RECV	ALIVE (NOT EXIST SCANPROPERTY) [ALIVE#ALIVE#ALIVE#ALIVE#]
2017-09-21 21:43:27.590	SYSTEM	SIMULATOR	RECV	ALIVE (NOT EXIST SCANPROPERTY) [ALIVE#ALIVE#ALIVE#]
2017-09-21 21:43:28.485	SYSTEM	SIMULATOR	RECV	ALIVE (NOT EXIST SCANPROPERTY) [ALIVE#ALIVE#ALIVE#]
2017-09-21 21:43:28.990	SYSTEM	SIMULATOR	RECV	ALIVE (NOT EXIST SCANPROPERTY) [ALIVE#ALIVE#ALIVE#]
2017-09-21 21:43:29.770	SYSTEM	SIMULATOR	RECV	ALIVE (NOT EXIST SCANPROPERTY) [ALIVE#ALIVE#]
2017-09-21 21:43:31.092	SYSTEM	SIMULATOR	RECV	ALIVE (NOT EXIST SCANPROPERTY) [ALIVE#ALIVE#]
2017-09-21 21:43:31.825	SYSTEM	SIMULATOR	RECV	ALIVE (NOT EXIST SCANPROPERTY) [ALIVE#]
2017-09-21 21:43:32.824	SYSTEM	SIMULATOR	RECV	ALIVE (NOT EXIST SCANPROPERTY) [ALIVE#]
2017-09-21 21:43:36.426	SYSTEM	SIMULATOR	RECV	ALIVE (NOT EXIST SCANPROPERTY) [ALIVE#]
2017-09-21 21:43:39.781	SYSTEM	SIMULATOR	RECV	ALIVE (NOT EXIST SCANPROPERTY) [ALIVE#ALIVE#]
2017-09-21 22:16:38.637	SYSTEM	SIMULATOR	PROC	DriverName=SIMULATOR, Mode=Client, RemoteIP=127.0.0.1, RemotePort=7000, LocalIP=127.0.0.1, LocalPort=7000
2017-09-21 22:16:38.661	SYSTEM	SIMULATOR	PROC	START
2017-09-21 22:16:38.677	SYSTEM	SIMULATOR	PROC	DRIVER STATUS CHANGE NONE>WAITCRA
2017-09-21 22:16:38.677	SYSTEM	SIMULATOR	PROC	DRIVER STATUS CHANGE WAITCRA>CONNECTED
2017-09-21 22:16:39.556	SYSTEM	SIMULATOR	SEND	STAGE_GLASS_EXIST|X#
2017-09-21 22:16:39.559	SYSTEM	SIMULATOR	SEND	CURRENT_RECIPE_CHANGE|1|1#
2017-09-21 22:16:39.561	SYSTEM	SIMULATOR	SEND	AUTO_MODE_CHANGE_EVENT|1#
2017-09-21 22:16:39.565	SYSTEM	SIMULATOR	SEND	MACHINE_MODE_CHANGE_REPORT|1#
2017-09-21 22:16:39.566	SYSTEM	SIMULATOR	SEND	COMMUNICATION|O#
2017-09-21 22:16:39.899	SYSTEM	SIMULATOR	RECV	STATE_REQUEST (NOT EXIST SCANPROPERTY) [STATE_REQUEST#]
2017-09-21 22:16:39.905	SYSTEM	SIMULATOR	SEND	STATE_REQUEST_ACK|1|2#
2017-09-21 22:16:40.161	SYSTEM	SIMULATOR	RECV	AUTO_MODE_CHANGE_EVENT_REPLY (NOT EXIST SCANPROPERTY) [AUTO_MODE_CHANGE_EVENT_REPLY#COMMUNICATION_ACK|O#CIM_MODE|1#RECIPE_LIST_REQ#STAGE_GLASS_EXIST_REPLY#CURRENT_RECIPE_CHANGE_ACK#MACHINE_MODE_CHANGE_REPORT_REPLY#]
2017-09-21 22:16:40.413	SYSTEM	SIMULATOR	RECV	COMMUNICATION_ACK|O (NOT EXIST SCANPROPERTY) [AUTO_MODE_CHANGE_EVENT_REPLY#COMMUNICATION_ACK|O#CIM_MODE|1#RECIPE_LIST_REQ#STAGE_GLASS_EXIST_REPLY#CURRENT_RECIPE_CHANGE_ACK#MACHINE_MODE_CHANGE_REPORT_REPLY#]
2017-09-21 22:16:40.665	SYSTEM	SIMULATOR	RECV	CIM_MODE|1 (NOT EXIST SCANPROPERTY) [AUTO_MODE_CHANGE_EVENT_REPLY#COMMUNICATION_ACK|O#CIM_MODE|1#RECIPE_LIST_REQ#STAGE_GLASS_EXIST_REPLY#CURRENT_RECIPE_CHANGE_ACK#MACHINE_MODE_CHANGE_REPORT_REPLY#]
2017-09-21 22:16:40.665	SYSTEM	SIMULATOR	RECV	RECIPE_LIST_REQ (NOT EXIST SCANPROPERTY) [AUTO_MODE_CHANGE_EVENT_REPLY#COMMUNICATION_ACK|O#CIM_MODE|1#RECIPE_LIST_REQ#STAGE_GLASS_EXIST_REPLY#CURRENT_RECIPE_CHANGE_ACK#MACHINE_MODE_CHANGE_REPORT_REPLY#]
2017-09-21 22:16:40.667	SYSTEM	SIMULATOR	SEND	RECIPE_LIST_REQ_REPLY|4#
2017-09-21 22:16:40.921	SYSTEM	SIMULATOR	RECV	STAGE_GLASS_EXIST_REPLY (NOT EXIST SCANPROPERTY) [AUTO_MODE_CHANGE_EVENT_REPLY#COMMUNICATION_ACK|O#CIM_MODE|1#RECIPE_LIST_REQ#STAGE_GLASS_EXIST_REPLY#CURRENT_RECIPE_CHANGE_ACK#MACHINE_MODE_CHANGE_REPORT_REPLY#]
2017-09-21 22:16:41.175	SYSTEM	SIMULATOR	RECV	CURRENT_RECIPE_CHANGE_ACK (NOT EXIST SCANPROPERTY) [AUTO_MODE_CHANGE_EVENT_REPLY#COMMUNICATION_ACK|O#CIM_MODE|1#RECIPE_LIST_REQ#STAGE_GLASS_EXIST_REPLY#CURRENT_RECIPE_CHANGE_ACK#MACHINE_MODE_CHANGE_REPORT_REPLY#]
2017-09-21 22:16:41.429	SYSTEM	SIMULATOR	RECV	MACHINE_MODE_CHANGE_REPORT_REPLY (NOT EXIST SCANPROPERTY) [AUTO_MODE_CHANGE_EVENT_REPLY#COMMUNICATION_ACK|O#CIM_MODE|1#RECIPE_LIST_REQ#STAGE_GLASS_EXIST_REPLY#CURRENT_RECIPE_CHANGE_ACK#MACHINE_MODE_CHANGE_REPORT_REPLY#]
2017-09-21 22:16:41.682	SYSTEM	SIMULATOR	RECV	ALIVE (NOT EXIST SCANPROPERTY) [ALIVE#ALIVE#]
2017-09-21 22:16:41.933	SYSTEM	SIMULATOR	SEND	ALIVE_REPLY#
2017-09-21 22:16:42.186	SYSTEM	SIMULATOR	RECV	ALIVE (NOT EXIST SCANPROPERTY) [ALIVE#ALIVE#]
2017-09-21 22:16:45.212	SYSTEM	SIMULATOR	RECV	ALIVE (NOT EXIST SCANPROPERTY) [ALIVE#]
2017-09-21 22:16:46.733	SYSTEM	SIMULATOR	RECV	ALIVE (NOT EXIST SCANPROPERTY) [ALIVE#]
2017-09-21 22:16:48.204	SYSTEM	SIMULATOR	RECV	ALIVE (NOT EXIST SCANPROPERTY) [ALIVE#]
