2019-09-09 16:50:42.757	SYSTEM	SIMULATOR	PROC	DriverName=SIMULATOR, Mode=Client, RemoteIP=127.0.0.1, RemotePort=7000, LocalIP=127.0.0.1, LocalPort=7000
2019-09-09 16:50:42.777	SYSTEM	SIMULATOR	PROC	START
2019-09-09 16:50:42.814	SYSTEM	SIMULATOR	PROC	DRIVER STATUS CHANGE NONE>WAITCRA
2019-09-09 16:50:42.815	SYSTEM	SIMULATOR	PROC	DRIVER STATUS CHANGE WAITCRA>CONNECTED
2019-09-09 16:50:43.326	SYSTEM	SIMULATOR	SEND	STAGE_GLASS_EXIST|X#
2019-09-09 16:50:43.332	SYSTEM	SIMULATOR	SEND	CURRENT_RECIPE_CHANGE|1|1#
2019-09-09 16:50:43.334	SYSTEM	SIMULATOR	SEND	AUTO_MODE_CHANGE_EVENT|1#
2019-09-09 16:50:43.335	SYSTEM	SIMULATOR	RECV	STATE_REQUEST (NOT EXIST SCANPROPERTY) [STATE_REQUEST#]
2019-09-09 16:50:43.340	SYSTEM	SIMULATOR	SEND	MACHINE_MODE_CHANGE_REPORT|1#
2019-09-09 16:50:43.340	SYSTEM	SIMULATOR	SEND	COMMUNICATION|O#
2019-09-09 16:50:43.342	SYSTEM	SIMULATOR	SEND	STATE_REQUEST_ACK|1|2#
2019-09-09 16:50:43.597	SYSTEM	SIMULATOR	RECV	AUTO_MODE_CHANGE_EVENT_REPLY (NOT EXIST SCANPROPERTY) [AUTO_MODE_CHANGE_EVENT_REPLY#COMMUNICATION_ACK|O#STAGE_GLASS_EXIST_REPLY#CIM_MODE|1#RECIPE_LIST_REQ#CURRENT_RECIPE_CHANGE_ACK#MACHINE_MODE_CHANGE_REPORT_REPLY#ALIVE#]
2019-09-09 16:50:43.853	SYSTEM	SIMULATOR	RECV	COMMUNICATION_ACK|O (NOT EXIST SCANPROPERTY) [AUTO_MODE_CHANGE_EVENT_REPLY#COMMUNICATION_ACK|O#STAGE_GLASS_EXIST_REPLY#CIM_MODE|1#RECIPE_LIST_REQ#CURRENT_RECIPE_CHANGE_ACK#MACHINE_MODE_CHANGE_REPORT_REPLY#ALIVE#]
2019-09-09 16:50:44.106	SYSTEM	SIMULATOR	RECV	STAGE_GLASS_EXIST_REPLY (NOT EXIST SCANPROPERTY) [AUTO_MODE_CHANGE_EVENT_REPLY#COMMUNICATION_ACK|O#STAGE_GLASS_EXIST_REPLY#CIM_MODE|1#RECIPE_LIST_REQ#CURRENT_RECIPE_CHANGE_ACK#MACHINE_MODE_CHANGE_REPORT_REPLY#ALIVE#]
2019-09-09 16:50:44.364	SYSTEM	SIMULATOR	RECV	CIM_MODE|1 (NOT EXIST SCANPROPERTY) [AUTO_MODE_CHANGE_EVENT_REPLY#COMMUNICATION_ACK|O#STAGE_GLASS_EXIST_REPLY#CIM_MODE|1#RECIPE_LIST_REQ#CURRENT_RECIPE_CHANGE_ACK#MACHINE_MODE_CHANGE_REPORT_REPLY#ALIVE#]
2019-09-09 16:50:44.364	SYSTEM	SIMULATOR	RECV	RECIPE_LIST_REQ (NOT EXIST SCANPROPERTY) [AUTO_MODE_CHANGE_EVENT_REPLY#COMMUNICATION_ACK|O#STAGE_GLASS_EXIST_REPLY#CIM_MODE|1#RECIPE_LIST_REQ#CURRENT_RECIPE_CHANGE_ACK#MACHINE_MODE_CHANGE_REPORT_REPLY#ALIVE#]
2019-09-09 16:50:44.374	SYSTEM	SIMULATOR	SEND	RECIPE_LIST_REQ_REPLY|4#
2019-09-09 16:50:44.627	SYSTEM	SIMULATOR	RECV	CURRENT_RECIPE_CHANGE_ACK (NOT EXIST SCANPROPERTY) [AUTO_MODE_CHANGE_EVENT_REPLY#COMMUNICATION_ACK|O#STAGE_GLASS_EXIST_REPLY#CIM_MODE|1#RECIPE_LIST_REQ#CURRENT_RECIPE_CHANGE_ACK#MACHINE_MODE_CHANGE_REPORT_REPLY#ALIVE#]
2019-09-09 16:50:44.880	SYSTEM	SIMULATOR	RECV	MACHINE_MODE_CHANGE_REPORT_REPLY (NOT EXIST SCANPROPERTY) [AUTO_MODE_CHANGE_EVENT_REPLY#COMMUNICATION_ACK|O#STAGE_GLASS_EXIST_REPLY#CIM_MODE|1#RECIPE_LIST_REQ#CURRENT_RECIPE_CHANGE_ACK#MACHINE_MODE_CHANGE_REPORT_REPLY#ALIVE#]
2019-09-09 16:50:45.133	SYSTEM	SIMULATOR	RECV	ALIVE (NOT EXIST SCANPROPERTY) [AUTO_MODE_CHANGE_EVENT_REPLY#COMMUNICATION_ACK|O#STAGE_GLASS_EXIST_REPLY#CIM_MODE|1#RECIPE_LIST_REQ#CURRENT_RECIPE_CHANGE_ACK#MACHINE_MODE_CHANGE_REPORT_REPLY#ALIVE#]
2019-09-09 16:50:45.386	SYSTEM	SIMULATOR	SEND	ALIVE_REPLY#
2019-09-09 16:50:45.640	SYSTEM	SIMULATOR	RECV	ALIVE (NOT EXIST SCANPROPERTY) [ALIVE#ALIVE#]
2019-09-09 16:50:46.147	SYSTEM	SIMULATOR	RECV	ALIVE (NOT EXIST SCANPROPERTY) [ALIVE#ALIVE#]
2019-09-09 16:50:46.657	SYSTEM	SIMULATOR	RECV	ALIVE (NOT EXIST SCANPROPERTY) [ALIVE#]
2019-09-09 16:50:47.393	SYSTEM	SIMULATOR	RECV	ALIVE (NOT EXIST SCANPROPERTY) [ALIVE#]
2019-09-09 16:50:48.395	SYSTEM	SIMULATOR	RECV	ALIVE (NOT EXIST SCANPROPERTY) [ALIVE#]
2019-09-09 16:50:49.172	SYSTEM	SIMULATOR	RECV	CIM_MESSAGE_ON|X| (NOT EXIST SCANPROPERTY) [CIM_MESSAGE_ON|X|#]
2019-09-09 16:50:49.173	SYSTEM	SIMULATOR	SEND	CIM_MESSAGE_ON_REPLY#
2019-09-09 16:50:49.430	SYSTEM	SIMULATOR	RECV	ALIVE (NOT EXIST SCANPROPERTY) [ALIVE#]
2019-09-09 16:50:49.687	SYSTEM	SIMULATOR	SEND	ALIVE_REPLY#
2019-09-09 16:50:50.397	SYSTEM	SIMULATOR	RECV	ALIVE (NOT EXIST SCANPROPERTY) [ALIVE#]
2019-09-09 16:50:51.398	SYSTEM	SIMULATOR	RECV	ALIVE (NOT EXIST SCANPROPERTY) [ALIVE#]
2019-09-09 16:50:52.399	SYSTEM	SIMULATOR	RECV	ALIVE (NOT EXIST SCANPROPERTY) [ALIVE#]
2019-09-09 16:50:53.400	SYSTEM	SIMULATOR	RECV	ALIVE (NOT EXIST SCANPROPERTY) [ALIVE#]
2019-09-09 16:50:54.401	SYSTEM	SIMULATOR	RECV	ALIVE (NOT EXIST SCANPROPERTY) [ALIVE#]
2019-09-09 16:50:55.256	SYSTEM	SIMULATOR	SEND	COMMUNICATION|O#
2019-09-09 16:50:55.259	SYSTEM	SIMULATOR	RECV	COMMUNICATION_ACK|O (NOT EXIST SCANPROPERTY) [COMMUNICATION_ACK|O#]
2019-09-09 16:50:55.510	SYSTEM	SIMULATOR	RECV	CIM_MODE|1 (NOT EXIST SCANPROPERTY) [CIM_MODE|1#RECIPE_LIST_REQ#ALIVE#]
2019-09-09 16:50:55.510	SYSTEM	SIMULATOR	RECV	RECIPE_LIST_REQ (NOT EXIST SCANPROPERTY) [CIM_MODE|1#RECIPE_LIST_REQ#ALIVE#]
2019-09-09 16:50:55.512	SYSTEM	SIMULATOR	SEND	RECIPE_LIST_REQ_REPLY|4#
2019-09-09 16:50:55.764	SYSTEM	SIMULATOR	RECV	ALIVE (NOT EXIST SCANPROPERTY) [CIM_MODE|1#RECIPE_LIST_REQ#ALIVE#]
2019-09-09 16:50:56.016	SYSTEM	SIMULATOR	SEND	ALIVE_REPLY#
2019-09-09 16:50:56.405	SYSTEM	SIMULATOR	RECV	ALIVE (NOT EXIST SCANPROPERTY) [ALIVE#]
2019-09-09 16:50:57.406	SYSTEM	SIMULATOR	RECV	ALIVE (NOT EXIST SCANPROPERTY) [ALIVE#]
2019-09-09 16:50:58.408	SYSTEM	SIMULATOR	RECV	ALIVE (NOT EXIST SCANPROPERTY) [ALIVE#]
2019-09-09 16:50:59.409	SYSTEM	SIMULATOR	RECV	ALIVE (NOT EXIST SCANPROPERTY) [ALIVE#]
2019-09-09 16:51:00.410	SYSTEM	SIMULATOR	RECV	ALIVE (NOT EXIST SCANPROPERTY) [ALIVE#]
2019-09-09 16:51:01.411	SYSTEM	SIMULATOR	RECV	ALIVE (NOT EXIST SCANPROPERTY) [ALIVE#]
2019-09-09 16:51:02.412	SYSTEM	SIMULATOR	RECV	ALIVE (NOT EXIST SCANPROPERTY) [ALIVE#]
2019-09-09 16:51:03.413	SYSTEM	SIMULATOR	RECV	ALIVE (NOT EXIST SCANPROPERTY) [ALIVE#]
2019-09-09 16:51:04.416	SYSTEM	SIMULATOR	RECV	ALIVE (NOT EXIST SCANPROPERTY) [ALIVE#]
2019-09-09 16:51:05.416	SYSTEM	SIMULATOR	RECV	ALIVE (NOT EXIST SCANPROPERTY) [ALIVE#]
2019-09-09 16:51:06.417	SYSTEM	SIMULATOR	RECV	ALIVE (NOT EXIST SCANPROPERTY) [ALIVE#]
2019-09-09 16:51:07.418	SYSTEM	SIMULATOR	RECV	ALIVE (NOT EXIST SCANPROPERTY) [ALIVE#]
2019-09-09 16:51:08.420	SYSTEM	SIMULATOR	RECV	ALIVE (NOT EXIST SCANPROPERTY) [ALIVE#]
2019-09-09 16:51:09.421	SYSTEM	SIMULATOR	RECV	ALIVE (NOT EXIST SCANPROPERTY) [ALIVE#]
2019-09-09 16:51:10.422	SYSTEM	SIMULATOR	RECV	ALIVE (NOT EXIST SCANPROPERTY) [ALIVE#]
2019-09-09 16:51:11.423	SYSTEM	SIMULATOR	RECV	ALIVE (NOT EXIST SCANPROPERTY) [ALIVE#]
2019-09-09 16:51:12.423	SYSTEM	SIMULATOR	RECV	ALIVE (NOT EXIST SCANPROPERTY) [ALIVE#]
2019-09-09 16:51:13.425	SYSTEM	SIMULATOR	RECV	ALIVE (NOT EXIST SCANPROPERTY) [ALIVE#]
2019-09-09 16:51:14.426	SYSTEM	SIMULATOR	RECV	ALIVE (NOT EXIST SCANPROPERTY) [ALIVE#]
2019-09-09 16:51:15.427	SYSTEM	SIMULATOR	RECV	ALIVE (NOT EXIST SCANPROPERTY) [ALIVE#]
2019-09-09 16:51:16.428	SYSTEM	SIMULATOR	RECV	ALIVE (NOT EXIST SCANPROPERTY) [ALIVE#]
2019-09-09 16:51:17.430	SYSTEM	SIMULATOR	RECV	ALIVE (NOT EXIST SCANPROPERTY) [ALIVE#]
2019-09-09 16:51:18.430	SYSTEM	SIMULATOR	RECV	ALIVE (NOT EXIST SCANPROPERTY) [ALIVE#]
2019-09-09 16:51:19.431	SYSTEM	SIMULATOR	RECV	ALIVE (NOT EXIST SCANPROPERTY) [ALIVE#]
2019-09-09 16:51:20.433	SYSTEM	SIMULATOR	RECV	ALIVE (NOT EXIST SCANPROPERTY) [ALIVE#]
2019-09-09 16:51:21.434	SYSTEM	SIMULATOR	RECV	ALIVE (NOT EXIST SCANPROPERTY) [ALIVE#]
2019-09-09 16:51:22.435	SYSTEM	SIMULATOR	RECV	ALIVE (NOT EXIST SCANPROPERTY) [ALIVE#]
2019-09-09 16:51:23.437	SYSTEM	SIMULATOR	RECV	ALIVE (NOT EXIST SCANPROPERTY) [ALIVE#]
2019-09-09 16:51:24.438	SYSTEM	SIMULATOR	RECV	ALIVE (NOT EXIST SCANPROPERTY) [ALIVE#]
2019-09-09 16:51:25.439	SYSTEM	SIMULATOR	RECV	ALIVE (NOT EXIST SCANPROPERTY) [ALIVE#]
2019-09-09 16:51:26.441	SYSTEM	SIMULATOR	RECV	ALIVE (NOT EXIST SCANPROPERTY) [ALIVE#]
2019-09-09 16:51:27.442	SYSTEM	SIMULATOR	RECV	ALIVE (NOT EXIST SCANPROPERTY) [ALIVE#]
2019-09-09 16:51:28.443	SYSTEM	SIMULATOR	RECV	ALIVE (NOT EXIST SCANPROPERTY) [ALIVE#]
2019-09-09 16:51:29.444	SYSTEM	SIMULATOR	RECV	ALIVE (NOT EXIST SCANPROPERTY) [ALIVE#]
2019-09-09 16:51:30.444	SYSTEM	SIMULATOR	RECV	ALIVE (NOT EXIST SCANPROPERTY) [ALIVE#]
2019-09-09 16:51:31.446	SYSTEM	SIMULATOR	RECV	ALIVE (NOT EXIST SCANPROPERTY) [ALIVE#]
2019-09-09 16:51:32.447	SYSTEM	SIMULATOR	RECV	ALIVE (NOT EXIST SCANPROPERTY) [ALIVE#]
2019-09-09 16:51:33.449	SYSTEM	SIMULATOR	RECV	ALIVE (NOT EXIST SCANPROPERTY) [ALIVE#]
2019-09-09 16:51:34.450	SYSTEM	SIMULATOR	RECV	ALIVE (NOT EXIST SCANPROPERTY) [ALIVE#]
2019-09-09 16:51:35.451	SYSTEM	SIMULATOR	RECV	ALIVE (NOT EXIST SCANPROPERTY) [ALIVE#]
2019-09-09 16:51:36.451	SYSTEM	SIMULATOR	RECV	ALIVE (NOT EXIST SCANPROPERTY) [ALIVE#]
2019-09-09 16:51:37.452	SYSTEM	SIMULATOR	RECV	ALIVE (NOT EXIST SCANPROPERTY) [ALIVE#]
2019-09-09 16:51:38.453	SYSTEM	SIMULATOR	RECV	ALIVE (NOT EXIST SCANPROPERTY) [ALIVE#]
2019-09-09 16:51:39.454	SYSTEM	SIMULATOR	RECV	ALIVE (NOT EXIST SCANPROPERTY) [ALIVE#]
2019-09-09 16:51:40.455	SYSTEM	SIMULATOR	RECV	ALIVE (NOT EXIST SCANPROPERTY) [ALIVE#]
2019-09-09 16:51:41.456	SYSTEM	SIMULATOR	RECV	ALIVE (NOT EXIST SCANPROPERTY) [ALIVE#]
2019-09-09 16:51:42.457	SYSTEM	SIMULATOR	RECV	ALIVE (NOT EXIST SCANPROPERTY) [ALIVE#]
2019-09-09 16:51:43.459	SYSTEM	SIMULATOR	RECV	ALIVE (NOT EXIST SCANPROPERTY) [ALIVE#]
2019-09-09 16:51:44.461	SYSTEM	SIMULATOR	RECV	ALIVE (NOT EXIST SCANPROPERTY) [ALIVE#]
2019-09-09 16:51:44.575	SYSTEM	SIMULATOR	SEND	GLASS_DATA_VALUE_FILE_REPORT|D:\data\W97PE3101.ini#
2019-09-09 16:51:55.055	SYSTEM	SIMULATOR	SEND	ALIVE_REPLY#
2019-09-09 16:52:09.831	SYSTEM	SIMULATOR	RECV	GLASS_DATA_VALUE_FILE_REPORT_ACK (NOT EXIST SCANPROPERTY) [GLASS_DATA_VALUE_FILE_REPORT_ACK#ALIVE#]
2019-09-09 16:52:12.531	SYSTEM	SIMULATOR	RECV	ALIVE (NOT EXIST SCANPROPERTY) [GLASS_DATA_VALUE_FILE_REPORT_ACK#ALIVE#]
2019-09-09 16:52:13.676	SYSTEM	SIMULATOR	RECV	ALIVE (NOT EXIST SCANPROPERTY) [ALIVE#]
2019-09-09 16:52:21.283	SYSTEM	SIMULATOR	RECV	ALIVE (NOT EXIST SCANPROPERTY) [ALIVE#ALIVE#]
2019-09-09 16:52:23.218	SYSTEM	SIMULATOR	RECV	ALIVE (NOT EXIST SCANPROPERTY) [ALIVE#ALIVE#]
2019-09-09 16:52:26.731	SYSTEM	SIMULATOR	RECV	ALIVE (NOT EXIST SCANPROPERTY) [ALIVE#ALIVE#]
2019-09-09 16:52:28.750	SYSTEM	SIMULATOR	RECV	ALIVE (NOT EXIST SCANPROPERTY) [ALIVE#ALIVE#]
2019-09-09 16:52:57.333	SYSTEM	SIMULATOR	RECV	ALIVE (NOT EXIST SCANPROPERTY) [ALIVE#ALIVE#]
2019-09-09 16:53:16.249	SYSTEM	SIMULATOR	RECV	ALIVE (NOT EXIST SCANPROPERTY) [ALIVE#ALIVE#]
2019-09-09 16:53:20.847	SYSTEM	SIMULATOR	RECV	ALIVE (NOT EXIST SCANPROPERTY) [ALIVE#ALIVE#ALIVE#]
2019-09-09 16:53:24.976	SYSTEM	SIMULATOR	RECV	ALIVE (NOT EXIST SCANPROPERTY) [ALIVE#ALIVE#ALIVE#]
2019-09-09 16:53:32.235	SYSTEM	SIMULATOR	RECV	ALIVE (NOT EXIST SCANPROPERTY) [ALIVE#ALIVE#ALIVE#]
2019-09-09 16:53:33.276	SYSTEM	SIMULATOR	RECV	ALIVE (NOT EXIST SCANPROPERTY) [ALIVE#ALIVE#ALIVE#]
2019-09-09 16:53:35.383	SYSTEM	SIMULATOR	RECV	ALIVE (NOT EXIST SCANPROPERTY) [ALIVE#ALIVE#ALIVE#]
2019-09-09 16:53:36.478	SYSTEM	SIMULATOR	RECV	ALIVE (NOT EXIST SCANPROPERTY) [ALIVE#ALIVE#ALIVE#]
2019-09-09 16:54:03.466	SYSTEM	SIMULATOR	RECV	ALIVE (NOT EXIST SCANPROPERTY) [ALIVE#ALIVE#ALIVE#]
2019-09-09 16:54:11.295	SYSTEM	SIMULATOR	RECV	ALIVE (NOT EXIST SCANPROPERTY) [ALIVE#ALIVE#ALIVE#]
2019-09-09 16:54:15.166	SYSTEM	SIMULATOR	RECV	ALIVE (NOT EXIST SCANPROPERTY) [ALIVE#ALIVE#ALIVE#]
2019-09-09 16:54:16.253	SYSTEM	SIMULATOR	RECV	ALIVE (NOT EXIST SCANPROPERTY) [ALIVE#ALIVE#ALIVE#ALIVE#]
2019-09-09 16:54:17.152	SYSTEM	SIMULATOR	RECV	ALIVE (NOT EXIST SCANPROPERTY) [ALIVE#ALIVE#ALIVE#ALIVE#]
2019-09-09 16:54:18.276	SYSTEM	SIMULATOR	RECV	ALIVE (NOT EXIST SCANPROPERTY) [ALIVE#ALIVE#ALIVE#ALIVE#]
2019-09-09 16:54:19.275	SYSTEM	SIMULATOR	RECV	ALIVE (NOT EXIST SCANPROPERTY) [ALIVE#ALIVE#ALIVE#ALIVE#]
2019-09-09 16:54:20.069	SYSTEM	SIMULATOR	RECV	ALIVE (NOT EXIST SCANPROPERTY) [ALIVE#ALIVE#]
2019-09-09 16:54:21.233	SYSTEM	SIMULATOR	RECV	ALIVE (NOT EXIST SCANPROPERTY) [ALIVE#ALIVE#]
2019-09-09 16:54:22.335	SYSTEM	SIMULATOR	RECV	ALIVE (NOT EXIST SCANPROPERTY) [ALIVE#ALIVE#]
2019-09-09 16:54:31.799	SYSTEM	SIMULATOR	RECV	ALIVE (NOT EXIST SCANPROPERTY) [ALIVE#ALIVE#]
2019-09-09 16:54:38.649	SYSTEM	SIMULATOR	RECV	ALIVE (NOT EXIST SCANPROPERTY) [ALIVE#ALIVE#]
2019-09-09 16:54:39.153	SYSTEM	SIMULATOR	RECV	ALIVE (NOT EXIST SCANPROPERTY) [ALIVE#ALIVE#]
2019-09-09 16:54:39.664	SYSTEM	SIMULATOR	RECV	ALIVE (NOT EXIST SCANPROPERTY) [ALIVE#]
2019-09-09 16:54:40.400	SYSTEM	SIMULATOR	RECV	ALIVE (NOT EXIST SCANPROPERTY) [ALIVE#]
2019-09-09 16:54:41.402	SYSTEM	SIMULATOR	RECV	ALIVE (NOT EXIST SCANPROPERTY) [ALIVE#]
2019-09-09 16:54:42.402	SYSTEM	SIMULATOR	RECV	ALIVE (NOT EXIST SCANPROPERTY) [ALIVE#]
2019-09-09 16:54:43.403	SYSTEM	SIMULATOR	RECV	ALIVE (NOT EXIST SCANPROPERTY) [ALIVE#]
2019-09-09 16:54:44.405	SYSTEM	SIMULATOR	RECV	ALIVE (NOT EXIST SCANPROPERTY) [ALIVE#]
2019-09-09 16:54:45.406	SYSTEM	SIMULATOR	RECV	ALIVE (NOT EXIST SCANPROPERTY) [ALIVE#]
2019-09-09 16:54:46.406	SYSTEM	SIMULATOR	RECV	ALIVE (NOT EXIST SCANPROPERTY) [ALIVE#]
2019-09-09 16:54:47.407	SYSTEM	SIMULATOR	RECV	ALIVE (NOT EXIST SCANPROPERTY) [ALIVE#]
2019-09-09 16:54:48.410	SYSTEM	SIMULATOR	RECV	ALIVE (NOT EXIST SCANPROPERTY) [ALIVE#]
2019-09-09 16:54:49.411	SYSTEM	SIMULATOR	RECV	ALIVE (NOT EXIST SCANPROPERTY) [ALIVE#]
2019-09-09 16:54:50.412	SYSTEM	SIMULATOR	RECV	ALIVE (NOT EXIST SCANPROPERTY) [ALIVE#]
2019-09-09 16:54:51.413	SYSTEM	SIMULATOR	RECV	ALIVE (NOT EXIST SCANPROPERTY) [ALIVE#]
2019-09-09 16:54:52.413	SYSTEM	SIMULATOR	RECV	ALIVE (NOT EXIST SCANPROPERTY) [ALIVE#]
2019-09-09 16:54:53.427	SYSTEM	SIMULATOR	RECV	ALIVE (NOT EXIST SCANPROPERTY) [ALIVE#]
2019-09-09 16:54:54.429	SYSTEM	SIMULATOR	RECV	ALIVE (NOT EXIST SCANPROPERTY) [ALIVE#]
2019-09-09 16:54:55.430	SYSTEM	SIMULATOR	RECV	ALIVE (NOT EXIST SCANPROPERTY) [ALIVE#]
2019-09-09 16:54:56.431	SYSTEM	SIMULATOR	RECV	ALIVE (NOT EXIST SCANPROPERTY) [ALIVE#]
2019-09-09 16:54:57.432	SYSTEM	SIMULATOR	RECV	ALIVE (NOT EXIST SCANPROPERTY) [ALIVE#]
2019-09-09 16:54:58.434	SYSTEM	SIMULATOR	RECV	ALIVE (NOT EXIST SCANPROPERTY) [ALIVE#]
2019-09-09 16:54:59.436	SYSTEM	SIMULATOR	RECV	ALIVE (NOT EXIST SCANPROPERTY) [ALIVE#]
2019-09-09 16:55:00.436	SYSTEM	SIMULATOR	RECV	ALIVE (NOT EXIST SCANPROPERTY) [ALIVE#]
2019-09-09 16:55:01.438	SYSTEM	SIMULATOR	RECV	ALIVE (NOT EXIST SCANPROPERTY) [ALIVE#]
2019-09-09 16:55:02.439	SYSTEM	SIMULATOR	RECV	ALIVE (NOT EXIST SCANPROPERTY) [ALIVE#]
2019-09-09 16:55:03.440	SYSTEM	SIMULATOR	RECV	ALIVE (NOT EXIST SCANPROPERTY) [ALIVE#]
2019-09-09 16:55:04.441	SYSTEM	SIMULATOR	RECV	ALIVE (NOT EXIST SCANPROPERTY) [ALIVE#]
2019-09-09 16:55:05.442	SYSTEM	SIMULATOR	RECV	ALIVE (NOT EXIST SCANPROPERTY) [ALIVE#]
2019-09-09 16:55:06.469	SYSTEM	SIMULATOR	RECV	ALIVE (NOT EXIST SCANPROPERTY) [ALIVE#]
2019-09-09 16:55:07.471	SYSTEM	SIMULATOR	RECV	ALIVE (NOT EXIST SCANPROPERTY) [ALIVE#]
2019-09-09 16:55:08.473	SYSTEM	SIMULATOR	RECV	ALIVE (NOT EXIST SCANPROPERTY) [ALIVE#]
2019-09-09 16:55:09.474	SYSTEM	SIMULATOR	RECV	ALIVE (NOT EXIST SCANPROPERTY) [ALIVE#]
2019-09-09 16:55:10.476	SYSTEM	SIMULATOR	RECV	ALIVE (NOT EXIST SCANPROPERTY) [ALIVE#]
2019-09-09 16:55:11.477	SYSTEM	SIMULATOR	RECV	ALIVE (NOT EXIST SCANPROPERTY) [ALIVE#]
2019-09-09 16:55:12.478	SYSTEM	SIMULATOR	RECV	ALIVE (NOT EXIST SCANPROPERTY) [ALIVE#]
2019-09-09 16:55:13.479	SYSTEM	SIMULATOR	RECV	ALIVE (NOT EXIST SCANPROPERTY) [ALIVE#]
2019-09-09 16:55:14.481	SYSTEM	SIMULATOR	RECV	ALIVE (NOT EXIST SCANPROPERTY) [ALIVE#]
2019-09-09 16:55:15.482	SYSTEM	SIMULATOR	RECV	ALIVE (NOT EXIST SCANPROPERTY) [ALIVE#]
2019-09-09 16:55:16.483	SYSTEM	SIMULATOR	RECV	ALIVE (NOT EXIST SCANPROPERTY) [ALIVE#]
2019-09-09 16:55:17.485	SYSTEM	SIMULATOR	RECV	ALIVE (NOT EXIST SCANPROPERTY) [ALIVE#]
2019-09-09 16:55:18.486	SYSTEM	SIMULATOR	RECV	ALIVE (NOT EXIST SCANPROPERTY) [ALIVE#]
2019-09-09 16:55:19.487	SYSTEM	SIMULATOR	RECV	ALIVE (NOT EXIST SCANPROPERTY) [ALIVE#]
2019-09-09 16:55:20.489	SYSTEM	SIMULATOR	RECV	ALIVE (NOT EXIST SCANPROPERTY) [ALIVE#]
2019-09-09 16:55:21.490	SYSTEM	SIMULATOR	RECV	ALIVE (NOT EXIST SCANPROPERTY) [ALIVE#]
2019-09-09 16:55:22.490	SYSTEM	SIMULATOR	RECV	ALIVE (NOT EXIST SCANPROPERTY) [ALIVE#]
2019-09-09 16:55:23.492	SYSTEM	SIMULATOR	RECV	ALIVE (NOT EXIST SCANPROPERTY) [ALIVE#]
2019-09-09 16:55:24.493	SYSTEM	SIMULATOR	RECV	ALIVE (NOT EXIST SCANPROPERTY) [ALIVE#]
2019-09-09 16:55:25.494	SYSTEM	SIMULATOR	RECV	ALIVE (NOT EXIST SCANPROPERTY) [ALIVE#]
2019-09-09 16:55:26.495	SYSTEM	SIMULATOR	RECV	ALIVE (NOT EXIST SCANPROPERTY) [ALIVE#]
2019-09-09 16:55:27.496	SYSTEM	SIMULATOR	RECV	ALIVE (NOT EXIST SCANPROPERTY) [ALIVE#]
2019-09-09 16:55:28.497	SYSTEM	SIMULATOR	RECV	ALIVE (NOT EXIST SCANPROPERTY) [ALIVE#]
2019-09-09 16:55:29.499	SYSTEM	SIMULATOR	RECV	ALIVE (NOT EXIST SCANPROPERTY) [ALIVE#]
2019-09-09 16:55:30.500	SYSTEM	SIMULATOR	RECV	ALIVE (NOT EXIST SCANPROPERTY) [ALIVE#]
2019-09-09 16:55:31.501	SYSTEM	SIMULATOR	RECV	ALIVE (NOT EXIST SCANPROPERTY) [ALIVE#]
2019-09-09 16:55:32.502	SYSTEM	SIMULATOR	RECV	ALIVE (NOT EXIST SCANPROPERTY) [ALIVE#]
2019-09-09 16:58:17.820	SYSTEM	SIMULATOR	PROC	DriverName=SIMULATOR, Mode=Client, RemoteIP=127.0.0.1, RemotePort=7000, LocalIP=127.0.0.1, LocalPort=7000
2019-09-09 16:58:17.840	SYSTEM	SIMULATOR	PROC	START
2019-09-09 16:58:17.878	SYSTEM	SIMULATOR	PROC	DRIVER STATUS CHANGE NONE>WAITCRA
2019-09-09 16:58:17.878	SYSTEM	SIMULATOR	PROC	DRIVER STATUS CHANGE WAITCRA>CONNECTED
2019-09-09 16:58:18.015	SYSTEM	SIMULATOR	SEND	STAGE_GLASS_EXIST|X#
2019-09-09 16:58:18.021	SYSTEM	SIMULATOR	SEND	CURRENT_RECIPE_CHANGE|1|1#
2019-09-09 16:58:18.024	SYSTEM	SIMULATOR	SEND	AUTO_MODE_CHANGE_EVENT|1#
2019-09-09 16:58:18.029	SYSTEM	SIMULATOR	SEND	MACHINE_MODE_CHANGE_REPORT|1#
2019-09-09 16:58:18.030	SYSTEM	SIMULATOR	SEND	COMMUNICATION|O#
2019-09-09 16:58:18.333	SYSTEM	SIMULATOR	RECV	AUTO_MODE_CHANGE_EVENT_REPLY (NOT EXIST SCANPROPERTY) [AUTO_MODE_CHANGE_EVENT_REPLY#]
2019-09-09 16:58:18.591	SYSTEM	SIMULATOR	RECV	COMMUNICATION_ACK|O (NOT EXIST SCANPROPERTY) [COMMUNICATION_ACK|O#CIM_MODE|1#STAGE_GLASS_EXIST_REPLY#RECIPE_LIST_REQ#CURRENT_RECIPE_CHANGE_ACK#MACHINE_MODE_CHANGE_REPORT_REPLY#ALIVE#]
2019-09-09 16:58:18.843	SYSTEM	SIMULATOR	RECV	CIM_MODE|1 (NOT EXIST SCANPROPERTY) [COMMUNICATION_ACK|O#CIM_MODE|1#STAGE_GLASS_EXIST_REPLY#RECIPE_LIST_REQ#CURRENT_RECIPE_CHANGE_ACK#MACHINE_MODE_CHANGE_REPORT_REPLY#ALIVE#]
2019-09-09 16:58:18.843	SYSTEM	SIMULATOR	RECV	STAGE_GLASS_EXIST_REPLY (NOT EXIST SCANPROPERTY) [COMMUNICATION_ACK|O#CIM_MODE|1#STAGE_GLASS_EXIST_REPLY#RECIPE_LIST_REQ#CURRENT_RECIPE_CHANGE_ACK#MACHINE_MODE_CHANGE_REPORT_REPLY#ALIVE#]
2019-09-09 16:58:19.096	SYSTEM	SIMULATOR	RECV	RECIPE_LIST_REQ (NOT EXIST SCANPROPERTY) [COMMUNICATION_ACK|O#CIM_MODE|1#STAGE_GLASS_EXIST_REPLY#RECIPE_LIST_REQ#CURRENT_RECIPE_CHANGE_ACK#MACHINE_MODE_CHANGE_REPORT_REPLY#ALIVE#]
2019-09-09 16:58:19.101	SYSTEM	SIMULATOR	SEND	RECIPE_LIST_REQ_REPLY|4#
2019-09-09 16:58:19.355	SYSTEM	SIMULATOR	RECV	CURRENT_RECIPE_CHANGE_ACK (NOT EXIST SCANPROPERTY) [COMMUNICATION_ACK|O#CIM_MODE|1#STAGE_GLASS_EXIST_REPLY#RECIPE_LIST_REQ#CURRENT_RECIPE_CHANGE_ACK#MACHINE_MODE_CHANGE_REPORT_REPLY#ALIVE#]
2019-09-09 16:58:19.609	SYSTEM	SIMULATOR	SEND	COMMUNICATION|O#
2019-09-09 16:58:19.611	SYSTEM	SIMULATOR	RECV	MACHINE_MODE_CHANGE_REPORT_REPLY (NOT EXIST SCANPROPERTY) [COMMUNICATION_ACK|O#CIM_MODE|1#STAGE_GLASS_EXIST_REPLY#RECIPE_LIST_REQ#CURRENT_RECIPE_CHANGE_ACK#MACHINE_MODE_CHANGE_REPORT_REPLY#ALIVE#]
2019-09-09 16:58:19.865	SYSTEM	SIMULATOR	RECV	ALIVE (NOT EXIST SCANPROPERTY) [COMMUNICATION_ACK|O#CIM_MODE|1#STAGE_GLASS_EXIST_REPLY#RECIPE_LIST_REQ#CURRENT_RECIPE_CHANGE_ACK#MACHINE_MODE_CHANGE_REPORT_REPLY#ALIVE#]
2019-09-09 16:58:20.117	SYSTEM	SIMULATOR	SEND	ALIVE_REPLY#
2019-09-09 16:58:20.369	SYSTEM	SIMULATOR	RECV	STATE_REQUEST (NOT EXIST SCANPROPERTY) [STATE_REQUEST#ALIVE#COMMUNICATION_ACK|O#CIM_MODE|1#RECIPE_LIST_REQ#ALIVE#]
2019-09-09 16:58:20.372	SYSTEM	SIMULATOR	SEND	STATE_REQUEST_ACK|1|2#
2019-09-09 16:58:20.627	SYSTEM	SIMULATOR	RECV	ALIVE (NOT EXIST SCANPROPERTY) [STATE_REQUEST#ALIVE#COMMUNICATION_ACK|O#CIM_MODE|1#RECIPE_LIST_REQ#ALIVE#]
2019-09-09 16:58:20.880	SYSTEM	SIMULATOR	SEND	ALIVE_REPLY#
2019-09-09 16:58:21.137	SYSTEM	SIMULATOR	RECV	COMMUNICATION_ACK|O (NOT EXIST SCANPROPERTY) [STATE_REQUEST#ALIVE#COMMUNICATION_ACK|O#CIM_MODE|1#RECIPE_LIST_REQ#ALIVE#]
2019-09-09 16:58:21.394	SYSTEM	SIMULATOR	RECV	CIM_MODE|1 (NOT EXIST SCANPROPERTY) [STATE_REQUEST#ALIVE#COMMUNICATION_ACK|O#CIM_MODE|1#RECIPE_LIST_REQ#ALIVE#]
2019-09-09 16:58:21.394	SYSTEM	SIMULATOR	RECV	RECIPE_LIST_REQ (NOT EXIST SCANPROPERTY) [STATE_REQUEST#ALIVE#COMMUNICATION_ACK|O#CIM_MODE|1#RECIPE_LIST_REQ#ALIVE#]
2019-09-09 16:58:21.397	SYSTEM	SIMULATOR	SEND	RECIPE_LIST_REQ_REPLY|4#
2019-09-09 16:58:21.654	SYSTEM	SIMULATOR	RECV	ALIVE (NOT EXIST SCANPROPERTY) [STATE_REQUEST#ALIVE#COMMUNICATION_ACK|O#CIM_MODE|1#RECIPE_LIST_REQ#ALIVE#]
2019-09-09 16:58:21.909	SYSTEM	SIMULATOR	SEND	ALIVE_REPLY#
2019-09-09 16:58:22.162	SYSTEM	SIMULATOR	RECV	ALIVE (NOT EXIST SCANPROPERTY) [ALIVE#]
2019-09-09 16:58:22.670	SYSTEM	SIMULATOR	RECV	ALIVE (NOT EXIST SCANPROPERTY) [ALIVE#]
2019-09-09 16:58:23.364	SYSTEM	SIMULATOR	RECV	ALIVE (NOT EXIST SCANPROPERTY) [ALIVE#]
2019-09-09 16:58:23.907	SYSTEM	SIMULATOR	RECV	CIM_MESSAGE_ON|X| (NOT EXIST SCANPROPERTY) [CIM_MESSAGE_ON|X|#]
2019-09-09 16:58:23.909	SYSTEM	SIMULATOR	SEND	CIM_MESSAGE_ON_REPLY#
2019-09-09 16:58:24.370	SYSTEM	SIMULATOR	RECV	ALIVE (NOT EXIST SCANPROPERTY) [ALIVE#]
2019-09-09 16:58:24.622	SYSTEM	SIMULATOR	SEND	ALIVE_REPLY#
2019-09-09 16:58:25.372	SYSTEM	SIMULATOR	RECV	ALIVE (NOT EXIST SCANPROPERTY) [ALIVE#]
2019-09-09 16:58:26.372	SYSTEM	SIMULATOR	RECV	ALIVE (NOT EXIST SCANPROPERTY) [ALIVE#]
2019-09-09 16:58:27.375	SYSTEM	SIMULATOR	RECV	ALIVE (NOT EXIST SCANPROPERTY) [ALIVE#]
2019-09-09 16:58:28.376	SYSTEM	SIMULATOR	RECV	ALIVE (NOT EXIST SCANPROPERTY) [ALIVE#]
2019-09-09 16:58:29.377	SYSTEM	SIMULATOR	RECV	ALIVE (NOT EXIST SCANPROPERTY) [ALIVE#]
2019-09-09 16:58:30.378	SYSTEM	SIMULATOR	RECV	ALIVE (NOT EXIST SCANPROPERTY) [ALIVE#]
2019-09-09 16:58:31.378	SYSTEM	SIMULATOR	RECV	ALIVE (NOT EXIST SCANPROPERTY) [ALIVE#]
2019-09-09 16:58:32.379	SYSTEM	SIMULATOR	RECV	ALIVE (NOT EXIST SCANPROPERTY) [ALIVE#]
2019-09-09 16:58:33.381	SYSTEM	SIMULATOR	RECV	ALIVE (NOT EXIST SCANPROPERTY) [ALIVE#]
2019-09-09 16:58:34.382	SYSTEM	SIMULATOR	RECV	ALIVE (NOT EXIST SCANPROPERTY) [ALIVE#]
2019-09-09 16:58:35.383	SYSTEM	SIMULATOR	RECV	ALIVE (NOT EXIST SCANPROPERTY) [ALIVE#]
2019-09-09 16:58:36.385	SYSTEM	SIMULATOR	RECV	ALIVE (NOT EXIST SCANPROPERTY) [ALIVE#]
2019-09-09 16:58:37.386	SYSTEM	SIMULATOR	RECV	ALIVE (NOT EXIST SCANPROPERTY) [ALIVE#]
2019-09-09 16:58:38.387	SYSTEM	SIMULATOR	RECV	ALIVE (NOT EXIST SCANPROPERTY) [ALIVE#]
2019-09-09 16:58:39.390	SYSTEM	SIMULATOR	RECV	ALIVE (NOT EXIST SCANPROPERTY) [ALIVE#]
2019-09-09 16:58:40.390	SYSTEM	SIMULATOR	RECV	ALIVE (NOT EXIST SCANPROPERTY) [ALIVE#]
2019-09-09 16:58:41.392	SYSTEM	SIMULATOR	RECV	ALIVE (NOT EXIST SCANPROPERTY) [ALIVE#]
2019-09-09 16:58:42.393	SYSTEM	SIMULATOR	RECV	ALIVE (NOT EXIST SCANPROPERTY) [ALIVE#]
2019-09-09 16:58:43.394	SYSTEM	SIMULATOR	RECV	ALIVE (NOT EXIST SCANPROPERTY) [ALIVE#]
2019-09-09 16:58:44.395	SYSTEM	SIMULATOR	RECV	ALIVE (NOT EXIST SCANPROPERTY) [ALIVE#]
2019-09-09 16:58:45.397	SYSTEM	SIMULATOR	RECV	ALIVE (NOT EXIST SCANPROPERTY) [ALIVE#]
2019-09-09 16:58:46.398	SYSTEM	SIMULATOR	RECV	ALIVE (NOT EXIST SCANPROPERTY) [ALIVE#]
2019-09-09 16:58:47.399	SYSTEM	SIMULATOR	RECV	ALIVE (NOT EXIST SCANPROPERTY) [ALIVE#]
2019-09-09 16:58:48.400	SYSTEM	SIMULATOR	RECV	ALIVE (NOT EXIST SCANPROPERTY) [ALIVE#]
2019-09-09 16:58:49.401	SYSTEM	SIMULATOR	RECV	ALIVE (NOT EXIST SCANPROPERTY) [ALIVE#]
2019-09-09 16:58:50.402	SYSTEM	SIMULATOR	RECV	ALIVE (NOT EXIST SCANPROPERTY) [ALIVE#]
2019-09-09 16:58:51.404	SYSTEM	SIMULATOR	RECV	ALIVE (NOT EXIST SCANPROPERTY) [ALIVE#]
2019-09-09 16:58:52.405	SYSTEM	SIMULATOR	RECV	ALIVE (NOT EXIST SCANPROPERTY) [ALIVE#]
2019-09-09 16:58:53.406	SYSTEM	SIMULATOR	RECV	ALIVE (NOT EXIST SCANPROPERTY) [ALIVE#]
2019-09-09 16:58:54.408	SYSTEM	SIMULATOR	RECV	ALIVE (NOT EXIST SCANPROPERTY) [ALIVE#]
2019-09-09 16:58:55.409	SYSTEM	SIMULATOR	RECV	ALIVE (NOT EXIST SCANPROPERTY) [ALIVE#]
2019-09-09 16:58:56.410	SYSTEM	SIMULATOR	RECV	ALIVE (NOT EXIST SCANPROPERTY) [ALIVE#]
2019-09-09 16:58:57.412	SYSTEM	SIMULATOR	RECV	ALIVE (NOT EXIST SCANPROPERTY) [ALIVE#]
2019-09-09 16:58:58.414	SYSTEM	SIMULATOR	RECV	ALIVE (NOT EXIST SCANPROPERTY) [ALIVE#]
2019-09-09 16:58:59.416	SYSTEM	SIMULATOR	RECV	ALIVE (NOT EXIST SCANPROPERTY) [ALIVE#]
2019-09-09 16:59:00.416	SYSTEM	SIMULATOR	RECV	ALIVE (NOT EXIST SCANPROPERTY) [ALIVE#]
2019-09-09 16:59:01.430	SYSTEM	SIMULATOR	RECV	ALIVE (NOT EXIST SCANPROPERTY) [ALIVE#]
2019-09-09 16:59:02.420	SYSTEM	SIMULATOR	RECV	ALIVE (NOT EXIST SCANPROPERTY) [ALIVE#]
2019-09-09 16:59:03.421	SYSTEM	SIMULATOR	RECV	ALIVE (NOT EXIST SCANPROPERTY) [ALIVE#]
2019-09-09 16:59:04.422	SYSTEM	SIMULATOR	RECV	ALIVE (NOT EXIST SCANPROPERTY) [ALIVE#]
2019-09-09 16:59:05.422	SYSTEM	SIMULATOR	RECV	ALIVE (NOT EXIST SCANPROPERTY) [ALIVE#]
2019-09-09 16:59:06.424	SYSTEM	SIMULATOR	RECV	ALIVE (NOT EXIST SCANPROPERTY) [ALIVE#]
2019-09-09 16:59:07.425	SYSTEM	SIMULATOR	RECV	ALIVE (NOT EXIST SCANPROPERTY) [ALIVE#]
2019-09-09 16:59:08.426	SYSTEM	SIMULATOR	RECV	ALIVE (NOT EXIST SCANPROPERTY) [ALIVE#]
2019-09-09 16:59:09.427	SYSTEM	SIMULATOR	RECV	ALIVE (NOT EXIST SCANPROPERTY) [ALIVE#]
2019-09-09 16:59:10.429	SYSTEM	SIMULATOR	RECV	ALIVE (NOT EXIST SCANPROPERTY) [ALIVE#]
2019-09-09 16:59:11.430	SYSTEM	SIMULATOR	RECV	ALIVE (NOT EXIST SCANPROPERTY) [ALIVE#]
2019-09-09 16:59:12.431	SYSTEM	SIMULATOR	RECV	ALIVE (NOT EXIST SCANPROPERTY) [ALIVE#]
2019-09-09 16:59:13.433	SYSTEM	SIMULATOR	RECV	ALIVE (NOT EXIST SCANPROPERTY) [ALIVE#]
2019-09-09 16:59:14.434	SYSTEM	SIMULATOR	RECV	ALIVE (NOT EXIST SCANPROPERTY) [ALIVE#]
2019-09-09 16:59:15.109	SYSTEM	SIMULATOR	SEND	GLASS_DATA_VALUE_FILE_REPORT|D:\data\W97PE3101.ini#
2019-09-09 16:59:15.111	SYSTEM	SIMULATOR	RECV	GLASS_DATA_VALUE_FILE_REPORT_ACK (NOT EXIST SCANPROPERTY) [GLASS_DATA_VALUE_FILE_REPORT_ACK#]
2019-09-09 16:59:22.005	SYSTEM	SIMULATOR	RECV	ALIVE (NOT EXIST SCANPROPERTY) [ALIVE#]
2019-09-09 16:59:22.747	SYSTEM	SIMULATOR	SEND	ALIVE_REPLY#
2019-09-09 16:59:27.425	SYSTEM	SIMULATOR	RECV	ALIVE (NOT EXIST SCANPROPERTY) [ALIVE#]
2019-09-09 16:59:42.184	SYSTEM	SIMULATOR	RECV	ALIVE (NOT EXIST SCANPROPERTY) [ALIVE#]
2019-09-09 16:59:46.625	SYSTEM	SIMULATOR	RECV	ALIVE (NOT EXIST SCANPROPERTY) [ALIVE#]
2019-09-09 16:59:51.970	SYSTEM	SIMULATOR	RECV	ALIVE (NOT EXIST SCANPROPERTY) [ALIVE#]
2019-09-09 16:59:54.704	SYSTEM	SIMULATOR	RECV	ALIVE (NOT EXIST SCANPROPERTY) [ALIVE#]
2019-09-09 17:00:06.710	SYSTEM	SIMULATOR	RECV	ALIVE (NOT EXIST SCANPROPERTY) [ALIVE#]
2019-09-09 17:02:21.874	SYSTEM	SIMULATOR	RECV	ALIVE (NOT EXIST SCANPROPERTY) [ALIVE#]
2019-09-09 17:02:23.291	SYSTEM	SIMULATOR	RECV	ALIVE (NOT EXIST SCANPROPERTY) [ALIVE#]
2019-09-09 17:02:42.690	SYSTEM	SIMULATOR	RECV	ALIVE (NOT EXIST SCANPROPERTY) [ALIVE#]
2019-09-09 17:02:51.628	SYSTEM	SIMULATOR	RECV	ALIVE (NOT EXIST SCANPROPERTY) [ALIVE#]
2019-09-09 17:02:53.549	SYSTEM	SIMULATOR	RECV	ALIVE (NOT EXIST SCANPROPERTY) [ALIVE#]
2019-09-09 17:02:54.940	SYSTEM	SIMULATOR	RECV	ALIVE (NOT EXIST SCANPROPERTY) [ALIVE#]
2019-09-09 17:02:56.044	SYSTEM	SIMULATOR	RECV	ALIVE (NOT EXIST SCANPROPERTY) [ALIVE#]
2019-09-09 17:02:57.937	SYSTEM	SIMULATOR	RECV	ALIVE (NOT EXIST SCANPROPERTY) [ALIVE#]
2019-09-09 17:03:16.898	SYSTEM	SIMULATOR	RECV	ALIVE (NOT EXIST SCANPROPERTY) [ALIVE#]
2019-09-09 17:03:17.895	SYSTEM	SIMULATOR	RECV	ALIVE (NOT EXIST SCANPROPERTY) [ALIVE#]
2019-09-09 17:03:18.896	SYSTEM	SIMULATOR	RECV	ALIVE (NOT EXIST SCANPROPERTY) [ALIVE#]
2019-09-09 17:03:19.904	SYSTEM	SIMULATOR	RECV	ALIVE (NOT EXIST SCANPROPERTY) [ALIVE#]
2019-09-09 17:03:20.905	SYSTEM	SIMULATOR	RECV	ALIVE (NOT EXIST SCANPROPERTY) [ALIVE#]
2019-09-09 17:03:21.906	SYSTEM	SIMULATOR	RECV	ALIVE (NOT EXIST SCANPROPERTY) [ALIVE#]
2019-09-09 17:03:22.907	SYSTEM	SIMULATOR	RECV	ALIVE (NOT EXIST SCANPROPERTY) [ALIVE#]
2019-09-09 17:03:23.908	SYSTEM	SIMULATOR	RECV	ALIVE (NOT EXIST SCANPROPERTY) [ALIVE#]
2019-09-09 17:03:24.908	SYSTEM	SIMULATOR	RECV	ALIVE (NOT EXIST SCANPROPERTY) [ALIVE#]
2019-09-09 17:03:25.910	SYSTEM	SIMULATOR	RECV	ALIVE (NOT EXIST SCANPROPERTY) [ALIVE#]
2019-09-09 17:03:26.911	SYSTEM	SIMULATOR	RECV	ALIVE (NOT EXIST SCANPROPERTY) [ALIVE#]
2019-09-09 17:03:27.912	SYSTEM	SIMULATOR	RECV	ALIVE (NOT EXIST SCANPROPERTY) [ALIVE#]
2019-09-09 17:03:28.914	SYSTEM	SIMULATOR	RECV	ALIVE (NOT EXIST SCANPROPERTY) [ALIVE#]
2019-09-09 17:03:29.914	SYSTEM	SIMULATOR	RECV	ALIVE (NOT EXIST SCANPROPERTY) [ALIVE#]
2019-09-09 17:03:30.915	SYSTEM	SIMULATOR	RECV	ALIVE (NOT EXIST SCANPROPERTY) [ALIVE#]
2019-09-09 17:03:31.917	SYSTEM	SIMULATOR	RECV	ALIVE (NOT EXIST SCANPROPERTY) [ALIVE#]
2019-09-09 17:03:32.918	SYSTEM	SIMULATOR	RECV	ALIVE (NOT EXIST SCANPROPERTY) [ALIVE#]
2019-09-09 17:03:33.920	SYSTEM	SIMULATOR	RECV	ALIVE (NOT EXIST SCANPROPERTY) [ALIVE#]
2019-09-09 17:03:34.921	SYSTEM	SIMULATOR	RECV	ALIVE (NOT EXIST SCANPROPERTY) [ALIVE#]
2019-09-09 17:03:35.922	SYSTEM	SIMULATOR	RECV	ALIVE (NOT EXIST SCANPROPERTY) [ALIVE#]
2019-09-09 17:03:36.923	SYSTEM	SIMULATOR	RECV	ALIVE (NOT EXIST SCANPROPERTY) [ALIVE#]
2019-09-09 17:03:37.925	SYSTEM	SIMULATOR	RECV	ALIVE (NOT EXIST SCANPROPERTY) [ALIVE#]
2019-09-09 17:03:38.926	SYSTEM	SIMULATOR	RECV	ALIVE (NOT EXIST SCANPROPERTY) [ALIVE#]
2019-09-09 17:03:39.928	SYSTEM	SIMULATOR	RECV	ALIVE (NOT EXIST SCANPROPERTY) [ALIVE#]
2019-09-09 17:03:40.929	SYSTEM	SIMULATOR	RECV	ALIVE (NOT EXIST SCANPROPERTY) [ALIVE#]
2019-09-09 17:03:41.930	SYSTEM	SIMULATOR	RECV	ALIVE (NOT EXIST SCANPROPERTY) [ALIVE#]
2019-09-09 17:03:42.931	SYSTEM	SIMULATOR	RECV	ALIVE (NOT EXIST SCANPROPERTY) [ALIVE#]
2019-09-09 17:30:54.091	SYSTEM	SIMULATOR	PROC	DriverName=SIMULATOR, Mode=Client, RemoteIP=127.0.0.1, RemotePort=7000, LocalIP=127.0.0.1, LocalPort=7000
2019-09-09 17:30:54.112	SYSTEM	SIMULATOR	PROC	START
2019-09-09 17:30:54.153	SYSTEM	SIMULATOR	PROC	DRIVER STATUS CHANGE NONE>WAITCRA
2019-09-09 17:30:54.154	SYSTEM	SIMULATOR	PROC	DRIVER STATUS CHANGE WAITCRA>CONNECTED
2019-09-09 17:30:54.728	SYSTEM	SIMULATOR	SEND	STAGE_GLASS_EXIST|X#
2019-09-09 17:30:54.732	SYSTEM	SIMULATOR	SEND	CURRENT_RECIPE_CHANGE|1|1#
2019-09-09 17:30:54.734	SYSTEM	SIMULATOR	SEND	AUTO_MODE_CHANGE_EVENT|1#
2019-09-09 17:30:54.739	SYSTEM	SIMULATOR	SEND	MACHINE_MODE_CHANGE_REPORT|1#
2019-09-09 17:30:54.740	SYSTEM	SIMULATOR	SEND	COMMUNICATION|O#
2019-09-09 17:30:55.030	SYSTEM	SIMULATOR	RECV	AUTO_MODE_CHANGE_EVENT_REPLY (NOT EXIST SCANPROPERTY) [AUTO_MODE_CHANGE_EVENT_REPLY#]
2019-09-09 17:30:55.286	SYSTEM	SIMULATOR	RECV	COMMUNICATION_ACK|O (NOT EXIST SCANPROPERTY) [COMMUNICATION_ACK|O#CIM_MODE|1#STAGE_GLASS_EXIST_REPLY#RECIPE_LIST_REQ#CURRENT_RECIPE_CHANGE_ACK#MACHINE_MODE_CHANGE_REPORT_REPLY#ALIVE#STATE_REQUEST#]
2019-09-09 17:30:55.538	SYSTEM	SIMULATOR	RECV	CIM_MODE|1 (NOT EXIST SCANPROPERTY) [COMMUNICATION_ACK|O#CIM_MODE|1#STAGE_GLASS_EXIST_REPLY#RECIPE_LIST_REQ#CURRENT_RECIPE_CHANGE_ACK#MACHINE_MODE_CHANGE_REPORT_REPLY#ALIVE#STATE_REQUEST#]
2019-09-09 17:30:55.538	SYSTEM	SIMULATOR	RECV	STAGE_GLASS_EXIST_REPLY (NOT EXIST SCANPROPERTY) [COMMUNICATION_ACK|O#CIM_MODE|1#STAGE_GLASS_EXIST_REPLY#RECIPE_LIST_REQ#CURRENT_RECIPE_CHANGE_ACK#MACHINE_MODE_CHANGE_REPORT_REPLY#ALIVE#STATE_REQUEST#]
2019-09-09 17:30:55.791	SYSTEM	SIMULATOR	RECV	RECIPE_LIST_REQ (NOT EXIST SCANPROPERTY) [COMMUNICATION_ACK|O#CIM_MODE|1#STAGE_GLASS_EXIST_REPLY#RECIPE_LIST_REQ#CURRENT_RECIPE_CHANGE_ACK#MACHINE_MODE_CHANGE_REPORT_REPLY#ALIVE#STATE_REQUEST#]
2019-09-09 17:30:55.795	SYSTEM	SIMULATOR	SEND	RECIPE_LIST_REQ_REPLY|4#
2019-09-09 17:30:56.047	SYSTEM	SIMULATOR	RECV	CURRENT_RECIPE_CHANGE_ACK (NOT EXIST SCANPROPERTY) [COMMUNICATION_ACK|O#CIM_MODE|1#STAGE_GLASS_EXIST_REPLY#RECIPE_LIST_REQ#CURRENT_RECIPE_CHANGE_ACK#MACHINE_MODE_CHANGE_REPORT_REPLY#ALIVE#STATE_REQUEST#]
2019-09-09 17:30:56.301	SYSTEM	SIMULATOR	RECV	MACHINE_MODE_CHANGE_REPORT_REPLY (NOT EXIST SCANPROPERTY) [COMMUNICATION_ACK|O#CIM_MODE|1#STAGE_GLASS_EXIST_REPLY#RECIPE_LIST_REQ#CURRENT_RECIPE_CHANGE_ACK#MACHINE_MODE_CHANGE_REPORT_REPLY#ALIVE#STATE_REQUEST#]
2019-09-09 17:30:56.555	SYSTEM	SIMULATOR	RECV	ALIVE (NOT EXIST SCANPROPERTY) [COMMUNICATION_ACK|O#CIM_MODE|1#STAGE_GLASS_EXIST_REPLY#RECIPE_LIST_REQ#CURRENT_RECIPE_CHANGE_ACK#MACHINE_MODE_CHANGE_REPORT_REPLY#ALIVE#STATE_REQUEST#]
2019-09-09 17:30:56.807	SYSTEM	SIMULATOR	SEND	ALIVE_REPLY#
2019-09-09 17:30:57.059	SYSTEM	SIMULATOR	RECV	STATE_REQUEST (NOT EXIST SCANPROPERTY) [COMMUNICATION_ACK|O#CIM_MODE|1#STAGE_GLASS_EXIST_REPLY#RECIPE_LIST_REQ#CURRENT_RECIPE_CHANGE_ACK#MACHINE_MODE_CHANGE_REPORT_REPLY#ALIVE#STATE_REQUEST#]
2019-09-09 17:30:57.061	SYSTEM	SIMULATOR	SEND	STATE_REQUEST_ACK|1|2#
2019-09-09 17:30:57.313	SYSTEM	SIMULATOR	RECV	COMMUNICATION_ACK|O (NOT EXIST SCANPROPERTY) [COMMUNICATION_ACK|O#CIM_MODE|1#RECIPE_LIST_REQ#ALIVE#ALIVE#]
2019-09-09 17:30:57.566	SYSTEM	SIMULATOR	RECV	CIM_MODE|1 (NOT EXIST SCANPROPERTY) [COMMUNICATION_ACK|O#CIM_MODE|1#RECIPE_LIST_REQ#ALIVE#ALIVE#]
2019-09-09 17:30:57.566	SYSTEM	SIMULATOR	RECV	RECIPE_LIST_REQ (NOT EXIST SCANPROPERTY) [COMMUNICATION_ACK|O#CIM_MODE|1#RECIPE_LIST_REQ#ALIVE#ALIVE#]
2019-09-09 17:30:57.569	SYSTEM	SIMULATOR	SEND	RECIPE_LIST_REQ_REPLY|4#
2019-09-09 17:30:57.821	SYSTEM	SIMULATOR	RECV	ALIVE (NOT EXIST SCANPROPERTY) [COMMUNICATION_ACK|O#CIM_MODE|1#RECIPE_LIST_REQ#ALIVE#ALIVE#]
2019-09-09 17:30:58.072	SYSTEM	SIMULATOR	SEND	ALIVE_REPLY#
2019-09-09 17:30:58.325	SYSTEM	SIMULATOR	RECV	ALIVE (NOT EXIST SCANPROPERTY) [COMMUNICATION_ACK|O#CIM_MODE|1#RECIPE_LIST_REQ#ALIVE#ALIVE#]
2019-09-09 17:30:58.828	SYSTEM	SIMULATOR	RECV	ALIVE (NOT EXIST SCANPROPERTY) [ALIVE#]
2019-09-09 17:30:59.333	SYSTEM	SIMULATOR	RECV	ALIVE (NOT EXIST SCANPROPERTY) [ALIVE#]
2019-09-09 17:30:59.892	SYSTEM	SIMULATOR	RECV	ALIVE (NOT EXIST SCANPROPERTY) [ALIVE#]
2019-09-09 17:31:00.893	SYSTEM	SIMULATOR	RECV	ALIVE (NOT EXIST SCANPROPERTY) [ALIVE#]
2019-09-09 17:31:01.680	SYSTEM	SIMULATOR	RECV	CIM_MESSAGE_ON|X| (NOT EXIST SCANPROPERTY) [CIM_MESSAGE_ON|X|#]
2019-09-09 17:31:01.683	SYSTEM	SIMULATOR	SEND	CIM_MESSAGE_ON_REPLY#
2019-09-09 17:31:01.936	SYSTEM	SIMULATOR	RECV	ALIVE (NOT EXIST SCANPROPERTY) [ALIVE#]
2019-09-09 17:31:02.188	SYSTEM	SIMULATOR	SEND	ALIVE_REPLY#
2019-09-09 17:31:02.895	SYSTEM	SIMULATOR	RECV	ALIVE (NOT EXIST SCANPROPERTY) [ALIVE#]
2019-09-09 17:31:03.896	SYSTEM	SIMULATOR	RECV	ALIVE (NOT EXIST SCANPROPERTY) [ALIVE#]
2019-09-09 17:31:04.897	SYSTEM	SIMULATOR	RECV	ALIVE (NOT EXIST SCANPROPERTY) [ALIVE#]
2019-09-09 17:31:05.898	SYSTEM	SIMULATOR	RECV	ALIVE (NOT EXIST SCANPROPERTY) [ALIVE#]
2019-09-09 17:31:06.241	SYSTEM	SIMULATOR	SEND	GLASS_DATA_VALUE_FILE_REPORT|D:\data\W97PE3101.ini#
2019-09-09 17:31:14.419	SYSTEM	SIMULATOR	RECV	GLASS_DATA_VALUE_FILE_REPORT_ACK (NOT EXIST SCANPROPERTY) [GLASS_DATA_VALUE_FILE_REPORT_ACK#ALIVE#]
2019-09-09 17:31:14.940	SYSTEM	SIMULATOR	RECV	ALIVE (NOT EXIST SCANPROPERTY) [GLASS_DATA_VALUE_FILE_REPORT_ACK#ALIVE#]
2019-09-09 17:31:15.212	SYSTEM	SIMULATOR	SEND	ALIVE_REPLY#
2019-09-09 17:31:17.792	SYSTEM	SIMULATOR	RECV	ALIVE (NOT EXIST SCANPROPERTY) [ALIVE#]
2019-09-09 17:31:28.296	SYSTEM	SIMULATOR	RECV	ALIVE (NOT EXIST SCANPROPERTY) [ALIVE#]
2019-09-09 17:31:35.543	SYSTEM	SIMULATOR	RECV	ALIVE (NOT EXIST SCANPROPERTY) [ALIVE#]
2019-09-09 17:31:45.468	SYSTEM	SIMULATOR	RECV	ALIVE (NOT EXIST SCANPROPERTY) [ALIVE#]
2019-09-09 17:31:52.403	SYSTEM	SIMULATOR	RECV	ALIVE (NOT EXIST SCANPROPERTY) [ALIVE#]
2019-09-09 17:31:59.675	SYSTEM	SIMULATOR	RECV	ALIVE (NOT EXIST SCANPROPERTY) [ALIVE#]
2019-09-09 17:32:02.031	SYSTEM	SIMULATOR	RECV	ALIVE (NOT EXIST SCANPROPERTY) [ALIVE#]
2019-09-09 17:32:03.497	SYSTEM	SIMULATOR	RECV	ALIVE (NOT EXIST SCANPROPERTY) [ALIVE#]
2019-09-09 17:32:08.773	SYSTEM	SIMULATOR	RECV	ALIVE (NOT EXIST SCANPROPERTY) [ALIVE#]
2019-09-09 17:33:32.537	SYSTEM	SIMULATOR	RECV	ALIVE (NOT EXIST SCANPROPERTY) [ALIVE#]
2019-09-09 17:33:36.575	SYSTEM	SIMULATOR	RECV	ALIVE (NOT EXIST SCANPROPERTY) [ALIVE#]
2019-09-09 17:33:44.136	SYSTEM	SIMULATOR	RECV	ALIVE (NOT EXIST SCANPROPERTY) [ALIVE#]
2019-09-09 17:33:46.819	SYSTEM	SIMULATOR	RECV	ALIVE (NOT EXIST SCANPROPERTY) [ALIVE#]
2019-09-09 17:33:55.324	SYSTEM	SIMULATOR	RECV	ALIVE (NOT EXIST SCANPROPERTY) [ALIVE#]
2019-09-09 17:34:02.515	SYSTEM	SIMULATOR	RECV	ALIVE (NOT EXIST SCANPROPERTY) [ALIVE#]
2019-09-09 17:34:03.802	SYSTEM	SIMULATOR	RECV	ALIVE (NOT EXIST SCANPROPERTY) [ALIVE#]
2019-09-09 17:34:06.631	SYSTEM	SIMULATOR	RECV	ALIVE (NOT EXIST SCANPROPERTY) [ALIVE#]
2019-09-09 17:34:08.284	SYSTEM	SIMULATOR	RECV	ALIVE (NOT EXIST SCANPROPERTY) [ALIVE#]
2019-09-09 17:34:09.760	SYSTEM	SIMULATOR	RECV	ALIVE (NOT EXIST SCANPROPERTY) [ALIVE#]
2019-09-09 17:34:11.383	SYSTEM	SIMULATOR	RECV	ALIVE (NOT EXIST SCANPROPERTY) [ALIVE#]
2019-09-09 17:34:12.901	SYSTEM	SIMULATOR	RECV	ALIVE (NOT EXIST SCANPROPERTY) [ALIVE#]
2019-09-09 17:34:15.249	SYSTEM	SIMULATOR	RECV	ALIVE (NOT EXIST SCANPROPERTY) [ALIVE#]
